--- WPS-Z80 NEURAL TRACE: programs\lesson9.bin ---
[0000] JP 0x4800                      | A:00 BC:0000 DE:0000 HL:0000 F:00000000 [Z:0 C:0]
[4800] LD HL, 0x0100                  | A:00 BC:0000 DE:0000 HL:0100 F:00000000 [Z:0 C:0]
[4803] LD DE, 0xC000                  | A:00 BC:0000 DE:C000 HL:0100 F:00000000 [Z:0 C:0]
[4806] LD BC, 0x4000                  | A:00 BC:4000 DE:C000 HL:0100 F:00000000 [Z:0 C:0]
[4809] LDIR                           | A:00 BC:0000 DE:0000 HL:4100 F:01000000 [Z:1 C:0]
[480B] LD HL, 0x4600                  | A:00 BC:0000 DE:0000 HL:4600 F:01000000 [Z:1 C:0]
[480E] LD A, 0x04                     | A:04 BC:0000 DE:0000 HL:4600 F:01000000 [Z:1 C:0]
[4810] LD (0x8000), A                 | A:04 BC:0000 DE:0000 HL:4600 F:01000000 [Z:1 C:0]
[4813] LD E, (HL)                     | A:04 BC:0000 DE:00A0 HL:4600 F:01000000 [Z:1 C:0]
[4814] INC HL                         | A:04 BC:0000 DE:00A0 HL:4601 F:01000000 [Z:1 C:0]
[4815] LD D, (HL)                     | A:04 BC:0000 DE:E5A0 HL:4601 F:01000000 [Z:1 C:0]
[4816] INC HL                         | A:04 BC:0000 DE:E5A0 HL:4602 F:01000000 [Z:1 C:0]
[4817] LD C, 0x50                     | A:04 BC:0050 DE:E5A0 HL:4602 F:01000000 [Z:1 C:0]
[4819] LD A, (HL)                     | A:33 BC:0050 DE:E5A0 HL:4602 F:01000000 [Z:1 C:0]
[481A] INC HL                         | A:33 BC:0050 DE:E5A0 HL:4603 F:01000000 [Z:1 C:0]
[481B] LD (DE), A                     | A:33 BC:0050 DE:E5A0 HL:4603 F:01000000 [Z:1 C:0]
[481C] INC DE                         | A:33 BC:0050 DE:E5A1 HL:4603 F:01000000 [Z:1 C:0]
[481D] DEC C                          | A:33 BC:004F DE:E5A1 HL:4603 F:00000000 [Z:0 C:0]
[481E] JR NZ -> 0x4819                | A:33 BC:004F DE:E5A1 HL:4603 F:00000000 [Z:0 C:0]
[4819] LD A, (HL)                     | A:33 BC:004F DE:E5A1 HL:4603 F:00000000 [Z:0 C:0]
[481A] INC HL                         | A:33 BC:004F DE:E5A1 HL:4604 F:00000000 [Z:0 C:0]
[481B] LD (DE), A                     | A:33 BC:004F DE:E5A1 HL:4604 F:00000000 [Z:0 C:0]
[481C] INC DE                         | A:33 BC:004F DE:E5A2 HL:4604 F:00000000 [Z:0 C:0]
[481D] DEC C                          | A:33 BC:004E DE:E5A2 HL:4604 F:00000000 [Z:0 C:0]
[481E] JR NZ -> 0x4819                | A:33 BC:004E DE:E5A2 HL:4604 F:00000000 [Z:0 C:0]
[4819] LD A, (HL)                     | A:33 BC:004E DE:E5A2 HL:4604 F:00000000 [Z:0 C:0]
[481A] INC HL                         | A:33 BC:004E DE:E5A2 HL:4605 F:00000000 [Z:0 C:0]
[481B] LD (DE), A                     | A:33 BC:004E DE:E5A2 HL:4605 F:00000000 [Z:0 C:0]
[481C] INC DE                         | A:33 BC:004E DE:E5A3 HL:4605 F:00000000 [Z:0 C:0]
[481D] DEC C                          | A:33 BC:004D DE:E5A3 HL:4605 F:00000000 [Z:0 C:0]
[481E] JR NZ -> 0x4819                | A:33 BC:004D DE:E5A3 HL:4605 F:00000000 [Z:0 C:0]
[4819] LD A, (HL)                     | A:33 BC:004D DE:E5A3 HL:4605 F:00000000 [Z:0 C:0]
[481A] INC HL                         | A:33 BC:004D DE:E5A3 HL:4606 F:00000000 [Z:0 C:0]
[481B] LD (DE), A                     | A:33 BC:004D DE:E5A3 HL:4606 F:00000000 [Z:0 C:0]
[481C] INC DE                         | A:33 BC:004D DE:E5A4 HL:4606 F:00000000 [Z:0 C:0]
[481D] DEC C                          | A:33 BC:004C DE:E5A4 HL:4606 F:00000000 [Z:0 C:0]
[481E] JR NZ -> 0x4819                | A:33 BC:004C DE:E5A4 HL:4606 F:00000000 [Z:0 C:0]
[4819] LD A, (HL)                     | A:33 BC:004C DE:E5A4 HL:4606 F:00000000 [Z:0 C:0]
[481A] INC HL                         | A:33 BC:004C DE:E5A4 HL:4607 F:00000000 [Z:0 C:0]
[481B] LD (DE), A                     | A:33 BC:004C DE:E5A4 HL:4607 F:00000000 [Z:0 C:0]
[481C] INC DE                         | A:33 BC:004C DE:E5A5 HL:4607 F:00000000 [Z:0 C:0]
[481D] DEC C                          | A:33 BC:004B DE:E5A5 HL:4607 F:00000000 [Z:0 C:0]
[481E] JR NZ -> 0x4819                | A:33 BC:004B DE:E5A5 HL:4607 F:00000000 [Z:0 C:0]
[4819] LD A, (HL)                     | A:33 BC:004B DE:E5A5 HL:4607 F:00000000 [Z:0 C:0]
[481A] INC HL                         | A:33 BC:004B DE:E5A5 HL:4608 F:00000000 [Z:0 C:0]
[481B] LD (DE), A                     | A:33 BC:004B DE:E5A5 HL:4608 F:00000000 [Z:0 C:0]
[481C] INC DE                         | A:33 BC:004B DE:E5A6 HL:4608 F:00000000 [Z:0 C:0]
[481D] DEC C                          | A:33 BC:004A DE:E5A6 HL:4608 F:00000000 [Z:0 C:0]
[481E] JR NZ -> 0x4819                | A:33 BC:004A DE:E5A6 HL:4608 F:00000000 [Z:0 C:0]
[4819] LD A, (HL)                     | A:33 BC:004A DE:E5A6 HL:4608 F:00000000 [Z:0 C:0]
[481A] INC HL                         | A:33 BC:004A DE:E5A6 HL:4609 F:00000000 [Z:0 C:0]
[481B] LD (DE), A                     | A:33 BC:004A DE:E5A6 HL:4609 F:00000000 [Z:0 C:0]
[481C] INC DE                         | A:33 BC:004A DE:E5A7 HL:4609 F:00000000 [Z:0 C:0]
[481D] DEC C                          | A:33 BC:0049 DE:E5A7 HL:4609 F:00000000 [Z:0 C:0]
[481E] JR NZ -> 0x4819                | A:33 BC:0049 DE:E5A7 HL:4609 F:00000000 [Z:0 C:0]
[4819] LD A, (HL)                     | A:33 BC:0049 DE:E5A7 HL:4609 F:00000000 [Z:0 C:0]
[481A] INC HL                         | A:33 BC:0049 DE:E5A7 HL:460A F:00000000 [Z:0 C:0]
[481B] LD (DE), A                     | A:33 BC:0049 DE:E5A7 HL:460A F:00000000 [Z:0 C:0]
[481C] INC DE                         | A:33 BC:0049 DE:E5A8 HL:460A F:00000000 [Z:0 C:0]
[481D] DEC C                          | A:33 BC:0048 DE:E5A8 HL:460A F:00000000 [Z:0 C:0]
[481E] JR NZ -> 0x4819                | A:33 BC:0048 DE:E5A8 HL:460A F:00000000 [Z:0 C:0]
[4819] LD A, (HL)                     | A:33 BC:0048 DE:E5A8 HL:460A F:00000000 [Z:0 C:0]
[481A] INC HL                         | A:33 BC:0048 DE:E5A8 HL:460B F:00000000 [Z:0 C:0]
[481B] LD (DE), A                     | A:33 BC:0048 DE:E5A8 HL:460B F:00000000 [Z:0 C:0]
[481C] INC DE                         | A:33 BC:0048 DE:E5A9 HL:460B F:00000000 [Z:0 C:0]
[481D] DEC C                          | A:33 BC:0047 DE:E5A9 HL:460B F:00000000 [Z:0 C:0]
[481E] JR NZ -> 0x4819                | A:33 BC:0047 DE:E5A9 HL:460B F:00000000 [Z:0 C:0]
[4819] LD A, (HL)                     | A:33 BC:0047 DE:E5A9 HL:460B F:00000000 [Z:0 C:0]
[481A] INC HL                         | A:33 BC:0047 DE:E5A9 HL:460C F:00000000 [Z:0 C:0]
[481B] LD (DE), A                     | A:33 BC:0047 DE:E5A9 HL:460C F:00000000 [Z:0 C:0]
[481C] INC DE                         | A:33 BC:0047 DE:E5AA HL:460C F:00000000 [Z:0 C:0]
[481D] DEC C                          | A:33 BC:0046 DE:E5AA HL:460C F:00000000 [Z:0 C:0]
[481E] JR NZ -> 0x4819                | A:33 BC:0046 DE:E5AA HL:460C F:00000000 [Z:0 C:0]
[4819] LD A, (HL)                     | A:33 BC:0046 DE:E5AA HL:460C F:00000000 [Z:0 C:0]
[481A] INC HL                         | A:33 BC:0046 DE:E5AA HL:460D F:00000000 [Z:0 C:0]
[481B] LD (DE), A                     | A:33 BC:0046 DE:E5AA HL:460D F:00000000 [Z:0 C:0]
[481C] INC DE                         | A:33 BC:0046 DE:E5AB HL:460D F:00000000 [Z:0 C:0]
[481D] DEC C                          | A:33 BC:0045 DE:E5AB HL:460D F:00000000 [Z:0 C:0]
[481E] JR NZ -> 0x4819                | A:33 BC:0045 DE:E5AB HL:460D F:00000000 [Z:0 C:0]
[4819] LD A, (HL)                     | A:33 BC:0045 DE:E5AB HL:460D F:00000000 [Z:0 C:0]
[481A] INC HL                         | A:33 BC:0045 DE:E5AB HL:460E F:00000000 [Z:0 C:0]
[481B] LD (DE), A                     | A:33 BC:0045 DE:E5AB HL:460E F:00000000 [Z:0 C:0]
[481C] INC DE                         | A:33 BC:0045 DE:E5AC HL:460E F:00000000 [Z:0 C:0]
[481D] DEC C                          | A:33 BC:0044 DE:E5AC HL:460E F:00000000 [Z:0 C:0]
[481E] JR NZ -> 0x4819                | A:33 BC:0044 DE:E5AC HL:460E F:00000000 [Z:0 C:0]
[4819] LD A, (HL)                     | A:33 BC:0044 DE:E5AC HL:460E F:00000000 [Z:0 C:0]
[481A] INC HL                         | A:33 BC:0044 DE:E5AC HL:460F F:00000000 [Z:0 C:0]
[481B] LD (DE), A                     | A:33 BC:0044 DE:E5AC HL:460F F:00000000 [Z:0 C:0]
[481C] INC DE                         | A:33 BC:0044 DE:E5AD HL:460F F:00000000 [Z:0 C:0]
[481D] DEC C                          | A:33 BC:0043 DE:E5AD HL:460F F:00000000 [Z:0 C:0]
[481E] JR NZ -> 0x4819                | A:33 BC:0043 DE:E5AD HL:460F F:00000000 [Z:0 C:0]
[4819] LD A, (HL)                     | A:33 BC:0043 DE:E5AD HL:460F F:00000000 [Z:0 C:0]
[481A] INC HL                         | A:33 BC:0043 DE:E5AD HL:4610 F:00000000 [Z:0 C:0]
[481B] LD (DE), A                     | A:33 BC:0043 DE:E5AD HL:4610 F:00000000 [Z:0 C:0]
[481C] INC DE                         | A:33 BC:0043 DE:E5AE HL:4610 F:00000000 [Z:0 C:0]
[481D] DEC C                          | A:33 BC:0042 DE:E5AE HL:4610 F:00000000 [Z:0 C:0]
[481E] JR NZ -> 0x4819                | A:33 BC:0042 DE:E5AE HL:4610 F:00000000 [Z:0 C:0]
[4819] LD A, (HL)                     | A:33 BC:0042 DE:E5AE HL:4610 F:00000000 [Z:0 C:0]
[481A] INC HL                         | A:33 BC:0042 DE:E5AE HL:4611 F:00000000 [Z:0 C:0]
[481B] LD (DE), A                     | A:33 BC:0042 DE:E5AE HL:4611 F:00000000 [Z:0 C:0]
[481C] INC DE                         | A:33 BC:0042 DE:E5AF HL:4611 F:00000000 [Z:0 C:0]
[481D] DEC C                          | A:33 BC:0041 DE:E5AF HL:4611 F:00000000 [Z:0 C:0]
[481E] JR NZ -> 0x4819                | A:33 BC:0041 DE:E5AF HL:4611 F:00000000 [Z:0 C:0]
[4819] LD A, (HL)                     | A:33 BC:0041 DE:E5AF HL:4611 F:00000000 [Z:0 C:0]
[481A] INC HL                         | A:33 BC:0041 DE:E5AF HL:4612 F:00000000 [Z:0 C:0]
[481B] LD (DE), A                     | A:33 BC:0041 DE:E5AF HL:4612 F:00000000 [Z:0 C:0]
[481C] INC DE                         | A:33 BC:0041 DE:E5B0 HL:4612 F:00000000 [Z:0 C:0]
[481D] DEC C                          | A:33 BC:0040 DE:E5B0 HL:4612 F:00000000 [Z:0 C:0]
[481E] JR NZ -> 0x4819                | A:33 BC:0040 DE:E5B0 HL:4612 F:00000000 [Z:0 C:0]
[4819] LD A, (HL)                     | A:33 BC:0040 DE:E5B0 HL:4612 F:00000000 [Z:0 C:0]
[481A] INC HL                         | A:33 BC:0040 DE:E5B0 HL:4613 F:00000000 [Z:0 C:0]
[481B] LD (DE), A                     | A:33 BC:0040 DE:E5B0 HL:4613 F:00000000 [Z:0 C:0]
[481C] INC DE                         | A:33 BC:0040 DE:E5B1 HL:4613 F:00000000 [Z:0 C:0]
[481D] DEC C                          | A:33 BC:003F DE:E5B1 HL:4613 F:00000000 [Z:0 C:0]
[481E] JR NZ -> 0x4819                | A:33 BC:003F DE:E5B1 HL:4613 F:00000000 [Z:0 C:0]
[4819] LD A, (HL)                     | A:33 BC:003F DE:E5B1 HL:4613 F:00000000 [Z:0 C:0]
[481A] INC HL                         | A:33 BC:003F DE:E5B1 HL:4614 F:00000000 [Z:0 C:0]
[481B] LD (DE), A                     | A:33 BC:003F DE:E5B1 HL:4614 F:00000000 [Z:0 C:0]
[481C] INC DE                         | A:33 BC:003F DE:E5B2 HL:4614 F:00000000 [Z:0 C:0]
[481D] DEC C                          | A:33 BC:003E DE:E5B2 HL:4614 F:00000000 [Z:0 C:0]
[481E] JR NZ -> 0x4819                | A:33 BC:003E DE:E5B2 HL:4614 F:00000000 [Z:0 C:0]
[4819] LD A, (HL)                     | A:33 BC:003E DE:E5B2 HL:4614 F:00000000 [Z:0 C:0]
[481A] INC HL                         | A:33 BC:003E DE:E5B2 HL:4615 F:00000000 [Z:0 C:0]
[481B] LD (DE), A                     | A:33 BC:003E DE:E5B2 HL:4615 F:00000000 [Z:0 C:0]
[481C] INC DE                         | A:33 BC:003E DE:E5B3 HL:4615 F:00000000 [Z:0 C:0]
[481D] DEC C                          | A:33 BC:003D DE:E5B3 HL:4615 F:00000000 [Z:0 C:0]
[481E] JR NZ -> 0x4819                | A:33 BC:003D DE:E5B3 HL:4615 F:00000000 [Z:0 C:0]
[4819] LD A, (HL)                     | A:33 BC:003D DE:E5B3 HL:4615 F:00000000 [Z:0 C:0]
[481A] INC HL                         | A:33 BC:003D DE:E5B3 HL:4616 F:00000000 [Z:0 C:0]
[481B] LD (DE), A                     | A:33 BC:003D DE:E5B3 HL:4616 F:00000000 [Z:0 C:0]
[481C] INC DE                         | A:33 BC:003D DE:E5B4 HL:4616 F:00000000 [Z:0 C:0]
[481D] DEC C                          | A:33 BC:003C DE:E5B4 HL:4616 F:00000000 [Z:0 C:0]
[481E] JR NZ -> 0x4819                | A:33 BC:003C DE:E5B4 HL:4616 F:00000000 [Z:0 C:0]
[4819] LD A, (HL)                     | A:33 BC:003C DE:E5B4 HL:4616 F:00000000 [Z:0 C:0]
[481A] INC HL                         | A:33 BC:003C DE:E5B4 HL:4617 F:00000000 [Z:0 C:0]
[481B] LD (DE), A                     | A:33 BC:003C DE:E5B4 HL:4617 F:00000000 [Z:0 C:0]
[481C] INC DE                         | A:33 BC:003C DE:E5B5 HL:4617 F:00000000 [Z:0 C:0]
[481D] DEC C                          | A:33 BC:003B DE:E5B5 HL:4617 F:00000000 [Z:0 C:0]
[481E] JR NZ -> 0x4819                | A:33 BC:003B DE:E5B5 HL:4617 F:00000000 [Z:0 C:0]
[4819] LD A, (HL)                     | A:33 BC:003B DE:E5B5 HL:4617 F:00000000 [Z:0 C:0]
[481A] INC HL                         | A:33 BC:003B DE:E5B5 HL:4618 F:00000000 [Z:0 C:0]
[481B] LD (DE), A                     | A:33 BC:003B DE:E5B5 HL:4618 F:00000000 [Z:0 C:0]
[481C] INC DE                         | A:33 BC:003B DE:E5B6 HL:4618 F:00000000 [Z:0 C:0]
[481D] DEC C                          | A:33 BC:003A DE:E5B6 HL:4618 F:00000000 [Z:0 C:0]
[481E] JR NZ -> 0x4819                | A:33 BC:003A DE:E5B6 HL:4618 F:00000000 [Z:0 C:0]
[4819] LD A, (HL)                     | A:33 BC:003A DE:E5B6 HL:4618 F:00000000 [Z:0 C:0]
[481A] INC HL                         | A:33 BC:003A DE:E5B6 HL:4619 F:00000000 [Z:0 C:0]
[481B] LD (DE), A                     | A:33 BC:003A DE:E5B6 HL:4619 F:00000000 [Z:0 C:0]
[481C] INC DE                         | A:33 BC:003A DE:E5B7 HL:4619 F:00000000 [Z:0 C:0]
[481D] DEC C                          | A:33 BC:0039 DE:E5B7 HL:4619 F:00000000 [Z:0 C:0]
[481E] JR NZ -> 0x4819                | A:33 BC:0039 DE:E5B7 HL:4619 F:00000000 [Z:0 C:0]
[4819] LD A, (HL)                     | A:33 BC:0039 DE:E5B7 HL:4619 F:00000000 [Z:0 C:0]
[481A] INC HL                         | A:33 BC:0039 DE:E5B7 HL:461A F:00000000 [Z:0 C:0]
[481B] LD (DE), A                     | A:33 BC:0039 DE:E5B7 HL:461A F:00000000 [Z:0 C:0]
[481C] INC DE                         | A:33 BC:0039 DE:E5B8 HL:461A F:00000000 [Z:0 C:0]
[481D] DEC C                          | A:33 BC:0038 DE:E5B8 HL:461A F:00000000 [Z:0 C:0]
[481E] JR NZ -> 0x4819                | A:33 BC:0038 DE:E5B8 HL:461A F:00000000 [Z:0 C:0]
[4819] LD A, (HL)                     | A:33 BC:0038 DE:E5B8 HL:461A F:00000000 [Z:0 C:0]
[481A] INC HL                         | A:33 BC:0038 DE:E5B8 HL:461B F:00000000 [Z:0 C:0]
[481B] LD (DE), A                     | A:33 BC:0038 DE:E5B8 HL:461B F:00000000 [Z:0 C:0]
[481C] INC DE                         | A:33 BC:0038 DE:E5B9 HL:461B F:00000000 [Z:0 C:0]
[481D] DEC C                          | A:33 BC:0037 DE:E5B9 HL:461B F:00000000 [Z:0 C:0]
[481E] JR NZ -> 0x4819                | A:33 BC:0037 DE:E5B9 HL:461B F:00000000 [Z:0 C:0]
[4819] LD A, (HL)                     | A:33 BC:0037 DE:E5B9 HL:461B F:00000000 [Z:0 C:0]
[481A] INC HL                         | A:33 BC:0037 DE:E5B9 HL:461C F:00000000 [Z:0 C:0]
[481B] LD (DE), A                     | A:33 BC:0037 DE:E5B9 HL:461C F:00000000 [Z:0 C:0]
[481C] INC DE                         | A:33 BC:0037 DE:E5BA HL:461C F:00000000 [Z:0 C:0]
[481D] DEC C                          | A:33 BC:0036 DE:E5BA HL:461C F:00000000 [Z:0 C:0]
[481E] JR NZ -> 0x4819                | A:33 BC:0036 DE:E5BA HL:461C F:00000000 [Z:0 C:0]
[4819] LD A, (HL)                     | A:33 BC:0036 DE:E5BA HL:461C F:00000000 [Z:0 C:0]
[481A] INC HL                         | A:33 BC:0036 DE:E5BA HL:461D F:00000000 [Z:0 C:0]
[481B] LD (DE), A                     | A:33 BC:0036 DE:E5BA HL:461D F:00000000 [Z:0 C:0]
[481C] INC DE                         | A:33 BC:0036 DE:E5BB HL:461D F:00000000 [Z:0 C:0]
[481D] DEC C                          | A:33 BC:0035 DE:E5BB HL:461D F:00000000 [Z:0 C:0]
[481E] JR NZ -> 0x4819                | A:33 BC:0035 DE:E5BB HL:461D F:00000000 [Z:0 C:0]
[4819] LD A, (HL)                     | A:33 BC:0035 DE:E5BB HL:461D F:00000000 [Z:0 C:0]
[481A] INC HL                         | A:33 BC:0035 DE:E5BB HL:461E F:00000000 [Z:0 C:0]
[481B] LD (DE), A                     | A:33 BC:0035 DE:E5BB HL:461E F:00000000 [Z:0 C:0]
[481C] INC DE                         | A:33 BC:0035 DE:E5BC HL:461E F:00000000 [Z:0 C:0]
[481D] DEC C                          | A:33 BC:0034 DE:E5BC HL:461E F:00000000 [Z:0 C:0]
[481E] JR NZ -> 0x4819                | A:33 BC:0034 DE:E5BC HL:461E F:00000000 [Z:0 C:0]
[4819] LD A, (HL)                     | A:33 BC:0034 DE:E5BC HL:461E F:00000000 [Z:0 C:0]
[481A] INC HL                         | A:33 BC:0034 DE:E5BC HL:461F F:00000000 [Z:0 C:0]
[481B] LD (DE), A                     | A:33 BC:0034 DE:E5BC HL:461F F:00000000 [Z:0 C:0]
[481C] INC DE                         | A:33 BC:0034 DE:E5BD HL:461F F:00000000 [Z:0 C:0]
[481D] DEC C                          | A:33 BC:0033 DE:E5BD HL:461F F:00000000 [Z:0 C:0]
[481E] JR NZ -> 0x4819                | A:33 BC:0033 DE:E5BD HL:461F F:00000000 [Z:0 C:0]
[4819] LD A, (HL)                     | A:33 BC:0033 DE:E5BD HL:461F F:00000000 [Z:0 C:0]
[481A] INC HL                         | A:33 BC:0033 DE:E5BD HL:4620 F:00000000 [Z:0 C:0]
[481B] LD (DE), A                     | A:33 BC:0033 DE:E5BD HL:4620 F:00000000 [Z:0 C:0]
[481C] INC DE                         | A:33 BC:0033 DE:E5BE HL:4620 F:00000000 [Z:0 C:0]
[481D] DEC C                          | A:33 BC:0032 DE:E5BE HL:4620 F:00000000 [Z:0 C:0]
[481E] JR NZ -> 0x4819                | A:33 BC:0032 DE:E5BE HL:4620 F:00000000 [Z:0 C:0]
[4819] LD A, (HL)                     | A:33 BC:0032 DE:E5BE HL:4620 F:00000000 [Z:0 C:0]
[481A] INC HL                         | A:33 BC:0032 DE:E5BE HL:4621 F:00000000 [Z:0 C:0]
[481B] LD (DE), A                     | A:33 BC:0032 DE:E5BE HL:4621 F:00000000 [Z:0 C:0]
[481C] INC DE                         | A:33 BC:0032 DE:E5BF HL:4621 F:00000000 [Z:0 C:0]
[481D] DEC C                          | A:33 BC:0031 DE:E5BF HL:4621 F:00000000 [Z:0 C:0]
[481E] JR NZ -> 0x4819                | A:33 BC:0031 DE:E5BF HL:4621 F:00000000 [Z:0 C:0]
[4819] LD A, (HL)                     | A:33 BC:0031 DE:E5BF HL:4621 F:00000000 [Z:0 C:0]
[481A] INC HL                         | A:33 BC:0031 DE:E5BF HL:4622 F:00000000 [Z:0 C:0]
[481B] LD (DE), A                     | A:33 BC:0031 DE:E5BF HL:4622 F:00000000 [Z:0 C:0]
[481C] INC DE                         | A:33 BC:0031 DE:E5C0 HL:4622 F:00000000 [Z:0 C:0]
[481D] DEC C                          | A:33 BC:0030 DE:E5C0 HL:4622 F:00000000 [Z:0 C:0]
[481E] JR NZ -> 0x4819                | A:33 BC:0030 DE:E5C0 HL:4622 F:00000000 [Z:0 C:0]
[4819] LD A, (HL)                     | A:33 BC:0030 DE:E5C0 HL:4622 F:00000000 [Z:0 C:0]
[481A] INC HL                         | A:33 BC:0030 DE:E5C0 HL:4623 F:00000000 [Z:0 C:0]
[481B] LD (DE), A                     | A:33 BC:0030 DE:E5C0 HL:4623 F:00000000 [Z:0 C:0]
[481C] INC DE                         | A:33 BC:0030 DE:E5C1 HL:4623 F:00000000 [Z:0 C:0]
[481D] DEC C                          | A:33 BC:002F DE:E5C1 HL:4623 F:00000000 [Z:0 C:0]
[481E] JR NZ -> 0x4819                | A:33 BC:002F DE:E5C1 HL:4623 F:00000000 [Z:0 C:0]
[4819] LD A, (HL)                     | A:33 BC:002F DE:E5C1 HL:4623 F:00000000 [Z:0 C:0]
[481A] INC HL                         | A:33 BC:002F DE:E5C1 HL:4624 F:00000000 [Z:0 C:0]
[481B] LD (DE), A                     | A:33 BC:002F DE:E5C1 HL:4624 F:00000000 [Z:0 C:0]
[481C] INC DE                         | A:33 BC:002F DE:E5C2 HL:4624 F:00000000 [Z:0 C:0]
[481D] DEC C                          | A:33 BC:002E DE:E5C2 HL:4624 F:00000000 [Z:0 C:0]
[481E] JR NZ -> 0x4819                | A:33 BC:002E DE:E5C2 HL:4624 F:00000000 [Z:0 C:0]
[4819] LD A, (HL)                     | A:33 BC:002E DE:E5C2 HL:4624 F:00000000 [Z:0 C:0]
[481A] INC HL                         | A:33 BC:002E DE:E5C2 HL:4625 F:00000000 [Z:0 C:0]
[481B] LD (DE), A                     | A:33 BC:002E DE:E5C2 HL:4625 F:00000000 [Z:0 C:0]
[481C] INC DE                         | A:33 BC:002E DE:E5C3 HL:4625 F:00000000 [Z:0 C:0]
[481D] DEC C                          | A:33 BC:002D DE:E5C3 HL:4625 F:00000000 [Z:0 C:0]
[481E] JR NZ -> 0x4819                | A:33 BC:002D DE:E5C3 HL:4625 F:00000000 [Z:0 C:0]
[4819] LD A, (HL)                     | A:33 BC:002D DE:E5C3 HL:4625 F:00000000 [Z:0 C:0]
[481A] INC HL                         | A:33 BC:002D DE:E5C3 HL:4626 F:00000000 [Z:0 C:0]
[481B] LD (DE), A                     | A:33 BC:002D DE:E5C3 HL:4626 F:00000000 [Z:0 C:0]
[481C] INC DE                         | A:33 BC:002D DE:E5C4 HL:4626 F:00000000 [Z:0 C:0]
[481D] DEC C                          | A:33 BC:002C DE:E5C4 HL:4626 F:00000000 [Z:0 C:0]
[481E] JR NZ -> 0x4819                | A:33 BC:002C DE:E5C4 HL:4626 F:00000000 [Z:0 C:0]
[4819] LD A, (HL)                     | A:33 BC:002C DE:E5C4 HL:4626 F:00000000 [Z:0 C:0]
[481A] INC HL                         | A:33 BC:002C DE:E5C4 HL:4627 F:00000000 [Z:0 C:0]
[481B] LD (DE), A                     | A:33 BC:002C DE:E5C4 HL:4627 F:00000000 [Z:0 C:0]
[481C] INC DE                         | A:33 BC:002C DE:E5C5 HL:4627 F:00000000 [Z:0 C:0]
[481D] DEC C                          | A:33 BC:002B DE:E5C5 HL:4627 F:00000000 [Z:0 C:0]
[481E] JR NZ -> 0x4819                | A:33 BC:002B DE:E5C5 HL:4627 F:00000000 [Z:0 C:0]
[4819] LD A, (HL)                     | A:33 BC:002B DE:E5C5 HL:4627 F:00000000 [Z:0 C:0]
[481A] INC HL                         | A:33 BC:002B DE:E5C5 HL:4628 F:00000000 [Z:0 C:0]
[481B] LD (DE), A                     | A:33 BC:002B DE:E5C5 HL:4628 F:00000000 [Z:0 C:0]
[481C] INC DE                         | A:33 BC:002B DE:E5C6 HL:4628 F:00000000 [Z:0 C:0]
[481D] DEC C                          | A:33 BC:002A DE:E5C6 HL:4628 F:00000000 [Z:0 C:0]
[481E] JR NZ -> 0x4819                | A:33 BC:002A DE:E5C6 HL:4628 F:00000000 [Z:0 C:0]
[4819] LD A, (HL)                     | A:33 BC:002A DE:E5C6 HL:4628 F:00000000 [Z:0 C:0]
[481A] INC HL                         | A:33 BC:002A DE:E5C6 HL:4629 F:00000000 [Z:0 C:0]
[481B] LD (DE), A                     | A:33 BC:002A DE:E5C6 HL:4629 F:00000000 [Z:0 C:0]
[481C] INC DE                         | A:33 BC:002A DE:E5C7 HL:4629 F:00000000 [Z:0 C:0]
[481D] DEC C                          | A:33 BC:0029 DE:E5C7 HL:4629 F:00000000 [Z:0 C:0]
[481E] JR NZ -> 0x4819                | A:33 BC:0029 DE:E5C7 HL:4629 F:00000000 [Z:0 C:0]
[4819] LD A, (HL)                     | A:33 BC:0029 DE:E5C7 HL:4629 F:00000000 [Z:0 C:0]
[481A] INC HL                         | A:33 BC:0029 DE:E5C7 HL:462A F:00000000 [Z:0 C:0]
[481B] LD (DE), A                     | A:33 BC:0029 DE:E5C7 HL:462A F:00000000 [Z:0 C:0]
[481C] INC DE                         | A:33 BC:0029 DE:E5C8 HL:462A F:00000000 [Z:0 C:0]
[481D] DEC C                          | A:33 BC:0028 DE:E5C8 HL:462A F:00000000 [Z:0 C:0]
[481E] JR NZ -> 0x4819                | A:33 BC:0028 DE:E5C8 HL:462A F:00000000 [Z:0 C:0]
[4819] LD A, (HL)                     | A:33 BC:0028 DE:E5C8 HL:462A F:00000000 [Z:0 C:0]
[481A] INC HL                         | A:33 BC:0028 DE:E5C8 HL:462B F:00000000 [Z:0 C:0]
[481B] LD (DE), A                     | A:33 BC:0028 DE:E5C8 HL:462B F:00000000 [Z:0 C:0]
[481C] INC DE                         | A:33 BC:0028 DE:E5C9 HL:462B F:00000000 [Z:0 C:0]
[481D] DEC C                          | A:33 BC:0027 DE:E5C9 HL:462B F:00000000 [Z:0 C:0]
[481E] JR NZ -> 0x4819                | A:33 BC:0027 DE:E5C9 HL:462B F:00000000 [Z:0 C:0]
[4819] LD A, (HL)                     | A:33 BC:0027 DE:E5C9 HL:462B F:00000000 [Z:0 C:0]
[481A] INC HL                         | A:33 BC:0027 DE:E5C9 HL:462C F:00000000 [Z:0 C:0]
[481B] LD (DE), A                     | A:33 BC:0027 DE:E5C9 HL:462C F:00000000 [Z:0 C:0]
[481C] INC DE                         | A:33 BC:0027 DE:E5CA HL:462C F:00000000 [Z:0 C:0]
[481D] DEC C                          | A:33 BC:0026 DE:E5CA HL:462C F:00000000 [Z:0 C:0]
[481E] JR NZ -> 0x4819                | A:33 BC:0026 DE:E5CA HL:462C F:00000000 [Z:0 C:0]
[4819] LD A, (HL)                     | A:33 BC:0026 DE:E5CA HL:462C F:00000000 [Z:0 C:0]
[481A] INC HL                         | A:33 BC:0026 DE:E5CA HL:462D F:00000000 [Z:0 C:0]
[481B] LD (DE), A                     | A:33 BC:0026 DE:E5CA HL:462D F:00000000 [Z:0 C:0]
[481C] INC DE                         | A:33 BC:0026 DE:E5CB HL:462D F:00000000 [Z:0 C:0]
[481D] DEC C                          | A:33 BC:0025 DE:E5CB HL:462D F:00000000 [Z:0 C:0]
[481E] JR NZ -> 0x4819                | A:33 BC:0025 DE:E5CB HL:462D F:00000000 [Z:0 C:0]
[4819] LD A, (HL)                     | A:33 BC:0025 DE:E5CB HL:462D F:00000000 [Z:0 C:0]
[481A] INC HL                         | A:33 BC:0025 DE:E5CB HL:462E F:00000000 [Z:0 C:0]
[481B] LD (DE), A                     | A:33 BC:0025 DE:E5CB HL:462E F:00000000 [Z:0 C:0]
[481C] INC DE                         | A:33 BC:0025 DE:E5CC HL:462E F:00000000 [Z:0 C:0]
[481D] DEC C                          | A:33 BC:0024 DE:E5CC HL:462E F:00000000 [Z:0 C:0]
[481E] JR NZ -> 0x4819                | A:33 BC:0024 DE:E5CC HL:462E F:00000000 [Z:0 C:0]
[4819] LD A, (HL)                     | A:33 BC:0024 DE:E5CC HL:462E F:00000000 [Z:0 C:0]
[481A] INC HL                         | A:33 BC:0024 DE:E5CC HL:462F F:00000000 [Z:0 C:0]
[481B] LD (DE), A                     | A:33 BC:0024 DE:E5CC HL:462F F:00000000 [Z:0 C:0]
[481C] INC DE                         | A:33 BC:0024 DE:E5CD HL:462F F:00000000 [Z:0 C:0]
[481D] DEC C                          | A:33 BC:0023 DE:E5CD HL:462F F:00000000 [Z:0 C:0]
[481E] JR NZ -> 0x4819                | A:33 BC:0023 DE:E5CD HL:462F F:00000000 [Z:0 C:0]
[4819] LD A, (HL)                     | A:33 BC:0023 DE:E5CD HL:462F F:00000000 [Z:0 C:0]
[481A] INC HL                         | A:33 BC:0023 DE:E5CD HL:4630 F:00000000 [Z:0 C:0]
[481B] LD (DE), A                     | A:33 BC:0023 DE:E5CD HL:4630 F:00000000 [Z:0 C:0]
[481C] INC DE                         | A:33 BC:0023 DE:E5CE HL:4630 F:00000000 [Z:0 C:0]
[481D] DEC C                          | A:33 BC:0022 DE:E5CE HL:4630 F:00000000 [Z:0 C:0]
[481E] JR NZ -> 0x4819                | A:33 BC:0022 DE:E5CE HL:4630 F:00000000 [Z:0 C:0]
[4819] LD A, (HL)                     | A:33 BC:0022 DE:E5CE HL:4630 F:00000000 [Z:0 C:0]
[481A] INC HL                         | A:33 BC:0022 DE:E5CE HL:4631 F:00000000 [Z:0 C:0]
[481B] LD (DE), A                     | A:33 BC:0022 DE:E5CE HL:4631 F:00000000 [Z:0 C:0]
[481C] INC DE                         | A:33 BC:0022 DE:E5CF HL:4631 F:00000000 [Z:0 C:0]
[481D] DEC C                          | A:33 BC:0021 DE:E5CF HL:4631 F:00000000 [Z:0 C:0]
[481E] JR NZ -> 0x4819                | A:33 BC:0021 DE:E5CF HL:4631 F:00000000 [Z:0 C:0]
[4819] LD A, (HL)                     | A:33 BC:0021 DE:E5CF HL:4631 F:00000000 [Z:0 C:0]
[481A] INC HL                         | A:33 BC:0021 DE:E5CF HL:4632 F:00000000 [Z:0 C:0]
[481B] LD (DE), A                     | A:33 BC:0021 DE:E5CF HL:4632 F:00000000 [Z:0 C:0]
[481C] INC DE                         | A:33 BC:0021 DE:E5D0 HL:4632 F:00000000 [Z:0 C:0]
[481D] DEC C                          | A:33 BC:0020 DE:E5D0 HL:4632 F:00000000 [Z:0 C:0]
[481E] JR NZ -> 0x4819                | A:33 BC:0020 DE:E5D0 HL:4632 F:00000000 [Z:0 C:0]
[4819] LD A, (HL)                     | A:33 BC:0020 DE:E5D0 HL:4632 F:00000000 [Z:0 C:0]
[481A] INC HL                         | A:33 BC:0020 DE:E5D0 HL:4633 F:00000000 [Z:0 C:0]
[481B] LD (DE), A                     | A:33 BC:0020 DE:E5D0 HL:4633 F:00000000 [Z:0 C:0]
[481C] INC DE                         | A:33 BC:0020 DE:E5D1 HL:4633 F:00000000 [Z:0 C:0]
[481D] DEC C                          | A:33 BC:001F DE:E5D1 HL:4633 F:00000000 [Z:0 C:0]
[481E] JR NZ -> 0x4819                | A:33 BC:001F DE:E5D1 HL:4633 F:00000000 [Z:0 C:0]
[4819] LD A, (HL)                     | A:33 BC:001F DE:E5D1 HL:4633 F:00000000 [Z:0 C:0]
[481A] INC HL                         | A:33 BC:001F DE:E5D1 HL:4634 F:00000000 [Z:0 C:0]
[481B] LD (DE), A                     | A:33 BC:001F DE:E5D1 HL:4634 F:00000000 [Z:0 C:0]
[481C] INC DE                         | A:33 BC:001F DE:E5D2 HL:4634 F:00000000 [Z:0 C:0]
[481D] DEC C                          | A:33 BC:001E DE:E5D2 HL:4634 F:00000000 [Z:0 C:0]
[481E] JR NZ -> 0x4819                | A:33 BC:001E DE:E5D2 HL:4634 F:00000000 [Z:0 C:0]
[4819] LD A, (HL)                     | A:33 BC:001E DE:E5D2 HL:4634 F:00000000 [Z:0 C:0]
[481A] INC HL                         | A:33 BC:001E DE:E5D2 HL:4635 F:00000000 [Z:0 C:0]
[481B] LD (DE), A                     | A:33 BC:001E DE:E5D2 HL:4635 F:00000000 [Z:0 C:0]
[481C] INC DE                         | A:33 BC:001E DE:E5D3 HL:4635 F:00000000 [Z:0 C:0]
[481D] DEC C                          | A:33 BC:001D DE:E5D3 HL:4635 F:00000000 [Z:0 C:0]
[481E] JR NZ -> 0x4819                | A:33 BC:001D DE:E5D3 HL:4635 F:00000000 [Z:0 C:0]
[4819] LD A, (HL)                     | A:33 BC:001D DE:E5D3 HL:4635 F:00000000 [Z:0 C:0]
[481A] INC HL                         | A:33 BC:001D DE:E5D3 HL:4636 F:00000000 [Z:0 C:0]
[481B] LD (DE), A                     | A:33 BC:001D DE:E5D3 HL:4636 F:00000000 [Z:0 C:0]
[481C] INC DE                         | A:33 BC:001D DE:E5D4 HL:4636 F:00000000 [Z:0 C:0]
[481D] DEC C                          | A:33 BC:001C DE:E5D4 HL:4636 F:00000000 [Z:0 C:0]
[481E] JR NZ -> 0x4819                | A:33 BC:001C DE:E5D4 HL:4636 F:00000000 [Z:0 C:0]
[4819] LD A, (HL)                     | A:33 BC:001C DE:E5D4 HL:4636 F:00000000 [Z:0 C:0]
[481A] INC HL                         | A:33 BC:001C DE:E5D4 HL:4637 F:00000000 [Z:0 C:0]
[481B] LD (DE), A                     | A:33 BC:001C DE:E5D4 HL:4637 F:00000000 [Z:0 C:0]
[481C] INC DE                         | A:33 BC:001C DE:E5D5 HL:4637 F:00000000 [Z:0 C:0]
[481D] DEC C                          | A:33 BC:001B DE:E5D5 HL:4637 F:00000000 [Z:0 C:0]
[481E] JR NZ -> 0x4819                | A:33 BC:001B DE:E5D5 HL:4637 F:00000000 [Z:0 C:0]
[4819] LD A, (HL)                     | A:33 BC:001B DE:E5D5 HL:4637 F:00000000 [Z:0 C:0]
[481A] INC HL                         | A:33 BC:001B DE:E5D5 HL:4638 F:00000000 [Z:0 C:0]
[481B] LD (DE), A                     | A:33 BC:001B DE:E5D5 HL:4638 F:00000000 [Z:0 C:0]
[481C] INC DE                         | A:33 BC:001B DE:E5D6 HL:4638 F:00000000 [Z:0 C:0]
[481D] DEC C                          | A:33 BC:001A DE:E5D6 HL:4638 F:00000000 [Z:0 C:0]
[481E] JR NZ -> 0x4819                | A:33 BC:001A DE:E5D6 HL:4638 F:00000000 [Z:0 C:0]
[4819] LD A, (HL)                     | A:33 BC:001A DE:E5D6 HL:4638 F:00000000 [Z:0 C:0]
[481A] INC HL                         | A:33 BC:001A DE:E5D6 HL:4639 F:00000000 [Z:0 C:0]
[481B] LD (DE), A                     | A:33 BC:001A DE:E5D6 HL:4639 F:00000000 [Z:0 C:0]
[481C] INC DE                         | A:33 BC:001A DE:E5D7 HL:4639 F:00000000 [Z:0 C:0]
[481D] DEC C                          | A:33 BC:0019 DE:E5D7 HL:4639 F:00000000 [Z:0 C:0]
[481E] JR NZ -> 0x4819                | A:33 BC:0019 DE:E5D7 HL:4639 F:00000000 [Z:0 C:0]
[4819] LD A, (HL)                     | A:33 BC:0019 DE:E5D7 HL:4639 F:00000000 [Z:0 C:0]
[481A] INC HL                         | A:33 BC:0019 DE:E5D7 HL:463A F:00000000 [Z:0 C:0]
[481B] LD (DE), A                     | A:33 BC:0019 DE:E5D7 HL:463A F:00000000 [Z:0 C:0]
[481C] INC DE                         | A:33 BC:0019 DE:E5D8 HL:463A F:00000000 [Z:0 C:0]
[481D] DEC C                          | A:33 BC:0018 DE:E5D8 HL:463A F:00000000 [Z:0 C:0]
[481E] JR NZ -> 0x4819                | A:33 BC:0018 DE:E5D8 HL:463A F:00000000 [Z:0 C:0]
[4819] LD A, (HL)                     | A:33 BC:0018 DE:E5D8 HL:463A F:00000000 [Z:0 C:0]
[481A] INC HL                         | A:33 BC:0018 DE:E5D8 HL:463B F:00000000 [Z:0 C:0]
[481B] LD (DE), A                     | A:33 BC:0018 DE:E5D8 HL:463B F:00000000 [Z:0 C:0]
[481C] INC DE                         | A:33 BC:0018 DE:E5D9 HL:463B F:00000000 [Z:0 C:0]
[481D] DEC C                          | A:33 BC:0017 DE:E5D9 HL:463B F:00000000 [Z:0 C:0]
[481E] JR NZ -> 0x4819                | A:33 BC:0017 DE:E5D9 HL:463B F:00000000 [Z:0 C:0]
[4819] LD A, (HL)                     | A:33 BC:0017 DE:E5D9 HL:463B F:00000000 [Z:0 C:0]
[481A] INC HL                         | A:33 BC:0017 DE:E5D9 HL:463C F:00000000 [Z:0 C:0]
[481B] LD (DE), A                     | A:33 BC:0017 DE:E5D9 HL:463C F:00000000 [Z:0 C:0]
[481C] INC DE                         | A:33 BC:0017 DE:E5DA HL:463C F:00000000 [Z:0 C:0]
[481D] DEC C                          | A:33 BC:0016 DE:E5DA HL:463C F:00000000 [Z:0 C:0]
[481E] JR NZ -> 0x4819                | A:33 BC:0016 DE:E5DA HL:463C F:00000000 [Z:0 C:0]
[4819] LD A, (HL)                     | A:33 BC:0016 DE:E5DA HL:463C F:00000000 [Z:0 C:0]
[481A] INC HL                         | A:33 BC:0016 DE:E5DA HL:463D F:00000000 [Z:0 C:0]
[481B] LD (DE), A                     | A:33 BC:0016 DE:E5DA HL:463D F:00000000 [Z:0 C:0]
[481C] INC DE                         | A:33 BC:0016 DE:E5DB HL:463D F:00000000 [Z:0 C:0]
[481D] DEC C                          | A:33 BC:0015 DE:E5DB HL:463D F:00000000 [Z:0 C:0]
[481E] JR NZ -> 0x4819                | A:33 BC:0015 DE:E5DB HL:463D F:00000000 [Z:0 C:0]
[4819] LD A, (HL)                     | A:33 BC:0015 DE:E5DB HL:463D F:00000000 [Z:0 C:0]
[481A] INC HL                         | A:33 BC:0015 DE:E5DB HL:463E F:00000000 [Z:0 C:0]
[481B] LD (DE), A                     | A:33 BC:0015 DE:E5DB HL:463E F:00000000 [Z:0 C:0]
[481C] INC DE                         | A:33 BC:0015 DE:E5DC HL:463E F:00000000 [Z:0 C:0]
[481D] DEC C                          | A:33 BC:0014 DE:E5DC HL:463E F:00000000 [Z:0 C:0]
[481E] JR NZ -> 0x4819                | A:33 BC:0014 DE:E5DC HL:463E F:00000000 [Z:0 C:0]
[4819] LD A, (HL)                     | A:33 BC:0014 DE:E5DC HL:463E F:00000000 [Z:0 C:0]
[481A] INC HL                         | A:33 BC:0014 DE:E5DC HL:463F F:00000000 [Z:0 C:0]
[481B] LD (DE), A                     | A:33 BC:0014 DE:E5DC HL:463F F:00000000 [Z:0 C:0]
[481C] INC DE                         | A:33 BC:0014 DE:E5DD HL:463F F:00000000 [Z:0 C:0]
[481D] DEC C                          | A:33 BC:0013 DE:E5DD HL:463F F:00000000 [Z:0 C:0]
[481E] JR NZ -> 0x4819                | A:33 BC:0013 DE:E5DD HL:463F F:00000000 [Z:0 C:0]
[4819] LD A, (HL)                     | A:33 BC:0013 DE:E5DD HL:463F F:00000000 [Z:0 C:0]
[481A] INC HL                         | A:33 BC:0013 DE:E5DD HL:4640 F:00000000 [Z:0 C:0]
[481B] LD (DE), A                     | A:33 BC:0013 DE:E5DD HL:4640 F:00000000 [Z:0 C:0]
[481C] INC DE                         | A:33 BC:0013 DE:E5DE HL:4640 F:00000000 [Z:0 C:0]
[481D] DEC C                          | A:33 BC:0012 DE:E5DE HL:4640 F:00000000 [Z:0 C:0]
[481E] JR NZ -> 0x4819                | A:33 BC:0012 DE:E5DE HL:4640 F:00000000 [Z:0 C:0]
[4819] LD A, (HL)                     | A:33 BC:0012 DE:E5DE HL:4640 F:00000000 [Z:0 C:0]
[481A] INC HL                         | A:33 BC:0012 DE:E5DE HL:4641 F:00000000 [Z:0 C:0]
[481B] LD (DE), A                     | A:33 BC:0012 DE:E5DE HL:4641 F:00000000 [Z:0 C:0]
[481C] INC DE                         | A:33 BC:0012 DE:E5DF HL:4641 F:00000000 [Z:0 C:0]
[481D] DEC C                          | A:33 BC:0011 DE:E5DF HL:4641 F:00000000 [Z:0 C:0]
[481E] JR NZ -> 0x4819                | A:33 BC:0011 DE:E5DF HL:4641 F:00000000 [Z:0 C:0]
[4819] LD A, (HL)                     | A:33 BC:0011 DE:E5DF HL:4641 F:00000000 [Z:0 C:0]
[481A] INC HL                         | A:33 BC:0011 DE:E5DF HL:4642 F:00000000 [Z:0 C:0]
[481B] LD (DE), A                     | A:33 BC:0011 DE:E5DF HL:4642 F:00000000 [Z:0 C:0]
[481C] INC DE                         | A:33 BC:0011 DE:E5E0 HL:4642 F:00000000 [Z:0 C:0]
[481D] DEC C                          | A:33 BC:0010 DE:E5E0 HL:4642 F:00000000 [Z:0 C:0]
[481E] JR NZ -> 0x4819                | A:33 BC:0010 DE:E5E0 HL:4642 F:00000000 [Z:0 C:0]
[4819] LD A, (HL)                     | A:33 BC:0010 DE:E5E0 HL:4642 F:00000000 [Z:0 C:0]
[481A] INC HL                         | A:33 BC:0010 DE:E5E0 HL:4643 F:00000000 [Z:0 C:0]
[481B] LD (DE), A                     | A:33 BC:0010 DE:E5E0 HL:4643 F:00000000 [Z:0 C:0]
[481C] INC DE                         | A:33 BC:0010 DE:E5E1 HL:4643 F:00000000 [Z:0 C:0]
[481D] DEC C                          | A:33 BC:000F DE:E5E1 HL:4643 F:00000000 [Z:0 C:0]
[481E] JR NZ -> 0x4819                | A:33 BC:000F DE:E5E1 HL:4643 F:00000000 [Z:0 C:0]
[4819] LD A, (HL)                     | A:33 BC:000F DE:E5E1 HL:4643 F:00000000 [Z:0 C:0]
[481A] INC HL                         | A:33 BC:000F DE:E5E1 HL:4644 F:00000000 [Z:0 C:0]
[481B] LD (DE), A                     | A:33 BC:000F DE:E5E1 HL:4644 F:00000000 [Z:0 C:0]
[481C] INC DE                         | A:33 BC:000F DE:E5E2 HL:4644 F:00000000 [Z:0 C:0]
[481D] DEC C                          | A:33 BC:000E DE:E5E2 HL:4644 F:00000000 [Z:0 C:0]
[481E] JR NZ -> 0x4819                | A:33 BC:000E DE:E5E2 HL:4644 F:00000000 [Z:0 C:0]
[4819] LD A, (HL)                     | A:33 BC:000E DE:E5E2 HL:4644 F:00000000 [Z:0 C:0]
[481A] INC HL                         | A:33 BC:000E DE:E5E2 HL:4645 F:00000000 [Z:0 C:0]
[481B] LD (DE), A                     | A:33 BC:000E DE:E5E2 HL:4645 F:00000000 [Z:0 C:0]
[481C] INC DE                         | A:33 BC:000E DE:E5E3 HL:4645 F:00000000 [Z:0 C:0]
[481D] DEC C                          | A:33 BC:000D DE:E5E3 HL:4645 F:00000000 [Z:0 C:0]
[481E] JR NZ -> 0x4819                | A:33 BC:000D DE:E5E3 HL:4645 F:00000000 [Z:0 C:0]
[4819] LD A, (HL)                     | A:33 BC:000D DE:E5E3 HL:4645 F:00000000 [Z:0 C:0]
[481A] INC HL                         | A:33 BC:000D DE:E5E3 HL:4646 F:00000000 [Z:0 C:0]
[481B] LD (DE), A                     | A:33 BC:000D DE:E5E3 HL:4646 F:00000000 [Z:0 C:0]
[481C] INC DE                         | A:33 BC:000D DE:E5E4 HL:4646 F:00000000 [Z:0 C:0]
[481D] DEC C                          | A:33 BC:000C DE:E5E4 HL:4646 F:00000000 [Z:0 C:0]
[481E] JR NZ -> 0x4819                | A:33 BC:000C DE:E5E4 HL:4646 F:00000000 [Z:0 C:0]
[4819] LD A, (HL)                     | A:33 BC:000C DE:E5E4 HL:4646 F:00000000 [Z:0 C:0]
[481A] INC HL                         | A:33 BC:000C DE:E5E4 HL:4647 F:00000000 [Z:0 C:0]
[481B] LD (DE), A                     | A:33 BC:000C DE:E5E4 HL:4647 F:00000000 [Z:0 C:0]
[481C] INC DE                         | A:33 BC:000C DE:E5E5 HL:4647 F:00000000 [Z:0 C:0]
[481D] DEC C                          | A:33 BC:000B DE:E5E5 HL:4647 F:00000000 [Z:0 C:0]
[481E] JR NZ -> 0x4819                | A:33 BC:000B DE:E5E5 HL:4647 F:00000000 [Z:0 C:0]
[4819] LD A, (HL)                     | A:33 BC:000B DE:E5E5 HL:4647 F:00000000 [Z:0 C:0]
[481A] INC HL                         | A:33 BC:000B DE:E5E5 HL:4648 F:00000000 [Z:0 C:0]
[481B] LD (DE), A                     | A:33 BC:000B DE:E5E5 HL:4648 F:00000000 [Z:0 C:0]
[481C] INC DE                         | A:33 BC:000B DE:E5E6 HL:4648 F:00000000 [Z:0 C:0]
[481D] DEC C                          | A:33 BC:000A DE:E5E6 HL:4648 F:00000000 [Z:0 C:0]
[481E] JR NZ -> 0x4819                | A:33 BC:000A DE:E5E6 HL:4648 F:00000000 [Z:0 C:0]
[4819] LD A, (HL)                     | A:33 BC:000A DE:E5E6 HL:4648 F:00000000 [Z:0 C:0]
[481A] INC HL                         | A:33 BC:000A DE:E5E6 HL:4649 F:00000000 [Z:0 C:0]
[481B] LD (DE), A                     | A:33 BC:000A DE:E5E6 HL:4649 F:00000000 [Z:0 C:0]
[481C] INC DE                         | A:33 BC:000A DE:E5E7 HL:4649 F:00000000 [Z:0 C:0]
[481D] DEC C                          | A:33 BC:0009 DE:E5E7 HL:4649 F:00000000 [Z:0 C:0]
[481E] JR NZ -> 0x4819                | A:33 BC:0009 DE:E5E7 HL:4649 F:00000000 [Z:0 C:0]
[4819] LD A, (HL)                     | A:33 BC:0009 DE:E5E7 HL:4649 F:00000000 [Z:0 C:0]
[481A] INC HL                         | A:33 BC:0009 DE:E5E7 HL:464A F:00000000 [Z:0 C:0]
[481B] LD (DE), A                     | A:33 BC:0009 DE:E5E7 HL:464A F:00000000 [Z:0 C:0]
[481C] INC DE                         | A:33 BC:0009 DE:E5E8 HL:464A F:00000000 [Z:0 C:0]
[481D] DEC C                          | A:33 BC:0008 DE:E5E8 HL:464A F:00000000 [Z:0 C:0]
[481E] JR NZ -> 0x4819                | A:33 BC:0008 DE:E5E8 HL:464A F:00000000 [Z:0 C:0]
[4819] LD A, (HL)                     | A:33 BC:0008 DE:E5E8 HL:464A F:00000000 [Z:0 C:0]
[481A] INC HL                         | A:33 BC:0008 DE:E5E8 HL:464B F:00000000 [Z:0 C:0]
[481B] LD (DE), A                     | A:33 BC:0008 DE:E5E8 HL:464B F:00000000 [Z:0 C:0]
[481C] INC DE                         | A:33 BC:0008 DE:E5E9 HL:464B F:00000000 [Z:0 C:0]
[481D] DEC C                          | A:33 BC:0007 DE:E5E9 HL:464B F:00000000 [Z:0 C:0]
[481E] JR NZ -> 0x4819                | A:33 BC:0007 DE:E5E9 HL:464B F:00000000 [Z:0 C:0]
[4819] LD A, (HL)                     | A:33 BC:0007 DE:E5E9 HL:464B F:00000000 [Z:0 C:0]
[481A] INC HL                         | A:33 BC:0007 DE:E5E9 HL:464C F:00000000 [Z:0 C:0]
[481B] LD (DE), A                     | A:33 BC:0007 DE:E5E9 HL:464C F:00000000 [Z:0 C:0]
[481C] INC DE                         | A:33 BC:0007 DE:E5EA HL:464C F:00000000 [Z:0 C:0]
[481D] DEC C                          | A:33 BC:0006 DE:E5EA HL:464C F:00000000 [Z:0 C:0]
[481E] JR NZ -> 0x4819                | A:33 BC:0006 DE:E5EA HL:464C F:00000000 [Z:0 C:0]
[4819] LD A, (HL)                     | A:33 BC:0006 DE:E5EA HL:464C F:00000000 [Z:0 C:0]
[481A] INC HL                         | A:33 BC:0006 DE:E5EA HL:464D F:00000000 [Z:0 C:0]
[481B] LD (DE), A                     | A:33 BC:0006 DE:E5EA HL:464D F:00000000 [Z:0 C:0]
[481C] INC DE                         | A:33 BC:0006 DE:E5EB HL:464D F:00000000 [Z:0 C:0]
[481D] DEC C                          | A:33 BC:0005 DE:E5EB HL:464D F:00000000 [Z:0 C:0]
[481E] JR NZ -> 0x4819                | A:33 BC:0005 DE:E5EB HL:464D F:00000000 [Z:0 C:0]
[4819] LD A, (HL)                     | A:33 BC:0005 DE:E5EB HL:464D F:00000000 [Z:0 C:0]
[481A] INC HL                         | A:33 BC:0005 DE:E5EB HL:464E F:00000000 [Z:0 C:0]
[481B] LD (DE), A                     | A:33 BC:0005 DE:E5EB HL:464E F:00000000 [Z:0 C:0]
[481C] INC DE                         | A:33 BC:0005 DE:E5EC HL:464E F:00000000 [Z:0 C:0]
[481D] DEC C                          | A:33 BC:0004 DE:E5EC HL:464E F:00000000 [Z:0 C:0]
[481E] JR NZ -> 0x4819                | A:33 BC:0004 DE:E5EC HL:464E F:00000000 [Z:0 C:0]
[4819] LD A, (HL)                     | A:33 BC:0004 DE:E5EC HL:464E F:00000000 [Z:0 C:0]
[481A] INC HL                         | A:33 BC:0004 DE:E5EC HL:464F F:00000000 [Z:0 C:0]
[481B] LD (DE), A                     | A:33 BC:0004 DE:E5EC HL:464F F:00000000 [Z:0 C:0]
[481C] INC DE                         | A:33 BC:0004 DE:E5ED HL:464F F:00000000 [Z:0 C:0]
[481D] DEC C                          | A:33 BC:0003 DE:E5ED HL:464F F:00000000 [Z:0 C:0]
[481E] JR NZ -> 0x4819                | A:33 BC:0003 DE:E5ED HL:464F F:00000000 [Z:0 C:0]
[4819] LD A, (HL)                     | A:33 BC:0003 DE:E5ED HL:464F F:00000000 [Z:0 C:0]
[481A] INC HL                         | A:33 BC:0003 DE:E5ED HL:4650 F:00000000 [Z:0 C:0]
[481B] LD (DE), A                     | A:33 BC:0003 DE:E5ED HL:4650 F:00000000 [Z:0 C:0]
[481C] INC DE                         | A:33 BC:0003 DE:E5EE HL:4650 F:00000000 [Z:0 C:0]
[481D] DEC C                          | A:33 BC:0002 DE:E5EE HL:4650 F:00000000 [Z:0 C:0]
[481E] JR NZ -> 0x4819                | A:33 BC:0002 DE:E5EE HL:4650 F:00000000 [Z:0 C:0]
[4819] LD A, (HL)                     | A:33 BC:0002 DE:E5EE HL:4650 F:00000000 [Z:0 C:0]
[481A] INC HL                         | A:33 BC:0002 DE:E5EE HL:4651 F:00000000 [Z:0 C:0]
[481B] LD (DE), A                     | A:33 BC:0002 DE:E5EE HL:4651 F:00000000 [Z:0 C:0]
[481C] INC DE                         | A:33 BC:0002 DE:E5EF HL:4651 F:00000000 [Z:0 C:0]
[481D] DEC C                          | A:33 BC:0001 DE:E5EF HL:4651 F:00000000 [Z:0 C:0]
[481E] JR NZ -> 0x4819                | A:33 BC:0001 DE:E5EF HL:4651 F:00000000 [Z:0 C:0]
[4819] LD A, (HL)                     | A:33 BC:0001 DE:E5EF HL:4651 F:00000000 [Z:0 C:0]
[481A] INC HL                         | A:33 BC:0001 DE:E5EF HL:4652 F:00000000 [Z:0 C:0]
[481B] LD (DE), A                     | A:33 BC:0001 DE:E5EF HL:4652 F:00000000 [Z:0 C:0]
[481C] INC DE                         | A:33 BC:0001 DE:E5F0 HL:4652 F:00000000 [Z:0 C:0]
[481D] DEC C                          | A:33 BC:0000 DE:E5F0 HL:4652 F:01000000 [Z:1 C:0]
[481E] JR NZ [not taken]              | A:33 BC:0000 DE:E5F0 HL:4652 F:01000000 [Z:1 C:0]
[4820] LD A, (0x8000)                 | A:04 BC:0000 DE:E5F0 HL:4652 F:01000000 [Z:1 C:0]
[4823] DEC A                          | A:03 BC:0000 DE:E5F0 HL:4652 F:00000000 [Z:0 C:0]
[4824] LD (0x8000), A                 | A:03 BC:0000 DE:E5F0 HL:4652 F:00000000 [Z:0 C:0]
[4827] JR NZ -> 0x4813                | A:03 BC:0000 DE:E5F0 HL:4652 F:00000000 [Z:0 C:0]
[4813] LD E, (HL)                     | A:03 BC:0000 DE:E5A0 HL:4652 F:00000000 [Z:0 C:0]
[4814] INC HL                         | A:03 BC:0000 DE:E5A0 HL:4653 F:00000000 [Z:0 C:0]
[4815] LD D, (HL)                     | A:03 BC:0000 DE:EDA0 HL:4653 F:00000000 [Z:0 C:0]
[4816] INC HL                         | A:03 BC:0000 DE:EDA0 HL:4654 F:00000000 [Z:0 C:0]
[4817] LD C, 0x50                     | A:03 BC:0050 DE:EDA0 HL:4654 F:00000000 [Z:0 C:0]
[4819] LD A, (HL)                     | A:33 BC:0050 DE:EDA0 HL:4654 F:00000000 [Z:0 C:0]
[481A] INC HL                         | A:33 BC:0050 DE:EDA0 HL:4655 F:00000000 [Z:0 C:0]
[481B] LD (DE), A                     | A:33 BC:0050 DE:EDA0 HL:4655 F:00000000 [Z:0 C:0]
[481C] INC DE                         | A:33 BC:0050 DE:EDA1 HL:4655 F:00000000 [Z:0 C:0]
[481D] DEC C                          | A:33 BC:004F DE:EDA1 HL:4655 F:00000000 [Z:0 C:0]
[481E] JR NZ -> 0x4819                | A:33 BC:004F DE:EDA1 HL:4655 F:00000000 [Z:0 C:0]
[4819] LD A, (HL)                     | A:33 BC:004F DE:EDA1 HL:4655 F:00000000 [Z:0 C:0]
[481A] INC HL                         | A:33 BC:004F DE:EDA1 HL:4656 F:00000000 [Z:0 C:0]
[481B] LD (DE), A                     | A:33 BC:004F DE:EDA1 HL:4656 F:00000000 [Z:0 C:0]
[481C] INC DE                         | A:33 BC:004F DE:EDA2 HL:4656 F:00000000 [Z:0 C:0]
[481D] DEC C                          | A:33 BC:004E DE:EDA2 HL:4656 F:00000000 [Z:0 C:0]
[481E] JR NZ -> 0x4819                | A:33 BC:004E DE:EDA2 HL:4656 F:00000000 [Z:0 C:0]
[4819] LD A, (HL)                     | A:33 BC:004E DE:EDA2 HL:4656 F:00000000 [Z:0 C:0]
[481A] INC HL                         | A:33 BC:004E DE:EDA2 HL:4657 F:00000000 [Z:0 C:0]
[481B] LD (DE), A                     | A:33 BC:004E DE:EDA2 HL:4657 F:00000000 [Z:0 C:0]
[481C] INC DE                         | A:33 BC:004E DE:EDA3 HL:4657 F:00000000 [Z:0 C:0]
[481D] DEC C                          | A:33 BC:004D DE:EDA3 HL:4657 F:00000000 [Z:0 C:0]
[481E] JR NZ -> 0x4819                | A:33 BC:004D DE:EDA3 HL:4657 F:00000000 [Z:0 C:0]
[4819] LD A, (HL)                     | A:33 BC:004D DE:EDA3 HL:4657 F:00000000 [Z:0 C:0]
[481A] INC HL                         | A:33 BC:004D DE:EDA3 HL:4658 F:00000000 [Z:0 C:0]
[481B] LD (DE), A                     | A:33 BC:004D DE:EDA3 HL:4658 F:00000000 [Z:0 C:0]
[481C] INC DE                         | A:33 BC:004D DE:EDA4 HL:4658 F:00000000 [Z:0 C:0]
[481D] DEC C                          | A:33 BC:004C DE:EDA4 HL:4658 F:00000000 [Z:0 C:0]
[481E] JR NZ -> 0x4819                | A:33 BC:004C DE:EDA4 HL:4658 F:00000000 [Z:0 C:0]
[4819] LD A, (HL)                     | A:33 BC:004C DE:EDA4 HL:4658 F:00000000 [Z:0 C:0]
[481A] INC HL                         | A:33 BC:004C DE:EDA4 HL:4659 F:00000000 [Z:0 C:0]
[481B] LD (DE), A                     | A:33 BC:004C DE:EDA4 HL:4659 F:00000000 [Z:0 C:0]
[481C] INC DE                         | A:33 BC:004C DE:EDA5 HL:4659 F:00000000 [Z:0 C:0]
[481D] DEC C                          | A:33 BC:004B DE:EDA5 HL:4659 F:00000000 [Z:0 C:0]
[481E] JR NZ -> 0x4819                | A:33 BC:004B DE:EDA5 HL:4659 F:00000000 [Z:0 C:0]
[4819] LD A, (HL)                     | A:33 BC:004B DE:EDA5 HL:4659 F:00000000 [Z:0 C:0]
[481A] INC HL                         | A:33 BC:004B DE:EDA5 HL:465A F:00000000 [Z:0 C:0]
[481B] LD (DE), A                     | A:33 BC:004B DE:EDA5 HL:465A F:00000000 [Z:0 C:0]
[481C] INC DE                         | A:33 BC:004B DE:EDA6 HL:465A F:00000000 [Z:0 C:0]
[481D] DEC C                          | A:33 BC:004A DE:EDA6 HL:465A F:00000000 [Z:0 C:0]
[481E] JR NZ -> 0x4819                | A:33 BC:004A DE:EDA6 HL:465A F:00000000 [Z:0 C:0]
[4819] LD A, (HL)                     | A:33 BC:004A DE:EDA6 HL:465A F:00000000 [Z:0 C:0]
[481A] INC HL                         | A:33 BC:004A DE:EDA6 HL:465B F:00000000 [Z:0 C:0]
[481B] LD (DE), A                     | A:33 BC:004A DE:EDA6 HL:465B F:00000000 [Z:0 C:0]
[481C] INC DE                         | A:33 BC:004A DE:EDA7 HL:465B F:00000000 [Z:0 C:0]
[481D] DEC C                          | A:33 BC:0049 DE:EDA7 HL:465B F:00000000 [Z:0 C:0]
[481E] JR NZ -> 0x4819                | A:33 BC:0049 DE:EDA7 HL:465B F:00000000 [Z:0 C:0]
[4819] LD A, (HL)                     | A:33 BC:0049 DE:EDA7 HL:465B F:00000000 [Z:0 C:0]
[481A] INC HL                         | A:33 BC:0049 DE:EDA7 HL:465C F:00000000 [Z:0 C:0]
[481B] LD (DE), A                     | A:33 BC:0049 DE:EDA7 HL:465C F:00000000 [Z:0 C:0]
[481C] INC DE                         | A:33 BC:0049 DE:EDA8 HL:465C F:00000000 [Z:0 C:0]
[481D] DEC C                          | A:33 BC:0048 DE:EDA8 HL:465C F:00000000 [Z:0 C:0]
[481E] JR NZ -> 0x4819                | A:33 BC:0048 DE:EDA8 HL:465C F:00000000 [Z:0 C:0]
[4819] LD A, (HL)                     | A:33 BC:0048 DE:EDA8 HL:465C F:00000000 [Z:0 C:0]
[481A] INC HL                         | A:33 BC:0048 DE:EDA8 HL:465D F:00000000 [Z:0 C:0]
[481B] LD (DE), A                     | A:33 BC:0048 DE:EDA8 HL:465D F:00000000 [Z:0 C:0]
[481C] INC DE                         | A:33 BC:0048 DE:EDA9 HL:465D F:00000000 [Z:0 C:0]
[481D] DEC C                          | A:33 BC:0047 DE:EDA9 HL:465D F:00000000 [Z:0 C:0]
[481E] JR NZ -> 0x4819                | A:33 BC:0047 DE:EDA9 HL:465D F:00000000 [Z:0 C:0]
[4819] LD A, (HL)                     | A:33 BC:0047 DE:EDA9 HL:465D F:00000000 [Z:0 C:0]
[481A] INC HL                         | A:33 BC:0047 DE:EDA9 HL:465E F:00000000 [Z:0 C:0]
[481B] LD (DE), A                     | A:33 BC:0047 DE:EDA9 HL:465E F:00000000 [Z:0 C:0]
[481C] INC DE                         | A:33 BC:0047 DE:EDAA HL:465E F:00000000 [Z:0 C:0]
[481D] DEC C                          | A:33 BC:0046 DE:EDAA HL:465E F:00000000 [Z:0 C:0]
[481E] JR NZ -> 0x4819                | A:33 BC:0046 DE:EDAA HL:465E F:00000000 [Z:0 C:0]
[4819] LD A, (HL)                     | A:33 BC:0046 DE:EDAA HL:465E F:00000000 [Z:0 C:0]
[481A] INC HL                         | A:33 BC:0046 DE:EDAA HL:465F F:00000000 [Z:0 C:0]
[481B] LD (DE), A                     | A:33 BC:0046 DE:EDAA HL:465F F:00000000 [Z:0 C:0]
[481C] INC DE                         | A:33 BC:0046 DE:EDAB HL:465F F:00000000 [Z:0 C:0]
[481D] DEC C                          | A:33 BC:0045 DE:EDAB HL:465F F:00000000 [Z:0 C:0]
[481E] JR NZ -> 0x4819                | A:33 BC:0045 DE:EDAB HL:465F F:00000000 [Z:0 C:0]
[4819] LD A, (HL)                     | A:33 BC:0045 DE:EDAB HL:465F F:00000000 [Z:0 C:0]
[481A] INC HL                         | A:33 BC:0045 DE:EDAB HL:4660 F:00000000 [Z:0 C:0]
[481B] LD (DE), A                     | A:33 BC:0045 DE:EDAB HL:4660 F:00000000 [Z:0 C:0]
[481C] INC DE                         | A:33 BC:0045 DE:EDAC HL:4660 F:00000000 [Z:0 C:0]
[481D] DEC C                          | A:33 BC:0044 DE:EDAC HL:4660 F:00000000 [Z:0 C:0]
[481E] JR NZ -> 0x4819                | A:33 BC:0044 DE:EDAC HL:4660 F:00000000 [Z:0 C:0]
[4819] LD A, (HL)                     | A:33 BC:0044 DE:EDAC HL:4660 F:00000000 [Z:0 C:0]
[481A] INC HL                         | A:33 BC:0044 DE:EDAC HL:4661 F:00000000 [Z:0 C:0]
[481B] LD (DE), A                     | A:33 BC:0044 DE:EDAC HL:4661 F:00000000 [Z:0 C:0]
[481C] INC DE                         | A:33 BC:0044 DE:EDAD HL:4661 F:00000000 [Z:0 C:0]
[481D] DEC C                          | A:33 BC:0043 DE:EDAD HL:4661 F:00000000 [Z:0 C:0]
[481E] JR NZ -> 0x4819                | A:33 BC:0043 DE:EDAD HL:4661 F:00000000 [Z:0 C:0]
[4819] LD A, (HL)                     | A:33 BC:0043 DE:EDAD HL:4661 F:00000000 [Z:0 C:0]
[481A] INC HL                         | A:33 BC:0043 DE:EDAD HL:4662 F:00000000 [Z:0 C:0]
[481B] LD (DE), A                     | A:33 BC:0043 DE:EDAD HL:4662 F:00000000 [Z:0 C:0]
[481C] INC DE                         | A:33 BC:0043 DE:EDAE HL:4662 F:00000000 [Z:0 C:0]
[481D] DEC C                          | A:33 BC:0042 DE:EDAE HL:4662 F:00000000 [Z:0 C:0]
[481E] JR NZ -> 0x4819                | A:33 BC:0042 DE:EDAE HL:4662 F:00000000 [Z:0 C:0]
[4819] LD A, (HL)                     | A:33 BC:0042 DE:EDAE HL:4662 F:00000000 [Z:0 C:0]
[481A] INC HL                         | A:33 BC:0042 DE:EDAE HL:4663 F:00000000 [Z:0 C:0]
[481B] LD (DE), A                     | A:33 BC:0042 DE:EDAE HL:4663 F:00000000 [Z:0 C:0]
[481C] INC DE                         | A:33 BC:0042 DE:EDAF HL:4663 F:00000000 [Z:0 C:0]
[481D] DEC C                          | A:33 BC:0041 DE:EDAF HL:4663 F:00000000 [Z:0 C:0]
[481E] JR NZ -> 0x4819                | A:33 BC:0041 DE:EDAF HL:4663 F:00000000 [Z:0 C:0]
[4819] LD A, (HL)                     | A:33 BC:0041 DE:EDAF HL:4663 F:00000000 [Z:0 C:0]
[481A] INC HL                         | A:33 BC:0041 DE:EDAF HL:4664 F:00000000 [Z:0 C:0]
[481B] LD (DE), A                     | A:33 BC:0041 DE:EDAF HL:4664 F:00000000 [Z:0 C:0]
[481C] INC DE                         | A:33 BC:0041 DE:EDB0 HL:4664 F:00000000 [Z:0 C:0]
[481D] DEC C                          | A:33 BC:0040 DE:EDB0 HL:4664 F:00000000 [Z:0 C:0]
[481E] JR NZ -> 0x4819                | A:33 BC:0040 DE:EDB0 HL:4664 F:00000000 [Z:0 C:0]
[4819] LD A, (HL)                     | A:33 BC:0040 DE:EDB0 HL:4664 F:00000000 [Z:0 C:0]
[481A] INC HL                         | A:33 BC:0040 DE:EDB0 HL:4665 F:00000000 [Z:0 C:0]
[481B] LD (DE), A                     | A:33 BC:0040 DE:EDB0 HL:4665 F:00000000 [Z:0 C:0]
[481C] INC DE                         | A:33 BC:0040 DE:EDB1 HL:4665 F:00000000 [Z:0 C:0]
[481D] DEC C                          | A:33 BC:003F DE:EDB1 HL:4665 F:00000000 [Z:0 C:0]
[481E] JR NZ -> 0x4819                | A:33 BC:003F DE:EDB1 HL:4665 F:00000000 [Z:0 C:0]
[4819] LD A, (HL)                     | A:33 BC:003F DE:EDB1 HL:4665 F:00000000 [Z:0 C:0]
[481A] INC HL                         | A:33 BC:003F DE:EDB1 HL:4666 F:00000000 [Z:0 C:0]
[481B] LD (DE), A                     | A:33 BC:003F DE:EDB1 HL:4666 F:00000000 [Z:0 C:0]
[481C] INC DE                         | A:33 BC:003F DE:EDB2 HL:4666 F:00000000 [Z:0 C:0]
[481D] DEC C                          | A:33 BC:003E DE:EDB2 HL:4666 F:00000000 [Z:0 C:0]
[481E] JR NZ -> 0x4819                | A:33 BC:003E DE:EDB2 HL:4666 F:00000000 [Z:0 C:0]
[4819] LD A, (HL)                     | A:33 BC:003E DE:EDB2 HL:4666 F:00000000 [Z:0 C:0]
[481A] INC HL                         | A:33 BC:003E DE:EDB2 HL:4667 F:00000000 [Z:0 C:0]
[481B] LD (DE), A                     | A:33 BC:003E DE:EDB2 HL:4667 F:00000000 [Z:0 C:0]
[481C] INC DE                         | A:33 BC:003E DE:EDB3 HL:4667 F:00000000 [Z:0 C:0]
[481D] DEC C                          | A:33 BC:003D DE:EDB3 HL:4667 F:00000000 [Z:0 C:0]
[481E] JR NZ -> 0x4819                | A:33 BC:003D DE:EDB3 HL:4667 F:00000000 [Z:0 C:0]
[4819] LD A, (HL)                     | A:33 BC:003D DE:EDB3 HL:4667 F:00000000 [Z:0 C:0]
[481A] INC HL                         | A:33 BC:003D DE:EDB3 HL:4668 F:00000000 [Z:0 C:0]
[481B] LD (DE), A                     | A:33 BC:003D DE:EDB3 HL:4668 F:00000000 [Z:0 C:0]
[481C] INC DE                         | A:33 BC:003D DE:EDB4 HL:4668 F:00000000 [Z:0 C:0]
[481D] DEC C                          | A:33 BC:003C DE:EDB4 HL:4668 F:00000000 [Z:0 C:0]
[481E] JR NZ -> 0x4819                | A:33 BC:003C DE:EDB4 HL:4668 F:00000000 [Z:0 C:0]
[4819] LD A, (HL)                     | A:33 BC:003C DE:EDB4 HL:4668 F:00000000 [Z:0 C:0]
[481A] INC HL                         | A:33 BC:003C DE:EDB4 HL:4669 F:00000000 [Z:0 C:0]
[481B] LD (DE), A                     | A:33 BC:003C DE:EDB4 HL:4669 F:00000000 [Z:0 C:0]
[481C] INC DE                         | A:33 BC:003C DE:EDB5 HL:4669 F:00000000 [Z:0 C:0]
[481D] DEC C                          | A:33 BC:003B DE:EDB5 HL:4669 F:00000000 [Z:0 C:0]
[481E] JR NZ -> 0x4819                | A:33 BC:003B DE:EDB5 HL:4669 F:00000000 [Z:0 C:0]
[4819] LD A, (HL)                     | A:33 BC:003B DE:EDB5 HL:4669 F:00000000 [Z:0 C:0]
[481A] INC HL                         | A:33 BC:003B DE:EDB5 HL:466A F:00000000 [Z:0 C:0]
[481B] LD (DE), A                     | A:33 BC:003B DE:EDB5 HL:466A F:00000000 [Z:0 C:0]
[481C] INC DE                         | A:33 BC:003B DE:EDB6 HL:466A F:00000000 [Z:0 C:0]
[481D] DEC C                          | A:33 BC:003A DE:EDB6 HL:466A F:00000000 [Z:0 C:0]
[481E] JR NZ -> 0x4819                | A:33 BC:003A DE:EDB6 HL:466A F:00000000 [Z:0 C:0]
[4819] LD A, (HL)                     | A:33 BC:003A DE:EDB6 HL:466A F:00000000 [Z:0 C:0]
[481A] INC HL                         | A:33 BC:003A DE:EDB6 HL:466B F:00000000 [Z:0 C:0]
[481B] LD (DE), A                     | A:33 BC:003A DE:EDB6 HL:466B F:00000000 [Z:0 C:0]
[481C] INC DE                         | A:33 BC:003A DE:EDB7 HL:466B F:00000000 [Z:0 C:0]
[481D] DEC C                          | A:33 BC:0039 DE:EDB7 HL:466B F:00000000 [Z:0 C:0]
[481E] JR NZ -> 0x4819                | A:33 BC:0039 DE:EDB7 HL:466B F:00000000 [Z:0 C:0]
[4819] LD A, (HL)                     | A:33 BC:0039 DE:EDB7 HL:466B F:00000000 [Z:0 C:0]
[481A] INC HL                         | A:33 BC:0039 DE:EDB7 HL:466C F:00000000 [Z:0 C:0]
[481B] LD (DE), A                     | A:33 BC:0039 DE:EDB7 HL:466C F:00000000 [Z:0 C:0]
[481C] INC DE                         | A:33 BC:0039 DE:EDB8 HL:466C F:00000000 [Z:0 C:0]
[481D] DEC C                          | A:33 BC:0038 DE:EDB8 HL:466C F:00000000 [Z:0 C:0]
[481E] JR NZ -> 0x4819                | A:33 BC:0038 DE:EDB8 HL:466C F:00000000 [Z:0 C:0]
[4819] LD A, (HL)                     | A:33 BC:0038 DE:EDB8 HL:466C F:00000000 [Z:0 C:0]
[481A] INC HL                         | A:33 BC:0038 DE:EDB8 HL:466D F:00000000 [Z:0 C:0]
[481B] LD (DE), A                     | A:33 BC:0038 DE:EDB8 HL:466D F:00000000 [Z:0 C:0]
[481C] INC DE                         | A:33 BC:0038 DE:EDB9 HL:466D F:00000000 [Z:0 C:0]
[481D] DEC C                          | A:33 BC:0037 DE:EDB9 HL:466D F:00000000 [Z:0 C:0]
[481E] JR NZ -> 0x4819                | A:33 BC:0037 DE:EDB9 HL:466D F:00000000 [Z:0 C:0]
[4819] LD A, (HL)                     | A:33 BC:0037 DE:EDB9 HL:466D F:00000000 [Z:0 C:0]
[481A] INC HL                         | A:33 BC:0037 DE:EDB9 HL:466E F:00000000 [Z:0 C:0]
[481B] LD (DE), A                     | A:33 BC:0037 DE:EDB9 HL:466E F:00000000 [Z:0 C:0]
[481C] INC DE                         | A:33 BC:0037 DE:EDBA HL:466E F:00000000 [Z:0 C:0]
[481D] DEC C                          | A:33 BC:0036 DE:EDBA HL:466E F:00000000 [Z:0 C:0]
[481E] JR NZ -> 0x4819                | A:33 BC:0036 DE:EDBA HL:466E F:00000000 [Z:0 C:0]
[4819] LD A, (HL)                     | A:33 BC:0036 DE:EDBA HL:466E F:00000000 [Z:0 C:0]
[481A] INC HL                         | A:33 BC:0036 DE:EDBA HL:466F F:00000000 [Z:0 C:0]
[481B] LD (DE), A                     | A:33 BC:0036 DE:EDBA HL:466F F:00000000 [Z:0 C:0]
[481C] INC DE                         | A:33 BC:0036 DE:EDBB HL:466F F:00000000 [Z:0 C:0]
[481D] DEC C                          | A:33 BC:0035 DE:EDBB HL:466F F:00000000 [Z:0 C:0]
[481E] JR NZ -> 0x4819                | A:33 BC:0035 DE:EDBB HL:466F F:00000000 [Z:0 C:0]
[4819] LD A, (HL)                     | A:33 BC:0035 DE:EDBB HL:466F F:00000000 [Z:0 C:0]
[481A] INC HL                         | A:33 BC:0035 DE:EDBB HL:4670 F:00000000 [Z:0 C:0]
[481B] LD (DE), A                     | A:33 BC:0035 DE:EDBB HL:4670 F:00000000 [Z:0 C:0]
[481C] INC DE                         | A:33 BC:0035 DE:EDBC HL:4670 F:00000000 [Z:0 C:0]
[481D] DEC C                          | A:33 BC:0034 DE:EDBC HL:4670 F:00000000 [Z:0 C:0]
[481E] JR NZ -> 0x4819                | A:33 BC:0034 DE:EDBC HL:4670 F:00000000 [Z:0 C:0]
[4819] LD A, (HL)                     | A:33 BC:0034 DE:EDBC HL:4670 F:00000000 [Z:0 C:0]
[481A] INC HL                         | A:33 BC:0034 DE:EDBC HL:4671 F:00000000 [Z:0 C:0]
[481B] LD (DE), A                     | A:33 BC:0034 DE:EDBC HL:4671 F:00000000 [Z:0 C:0]
[481C] INC DE                         | A:33 BC:0034 DE:EDBD HL:4671 F:00000000 [Z:0 C:0]
[481D] DEC C                          | A:33 BC:0033 DE:EDBD HL:4671 F:00000000 [Z:0 C:0]
[481E] JR NZ -> 0x4819                | A:33 BC:0033 DE:EDBD HL:4671 F:00000000 [Z:0 C:0]
[4819] LD A, (HL)                     | A:33 BC:0033 DE:EDBD HL:4671 F:00000000 [Z:0 C:0]
[481A] INC HL                         | A:33 BC:0033 DE:EDBD HL:4672 F:00000000 [Z:0 C:0]
[481B] LD (DE), A                     | A:33 BC:0033 DE:EDBD HL:4672 F:00000000 [Z:0 C:0]
[481C] INC DE                         | A:33 BC:0033 DE:EDBE HL:4672 F:00000000 [Z:0 C:0]
[481D] DEC C                          | A:33 BC:0032 DE:EDBE HL:4672 F:00000000 [Z:0 C:0]
[481E] JR NZ -> 0x4819                | A:33 BC:0032 DE:EDBE HL:4672 F:00000000 [Z:0 C:0]
[4819] LD A, (HL)                     | A:33 BC:0032 DE:EDBE HL:4672 F:00000000 [Z:0 C:0]
[481A] INC HL                         | A:33 BC:0032 DE:EDBE HL:4673 F:00000000 [Z:0 C:0]
[481B] LD (DE), A                     | A:33 BC:0032 DE:EDBE HL:4673 F:00000000 [Z:0 C:0]
[481C] INC DE                         | A:33 BC:0032 DE:EDBF HL:4673 F:00000000 [Z:0 C:0]
[481D] DEC C                          | A:33 BC:0031 DE:EDBF HL:4673 F:00000000 [Z:0 C:0]
[481E] JR NZ -> 0x4819                | A:33 BC:0031 DE:EDBF HL:4673 F:00000000 [Z:0 C:0]
[4819] LD A, (HL)                     | A:33 BC:0031 DE:EDBF HL:4673 F:00000000 [Z:0 C:0]
[481A] INC HL                         | A:33 BC:0031 DE:EDBF HL:4674 F:00000000 [Z:0 C:0]
[481B] LD (DE), A                     | A:33 BC:0031 DE:EDBF HL:4674 F:00000000 [Z:0 C:0]
[481C] INC DE                         | A:33 BC:0031 DE:EDC0 HL:4674 F:00000000 [Z:0 C:0]
[481D] DEC C                          | A:33 BC:0030 DE:EDC0 HL:4674 F:00000000 [Z:0 C:0]
[481E] JR NZ -> 0x4819                | A:33 BC:0030 DE:EDC0 HL:4674 F:00000000 [Z:0 C:0]
[4819] LD A, (HL)                     | A:33 BC:0030 DE:EDC0 HL:4674 F:00000000 [Z:0 C:0]
[481A] INC HL                         | A:33 BC:0030 DE:EDC0 HL:4675 F:00000000 [Z:0 C:0]
[481B] LD (DE), A                     | A:33 BC:0030 DE:EDC0 HL:4675 F:00000000 [Z:0 C:0]
[481C] INC DE                         | A:33 BC:0030 DE:EDC1 HL:4675 F:00000000 [Z:0 C:0]
[481D] DEC C                          | A:33 BC:002F DE:EDC1 HL:4675 F:00000000 [Z:0 C:0]
[481E] JR NZ -> 0x4819                | A:33 BC:002F DE:EDC1 HL:4675 F:00000000 [Z:0 C:0]
[4819] LD A, (HL)                     | A:33 BC:002F DE:EDC1 HL:4675 F:00000000 [Z:0 C:0]
[481A] INC HL                         | A:33 BC:002F DE:EDC1 HL:4676 F:00000000 [Z:0 C:0]
[481B] LD (DE), A                     | A:33 BC:002F DE:EDC1 HL:4676 F:00000000 [Z:0 C:0]
[481C] INC DE                         | A:33 BC:002F DE:EDC2 HL:4676 F:00000000 [Z:0 C:0]
[481D] DEC C                          | A:33 BC:002E DE:EDC2 HL:4676 F:00000000 [Z:0 C:0]
[481E] JR NZ -> 0x4819                | A:33 BC:002E DE:EDC2 HL:4676 F:00000000 [Z:0 C:0]
[4819] LD A, (HL)                     | A:33 BC:002E DE:EDC2 HL:4676 F:00000000 [Z:0 C:0]
[481A] INC HL                         | A:33 BC:002E DE:EDC2 HL:4677 F:00000000 [Z:0 C:0]
[481B] LD (DE), A                     | A:33 BC:002E DE:EDC2 HL:4677 F:00000000 [Z:0 C:0]
[481C] INC DE                         | A:33 BC:002E DE:EDC3 HL:4677 F:00000000 [Z:0 C:0]
[481D] DEC C                          | A:33 BC:002D DE:EDC3 HL:4677 F:00000000 [Z:0 C:0]
[481E] JR NZ -> 0x4819                | A:33 BC:002D DE:EDC3 HL:4677 F:00000000 [Z:0 C:0]
[4819] LD A, (HL)                     | A:33 BC:002D DE:EDC3 HL:4677 F:00000000 [Z:0 C:0]
[481A] INC HL                         | A:33 BC:002D DE:EDC3 HL:4678 F:00000000 [Z:0 C:0]
[481B] LD (DE), A                     | A:33 BC:002D DE:EDC3 HL:4678 F:00000000 [Z:0 C:0]
[481C] INC DE                         | A:33 BC:002D DE:EDC4 HL:4678 F:00000000 [Z:0 C:0]
[481D] DEC C                          | A:33 BC:002C DE:EDC4 HL:4678 F:00000000 [Z:0 C:0]
[481E] JR NZ -> 0x4819                | A:33 BC:002C DE:EDC4 HL:4678 F:00000000 [Z:0 C:0]
[4819] LD A, (HL)                     | A:33 BC:002C DE:EDC4 HL:4678 F:00000000 [Z:0 C:0]
[481A] INC HL                         | A:33 BC:002C DE:EDC4 HL:4679 F:00000000 [Z:0 C:0]
[481B] LD (DE), A                     | A:33 BC:002C DE:EDC4 HL:4679 F:00000000 [Z:0 C:0]
[481C] INC DE                         | A:33 BC:002C DE:EDC5 HL:4679 F:00000000 [Z:0 C:0]
[481D] DEC C                          | A:33 BC:002B DE:EDC5 HL:4679 F:00000000 [Z:0 C:0]
[481E] JR NZ -> 0x4819                | A:33 BC:002B DE:EDC5 HL:4679 F:00000000 [Z:0 C:0]
[4819] LD A, (HL)                     | A:33 BC:002B DE:EDC5 HL:4679 F:00000000 [Z:0 C:0]
[481A] INC HL                         | A:33 BC:002B DE:EDC5 HL:467A F:00000000 [Z:0 C:0]
[481B] LD (DE), A                     | A:33 BC:002B DE:EDC5 HL:467A F:00000000 [Z:0 C:0]
[481C] INC DE                         | A:33 BC:002B DE:EDC6 HL:467A F:00000000 [Z:0 C:0]
[481D] DEC C                          | A:33 BC:002A DE:EDC6 HL:467A F:00000000 [Z:0 C:0]
[481E] JR NZ -> 0x4819                | A:33 BC:002A DE:EDC6 HL:467A F:00000000 [Z:0 C:0]
[4819] LD A, (HL)                     | A:33 BC:002A DE:EDC6 HL:467A F:00000000 [Z:0 C:0]
[481A] INC HL                         | A:33 BC:002A DE:EDC6 HL:467B F:00000000 [Z:0 C:0]
[481B] LD (DE), A                     | A:33 BC:002A DE:EDC6 HL:467B F:00000000 [Z:0 C:0]
[481C] INC DE                         | A:33 BC:002A DE:EDC7 HL:467B F:00000000 [Z:0 C:0]
[481D] DEC C                          | A:33 BC:0029 DE:EDC7 HL:467B F:00000000 [Z:0 C:0]
[481E] JR NZ -> 0x4819                | A:33 BC:0029 DE:EDC7 HL:467B F:00000000 [Z:0 C:0]
[4819] LD A, (HL)                     | A:33 BC:0029 DE:EDC7 HL:467B F:00000000 [Z:0 C:0]
[481A] INC HL                         | A:33 BC:0029 DE:EDC7 HL:467C F:00000000 [Z:0 C:0]
[481B] LD (DE), A                     | A:33 BC:0029 DE:EDC7 HL:467C F:00000000 [Z:0 C:0]
[481C] INC DE                         | A:33 BC:0029 DE:EDC8 HL:467C F:00000000 [Z:0 C:0]
[481D] DEC C                          | A:33 BC:0028 DE:EDC8 HL:467C F:00000000 [Z:0 C:0]
[481E] JR NZ -> 0x4819                | A:33 BC:0028 DE:EDC8 HL:467C F:00000000 [Z:0 C:0]
[4819] LD A, (HL)                     | A:33 BC:0028 DE:EDC8 HL:467C F:00000000 [Z:0 C:0]
[481A] INC HL                         | A:33 BC:0028 DE:EDC8 HL:467D F:00000000 [Z:0 C:0]
[481B] LD (DE), A                     | A:33 BC:0028 DE:EDC8 HL:467D F:00000000 [Z:0 C:0]
[481C] INC DE                         | A:33 BC:0028 DE:EDC9 HL:467D F:00000000 [Z:0 C:0]
[481D] DEC C                          | A:33 BC:0027 DE:EDC9 HL:467D F:00000000 [Z:0 C:0]
[481E] JR NZ -> 0x4819                | A:33 BC:0027 DE:EDC9 HL:467D F:00000000 [Z:0 C:0]
[4819] LD A, (HL)                     | A:33 BC:0027 DE:EDC9 HL:467D F:00000000 [Z:0 C:0]
[481A] INC HL                         | A:33 BC:0027 DE:EDC9 HL:467E F:00000000 [Z:0 C:0]
[481B] LD (DE), A                     | A:33 BC:0027 DE:EDC9 HL:467E F:00000000 [Z:0 C:0]
[481C] INC DE                         | A:33 BC:0027 DE:EDCA HL:467E F:00000000 [Z:0 C:0]
[481D] DEC C                          | A:33 BC:0026 DE:EDCA HL:467E F:00000000 [Z:0 C:0]
[481E] JR NZ -> 0x4819                | A:33 BC:0026 DE:EDCA HL:467E F:00000000 [Z:0 C:0]
[4819] LD A, (HL)                     | A:33 BC:0026 DE:EDCA HL:467E F:00000000 [Z:0 C:0]
[481A] INC HL                         | A:33 BC:0026 DE:EDCA HL:467F F:00000000 [Z:0 C:0]
[481B] LD (DE), A                     | A:33 BC:0026 DE:EDCA HL:467F F:00000000 [Z:0 C:0]
[481C] INC DE                         | A:33 BC:0026 DE:EDCB HL:467F F:00000000 [Z:0 C:0]
[481D] DEC C                          | A:33 BC:0025 DE:EDCB HL:467F F:00000000 [Z:0 C:0]
[481E] JR NZ -> 0x4819                | A:33 BC:0025 DE:EDCB HL:467F F:00000000 [Z:0 C:0]
[4819] LD A, (HL)                     | A:33 BC:0025 DE:EDCB HL:467F F:00000000 [Z:0 C:0]
[481A] INC HL                         | A:33 BC:0025 DE:EDCB HL:4680 F:00000000 [Z:0 C:0]
[481B] LD (DE), A                     | A:33 BC:0025 DE:EDCB HL:4680 F:00000000 [Z:0 C:0]
[481C] INC DE                         | A:33 BC:0025 DE:EDCC HL:4680 F:00000000 [Z:0 C:0]
[481D] DEC C                          | A:33 BC:0024 DE:EDCC HL:4680 F:00000000 [Z:0 C:0]
[481E] JR NZ -> 0x4819                | A:33 BC:0024 DE:EDCC HL:4680 F:00000000 [Z:0 C:0]
[4819] LD A, (HL)                     | A:33 BC:0024 DE:EDCC HL:4680 F:00000000 [Z:0 C:0]
[481A] INC HL                         | A:33 BC:0024 DE:EDCC HL:4681 F:00000000 [Z:0 C:0]
[481B] LD (DE), A                     | A:33 BC:0024 DE:EDCC HL:4681 F:00000000 [Z:0 C:0]
[481C] INC DE                         | A:33 BC:0024 DE:EDCD HL:4681 F:00000000 [Z:0 C:0]
[481D] DEC C                          | A:33 BC:0023 DE:EDCD HL:4681 F:00000000 [Z:0 C:0]
[481E] JR NZ -> 0x4819                | A:33 BC:0023 DE:EDCD HL:4681 F:00000000 [Z:0 C:0]
[4819] LD A, (HL)                     | A:33 BC:0023 DE:EDCD HL:4681 F:00000000 [Z:0 C:0]
[481A] INC HL                         | A:33 BC:0023 DE:EDCD HL:4682 F:00000000 [Z:0 C:0]
[481B] LD (DE), A                     | A:33 BC:0023 DE:EDCD HL:4682 F:00000000 [Z:0 C:0]
[481C] INC DE                         | A:33 BC:0023 DE:EDCE HL:4682 F:00000000 [Z:0 C:0]
[481D] DEC C                          | A:33 BC:0022 DE:EDCE HL:4682 F:00000000 [Z:0 C:0]
[481E] JR NZ -> 0x4819                | A:33 BC:0022 DE:EDCE HL:4682 F:00000000 [Z:0 C:0]
[4819] LD A, (HL)                     | A:33 BC:0022 DE:EDCE HL:4682 F:00000000 [Z:0 C:0]
[481A] INC HL                         | A:33 BC:0022 DE:EDCE HL:4683 F:00000000 [Z:0 C:0]
[481B] LD (DE), A                     | A:33 BC:0022 DE:EDCE HL:4683 F:00000000 [Z:0 C:0]
[481C] INC DE                         | A:33 BC:0022 DE:EDCF HL:4683 F:00000000 [Z:0 C:0]
[481D] DEC C                          | A:33 BC:0021 DE:EDCF HL:4683 F:00000000 [Z:0 C:0]
[481E] JR NZ -> 0x4819                | A:33 BC:0021 DE:EDCF HL:4683 F:00000000 [Z:0 C:0]
[4819] LD A, (HL)                     | A:33 BC:0021 DE:EDCF HL:4683 F:00000000 [Z:0 C:0]
[481A] INC HL                         | A:33 BC:0021 DE:EDCF HL:4684 F:00000000 [Z:0 C:0]
[481B] LD (DE), A                     | A:33 BC:0021 DE:EDCF HL:4684 F:00000000 [Z:0 C:0]
[481C] INC DE                         | A:33 BC:0021 DE:EDD0 HL:4684 F:00000000 [Z:0 C:0]
[481D] DEC C                          | A:33 BC:0020 DE:EDD0 HL:4684 F:00000000 [Z:0 C:0]
[481E] JR NZ -> 0x4819                | A:33 BC:0020 DE:EDD0 HL:4684 F:00000000 [Z:0 C:0]
[4819] LD A, (HL)                     | A:33 BC:0020 DE:EDD0 HL:4684 F:00000000 [Z:0 C:0]
[481A] INC HL                         | A:33 BC:0020 DE:EDD0 HL:4685 F:00000000 [Z:0 C:0]
[481B] LD (DE), A                     | A:33 BC:0020 DE:EDD0 HL:4685 F:00000000 [Z:0 C:0]
[481C] INC DE                         | A:33 BC:0020 DE:EDD1 HL:4685 F:00000000 [Z:0 C:0]
[481D] DEC C                          | A:33 BC:001F DE:EDD1 HL:4685 F:00000000 [Z:0 C:0]
[481E] JR NZ -> 0x4819                | A:33 BC:001F DE:EDD1 HL:4685 F:00000000 [Z:0 C:0]
[4819] LD A, (HL)                     | A:33 BC:001F DE:EDD1 HL:4685 F:00000000 [Z:0 C:0]
[481A] INC HL                         | A:33 BC:001F DE:EDD1 HL:4686 F:00000000 [Z:0 C:0]
[481B] LD (DE), A                     | A:33 BC:001F DE:EDD1 HL:4686 F:00000000 [Z:0 C:0]
[481C] INC DE                         | A:33 BC:001F DE:EDD2 HL:4686 F:00000000 [Z:0 C:0]
[481D] DEC C                          | A:33 BC:001E DE:EDD2 HL:4686 F:00000000 [Z:0 C:0]
[481E] JR NZ -> 0x4819                | A:33 BC:001E DE:EDD2 HL:4686 F:00000000 [Z:0 C:0]
[4819] LD A, (HL)                     | A:33 BC:001E DE:EDD2 HL:4686 F:00000000 [Z:0 C:0]
[481A] INC HL                         | A:33 BC:001E DE:EDD2 HL:4687 F:00000000 [Z:0 C:0]
[481B] LD (DE), A                     | A:33 BC:001E DE:EDD2 HL:4687 F:00000000 [Z:0 C:0]
[481C] INC DE                         | A:33 BC:001E DE:EDD3 HL:4687 F:00000000 [Z:0 C:0]
[481D] DEC C                          | A:33 BC:001D DE:EDD3 HL:4687 F:00000000 [Z:0 C:0]
[481E] JR NZ -> 0x4819                | A:33 BC:001D DE:EDD3 HL:4687 F:00000000 [Z:0 C:0]
[4819] LD A, (HL)                     | A:33 BC:001D DE:EDD3 HL:4687 F:00000000 [Z:0 C:0]
[481A] INC HL                         | A:33 BC:001D DE:EDD3 HL:4688 F:00000000 [Z:0 C:0]
[481B] LD (DE), A                     | A:33 BC:001D DE:EDD3 HL:4688 F:00000000 [Z:0 C:0]
[481C] INC DE                         | A:33 BC:001D DE:EDD4 HL:4688 F:00000000 [Z:0 C:0]
[481D] DEC C                          | A:33 BC:001C DE:EDD4 HL:4688 F:00000000 [Z:0 C:0]
[481E] JR NZ -> 0x4819                | A:33 BC:001C DE:EDD4 HL:4688 F:00000000 [Z:0 C:0]
[4819] LD A, (HL)                     | A:33 BC:001C DE:EDD4 HL:4688 F:00000000 [Z:0 C:0]
[481A] INC HL                         | A:33 BC:001C DE:EDD4 HL:4689 F:00000000 [Z:0 C:0]
[481B] LD (DE), A                     | A:33 BC:001C DE:EDD4 HL:4689 F:00000000 [Z:0 C:0]
[481C] INC DE                         | A:33 BC:001C DE:EDD5 HL:4689 F:00000000 [Z:0 C:0]
[481D] DEC C                          | A:33 BC:001B DE:EDD5 HL:4689 F:00000000 [Z:0 C:0]
[481E] JR NZ -> 0x4819                | A:33 BC:001B DE:EDD5 HL:4689 F:00000000 [Z:0 C:0]
[4819] LD A, (HL)                     | A:33 BC:001B DE:EDD5 HL:4689 F:00000000 [Z:0 C:0]
[481A] INC HL                         | A:33 BC:001B DE:EDD5 HL:468A F:00000000 [Z:0 C:0]
[481B] LD (DE), A                     | A:33 BC:001B DE:EDD5 HL:468A F:00000000 [Z:0 C:0]
[481C] INC DE                         | A:33 BC:001B DE:EDD6 HL:468A F:00000000 [Z:0 C:0]
[481D] DEC C                          | A:33 BC:001A DE:EDD6 HL:468A F:00000000 [Z:0 C:0]
[481E] JR NZ -> 0x4819                | A:33 BC:001A DE:EDD6 HL:468A F:00000000 [Z:0 C:0]
[4819] LD A, (HL)                     | A:33 BC:001A DE:EDD6 HL:468A F:00000000 [Z:0 C:0]
[481A] INC HL                         | A:33 BC:001A DE:EDD6 HL:468B F:00000000 [Z:0 C:0]
[481B] LD (DE), A                     | A:33 BC:001A DE:EDD6 HL:468B F:00000000 [Z:0 C:0]
[481C] INC DE                         | A:33 BC:001A DE:EDD7 HL:468B F:00000000 [Z:0 C:0]
[481D] DEC C                          | A:33 BC:0019 DE:EDD7 HL:468B F:00000000 [Z:0 C:0]
[481E] JR NZ -> 0x4819                | A:33 BC:0019 DE:EDD7 HL:468B F:00000000 [Z:0 C:0]
[4819] LD A, (HL)                     | A:33 BC:0019 DE:EDD7 HL:468B F:00000000 [Z:0 C:0]
[481A] INC HL                         | A:33 BC:0019 DE:EDD7 HL:468C F:00000000 [Z:0 C:0]
[481B] LD (DE), A                     | A:33 BC:0019 DE:EDD7 HL:468C F:00000000 [Z:0 C:0]
[481C] INC DE                         | A:33 BC:0019 DE:EDD8 HL:468C F:00000000 [Z:0 C:0]
[481D] DEC C                          | A:33 BC:0018 DE:EDD8 HL:468C F:00000000 [Z:0 C:0]
[481E] JR NZ -> 0x4819                | A:33 BC:0018 DE:EDD8 HL:468C F:00000000 [Z:0 C:0]
[4819] LD A, (HL)                     | A:33 BC:0018 DE:EDD8 HL:468C F:00000000 [Z:0 C:0]
[481A] INC HL                         | A:33 BC:0018 DE:EDD8 HL:468D F:00000000 [Z:0 C:0]
[481B] LD (DE), A                     | A:33 BC:0018 DE:EDD8 HL:468D F:00000000 [Z:0 C:0]
[481C] INC DE                         | A:33 BC:0018 DE:EDD9 HL:468D F:00000000 [Z:0 C:0]
[481D] DEC C                          | A:33 BC:0017 DE:EDD9 HL:468D F:00000000 [Z:0 C:0]
[481E] JR NZ -> 0x4819                | A:33 BC:0017 DE:EDD9 HL:468D F:00000000 [Z:0 C:0]
[4819] LD A, (HL)                     | A:33 BC:0017 DE:EDD9 HL:468D F:00000000 [Z:0 C:0]
[481A] INC HL                         | A:33 BC:0017 DE:EDD9 HL:468E F:00000000 [Z:0 C:0]
[481B] LD (DE), A                     | A:33 BC:0017 DE:EDD9 HL:468E F:00000000 [Z:0 C:0]
[481C] INC DE                         | A:33 BC:0017 DE:EDDA HL:468E F:00000000 [Z:0 C:0]
[481D] DEC C                          | A:33 BC:0016 DE:EDDA HL:468E F:00000000 [Z:0 C:0]
[481E] JR NZ -> 0x4819                | A:33 BC:0016 DE:EDDA HL:468E F:00000000 [Z:0 C:0]
[4819] LD A, (HL)                     | A:33 BC:0016 DE:EDDA HL:468E F:00000000 [Z:0 C:0]
[481A] INC HL                         | A:33 BC:0016 DE:EDDA HL:468F F:00000000 [Z:0 C:0]
[481B] LD (DE), A                     | A:33 BC:0016 DE:EDDA HL:468F F:00000000 [Z:0 C:0]
[481C] INC DE                         | A:33 BC:0016 DE:EDDB HL:468F F:00000000 [Z:0 C:0]
[481D] DEC C                          | A:33 BC:0015 DE:EDDB HL:468F F:00000000 [Z:0 C:0]
[481E] JR NZ -> 0x4819                | A:33 BC:0015 DE:EDDB HL:468F F:00000000 [Z:0 C:0]
[4819] LD A, (HL)                     | A:33 BC:0015 DE:EDDB HL:468F F:00000000 [Z:0 C:0]
[481A] INC HL                         | A:33 BC:0015 DE:EDDB HL:4690 F:00000000 [Z:0 C:0]
[481B] LD (DE), A                     | A:33 BC:0015 DE:EDDB HL:4690 F:00000000 [Z:0 C:0]
[481C] INC DE                         | A:33 BC:0015 DE:EDDC HL:4690 F:00000000 [Z:0 C:0]
[481D] DEC C                          | A:33 BC:0014 DE:EDDC HL:4690 F:00000000 [Z:0 C:0]
[481E] JR NZ -> 0x4819                | A:33 BC:0014 DE:EDDC HL:4690 F:00000000 [Z:0 C:0]
[4819] LD A, (HL)                     | A:33 BC:0014 DE:EDDC HL:4690 F:00000000 [Z:0 C:0]
[481A] INC HL                         | A:33 BC:0014 DE:EDDC HL:4691 F:00000000 [Z:0 C:0]
[481B] LD (DE), A                     | A:33 BC:0014 DE:EDDC HL:4691 F:00000000 [Z:0 C:0]
[481C] INC DE                         | A:33 BC:0014 DE:EDDD HL:4691 F:00000000 [Z:0 C:0]
[481D] DEC C                          | A:33 BC:0013 DE:EDDD HL:4691 F:00000000 [Z:0 C:0]
[481E] JR NZ -> 0x4819                | A:33 BC:0013 DE:EDDD HL:4691 F:00000000 [Z:0 C:0]
[4819] LD A, (HL)                     | A:33 BC:0013 DE:EDDD HL:4691 F:00000000 [Z:0 C:0]
[481A] INC HL                         | A:33 BC:0013 DE:EDDD HL:4692 F:00000000 [Z:0 C:0]
[481B] LD (DE), A                     | A:33 BC:0013 DE:EDDD HL:4692 F:00000000 [Z:0 C:0]
[481C] INC DE                         | A:33 BC:0013 DE:EDDE HL:4692 F:00000000 [Z:0 C:0]
[481D] DEC C                          | A:33 BC:0012 DE:EDDE HL:4692 F:00000000 [Z:0 C:0]
[481E] JR NZ -> 0x4819                | A:33 BC:0012 DE:EDDE HL:4692 F:00000000 [Z:0 C:0]
[4819] LD A, (HL)                     | A:33 BC:0012 DE:EDDE HL:4692 F:00000000 [Z:0 C:0]
[481A] INC HL                         | A:33 BC:0012 DE:EDDE HL:4693 F:00000000 [Z:0 C:0]
[481B] LD (DE), A                     | A:33 BC:0012 DE:EDDE HL:4693 F:00000000 [Z:0 C:0]
[481C] INC DE                         | A:33 BC:0012 DE:EDDF HL:4693 F:00000000 [Z:0 C:0]
[481D] DEC C                          | A:33 BC:0011 DE:EDDF HL:4693 F:00000000 [Z:0 C:0]
[481E] JR NZ -> 0x4819                | A:33 BC:0011 DE:EDDF HL:4693 F:00000000 [Z:0 C:0]
[4819] LD A, (HL)                     | A:33 BC:0011 DE:EDDF HL:4693 F:00000000 [Z:0 C:0]
[481A] INC HL                         | A:33 BC:0011 DE:EDDF HL:4694 F:00000000 [Z:0 C:0]
[481B] LD (DE), A                     | A:33 BC:0011 DE:EDDF HL:4694 F:00000000 [Z:0 C:0]
[481C] INC DE                         | A:33 BC:0011 DE:EDE0 HL:4694 F:00000000 [Z:0 C:0]
[481D] DEC C                          | A:33 BC:0010 DE:EDE0 HL:4694 F:00000000 [Z:0 C:0]
[481E] JR NZ -> 0x4819                | A:33 BC:0010 DE:EDE0 HL:4694 F:00000000 [Z:0 C:0]
[4819] LD A, (HL)                     | A:33 BC:0010 DE:EDE0 HL:4694 F:00000000 [Z:0 C:0]
[481A] INC HL                         | A:33 BC:0010 DE:EDE0 HL:4695 F:00000000 [Z:0 C:0]
[481B] LD (DE), A                     | A:33 BC:0010 DE:EDE0 HL:4695 F:00000000 [Z:0 C:0]
[481C] INC DE                         | A:33 BC:0010 DE:EDE1 HL:4695 F:00000000 [Z:0 C:0]
[481D] DEC C                          | A:33 BC:000F DE:EDE1 HL:4695 F:00000000 [Z:0 C:0]
[481E] JR NZ -> 0x4819                | A:33 BC:000F DE:EDE1 HL:4695 F:00000000 [Z:0 C:0]
[4819] LD A, (HL)                     | A:33 BC:000F DE:EDE1 HL:4695 F:00000000 [Z:0 C:0]
[481A] INC HL                         | A:33 BC:000F DE:EDE1 HL:4696 F:00000000 [Z:0 C:0]
[481B] LD (DE), A                     | A:33 BC:000F DE:EDE1 HL:4696 F:00000000 [Z:0 C:0]
[481C] INC DE                         | A:33 BC:000F DE:EDE2 HL:4696 F:00000000 [Z:0 C:0]
[481D] DEC C                          | A:33 BC:000E DE:EDE2 HL:4696 F:00000000 [Z:0 C:0]
[481E] JR NZ -> 0x4819                | A:33 BC:000E DE:EDE2 HL:4696 F:00000000 [Z:0 C:0]
[4819] LD A, (HL)                     | A:33 BC:000E DE:EDE2 HL:4696 F:00000000 [Z:0 C:0]
[481A] INC HL                         | A:33 BC:000E DE:EDE2 HL:4697 F:00000000 [Z:0 C:0]
[481B] LD (DE), A                     | A:33 BC:000E DE:EDE2 HL:4697 F:00000000 [Z:0 C:0]
[481C] INC DE                         | A:33 BC:000E DE:EDE3 HL:4697 F:00000000 [Z:0 C:0]
[481D] DEC C                          | A:33 BC:000D DE:EDE3 HL:4697 F:00000000 [Z:0 C:0]
[481E] JR NZ -> 0x4819                | A:33 BC:000D DE:EDE3 HL:4697 F:00000000 [Z:0 C:0]
[4819] LD A, (HL)                     | A:33 BC:000D DE:EDE3 HL:4697 F:00000000 [Z:0 C:0]
[481A] INC HL                         | A:33 BC:000D DE:EDE3 HL:4698 F:00000000 [Z:0 C:0]
[481B] LD (DE), A                     | A:33 BC:000D DE:EDE3 HL:4698 F:00000000 [Z:0 C:0]
[481C] INC DE                         | A:33 BC:000D DE:EDE4 HL:4698 F:00000000 [Z:0 C:0]
[481D] DEC C                          | A:33 BC:000C DE:EDE4 HL:4698 F:00000000 [Z:0 C:0]
[481E] JR NZ -> 0x4819                | A:33 BC:000C DE:EDE4 HL:4698 F:00000000 [Z:0 C:0]
[4819] LD A, (HL)                     | A:33 BC:000C DE:EDE4 HL:4698 F:00000000 [Z:0 C:0]
[481A] INC HL                         | A:33 BC:000C DE:EDE4 HL:4699 F:00000000 [Z:0 C:0]
[481B] LD (DE), A                     | A:33 BC:000C DE:EDE4 HL:4699 F:00000000 [Z:0 C:0]
[481C] INC DE                         | A:33 BC:000C DE:EDE5 HL:4699 F:00000000 [Z:0 C:0]
[481D] DEC C                          | A:33 BC:000B DE:EDE5 HL:4699 F:00000000 [Z:0 C:0]
[481E] JR NZ -> 0x4819                | A:33 BC:000B DE:EDE5 HL:4699 F:00000000 [Z:0 C:0]
[4819] LD A, (HL)                     | A:33 BC:000B DE:EDE5 HL:4699 F:00000000 [Z:0 C:0]
[481A] INC HL                         | A:33 BC:000B DE:EDE5 HL:469A F:00000000 [Z:0 C:0]
[481B] LD (DE), A                     | A:33 BC:000B DE:EDE5 HL:469A F:00000000 [Z:0 C:0]
[481C] INC DE                         | A:33 BC:000B DE:EDE6 HL:469A F:00000000 [Z:0 C:0]
[481D] DEC C                          | A:33 BC:000A DE:EDE6 HL:469A F:00000000 [Z:0 C:0]
[481E] JR NZ -> 0x4819                | A:33 BC:000A DE:EDE6 HL:469A F:00000000 [Z:0 C:0]
[4819] LD A, (HL)                     | A:33 BC:000A DE:EDE6 HL:469A F:00000000 [Z:0 C:0]
[481A] INC HL                         | A:33 BC:000A DE:EDE6 HL:469B F:00000000 [Z:0 C:0]
[481B] LD (DE), A                     | A:33 BC:000A DE:EDE6 HL:469B F:00000000 [Z:0 C:0]
[481C] INC DE                         | A:33 BC:000A DE:EDE7 HL:469B F:00000000 [Z:0 C:0]
[481D] DEC C                          | A:33 BC:0009 DE:EDE7 HL:469B F:00000000 [Z:0 C:0]
[481E] JR NZ -> 0x4819                | A:33 BC:0009 DE:EDE7 HL:469B F:00000000 [Z:0 C:0]
[4819] LD A, (HL)                     | A:33 BC:0009 DE:EDE7 HL:469B F:00000000 [Z:0 C:0]
[481A] INC HL                         | A:33 BC:0009 DE:EDE7 HL:469C F:00000000 [Z:0 C:0]
[481B] LD (DE), A                     | A:33 BC:0009 DE:EDE7 HL:469C F:00000000 [Z:0 C:0]
[481C] INC DE                         | A:33 BC:0009 DE:EDE8 HL:469C F:00000000 [Z:0 C:0]
[481D] DEC C                          | A:33 BC:0008 DE:EDE8 HL:469C F:00000000 [Z:0 C:0]
[481E] JR NZ -> 0x4819                | A:33 BC:0008 DE:EDE8 HL:469C F:00000000 [Z:0 C:0]
[4819] LD A, (HL)                     | A:33 BC:0008 DE:EDE8 HL:469C F:00000000 [Z:0 C:0]
[481A] INC HL                         | A:33 BC:0008 DE:EDE8 HL:469D F:00000000 [Z:0 C:0]
[481B] LD (DE), A                     | A:33 BC:0008 DE:EDE8 HL:469D F:00000000 [Z:0 C:0]
[481C] INC DE                         | A:33 BC:0008 DE:EDE9 HL:469D F:00000000 [Z:0 C:0]
[481D] DEC C                          | A:33 BC:0007 DE:EDE9 HL:469D F:00000000 [Z:0 C:0]
[481E] JR NZ -> 0x4819                | A:33 BC:0007 DE:EDE9 HL:469D F:00000000 [Z:0 C:0]
[4819] LD A, (HL)                     | A:33 BC:0007 DE:EDE9 HL:469D F:00000000 [Z:0 C:0]
[481A] INC HL                         | A:33 BC:0007 DE:EDE9 HL:469E F:00000000 [Z:0 C:0]
[481B] LD (DE), A                     | A:33 BC:0007 DE:EDE9 HL:469E F:00000000 [Z:0 C:0]
[481C] INC DE                         | A:33 BC:0007 DE:EDEA HL:469E F:00000000 [Z:0 C:0]
[481D] DEC C                          | A:33 BC:0006 DE:EDEA HL:469E F:00000000 [Z:0 C:0]
[481E] JR NZ -> 0x4819                | A:33 BC:0006 DE:EDEA HL:469E F:00000000 [Z:0 C:0]
[4819] LD A, (HL)                     | A:33 BC:0006 DE:EDEA HL:469E F:00000000 [Z:0 C:0]
[481A] INC HL                         | A:33 BC:0006 DE:EDEA HL:469F F:00000000 [Z:0 C:0]
[481B] LD (DE), A                     | A:33 BC:0006 DE:EDEA HL:469F F:00000000 [Z:0 C:0]
[481C] INC DE                         | A:33 BC:0006 DE:EDEB HL:469F F:00000000 [Z:0 C:0]
[481D] DEC C                          | A:33 BC:0005 DE:EDEB HL:469F F:00000000 [Z:0 C:0]
[481E] JR NZ -> 0x4819                | A:33 BC:0005 DE:EDEB HL:469F F:00000000 [Z:0 C:0]
[4819] LD A, (HL)                     | A:33 BC:0005 DE:EDEB HL:469F F:00000000 [Z:0 C:0]
[481A] INC HL                         | A:33 BC:0005 DE:EDEB HL:46A0 F:00000000 [Z:0 C:0]
[481B] LD (DE), A                     | A:33 BC:0005 DE:EDEB HL:46A0 F:00000000 [Z:0 C:0]
[481C] INC DE                         | A:33 BC:0005 DE:EDEC HL:46A0 F:00000000 [Z:0 C:0]
[481D] DEC C                          | A:33 BC:0004 DE:EDEC HL:46A0 F:00000000 [Z:0 C:0]
[481E] JR NZ -> 0x4819                | A:33 BC:0004 DE:EDEC HL:46A0 F:00000000 [Z:0 C:0]
[4819] LD A, (HL)                     | A:33 BC:0004 DE:EDEC HL:46A0 F:00000000 [Z:0 C:0]
[481A] INC HL                         | A:33 BC:0004 DE:EDEC HL:46A1 F:00000000 [Z:0 C:0]
[481B] LD (DE), A                     | A:33 BC:0004 DE:EDEC HL:46A1 F:00000000 [Z:0 C:0]
[481C] INC DE                         | A:33 BC:0004 DE:EDED HL:46A1 F:00000000 [Z:0 C:0]
[481D] DEC C                          | A:33 BC:0003 DE:EDED HL:46A1 F:00000000 [Z:0 C:0]
[481E] JR NZ -> 0x4819                | A:33 BC:0003 DE:EDED HL:46A1 F:00000000 [Z:0 C:0]
[4819] LD A, (HL)                     | A:33 BC:0003 DE:EDED HL:46A1 F:00000000 [Z:0 C:0]
[481A] INC HL                         | A:33 BC:0003 DE:EDED HL:46A2 F:00000000 [Z:0 C:0]
[481B] LD (DE), A                     | A:33 BC:0003 DE:EDED HL:46A2 F:00000000 [Z:0 C:0]
[481C] INC DE                         | A:33 BC:0003 DE:EDEE HL:46A2 F:00000000 [Z:0 C:0]
[481D] DEC C                          | A:33 BC:0002 DE:EDEE HL:46A2 F:00000000 [Z:0 C:0]
[481E] JR NZ -> 0x4819                | A:33 BC:0002 DE:EDEE HL:46A2 F:00000000 [Z:0 C:0]
[4819] LD A, (HL)                     | A:33 BC:0002 DE:EDEE HL:46A2 F:00000000 [Z:0 C:0]
[481A] INC HL                         | A:33 BC:0002 DE:EDEE HL:46A3 F:00000000 [Z:0 C:0]
[481B] LD (DE), A                     | A:33 BC:0002 DE:EDEE HL:46A3 F:00000000 [Z:0 C:0]
[481C] INC DE                         | A:33 BC:0002 DE:EDEF HL:46A3 F:00000000 [Z:0 C:0]
[481D] DEC C                          | A:33 BC:0001 DE:EDEF HL:46A3 F:00000000 [Z:0 C:0]
[481E] JR NZ -> 0x4819                | A:33 BC:0001 DE:EDEF HL:46A3 F:00000000 [Z:0 C:0]
[4819] LD A, (HL)                     | A:33 BC:0001 DE:EDEF HL:46A3 F:00000000 [Z:0 C:0]
[481A] INC HL                         | A:33 BC:0001 DE:EDEF HL:46A4 F:00000000 [Z:0 C:0]
[481B] LD (DE), A                     | A:33 BC:0001 DE:EDEF HL:46A4 F:00000000 [Z:0 C:0]
[481C] INC DE                         | A:33 BC:0001 DE:EDF0 HL:46A4 F:00000000 [Z:0 C:0]
[481D] DEC C                          | A:33 BC:0000 DE:EDF0 HL:46A4 F:01000000 [Z:1 C:0]
[481E] JR NZ [not taken]              | A:33 BC:0000 DE:EDF0 HL:46A4 F:01000000 [Z:1 C:0]
[4820] LD A, (0x8000)                 | A:03 BC:0000 DE:EDF0 HL:46A4 F:01000000 [Z:1 C:0]
[4823] DEC A                          | A:02 BC:0000 DE:EDF0 HL:46A4 F:00000000 [Z:0 C:0]
[4824] LD (0x8000), A                 | A:02 BC:0000 DE:EDF0 HL:46A4 F:00000000 [Z:0 C:0]
[4827] JR NZ -> 0x4813                | A:02 BC:0000 DE:EDF0 HL:46A4 F:00000000 [Z:0 C:0]
[4813] LD E, (HL)                     | A:02 BC:0000 DE:EDA0 HL:46A4 F:00000000 [Z:0 C:0]
[4814] INC HL                         | A:02 BC:0000 DE:EDA0 HL:46A5 F:00000000 [Z:0 C:0]
[4815] LD D, (HL)                     | A:02 BC:0000 DE:F5A0 HL:46A5 F:00000000 [Z:0 C:0]
[4816] INC HL                         | A:02 BC:0000 DE:F5A0 HL:46A6 F:00000000 [Z:0 C:0]
[4817] LD C, 0x50                     | A:02 BC:0050 DE:F5A0 HL:46A6 F:00000000 [Z:0 C:0]
[4819] LD A, (HL)                     | A:33 BC:0050 DE:F5A0 HL:46A6 F:00000000 [Z:0 C:0]
[481A] INC HL                         | A:33 BC:0050 DE:F5A0 HL:46A7 F:00000000 [Z:0 C:0]
[481B] LD (DE), A                     | A:33 BC:0050 DE:F5A0 HL:46A7 F:00000000 [Z:0 C:0]
[481C] INC DE                         | A:33 BC:0050 DE:F5A1 HL:46A7 F:00000000 [Z:0 C:0]
[481D] DEC C                          | A:33 BC:004F DE:F5A1 HL:46A7 F:00000000 [Z:0 C:0]
[481E] JR NZ -> 0x4819                | A:33 BC:004F DE:F5A1 HL:46A7 F:00000000 [Z:0 C:0]
[4819] LD A, (HL)                     | A:33 BC:004F DE:F5A1 HL:46A7 F:00000000 [Z:0 C:0]
[481A] INC HL                         | A:33 BC:004F DE:F5A1 HL:46A8 F:00000000 [Z:0 C:0]
[481B] LD (DE), A                     | A:33 BC:004F DE:F5A1 HL:46A8 F:00000000 [Z:0 C:0]
[481C] INC DE                         | A:33 BC:004F DE:F5A2 HL:46A8 F:00000000 [Z:0 C:0]
[481D] DEC C                          | A:33 BC:004E DE:F5A2 HL:46A8 F:00000000 [Z:0 C:0]
[481E] JR NZ -> 0x4819                | A:33 BC:004E DE:F5A2 HL:46A8 F:00000000 [Z:0 C:0]
[4819] LD A, (HL)                     | A:33 BC:004E DE:F5A2 HL:46A8 F:00000000 [Z:0 C:0]
[481A] INC HL                         | A:33 BC:004E DE:F5A2 HL:46A9 F:00000000 [Z:0 C:0]
[481B] LD (DE), A                     | A:33 BC:004E DE:F5A2 HL:46A9 F:00000000 [Z:0 C:0]
[481C] INC DE                         | A:33 BC:004E DE:F5A3 HL:46A9 F:00000000 [Z:0 C:0]
[481D] DEC C                          | A:33 BC:004D DE:F5A3 HL:46A9 F:00000000 [Z:0 C:0]
[481E] JR NZ -> 0x4819                | A:33 BC:004D DE:F5A3 HL:46A9 F:00000000 [Z:0 C:0]
[4819] LD A, (HL)                     | A:33 BC:004D DE:F5A3 HL:46A9 F:00000000 [Z:0 C:0]
[481A] INC HL                         | A:33 BC:004D DE:F5A3 HL:46AA F:00000000 [Z:0 C:0]
[481B] LD (DE), A                     | A:33 BC:004D DE:F5A3 HL:46AA F:00000000 [Z:0 C:0]
[481C] INC DE                         | A:33 BC:004D DE:F5A4 HL:46AA F:00000000 [Z:0 C:0]
[481D] DEC C                          | A:33 BC:004C DE:F5A4 HL:46AA F:00000000 [Z:0 C:0]
[481E] JR NZ -> 0x4819                | A:33 BC:004C DE:F5A4 HL:46AA F:00000000 [Z:0 C:0]
[4819] LD A, (HL)                     | A:33 BC:004C DE:F5A4 HL:46AA F:00000000 [Z:0 C:0]
[481A] INC HL                         | A:33 BC:004C DE:F5A4 HL:46AB F:00000000 [Z:0 C:0]
[481B] LD (DE), A                     | A:33 BC:004C DE:F5A4 HL:46AB F:00000000 [Z:0 C:0]
[481C] INC DE                         | A:33 BC:004C DE:F5A5 HL:46AB F:00000000 [Z:0 C:0]
[481D] DEC C                          | A:33 BC:004B DE:F5A5 HL:46AB F:00000000 [Z:0 C:0]
[481E] JR NZ -> 0x4819                | A:33 BC:004B DE:F5A5 HL:46AB F:00000000 [Z:0 C:0]
[4819] LD A, (HL)                     | A:33 BC:004B DE:F5A5 HL:46AB F:00000000 [Z:0 C:0]
[481A] INC HL                         | A:33 BC:004B DE:F5A5 HL:46AC F:00000000 [Z:0 C:0]
[481B] LD (DE), A                     | A:33 BC:004B DE:F5A5 HL:46AC F:00000000 [Z:0 C:0]
[481C] INC DE                         | A:33 BC:004B DE:F5A6 HL:46AC F:00000000 [Z:0 C:0]
[481D] DEC C                          | A:33 BC:004A DE:F5A6 HL:46AC F:00000000 [Z:0 C:0]
[481E] JR NZ -> 0x4819                | A:33 BC:004A DE:F5A6 HL:46AC F:00000000 [Z:0 C:0]
[4819] LD A, (HL)                     | A:33 BC:004A DE:F5A6 HL:46AC F:00000000 [Z:0 C:0]
[481A] INC HL                         | A:33 BC:004A DE:F5A6 HL:46AD F:00000000 [Z:0 C:0]
[481B] LD (DE), A                     | A:33 BC:004A DE:F5A6 HL:46AD F:00000000 [Z:0 C:0]
[481C] INC DE                         | A:33 BC:004A DE:F5A7 HL:46AD F:00000000 [Z:0 C:0]
[481D] DEC C                          | A:33 BC:0049 DE:F5A7 HL:46AD F:00000000 [Z:0 C:0]
[481E] JR NZ -> 0x4819                | A:33 BC:0049 DE:F5A7 HL:46AD F:00000000 [Z:0 C:0]
[4819] LD A, (HL)                     | A:33 BC:0049 DE:F5A7 HL:46AD F:00000000 [Z:0 C:0]
[481A] INC HL                         | A:33 BC:0049 DE:F5A7 HL:46AE F:00000000 [Z:0 C:0]
[481B] LD (DE), A                     | A:33 BC:0049 DE:F5A7 HL:46AE F:00000000 [Z:0 C:0]
[481C] INC DE                         | A:33 BC:0049 DE:F5A8 HL:46AE F:00000000 [Z:0 C:0]
[481D] DEC C                          | A:33 BC:0048 DE:F5A8 HL:46AE F:00000000 [Z:0 C:0]
[481E] JR NZ -> 0x4819                | A:33 BC:0048 DE:F5A8 HL:46AE F:00000000 [Z:0 C:0]
[4819] LD A, (HL)                     | A:33 BC:0048 DE:F5A8 HL:46AE F:00000000 [Z:0 C:0]
[481A] INC HL                         | A:33 BC:0048 DE:F5A8 HL:46AF F:00000000 [Z:0 C:0]
[481B] LD (DE), A                     | A:33 BC:0048 DE:F5A8 HL:46AF F:00000000 [Z:0 C:0]
[481C] INC DE                         | A:33 BC:0048 DE:F5A9 HL:46AF F:00000000 [Z:0 C:0]
[481D] DEC C                          | A:33 BC:0047 DE:F5A9 HL:46AF F:00000000 [Z:0 C:0]
[481E] JR NZ -> 0x4819                | A:33 BC:0047 DE:F5A9 HL:46AF F:00000000 [Z:0 C:0]
[4819] LD A, (HL)                     | A:33 BC:0047 DE:F5A9 HL:46AF F:00000000 [Z:0 C:0]
[481A] INC HL                         | A:33 BC:0047 DE:F5A9 HL:46B0 F:00000000 [Z:0 C:0]
[481B] LD (DE), A                     | A:33 BC:0047 DE:F5A9 HL:46B0 F:00000000 [Z:0 C:0]
[481C] INC DE                         | A:33 BC:0047 DE:F5AA HL:46B0 F:00000000 [Z:0 C:0]
[481D] DEC C                          | A:33 BC:0046 DE:F5AA HL:46B0 F:00000000 [Z:0 C:0]
[481E] JR NZ -> 0x4819                | A:33 BC:0046 DE:F5AA HL:46B0 F:00000000 [Z:0 C:0]
[4819] LD A, (HL)                     | A:33 BC:0046 DE:F5AA HL:46B0 F:00000000 [Z:0 C:0]
[481A] INC HL                         | A:33 BC:0046 DE:F5AA HL:46B1 F:00000000 [Z:0 C:0]
[481B] LD (DE), A                     | A:33 BC:0046 DE:F5AA HL:46B1 F:00000000 [Z:0 C:0]
[481C] INC DE                         | A:33 BC:0046 DE:F5AB HL:46B1 F:00000000 [Z:0 C:0]
[481D] DEC C                          | A:33 BC:0045 DE:F5AB HL:46B1 F:00000000 [Z:0 C:0]
[481E] JR NZ -> 0x4819                | A:33 BC:0045 DE:F5AB HL:46B1 F:00000000 [Z:0 C:0]
[4819] LD A, (HL)                     | A:33 BC:0045 DE:F5AB HL:46B1 F:00000000 [Z:0 C:0]
[481A] INC HL                         | A:33 BC:0045 DE:F5AB HL:46B2 F:00000000 [Z:0 C:0]
[481B] LD (DE), A                     | A:33 BC:0045 DE:F5AB HL:46B2 F:00000000 [Z:0 C:0]
[481C] INC DE                         | A:33 BC:0045 DE:F5AC HL:46B2 F:00000000 [Z:0 C:0]
[481D] DEC C                          | A:33 BC:0044 DE:F5AC HL:46B2 F:00000000 [Z:0 C:0]
[481E] JR NZ -> 0x4819                | A:33 BC:0044 DE:F5AC HL:46B2 F:00000000 [Z:0 C:0]
[4819] LD A, (HL)                     | A:33 BC:0044 DE:F5AC HL:46B2 F:00000000 [Z:0 C:0]
[481A] INC HL                         | A:33 BC:0044 DE:F5AC HL:46B3 F:00000000 [Z:0 C:0]
[481B] LD (DE), A                     | A:33 BC:0044 DE:F5AC HL:46B3 F:00000000 [Z:0 C:0]
[481C] INC DE                         | A:33 BC:0044 DE:F5AD HL:46B3 F:00000000 [Z:0 C:0]
[481D] DEC C                          | A:33 BC:0043 DE:F5AD HL:46B3 F:00000000 [Z:0 C:0]
[481E] JR NZ -> 0x4819                | A:33 BC:0043 DE:F5AD HL:46B3 F:00000000 [Z:0 C:0]
[4819] LD A, (HL)                     | A:33 BC:0043 DE:F5AD HL:46B3 F:00000000 [Z:0 C:0]
[481A] INC HL                         | A:33 BC:0043 DE:F5AD HL:46B4 F:00000000 [Z:0 C:0]
[481B] LD (DE), A                     | A:33 BC:0043 DE:F5AD HL:46B4 F:00000000 [Z:0 C:0]
[481C] INC DE                         | A:33 BC:0043 DE:F5AE HL:46B4 F:00000000 [Z:0 C:0]
[481D] DEC C                          | A:33 BC:0042 DE:F5AE HL:46B4 F:00000000 [Z:0 C:0]
[481E] JR NZ -> 0x4819                | A:33 BC:0042 DE:F5AE HL:46B4 F:00000000 [Z:0 C:0]
[4819] LD A, (HL)                     | A:33 BC:0042 DE:F5AE HL:46B4 F:00000000 [Z:0 C:0]
[481A] INC HL                         | A:33 BC:0042 DE:F5AE HL:46B5 F:00000000 [Z:0 C:0]
[481B] LD (DE), A                     | A:33 BC:0042 DE:F5AE HL:46B5 F:00000000 [Z:0 C:0]
[481C] INC DE                         | A:33 BC:0042 DE:F5AF HL:46B5 F:00000000 [Z:0 C:0]
[481D] DEC C                          | A:33 BC:0041 DE:F5AF HL:46B5 F:00000000 [Z:0 C:0]
[481E] JR NZ -> 0x4819                | A:33 BC:0041 DE:F5AF HL:46B5 F:00000000 [Z:0 C:0]
[4819] LD A, (HL)                     | A:33 BC:0041 DE:F5AF HL:46B5 F:00000000 [Z:0 C:0]
[481A] INC HL                         | A:33 BC:0041 DE:F5AF HL:46B6 F:00000000 [Z:0 C:0]
[481B] LD (DE), A                     | A:33 BC:0041 DE:F5AF HL:46B6 F:00000000 [Z:0 C:0]
[481C] INC DE                         | A:33 BC:0041 DE:F5B0 HL:46B6 F:00000000 [Z:0 C:0]
[481D] DEC C                          | A:33 BC:0040 DE:F5B0 HL:46B6 F:00000000 [Z:0 C:0]
[481E] JR NZ -> 0x4819                | A:33 BC:0040 DE:F5B0 HL:46B6 F:00000000 [Z:0 C:0]
[4819] LD A, (HL)                     | A:33 BC:0040 DE:F5B0 HL:46B6 F:00000000 [Z:0 C:0]
[481A] INC HL                         | A:33 BC:0040 DE:F5B0 HL:46B7 F:00000000 [Z:0 C:0]
[481B] LD (DE), A                     | A:33 BC:0040 DE:F5B0 HL:46B7 F:00000000 [Z:0 C:0]
[481C] INC DE                         | A:33 BC:0040 DE:F5B1 HL:46B7 F:00000000 [Z:0 C:0]
[481D] DEC C                          | A:33 BC:003F DE:F5B1 HL:46B7 F:00000000 [Z:0 C:0]
[481E] JR NZ -> 0x4819                | A:33 BC:003F DE:F5B1 HL:46B7 F:00000000 [Z:0 C:0]
[4819] LD A, (HL)                     | A:33 BC:003F DE:F5B1 HL:46B7 F:00000000 [Z:0 C:0]
[481A] INC HL                         | A:33 BC:003F DE:F5B1 HL:46B8 F:00000000 [Z:0 C:0]
[481B] LD (DE), A                     | A:33 BC:003F DE:F5B1 HL:46B8 F:00000000 [Z:0 C:0]
[481C] INC DE                         | A:33 BC:003F DE:F5B2 HL:46B8 F:00000000 [Z:0 C:0]
[481D] DEC C                          | A:33 BC:003E DE:F5B2 HL:46B8 F:00000000 [Z:0 C:0]
[481E] JR NZ -> 0x4819                | A:33 BC:003E DE:F5B2 HL:46B8 F:00000000 [Z:0 C:0]
[4819] LD A, (HL)                     | A:33 BC:003E DE:F5B2 HL:46B8 F:00000000 [Z:0 C:0]
[481A] INC HL                         | A:33 BC:003E DE:F5B2 HL:46B9 F:00000000 [Z:0 C:0]
[481B] LD (DE), A                     | A:33 BC:003E DE:F5B2 HL:46B9 F:00000000 [Z:0 C:0]
[481C] INC DE                         | A:33 BC:003E DE:F5B3 HL:46B9 F:00000000 [Z:0 C:0]
[481D] DEC C                          | A:33 BC:003D DE:F5B3 HL:46B9 F:00000000 [Z:0 C:0]
[481E] JR NZ -> 0x4819                | A:33 BC:003D DE:F5B3 HL:46B9 F:00000000 [Z:0 C:0]
[4819] LD A, (HL)                     | A:33 BC:003D DE:F5B3 HL:46B9 F:00000000 [Z:0 C:0]
[481A] INC HL                         | A:33 BC:003D DE:F5B3 HL:46BA F:00000000 [Z:0 C:0]
[481B] LD (DE), A                     | A:33 BC:003D DE:F5B3 HL:46BA F:00000000 [Z:0 C:0]
[481C] INC DE                         | A:33 BC:003D DE:F5B4 HL:46BA F:00000000 [Z:0 C:0]
[481D] DEC C                          | A:33 BC:003C DE:F5B4 HL:46BA F:00000000 [Z:0 C:0]
[481E] JR NZ -> 0x4819                | A:33 BC:003C DE:F5B4 HL:46BA F:00000000 [Z:0 C:0]
[4819] LD A, (HL)                     | A:33 BC:003C DE:F5B4 HL:46BA F:00000000 [Z:0 C:0]
[481A] INC HL                         | A:33 BC:003C DE:F5B4 HL:46BB F:00000000 [Z:0 C:0]
[481B] LD (DE), A                     | A:33 BC:003C DE:F5B4 HL:46BB F:00000000 [Z:0 C:0]
[481C] INC DE                         | A:33 BC:003C DE:F5B5 HL:46BB F:00000000 [Z:0 C:0]
[481D] DEC C                          | A:33 BC:003B DE:F5B5 HL:46BB F:00000000 [Z:0 C:0]
[481E] JR NZ -> 0x4819                | A:33 BC:003B DE:F5B5 HL:46BB F:00000000 [Z:0 C:0]
[4819] LD A, (HL)                     | A:33 BC:003B DE:F5B5 HL:46BB F:00000000 [Z:0 C:0]
[481A] INC HL                         | A:33 BC:003B DE:F5B5 HL:46BC F:00000000 [Z:0 C:0]
[481B] LD (DE), A                     | A:33 BC:003B DE:F5B5 HL:46BC F:00000000 [Z:0 C:0]
[481C] INC DE                         | A:33 BC:003B DE:F5B6 HL:46BC F:00000000 [Z:0 C:0]
[481D] DEC C                          | A:33 BC:003A DE:F5B6 HL:46BC F:00000000 [Z:0 C:0]
[481E] JR NZ -> 0x4819                | A:33 BC:003A DE:F5B6 HL:46BC F:00000000 [Z:0 C:0]
[4819] LD A, (HL)                     | A:33 BC:003A DE:F5B6 HL:46BC F:00000000 [Z:0 C:0]
[481A] INC HL                         | A:33 BC:003A DE:F5B6 HL:46BD F:00000000 [Z:0 C:0]
[481B] LD (DE), A                     | A:33 BC:003A DE:F5B6 HL:46BD F:00000000 [Z:0 C:0]
[481C] INC DE                         | A:33 BC:003A DE:F5B7 HL:46BD F:00000000 [Z:0 C:0]
[481D] DEC C                          | A:33 BC:0039 DE:F5B7 HL:46BD F:00000000 [Z:0 C:0]
[481E] JR NZ -> 0x4819                | A:33 BC:0039 DE:F5B7 HL:46BD F:00000000 [Z:0 C:0]
[4819] LD A, (HL)                     | A:33 BC:0039 DE:F5B7 HL:46BD F:00000000 [Z:0 C:0]
[481A] INC HL                         | A:33 BC:0039 DE:F5B7 HL:46BE F:00000000 [Z:0 C:0]
[481B] LD (DE), A                     | A:33 BC:0039 DE:F5B7 HL:46BE F:00000000 [Z:0 C:0]
[481C] INC DE                         | A:33 BC:0039 DE:F5B8 HL:46BE F:00000000 [Z:0 C:0]
[481D] DEC C                          | A:33 BC:0038 DE:F5B8 HL:46BE F:00000000 [Z:0 C:0]
[481E] JR NZ -> 0x4819                | A:33 BC:0038 DE:F5B8 HL:46BE F:00000000 [Z:0 C:0]
[4819] LD A, (HL)                     | A:33 BC:0038 DE:F5B8 HL:46BE F:00000000 [Z:0 C:0]
[481A] INC HL                         | A:33 BC:0038 DE:F5B8 HL:46BF F:00000000 [Z:0 C:0]
[481B] LD (DE), A                     | A:33 BC:0038 DE:F5B8 HL:46BF F:00000000 [Z:0 C:0]
[481C] INC DE                         | A:33 BC:0038 DE:F5B9 HL:46BF F:00000000 [Z:0 C:0]
[481D] DEC C                          | A:33 BC:0037 DE:F5B9 HL:46BF F:00000000 [Z:0 C:0]
[481E] JR NZ -> 0x4819                | A:33 BC:0037 DE:F5B9 HL:46BF F:00000000 [Z:0 C:0]
[4819] LD A, (HL)                     | A:33 BC:0037 DE:F5B9 HL:46BF F:00000000 [Z:0 C:0]
[481A] INC HL                         | A:33 BC:0037 DE:F5B9 HL:46C0 F:00000000 [Z:0 C:0]
[481B] LD (DE), A                     | A:33 BC:0037 DE:F5B9 HL:46C0 F:00000000 [Z:0 C:0]
[481C] INC DE                         | A:33 BC:0037 DE:F5BA HL:46C0 F:00000000 [Z:0 C:0]
[481D] DEC C                          | A:33 BC:0036 DE:F5BA HL:46C0 F:00000000 [Z:0 C:0]
[481E] JR NZ -> 0x4819                | A:33 BC:0036 DE:F5BA HL:46C0 F:00000000 [Z:0 C:0]
[4819] LD A, (HL)                     | A:33 BC:0036 DE:F5BA HL:46C0 F:00000000 [Z:0 C:0]
[481A] INC HL                         | A:33 BC:0036 DE:F5BA HL:46C1 F:00000000 [Z:0 C:0]
[481B] LD (DE), A                     | A:33 BC:0036 DE:F5BA HL:46C1 F:00000000 [Z:0 C:0]
[481C] INC DE                         | A:33 BC:0036 DE:F5BB HL:46C1 F:00000000 [Z:0 C:0]
[481D] DEC C                          | A:33 BC:0035 DE:F5BB HL:46C1 F:00000000 [Z:0 C:0]
[481E] JR NZ -> 0x4819                | A:33 BC:0035 DE:F5BB HL:46C1 F:00000000 [Z:0 C:0]
[4819] LD A, (HL)                     | A:33 BC:0035 DE:F5BB HL:46C1 F:00000000 [Z:0 C:0]
[481A] INC HL                         | A:33 BC:0035 DE:F5BB HL:46C2 F:00000000 [Z:0 C:0]
[481B] LD (DE), A                     | A:33 BC:0035 DE:F5BB HL:46C2 F:00000000 [Z:0 C:0]
[481C] INC DE                         | A:33 BC:0035 DE:F5BC HL:46C2 F:00000000 [Z:0 C:0]
[481D] DEC C                          | A:33 BC:0034 DE:F5BC HL:46C2 F:00000000 [Z:0 C:0]
[481E] JR NZ -> 0x4819                | A:33 BC:0034 DE:F5BC HL:46C2 F:00000000 [Z:0 C:0]
[4819] LD A, (HL)                     | A:33 BC:0034 DE:F5BC HL:46C2 F:00000000 [Z:0 C:0]
[481A] INC HL                         | A:33 BC:0034 DE:F5BC HL:46C3 F:00000000 [Z:0 C:0]
[481B] LD (DE), A                     | A:33 BC:0034 DE:F5BC HL:46C3 F:00000000 [Z:0 C:0]
[481C] INC DE                         | A:33 BC:0034 DE:F5BD HL:46C3 F:00000000 [Z:0 C:0]
[481D] DEC C                          | A:33 BC:0033 DE:F5BD HL:46C3 F:00000000 [Z:0 C:0]
[481E] JR NZ -> 0x4819                | A:33 BC:0033 DE:F5BD HL:46C3 F:00000000 [Z:0 C:0]
[4819] LD A, (HL)                     | A:33 BC:0033 DE:F5BD HL:46C3 F:00000000 [Z:0 C:0]
[481A] INC HL                         | A:33 BC:0033 DE:F5BD HL:46C4 F:00000000 [Z:0 C:0]
[481B] LD (DE), A                     | A:33 BC:0033 DE:F5BD HL:46C4 F:00000000 [Z:0 C:0]
[481C] INC DE                         | A:33 BC:0033 DE:F5BE HL:46C4 F:00000000 [Z:0 C:0]
[481D] DEC C                          | A:33 BC:0032 DE:F5BE HL:46C4 F:00000000 [Z:0 C:0]
[481E] JR NZ -> 0x4819                | A:33 BC:0032 DE:F5BE HL:46C4 F:00000000 [Z:0 C:0]
[4819] LD A, (HL)                     | A:33 BC:0032 DE:F5BE HL:46C4 F:00000000 [Z:0 C:0]
[481A] INC HL                         | A:33 BC:0032 DE:F5BE HL:46C5 F:00000000 [Z:0 C:0]
[481B] LD (DE), A                     | A:33 BC:0032 DE:F5BE HL:46C5 F:00000000 [Z:0 C:0]
[481C] INC DE                         | A:33 BC:0032 DE:F5BF HL:46C5 F:00000000 [Z:0 C:0]
[481D] DEC C                          | A:33 BC:0031 DE:F5BF HL:46C5 F:00000000 [Z:0 C:0]
[481E] JR NZ -> 0x4819                | A:33 BC:0031 DE:F5BF HL:46C5 F:00000000 [Z:0 C:0]
[4819] LD A, (HL)                     | A:33 BC:0031 DE:F5BF HL:46C5 F:00000000 [Z:0 C:0]
[481A] INC HL                         | A:33 BC:0031 DE:F5BF HL:46C6 F:00000000 [Z:0 C:0]
[481B] LD (DE), A                     | A:33 BC:0031 DE:F5BF HL:46C6 F:00000000 [Z:0 C:0]
[481C] INC DE                         | A:33 BC:0031 DE:F5C0 HL:46C6 F:00000000 [Z:0 C:0]
[481D] DEC C                          | A:33 BC:0030 DE:F5C0 HL:46C6 F:00000000 [Z:0 C:0]
[481E] JR NZ -> 0x4819                | A:33 BC:0030 DE:F5C0 HL:46C6 F:00000000 [Z:0 C:0]
[4819] LD A, (HL)                     | A:33 BC:0030 DE:F5C0 HL:46C6 F:00000000 [Z:0 C:0]
[481A] INC HL                         | A:33 BC:0030 DE:F5C0 HL:46C7 F:00000000 [Z:0 C:0]
[481B] LD (DE), A                     | A:33 BC:0030 DE:F5C0 HL:46C7 F:00000000 [Z:0 C:0]
[481C] INC DE                         | A:33 BC:0030 DE:F5C1 HL:46C7 F:00000000 [Z:0 C:0]
[481D] DEC C                          | A:33 BC:002F DE:F5C1 HL:46C7 F:00000000 [Z:0 C:0]
[481E] JR NZ -> 0x4819                | A:33 BC:002F DE:F5C1 HL:46C7 F:00000000 [Z:0 C:0]
[4819] LD A, (HL)                     | A:33 BC:002F DE:F5C1 HL:46C7 F:00000000 [Z:0 C:0]
[481A] INC HL                         | A:33 BC:002F DE:F5C1 HL:46C8 F:00000000 [Z:0 C:0]
[481B] LD (DE), A                     | A:33 BC:002F DE:F5C1 HL:46C8 F:00000000 [Z:0 C:0]
[481C] INC DE                         | A:33 BC:002F DE:F5C2 HL:46C8 F:00000000 [Z:0 C:0]
[481D] DEC C                          | A:33 BC:002E DE:F5C2 HL:46C8 F:00000000 [Z:0 C:0]
[481E] JR NZ -> 0x4819                | A:33 BC:002E DE:F5C2 HL:46C8 F:00000000 [Z:0 C:0]
[4819] LD A, (HL)                     | A:33 BC:002E DE:F5C2 HL:46C8 F:00000000 [Z:0 C:0]
[481A] INC HL                         | A:33 BC:002E DE:F5C2 HL:46C9 F:00000000 [Z:0 C:0]
[481B] LD (DE), A                     | A:33 BC:002E DE:F5C2 HL:46C9 F:00000000 [Z:0 C:0]
[481C] INC DE                         | A:33 BC:002E DE:F5C3 HL:46C9 F:00000000 [Z:0 C:0]
[481D] DEC C                          | A:33 BC:002D DE:F5C3 HL:46C9 F:00000000 [Z:0 C:0]
[481E] JR NZ -> 0x4819                | A:33 BC:002D DE:F5C3 HL:46C9 F:00000000 [Z:0 C:0]
[4819] LD A, (HL)                     | A:33 BC:002D DE:F5C3 HL:46C9 F:00000000 [Z:0 C:0]
[481A] INC HL                         | A:33 BC:002D DE:F5C3 HL:46CA F:00000000 [Z:0 C:0]
[481B] LD (DE), A                     | A:33 BC:002D DE:F5C3 HL:46CA F:00000000 [Z:0 C:0]
[481C] INC DE                         | A:33 BC:002D DE:F5C4 HL:46CA F:00000000 [Z:0 C:0]
[481D] DEC C                          | A:33 BC:002C DE:F5C4 HL:46CA F:00000000 [Z:0 C:0]
[481E] JR NZ -> 0x4819                | A:33 BC:002C DE:F5C4 HL:46CA F:00000000 [Z:0 C:0]
[4819] LD A, (HL)                     | A:33 BC:002C DE:F5C4 HL:46CA F:00000000 [Z:0 C:0]
[481A] INC HL                         | A:33 BC:002C DE:F5C4 HL:46CB F:00000000 [Z:0 C:0]
[481B] LD (DE), A                     | A:33 BC:002C DE:F5C4 HL:46CB F:00000000 [Z:0 C:0]
[481C] INC DE                         | A:33 BC:002C DE:F5C5 HL:46CB F:00000000 [Z:0 C:0]
[481D] DEC C                          | A:33 BC:002B DE:F5C5 HL:46CB F:00000000 [Z:0 C:0]
[481E] JR NZ -> 0x4819                | A:33 BC:002B DE:F5C5 HL:46CB F:00000000 [Z:0 C:0]
[4819] LD A, (HL)                     | A:33 BC:002B DE:F5C5 HL:46CB F:00000000 [Z:0 C:0]
[481A] INC HL                         | A:33 BC:002B DE:F5C5 HL:46CC F:00000000 [Z:0 C:0]
[481B] LD (DE), A                     | A:33 BC:002B DE:F5C5 HL:46CC F:00000000 [Z:0 C:0]
[481C] INC DE                         | A:33 BC:002B DE:F5C6 HL:46CC F:00000000 [Z:0 C:0]
[481D] DEC C                          | A:33 BC:002A DE:F5C6 HL:46CC F:00000000 [Z:0 C:0]
[481E] JR NZ -> 0x4819                | A:33 BC:002A DE:F5C6 HL:46CC F:00000000 [Z:0 C:0]
[4819] LD A, (HL)                     | A:33 BC:002A DE:F5C6 HL:46CC F:00000000 [Z:0 C:0]
[481A] INC HL                         | A:33 BC:002A DE:F5C6 HL:46CD F:00000000 [Z:0 C:0]
[481B] LD (DE), A                     | A:33 BC:002A DE:F5C6 HL:46CD F:00000000 [Z:0 C:0]
[481C] INC DE                         | A:33 BC:002A DE:F5C7 HL:46CD F:00000000 [Z:0 C:0]
[481D] DEC C                          | A:33 BC:0029 DE:F5C7 HL:46CD F:00000000 [Z:0 C:0]
[481E] JR NZ -> 0x4819                | A:33 BC:0029 DE:F5C7 HL:46CD F:00000000 [Z:0 C:0]
[4819] LD A, (HL)                     | A:33 BC:0029 DE:F5C7 HL:46CD F:00000000 [Z:0 C:0]
[481A] INC HL                         | A:33 BC:0029 DE:F5C7 HL:46CE F:00000000 [Z:0 C:0]
[481B] LD (DE), A                     | A:33 BC:0029 DE:F5C7 HL:46CE F:00000000 [Z:0 C:0]
[481C] INC DE                         | A:33 BC:0029 DE:F5C8 HL:46CE F:00000000 [Z:0 C:0]
[481D] DEC C                          | A:33 BC:0028 DE:F5C8 HL:46CE F:00000000 [Z:0 C:0]
[481E] JR NZ -> 0x4819                | A:33 BC:0028 DE:F5C8 HL:46CE F:00000000 [Z:0 C:0]
[4819] LD A, (HL)                     | A:33 BC:0028 DE:F5C8 HL:46CE F:00000000 [Z:0 C:0]
[481A] INC HL                         | A:33 BC:0028 DE:F5C8 HL:46CF F:00000000 [Z:0 C:0]
[481B] LD (DE), A                     | A:33 BC:0028 DE:F5C8 HL:46CF F:00000000 [Z:0 C:0]
[481C] INC DE                         | A:33 BC:0028 DE:F5C9 HL:46CF F:00000000 [Z:0 C:0]
[481D] DEC C                          | A:33 BC:0027 DE:F5C9 HL:46CF F:00000000 [Z:0 C:0]
[481E] JR NZ -> 0x4819                | A:33 BC:0027 DE:F5C9 HL:46CF F:00000000 [Z:0 C:0]
[4819] LD A, (HL)                     | A:33 BC:0027 DE:F5C9 HL:46CF F:00000000 [Z:0 C:0]
[481A] INC HL                         | A:33 BC:0027 DE:F5C9 HL:46D0 F:00000000 [Z:0 C:0]
[481B] LD (DE), A                     | A:33 BC:0027 DE:F5C9 HL:46D0 F:00000000 [Z:0 C:0]
[481C] INC DE                         | A:33 BC:0027 DE:F5CA HL:46D0 F:00000000 [Z:0 C:0]
[481D] DEC C                          | A:33 BC:0026 DE:F5CA HL:46D0 F:00000000 [Z:0 C:0]
[481E] JR NZ -> 0x4819                | A:33 BC:0026 DE:F5CA HL:46D0 F:00000000 [Z:0 C:0]
[4819] LD A, (HL)                     | A:33 BC:0026 DE:F5CA HL:46D0 F:00000000 [Z:0 C:0]
[481A] INC HL                         | A:33 BC:0026 DE:F5CA HL:46D1 F:00000000 [Z:0 C:0]
[481B] LD (DE), A                     | A:33 BC:0026 DE:F5CA HL:46D1 F:00000000 [Z:0 C:0]
[481C] INC DE                         | A:33 BC:0026 DE:F5CB HL:46D1 F:00000000 [Z:0 C:0]
[481D] DEC C                          | A:33 BC:0025 DE:F5CB HL:46D1 F:00000000 [Z:0 C:0]
[481E] JR NZ -> 0x4819                | A:33 BC:0025 DE:F5CB HL:46D1 F:00000000 [Z:0 C:0]
[4819] LD A, (HL)                     | A:33 BC:0025 DE:F5CB HL:46D1 F:00000000 [Z:0 C:0]
[481A] INC HL                         | A:33 BC:0025 DE:F5CB HL:46D2 F:00000000 [Z:0 C:0]
[481B] LD (DE), A                     | A:33 BC:0025 DE:F5CB HL:46D2 F:00000000 [Z:0 C:0]
[481C] INC DE                         | A:33 BC:0025 DE:F5CC HL:46D2 F:00000000 [Z:0 C:0]
[481D] DEC C                          | A:33 BC:0024 DE:F5CC HL:46D2 F:00000000 [Z:0 C:0]
[481E] JR NZ -> 0x4819                | A:33 BC:0024 DE:F5CC HL:46D2 F:00000000 [Z:0 C:0]
[4819] LD A, (HL)                     | A:33 BC:0024 DE:F5CC HL:46D2 F:00000000 [Z:0 C:0]
[481A] INC HL                         | A:33 BC:0024 DE:F5CC HL:46D3 F:00000000 [Z:0 C:0]
[481B] LD (DE), A                     | A:33 BC:0024 DE:F5CC HL:46D3 F:00000000 [Z:0 C:0]
[481C] INC DE                         | A:33 BC:0024 DE:F5CD HL:46D3 F:00000000 [Z:0 C:0]
[481D] DEC C                          | A:33 BC:0023 DE:F5CD HL:46D3 F:00000000 [Z:0 C:0]
[481E] JR NZ -> 0x4819                | A:33 BC:0023 DE:F5CD HL:46D3 F:00000000 [Z:0 C:0]
[4819] LD A, (HL)                     | A:33 BC:0023 DE:F5CD HL:46D3 F:00000000 [Z:0 C:0]
[481A] INC HL                         | A:33 BC:0023 DE:F5CD HL:46D4 F:00000000 [Z:0 C:0]
[481B] LD (DE), A                     | A:33 BC:0023 DE:F5CD HL:46D4 F:00000000 [Z:0 C:0]
[481C] INC DE                         | A:33 BC:0023 DE:F5CE HL:46D4 F:00000000 [Z:0 C:0]
[481D] DEC C                          | A:33 BC:0022 DE:F5CE HL:46D4 F:00000000 [Z:0 C:0]
[481E] JR NZ -> 0x4819                | A:33 BC:0022 DE:F5CE HL:46D4 F:00000000 [Z:0 C:0]
[4819] LD A, (HL)                     | A:33 BC:0022 DE:F5CE HL:46D4 F:00000000 [Z:0 C:0]
[481A] INC HL                         | A:33 BC:0022 DE:F5CE HL:46D5 F:00000000 [Z:0 C:0]
[481B] LD (DE), A                     | A:33 BC:0022 DE:F5CE HL:46D5 F:00000000 [Z:0 C:0]
[481C] INC DE                         | A:33 BC:0022 DE:F5CF HL:46D5 F:00000000 [Z:0 C:0]
[481D] DEC C                          | A:33 BC:0021 DE:F5CF HL:46D5 F:00000000 [Z:0 C:0]
[481E] JR NZ -> 0x4819                | A:33 BC:0021 DE:F5CF HL:46D5 F:00000000 [Z:0 C:0]
[4819] LD A, (HL)                     | A:33 BC:0021 DE:F5CF HL:46D5 F:00000000 [Z:0 C:0]
[481A] INC HL                         | A:33 BC:0021 DE:F5CF HL:46D6 F:00000000 [Z:0 C:0]
[481B] LD (DE), A                     | A:33 BC:0021 DE:F5CF HL:46D6 F:00000000 [Z:0 C:0]
[481C] INC DE                         | A:33 BC:0021 DE:F5D0 HL:46D6 F:00000000 [Z:0 C:0]
[481D] DEC C                          | A:33 BC:0020 DE:F5D0 HL:46D6 F:00000000 [Z:0 C:0]
[481E] JR NZ -> 0x4819                | A:33 BC:0020 DE:F5D0 HL:46D6 F:00000000 [Z:0 C:0]
[4819] LD A, (HL)                     | A:33 BC:0020 DE:F5D0 HL:46D6 F:00000000 [Z:0 C:0]
[481A] INC HL                         | A:33 BC:0020 DE:F5D0 HL:46D7 F:00000000 [Z:0 C:0]
[481B] LD (DE), A                     | A:33 BC:0020 DE:F5D0 HL:46D7 F:00000000 [Z:0 C:0]
[481C] INC DE                         | A:33 BC:0020 DE:F5D1 HL:46D7 F:00000000 [Z:0 C:0]
[481D] DEC C                          | A:33 BC:001F DE:F5D1 HL:46D7 F:00000000 [Z:0 C:0]
[481E] JR NZ -> 0x4819                | A:33 BC:001F DE:F5D1 HL:46D7 F:00000000 [Z:0 C:0]
[4819] LD A, (HL)                     | A:33 BC:001F DE:F5D1 HL:46D7 F:00000000 [Z:0 C:0]
[481A] INC HL                         | A:33 BC:001F DE:F5D1 HL:46D8 F:00000000 [Z:0 C:0]
[481B] LD (DE), A                     | A:33 BC:001F DE:F5D1 HL:46D8 F:00000000 [Z:0 C:0]
[481C] INC DE                         | A:33 BC:001F DE:F5D2 HL:46D8 F:00000000 [Z:0 C:0]
[481D] DEC C                          | A:33 BC:001E DE:F5D2 HL:46D8 F:00000000 [Z:0 C:0]
[481E] JR NZ -> 0x4819                | A:33 BC:001E DE:F5D2 HL:46D8 F:00000000 [Z:0 C:0]
[4819] LD A, (HL)                     | A:33 BC:001E DE:F5D2 HL:46D8 F:00000000 [Z:0 C:0]
[481A] INC HL                         | A:33 BC:001E DE:F5D2 HL:46D9 F:00000000 [Z:0 C:0]
[481B] LD (DE), A                     | A:33 BC:001E DE:F5D2 HL:46D9 F:00000000 [Z:0 C:0]
[481C] INC DE                         | A:33 BC:001E DE:F5D3 HL:46D9 F:00000000 [Z:0 C:0]
[481D] DEC C                          | A:33 BC:001D DE:F5D3 HL:46D9 F:00000000 [Z:0 C:0]
[481E] JR NZ -> 0x4819                | A:33 BC:001D DE:F5D3 HL:46D9 F:00000000 [Z:0 C:0]
[4819] LD A, (HL)                     | A:33 BC:001D DE:F5D3 HL:46D9 F:00000000 [Z:0 C:0]
[481A] INC HL                         | A:33 BC:001D DE:F5D3 HL:46DA F:00000000 [Z:0 C:0]
[481B] LD (DE), A                     | A:33 BC:001D DE:F5D3 HL:46DA F:00000000 [Z:0 C:0]
[481C] INC DE                         | A:33 BC:001D DE:F5D4 HL:46DA F:00000000 [Z:0 C:0]
[481D] DEC C                          | A:33 BC:001C DE:F5D4 HL:46DA F:00000000 [Z:0 C:0]
[481E] JR NZ -> 0x4819                | A:33 BC:001C DE:F5D4 HL:46DA F:00000000 [Z:0 C:0]
[4819] LD A, (HL)                     | A:33 BC:001C DE:F5D4 HL:46DA F:00000000 [Z:0 C:0]
[481A] INC HL                         | A:33 BC:001C DE:F5D4 HL:46DB F:00000000 [Z:0 C:0]
[481B] LD (DE), A                     | A:33 BC:001C DE:F5D4 HL:46DB F:00000000 [Z:0 C:0]
[481C] INC DE                         | A:33 BC:001C DE:F5D5 HL:46DB F:00000000 [Z:0 C:0]
[481D] DEC C                          | A:33 BC:001B DE:F5D5 HL:46DB F:00000000 [Z:0 C:0]
[481E] JR NZ -> 0x4819                | A:33 BC:001B DE:F5D5 HL:46DB F:00000000 [Z:0 C:0]
[4819] LD A, (HL)                     | A:33 BC:001B DE:F5D5 HL:46DB F:00000000 [Z:0 C:0]
[481A] INC HL                         | A:33 BC:001B DE:F5D5 HL:46DC F:00000000 [Z:0 C:0]
[481B] LD (DE), A                     | A:33 BC:001B DE:F5D5 HL:46DC F:00000000 [Z:0 C:0]
[481C] INC DE                         | A:33 BC:001B DE:F5D6 HL:46DC F:00000000 [Z:0 C:0]
[481D] DEC C                          | A:33 BC:001A DE:F5D6 HL:46DC F:00000000 [Z:0 C:0]
[481E] JR NZ -> 0x4819                | A:33 BC:001A DE:F5D6 HL:46DC F:00000000 [Z:0 C:0]
[4819] LD A, (HL)                     | A:33 BC:001A DE:F5D6 HL:46DC F:00000000 [Z:0 C:0]
[481A] INC HL                         | A:33 BC:001A DE:F5D6 HL:46DD F:00000000 [Z:0 C:0]
[481B] LD (DE), A                     | A:33 BC:001A DE:F5D6 HL:46DD F:00000000 [Z:0 C:0]
[481C] INC DE                         | A:33 BC:001A DE:F5D7 HL:46DD F:00000000 [Z:0 C:0]
[481D] DEC C                          | A:33 BC:0019 DE:F5D7 HL:46DD F:00000000 [Z:0 C:0]
[481E] JR NZ -> 0x4819                | A:33 BC:0019 DE:F5D7 HL:46DD F:00000000 [Z:0 C:0]
[4819] LD A, (HL)                     | A:33 BC:0019 DE:F5D7 HL:46DD F:00000000 [Z:0 C:0]
[481A] INC HL                         | A:33 BC:0019 DE:F5D7 HL:46DE F:00000000 [Z:0 C:0]
[481B] LD (DE), A                     | A:33 BC:0019 DE:F5D7 HL:46DE F:00000000 [Z:0 C:0]
[481C] INC DE                         | A:33 BC:0019 DE:F5D8 HL:46DE F:00000000 [Z:0 C:0]
[481D] DEC C                          | A:33 BC:0018 DE:F5D8 HL:46DE F:00000000 [Z:0 C:0]
[481E] JR NZ -> 0x4819                | A:33 BC:0018 DE:F5D8 HL:46DE F:00000000 [Z:0 C:0]
[4819] LD A, (HL)                     | A:33 BC:0018 DE:F5D8 HL:46DE F:00000000 [Z:0 C:0]
[481A] INC HL                         | A:33 BC:0018 DE:F5D8 HL:46DF F:00000000 [Z:0 C:0]
[481B] LD (DE), A                     | A:33 BC:0018 DE:F5D8 HL:46DF F:00000000 [Z:0 C:0]
[481C] INC DE                         | A:33 BC:0018 DE:F5D9 HL:46DF F:00000000 [Z:0 C:0]
[481D] DEC C                          | A:33 BC:0017 DE:F5D9 HL:46DF F:00000000 [Z:0 C:0]
[481E] JR NZ -> 0x4819                | A:33 BC:0017 DE:F5D9 HL:46DF F:00000000 [Z:0 C:0]
[4819] LD A, (HL)                     | A:33 BC:0017 DE:F5D9 HL:46DF F:00000000 [Z:0 C:0]
[481A] INC HL                         | A:33 BC:0017 DE:F5D9 HL:46E0 F:00000000 [Z:0 C:0]
[481B] LD (DE), A                     | A:33 BC:0017 DE:F5D9 HL:46E0 F:00000000 [Z:0 C:0]
[481C] INC DE                         | A:33 BC:0017 DE:F5DA HL:46E0 F:00000000 [Z:0 C:0]
[481D] DEC C                          | A:33 BC:0016 DE:F5DA HL:46E0 F:00000000 [Z:0 C:0]
[481E] JR NZ -> 0x4819                | A:33 BC:0016 DE:F5DA HL:46E0 F:00000000 [Z:0 C:0]
[4819] LD A, (HL)                     | A:33 BC:0016 DE:F5DA HL:46E0 F:00000000 [Z:0 C:0]
[481A] INC HL                         | A:33 BC:0016 DE:F5DA HL:46E1 F:00000000 [Z:0 C:0]
[481B] LD (DE), A                     | A:33 BC:0016 DE:F5DA HL:46E1 F:00000000 [Z:0 C:0]
[481C] INC DE                         | A:33 BC:0016 DE:F5DB HL:46E1 F:00000000 [Z:0 C:0]
[481D] DEC C                          | A:33 BC:0015 DE:F5DB HL:46E1 F:00000000 [Z:0 C:0]
[481E] JR NZ -> 0x4819                | A:33 BC:0015 DE:F5DB HL:46E1 F:00000000 [Z:0 C:0]
[4819] LD A, (HL)                     | A:33 BC:0015 DE:F5DB HL:46E1 F:00000000 [Z:0 C:0]
[481A] INC HL                         | A:33 BC:0015 DE:F5DB HL:46E2 F:00000000 [Z:0 C:0]
[481B] LD (DE), A                     | A:33 BC:0015 DE:F5DB HL:46E2 F:00000000 [Z:0 C:0]
[481C] INC DE                         | A:33 BC:0015 DE:F5DC HL:46E2 F:00000000 [Z:0 C:0]
[481D] DEC C                          | A:33 BC:0014 DE:F5DC HL:46E2 F:00000000 [Z:0 C:0]
[481E] JR NZ -> 0x4819                | A:33 BC:0014 DE:F5DC HL:46E2 F:00000000 [Z:0 C:0]
[4819] LD A, (HL)                     | A:33 BC:0014 DE:F5DC HL:46E2 F:00000000 [Z:0 C:0]
[481A] INC HL                         | A:33 BC:0014 DE:F5DC HL:46E3 F:00000000 [Z:0 C:0]
[481B] LD (DE), A                     | A:33 BC:0014 DE:F5DC HL:46E3 F:00000000 [Z:0 C:0]
[481C] INC DE                         | A:33 BC:0014 DE:F5DD HL:46E3 F:00000000 [Z:0 C:0]
[481D] DEC C                          | A:33 BC:0013 DE:F5DD HL:46E3 F:00000000 [Z:0 C:0]
[481E] JR NZ -> 0x4819                | A:33 BC:0013 DE:F5DD HL:46E3 F:00000000 [Z:0 C:0]
[4819] LD A, (HL)                     | A:33 BC:0013 DE:F5DD HL:46E3 F:00000000 [Z:0 C:0]
[481A] INC HL                         | A:33 BC:0013 DE:F5DD HL:46E4 F:00000000 [Z:0 C:0]
[481B] LD (DE), A                     | A:33 BC:0013 DE:F5DD HL:46E4 F:00000000 [Z:0 C:0]
[481C] INC DE                         | A:33 BC:0013 DE:F5DE HL:46E4 F:00000000 [Z:0 C:0]
[481D] DEC C                          | A:33 BC:0012 DE:F5DE HL:46E4 F:00000000 [Z:0 C:0]
[481E] JR NZ -> 0x4819                | A:33 BC:0012 DE:F5DE HL:46E4 F:00000000 [Z:0 C:0]
[4819] LD A, (HL)                     | A:33 BC:0012 DE:F5DE HL:46E4 F:00000000 [Z:0 C:0]
[481A] INC HL                         | A:33 BC:0012 DE:F5DE HL:46E5 F:00000000 [Z:0 C:0]
[481B] LD (DE), A                     | A:33 BC:0012 DE:F5DE HL:46E5 F:00000000 [Z:0 C:0]
[481C] INC DE                         | A:33 BC:0012 DE:F5DF HL:46E5 F:00000000 [Z:0 C:0]
[481D] DEC C                          | A:33 BC:0011 DE:F5DF HL:46E5 F:00000000 [Z:0 C:0]
[481E] JR NZ -> 0x4819                | A:33 BC:0011 DE:F5DF HL:46E5 F:00000000 [Z:0 C:0]
[4819] LD A, (HL)                     | A:33 BC:0011 DE:F5DF HL:46E5 F:00000000 [Z:0 C:0]
[481A] INC HL                         | A:33 BC:0011 DE:F5DF HL:46E6 F:00000000 [Z:0 C:0]
[481B] LD (DE), A                     | A:33 BC:0011 DE:F5DF HL:46E6 F:00000000 [Z:0 C:0]
[481C] INC DE                         | A:33 BC:0011 DE:F5E0 HL:46E6 F:00000000 [Z:0 C:0]
[481D] DEC C                          | A:33 BC:0010 DE:F5E0 HL:46E6 F:00000000 [Z:0 C:0]
[481E] JR NZ -> 0x4819                | A:33 BC:0010 DE:F5E0 HL:46E6 F:00000000 [Z:0 C:0]
[4819] LD A, (HL)                     | A:33 BC:0010 DE:F5E0 HL:46E6 F:00000000 [Z:0 C:0]
[481A] INC HL                         | A:33 BC:0010 DE:F5E0 HL:46E7 F:00000000 [Z:0 C:0]
[481B] LD (DE), A                     | A:33 BC:0010 DE:F5E0 HL:46E7 F:00000000 [Z:0 C:0]
[481C] INC DE                         | A:33 BC:0010 DE:F5E1 HL:46E7 F:00000000 [Z:0 C:0]
[481D] DEC C                          | A:33 BC:000F DE:F5E1 HL:46E7 F:00000000 [Z:0 C:0]
[481E] JR NZ -> 0x4819                | A:33 BC:000F DE:F5E1 HL:46E7 F:00000000 [Z:0 C:0]
[4819] LD A, (HL)                     | A:33 BC:000F DE:F5E1 HL:46E7 F:00000000 [Z:0 C:0]
[481A] INC HL                         | A:33 BC:000F DE:F5E1 HL:46E8 F:00000000 [Z:0 C:0]
[481B] LD (DE), A                     | A:33 BC:000F DE:F5E1 HL:46E8 F:00000000 [Z:0 C:0]
[481C] INC DE                         | A:33 BC:000F DE:F5E2 HL:46E8 F:00000000 [Z:0 C:0]
[481D] DEC C                          | A:33 BC:000E DE:F5E2 HL:46E8 F:00000000 [Z:0 C:0]
[481E] JR NZ -> 0x4819                | A:33 BC:000E DE:F5E2 HL:46E8 F:00000000 [Z:0 C:0]
[4819] LD A, (HL)                     | A:33 BC:000E DE:F5E2 HL:46E8 F:00000000 [Z:0 C:0]
[481A] INC HL                         | A:33 BC:000E DE:F5E2 HL:46E9 F:00000000 [Z:0 C:0]
[481B] LD (DE), A                     | A:33 BC:000E DE:F5E2 HL:46E9 F:00000000 [Z:0 C:0]
[481C] INC DE                         | A:33 BC:000E DE:F5E3 HL:46E9 F:00000000 [Z:0 C:0]
[481D] DEC C                          | A:33 BC:000D DE:F5E3 HL:46E9 F:00000000 [Z:0 C:0]
[481E] JR NZ -> 0x4819                | A:33 BC:000D DE:F5E3 HL:46E9 F:00000000 [Z:0 C:0]
[4819] LD A, (HL)                     | A:33 BC:000D DE:F5E3 HL:46E9 F:00000000 [Z:0 C:0]
[481A] INC HL                         | A:33 BC:000D DE:F5E3 HL:46EA F:00000000 [Z:0 C:0]
[481B] LD (DE), A                     | A:33 BC:000D DE:F5E3 HL:46EA F:00000000 [Z:0 C:0]
[481C] INC DE                         | A:33 BC:000D DE:F5E4 HL:46EA F:00000000 [Z:0 C:0]
[481D] DEC C                          | A:33 BC:000C DE:F5E4 HL:46EA F:00000000 [Z:0 C:0]
[481E] JR NZ -> 0x4819                | A:33 BC:000C DE:F5E4 HL:46EA F:00000000 [Z:0 C:0]
[4819] LD A, (HL)                     | A:33 BC:000C DE:F5E4 HL:46EA F:00000000 [Z:0 C:0]
[481A] INC HL                         | A:33 BC:000C DE:F5E4 HL:46EB F:00000000 [Z:0 C:0]
[481B] LD (DE), A                     | A:33 BC:000C DE:F5E4 HL:46EB F:00000000 [Z:0 C:0]
[481C] INC DE                         | A:33 BC:000C DE:F5E5 HL:46EB F:00000000 [Z:0 C:0]
[481D] DEC C                          | A:33 BC:000B DE:F5E5 HL:46EB F:00000000 [Z:0 C:0]
[481E] JR NZ -> 0x4819                | A:33 BC:000B DE:F5E5 HL:46EB F:00000000 [Z:0 C:0]
[4819] LD A, (HL)                     | A:33 BC:000B DE:F5E5 HL:46EB F:00000000 [Z:0 C:0]
[481A] INC HL                         | A:33 BC:000B DE:F5E5 HL:46EC F:00000000 [Z:0 C:0]
[481B] LD (DE), A                     | A:33 BC:000B DE:F5E5 HL:46EC F:00000000 [Z:0 C:0]
[481C] INC DE                         | A:33 BC:000B DE:F5E6 HL:46EC F:00000000 [Z:0 C:0]
[481D] DEC C                          | A:33 BC:000A DE:F5E6 HL:46EC F:00000000 [Z:0 C:0]
[481E] JR NZ -> 0x4819                | A:33 BC:000A DE:F5E6 HL:46EC F:00000000 [Z:0 C:0]
[4819] LD A, (HL)                     | A:33 BC:000A DE:F5E6 HL:46EC F:00000000 [Z:0 C:0]
[481A] INC HL                         | A:33 BC:000A DE:F5E6 HL:46ED F:00000000 [Z:0 C:0]
[481B] LD (DE), A                     | A:33 BC:000A DE:F5E6 HL:46ED F:00000000 [Z:0 C:0]
[481C] INC DE                         | A:33 BC:000A DE:F5E7 HL:46ED F:00000000 [Z:0 C:0]
[481D] DEC C                          | A:33 BC:0009 DE:F5E7 HL:46ED F:00000000 [Z:0 C:0]
[481E] JR NZ -> 0x4819                | A:33 BC:0009 DE:F5E7 HL:46ED F:00000000 [Z:0 C:0]
[4819] LD A, (HL)                     | A:33 BC:0009 DE:F5E7 HL:46ED F:00000000 [Z:0 C:0]
[481A] INC HL                         | A:33 BC:0009 DE:F5E7 HL:46EE F:00000000 [Z:0 C:0]
[481B] LD (DE), A                     | A:33 BC:0009 DE:F5E7 HL:46EE F:00000000 [Z:0 C:0]
[481C] INC DE                         | A:33 BC:0009 DE:F5E8 HL:46EE F:00000000 [Z:0 C:0]
[481D] DEC C                          | A:33 BC:0008 DE:F5E8 HL:46EE F:00000000 [Z:0 C:0]
[481E] JR NZ -> 0x4819                | A:33 BC:0008 DE:F5E8 HL:46EE F:00000000 [Z:0 C:0]
[4819] LD A, (HL)                     | A:33 BC:0008 DE:F5E8 HL:46EE F:00000000 [Z:0 C:0]
[481A] INC HL                         | A:33 BC:0008 DE:F5E8 HL:46EF F:00000000 [Z:0 C:0]
[481B] LD (DE), A                     | A:33 BC:0008 DE:F5E8 HL:46EF F:00000000 [Z:0 C:0]
[481C] INC DE                         | A:33 BC:0008 DE:F5E9 HL:46EF F:00000000 [Z:0 C:0]
[481D] DEC C                          | A:33 BC:0007 DE:F5E9 HL:46EF F:00000000 [Z:0 C:0]
[481E] JR NZ -> 0x4819                | A:33 BC:0007 DE:F5E9 HL:46EF F:00000000 [Z:0 C:0]
[4819] LD A, (HL)                     | A:33 BC:0007 DE:F5E9 HL:46EF F:00000000 [Z:0 C:0]
[481A] INC HL                         | A:33 BC:0007 DE:F5E9 HL:46F0 F:00000000 [Z:0 C:0]
[481B] LD (DE), A                     | A:33 BC:0007 DE:F5E9 HL:46F0 F:00000000 [Z:0 C:0]
[481C] INC DE                         | A:33 BC:0007 DE:F5EA HL:46F0 F:00000000 [Z:0 C:0]
[481D] DEC C                          | A:33 BC:0006 DE:F5EA HL:46F0 F:00000000 [Z:0 C:0]
[481E] JR NZ -> 0x4819                | A:33 BC:0006 DE:F5EA HL:46F0 F:00000000 [Z:0 C:0]
[4819] LD A, (HL)                     | A:33 BC:0006 DE:F5EA HL:46F0 F:00000000 [Z:0 C:0]
[481A] INC HL                         | A:33 BC:0006 DE:F5EA HL:46F1 F:00000000 [Z:0 C:0]
[481B] LD (DE), A                     | A:33 BC:0006 DE:F5EA HL:46F1 F:00000000 [Z:0 C:0]
[481C] INC DE                         | A:33 BC:0006 DE:F5EB HL:46F1 F:00000000 [Z:0 C:0]
[481D] DEC C                          | A:33 BC:0005 DE:F5EB HL:46F1 F:00000000 [Z:0 C:0]
[481E] JR NZ -> 0x4819                | A:33 BC:0005 DE:F5EB HL:46F1 F:00000000 [Z:0 C:0]
[4819] LD A, (HL)                     | A:33 BC:0005 DE:F5EB HL:46F1 F:00000000 [Z:0 C:0]
[481A] INC HL                         | A:33 BC:0005 DE:F5EB HL:46F2 F:00000000 [Z:0 C:0]
[481B] LD (DE), A                     | A:33 BC:0005 DE:F5EB HL:46F2 F:00000000 [Z:0 C:0]
[481C] INC DE                         | A:33 BC:0005 DE:F5EC HL:46F2 F:00000000 [Z:0 C:0]
[481D] DEC C                          | A:33 BC:0004 DE:F5EC HL:46F2 F:00000000 [Z:0 C:0]
[481E] JR NZ -> 0x4819                | A:33 BC:0004 DE:F5EC HL:46F2 F:00000000 [Z:0 C:0]
[4819] LD A, (HL)                     | A:33 BC:0004 DE:F5EC HL:46F2 F:00000000 [Z:0 C:0]
[481A] INC HL                         | A:33 BC:0004 DE:F5EC HL:46F3 F:00000000 [Z:0 C:0]
[481B] LD (DE), A                     | A:33 BC:0004 DE:F5EC HL:46F3 F:00000000 [Z:0 C:0]
[481C] INC DE                         | A:33 BC:0004 DE:F5ED HL:46F3 F:00000000 [Z:0 C:0]
[481D] DEC C                          | A:33 BC:0003 DE:F5ED HL:46F3 F:00000000 [Z:0 C:0]
[481E] JR NZ -> 0x4819                | A:33 BC:0003 DE:F5ED HL:46F3 F:00000000 [Z:0 C:0]
[4819] LD A, (HL)                     | A:33 BC:0003 DE:F5ED HL:46F3 F:00000000 [Z:0 C:0]
[481A] INC HL                         | A:33 BC:0003 DE:F5ED HL:46F4 F:00000000 [Z:0 C:0]
[481B] LD (DE), A                     | A:33 BC:0003 DE:F5ED HL:46F4 F:00000000 [Z:0 C:0]
[481C] INC DE                         | A:33 BC:0003 DE:F5EE HL:46F4 F:00000000 [Z:0 C:0]
[481D] DEC C                          | A:33 BC:0002 DE:F5EE HL:46F4 F:00000000 [Z:0 C:0]
[481E] JR NZ -> 0x4819                | A:33 BC:0002 DE:F5EE HL:46F4 F:00000000 [Z:0 C:0]
[4819] LD A, (HL)                     | A:33 BC:0002 DE:F5EE HL:46F4 F:00000000 [Z:0 C:0]
[481A] INC HL                         | A:33 BC:0002 DE:F5EE HL:46F5 F:00000000 [Z:0 C:0]
[481B] LD (DE), A                     | A:33 BC:0002 DE:F5EE HL:46F5 F:00000000 [Z:0 C:0]
[481C] INC DE                         | A:33 BC:0002 DE:F5EF HL:46F5 F:00000000 [Z:0 C:0]
[481D] DEC C                          | A:33 BC:0001 DE:F5EF HL:46F5 F:00000000 [Z:0 C:0]
[481E] JR NZ -> 0x4819                | A:33 BC:0001 DE:F5EF HL:46F5 F:00000000 [Z:0 C:0]
[4819] LD A, (HL)                     | A:33 BC:0001 DE:F5EF HL:46F5 F:00000000 [Z:0 C:0]
[481A] INC HL                         | A:33 BC:0001 DE:F5EF HL:46F6 F:00000000 [Z:0 C:0]
[481B] LD (DE), A                     | A:33 BC:0001 DE:F5EF HL:46F6 F:00000000 [Z:0 C:0]
[481C] INC DE                         | A:33 BC:0001 DE:F5F0 HL:46F6 F:00000000 [Z:0 C:0]
[481D] DEC C                          | A:33 BC:0000 DE:F5F0 HL:46F6 F:01000000 [Z:1 C:0]
[481E] JR NZ [not taken]              | A:33 BC:0000 DE:F5F0 HL:46F6 F:01000000 [Z:1 C:0]
[4820] LD A, (0x8000)                 | A:02 BC:0000 DE:F5F0 HL:46F6 F:01000000 [Z:1 C:0]
[4823] DEC A                          | A:01 BC:0000 DE:F5F0 HL:46F6 F:00000000 [Z:0 C:0]
[4824] LD (0x8000), A                 | A:01 BC:0000 DE:F5F0 HL:46F6 F:00000000 [Z:0 C:0]
[4827] JR NZ -> 0x4813                | A:01 BC:0000 DE:F5F0 HL:46F6 F:00000000 [Z:0 C:0]
[4813] LD E, (HL)                     | A:01 BC:0000 DE:F5A0 HL:46F6 F:00000000 [Z:0 C:0]
[4814] INC HL                         | A:01 BC:0000 DE:F5A0 HL:46F7 F:00000000 [Z:0 C:0]
[4815] LD D, (HL)                     | A:01 BC:0000 DE:FDA0 HL:46F7 F:00000000 [Z:0 C:0]
[4816] INC HL                         | A:01 BC:0000 DE:FDA0 HL:46F8 F:00000000 [Z:0 C:0]
[4817] LD C, 0x50                     | A:01 BC:0050 DE:FDA0 HL:46F8 F:00000000 [Z:0 C:0]
[4819] LD A, (HL)                     | A:33 BC:0050 DE:FDA0 HL:46F8 F:00000000 [Z:0 C:0]
[481A] INC HL                         | A:33 BC:0050 DE:FDA0 HL:46F9 F:00000000 [Z:0 C:0]
[481B] LD (DE), A                     | A:33 BC:0050 DE:FDA0 HL:46F9 F:00000000 [Z:0 C:0]
[481C] INC DE                         | A:33 BC:0050 DE:FDA1 HL:46F9 F:00000000 [Z:0 C:0]
[481D] DEC C                          | A:33 BC:004F DE:FDA1 HL:46F9 F:00000000 [Z:0 C:0]
[481E] JR NZ -> 0x4819                | A:33 BC:004F DE:FDA1 HL:46F9 F:00000000 [Z:0 C:0]
[4819] LD A, (HL)                     | A:33 BC:004F DE:FDA1 HL:46F9 F:00000000 [Z:0 C:0]
[481A] INC HL                         | A:33 BC:004F DE:FDA1 HL:46FA F:00000000 [Z:0 C:0]
[481B] LD (DE), A                     | A:33 BC:004F DE:FDA1 HL:46FA F:00000000 [Z:0 C:0]
[481C] INC DE                         | A:33 BC:004F DE:FDA2 HL:46FA F:00000000 [Z:0 C:0]
[481D] DEC C                          | A:33 BC:004E DE:FDA2 HL:46FA F:00000000 [Z:0 C:0]
[481E] JR NZ -> 0x4819                | A:33 BC:004E DE:FDA2 HL:46FA F:00000000 [Z:0 C:0]
[4819] LD A, (HL)                     | A:33 BC:004E DE:FDA2 HL:46FA F:00000000 [Z:0 C:0]
[481A] INC HL                         | A:33 BC:004E DE:FDA2 HL:46FB F:00000000 [Z:0 C:0]
[481B] LD (DE), A                     | A:33 BC:004E DE:FDA2 HL:46FB F:00000000 [Z:0 C:0]
[481C] INC DE                         | A:33 BC:004E DE:FDA3 HL:46FB F:00000000 [Z:0 C:0]
[481D] DEC C                          | A:33 BC:004D DE:FDA3 HL:46FB F:00000000 [Z:0 C:0]
[481E] JR NZ -> 0x4819                | A:33 BC:004D DE:FDA3 HL:46FB F:00000000 [Z:0 C:0]
[4819] LD A, (HL)                     | A:33 BC:004D DE:FDA3 HL:46FB F:00000000 [Z:0 C:0]
[481A] INC HL                         | A:33 BC:004D DE:FDA3 HL:46FC F:00000000 [Z:0 C:0]
[481B] LD (DE), A                     | A:33 BC:004D DE:FDA3 HL:46FC F:00000000 [Z:0 C:0]
[481C] INC DE                         | A:33 BC:004D DE:FDA4 HL:46FC F:00000000 [Z:0 C:0]
[481D] DEC C                          | A:33 BC:004C DE:FDA4 HL:46FC F:00000000 [Z:0 C:0]
[481E] JR NZ -> 0x4819                | A:33 BC:004C DE:FDA4 HL:46FC F:00000000 [Z:0 C:0]
[4819] LD A, (HL)                     | A:33 BC:004C DE:FDA4 HL:46FC F:00000000 [Z:0 C:0]
[481A] INC HL                         | A:33 BC:004C DE:FDA4 HL:46FD F:00000000 [Z:0 C:0]
[481B] LD (DE), A                     | A:33 BC:004C DE:FDA4 HL:46FD F:00000000 [Z:0 C:0]
[481C] INC DE                         | A:33 BC:004C DE:FDA5 HL:46FD F:00000000 [Z:0 C:0]
[481D] DEC C                          | A:33 BC:004B DE:FDA5 HL:46FD F:00000000 [Z:0 C:0]
[481E] JR NZ -> 0x4819                | A:33 BC:004B DE:FDA5 HL:46FD F:00000000 [Z:0 C:0]
[4819] LD A, (HL)                     | A:33 BC:004B DE:FDA5 HL:46FD F:00000000 [Z:0 C:0]
[481A] INC HL                         | A:33 BC:004B DE:FDA5 HL:46FE F:00000000 [Z:0 C:0]
[481B] LD (DE), A                     | A:33 BC:004B DE:FDA5 HL:46FE F:00000000 [Z:0 C:0]
[481C] INC DE                         | A:33 BC:004B DE:FDA6 HL:46FE F:00000000 [Z:0 C:0]
[481D] DEC C                          | A:33 BC:004A DE:FDA6 HL:46FE F:00000000 [Z:0 C:0]
[481E] JR NZ -> 0x4819                | A:33 BC:004A DE:FDA6 HL:46FE F:00000000 [Z:0 C:0]
[4819] LD A, (HL)                     | A:33 BC:004A DE:FDA6 HL:46FE F:00000000 [Z:0 C:0]
[481A] INC HL                         | A:33 BC:004A DE:FDA6 HL:46FF F:00000000 [Z:0 C:0]
[481B] LD (DE), A                     | A:33 BC:004A DE:FDA6 HL:46FF F:00000000 [Z:0 C:0]
[481C] INC DE                         | A:33 BC:004A DE:FDA7 HL:46FF F:00000000 [Z:0 C:0]
[481D] DEC C                          | A:33 BC:0049 DE:FDA7 HL:46FF F:00000000 [Z:0 C:0]
[481E] JR NZ -> 0x4819                | A:33 BC:0049 DE:FDA7 HL:46FF F:00000000 [Z:0 C:0]
[4819] LD A, (HL)                     | A:33 BC:0049 DE:FDA7 HL:46FF F:00000000 [Z:0 C:0]
[481A] INC HL                         | A:33 BC:0049 DE:FDA7 HL:4700 F:00000000 [Z:0 C:0]
[481B] LD (DE), A                     | A:33 BC:0049 DE:FDA7 HL:4700 F:00000000 [Z:0 C:0]
[481C] INC DE                         | A:33 BC:0049 DE:FDA8 HL:4700 F:00000000 [Z:0 C:0]
[481D] DEC C                          | A:33 BC:0048 DE:FDA8 HL:4700 F:00000000 [Z:0 C:0]
[481E] JR NZ -> 0x4819                | A:33 BC:0048 DE:FDA8 HL:4700 F:00000000 [Z:0 C:0]
[4819] LD A, (HL)                     | A:33 BC:0048 DE:FDA8 HL:4700 F:00000000 [Z:0 C:0]
[481A] INC HL                         | A:33 BC:0048 DE:FDA8 HL:4701 F:00000000 [Z:0 C:0]
[481B] LD (DE), A                     | A:33 BC:0048 DE:FDA8 HL:4701 F:00000000 [Z:0 C:0]
[481C] INC DE                         | A:33 BC:0048 DE:FDA9 HL:4701 F:00000000 [Z:0 C:0]
[481D] DEC C                          | A:33 BC:0047 DE:FDA9 HL:4701 F:00000000 [Z:0 C:0]
[481E] JR NZ -> 0x4819                | A:33 BC:0047 DE:FDA9 HL:4701 F:00000000 [Z:0 C:0]
[4819] LD A, (HL)                     | A:33 BC:0047 DE:FDA9 HL:4701 F:00000000 [Z:0 C:0]
[481A] INC HL                         | A:33 BC:0047 DE:FDA9 HL:4702 F:00000000 [Z:0 C:0]
[481B] LD (DE), A                     | A:33 BC:0047 DE:FDA9 HL:4702 F:00000000 [Z:0 C:0]
[481C] INC DE                         | A:33 BC:0047 DE:FDAA HL:4702 F:00000000 [Z:0 C:0]
[481D] DEC C                          | A:33 BC:0046 DE:FDAA HL:4702 F:00000000 [Z:0 C:0]
[481E] JR NZ -> 0x4819                | A:33 BC:0046 DE:FDAA HL:4702 F:00000000 [Z:0 C:0]
[4819] LD A, (HL)                     | A:33 BC:0046 DE:FDAA HL:4702 F:00000000 [Z:0 C:0]
[481A] INC HL                         | A:33 BC:0046 DE:FDAA HL:4703 F:00000000 [Z:0 C:0]
[481B] LD (DE), A                     | A:33 BC:0046 DE:FDAA HL:4703 F:00000000 [Z:0 C:0]
[481C] INC DE                         | A:33 BC:0046 DE:FDAB HL:4703 F:00000000 [Z:0 C:0]
[481D] DEC C                          | A:33 BC:0045 DE:FDAB HL:4703 F:00000000 [Z:0 C:0]
[481E] JR NZ -> 0x4819                | A:33 BC:0045 DE:FDAB HL:4703 F:00000000 [Z:0 C:0]
[4819] LD A, (HL)                     | A:33 BC:0045 DE:FDAB HL:4703 F:00000000 [Z:0 C:0]
[481A] INC HL                         | A:33 BC:0045 DE:FDAB HL:4704 F:00000000 [Z:0 C:0]
[481B] LD (DE), A                     | A:33 BC:0045 DE:FDAB HL:4704 F:00000000 [Z:0 C:0]
[481C] INC DE                         | A:33 BC:0045 DE:FDAC HL:4704 F:00000000 [Z:0 C:0]
[481D] DEC C                          | A:33 BC:0044 DE:FDAC HL:4704 F:00000000 [Z:0 C:0]
[481E] JR NZ -> 0x4819                | A:33 BC:0044 DE:FDAC HL:4704 F:00000000 [Z:0 C:0]
[4819] LD A, (HL)                     | A:33 BC:0044 DE:FDAC HL:4704 F:00000000 [Z:0 C:0]
[481A] INC HL                         | A:33 BC:0044 DE:FDAC HL:4705 F:00000000 [Z:0 C:0]
[481B] LD (DE), A                     | A:33 BC:0044 DE:FDAC HL:4705 F:00000000 [Z:0 C:0]
[481C] INC DE                         | A:33 BC:0044 DE:FDAD HL:4705 F:00000000 [Z:0 C:0]
[481D] DEC C                          | A:33 BC:0043 DE:FDAD HL:4705 F:00000000 [Z:0 C:0]
[481E] JR NZ -> 0x4819                | A:33 BC:0043 DE:FDAD HL:4705 F:00000000 [Z:0 C:0]
[4819] LD A, (HL)                     | A:33 BC:0043 DE:FDAD HL:4705 F:00000000 [Z:0 C:0]
[481A] INC HL                         | A:33 BC:0043 DE:FDAD HL:4706 F:00000000 [Z:0 C:0]
[481B] LD (DE), A                     | A:33 BC:0043 DE:FDAD HL:4706 F:00000000 [Z:0 C:0]
[481C] INC DE                         | A:33 BC:0043 DE:FDAE HL:4706 F:00000000 [Z:0 C:0]
[481D] DEC C                          | A:33 BC:0042 DE:FDAE HL:4706 F:00000000 [Z:0 C:0]
[481E] JR NZ -> 0x4819                | A:33 BC:0042 DE:FDAE HL:4706 F:00000000 [Z:0 C:0]
[4819] LD A, (HL)                     | A:33 BC:0042 DE:FDAE HL:4706 F:00000000 [Z:0 C:0]
[481A] INC HL                         | A:33 BC:0042 DE:FDAE HL:4707 F:00000000 [Z:0 C:0]
[481B] LD (DE), A                     | A:33 BC:0042 DE:FDAE HL:4707 F:00000000 [Z:0 C:0]
[481C] INC DE                         | A:33 BC:0042 DE:FDAF HL:4707 F:00000000 [Z:0 C:0]
[481D] DEC C                          | A:33 BC:0041 DE:FDAF HL:4707 F:00000000 [Z:0 C:0]
[481E] JR NZ -> 0x4819                | A:33 BC:0041 DE:FDAF HL:4707 F:00000000 [Z:0 C:0]
[4819] LD A, (HL)                     | A:33 BC:0041 DE:FDAF HL:4707 F:00000000 [Z:0 C:0]
[481A] INC HL                         | A:33 BC:0041 DE:FDAF HL:4708 F:00000000 [Z:0 C:0]
[481B] LD (DE), A                     | A:33 BC:0041 DE:FDAF HL:4708 F:00000000 [Z:0 C:0]
[481C] INC DE                         | A:33 BC:0041 DE:FDB0 HL:4708 F:00000000 [Z:0 C:0]
[481D] DEC C                          | A:33 BC:0040 DE:FDB0 HL:4708 F:00000000 [Z:0 C:0]
[481E] JR NZ -> 0x4819                | A:33 BC:0040 DE:FDB0 HL:4708 F:00000000 [Z:0 C:0]
[4819] LD A, (HL)                     | A:33 BC:0040 DE:FDB0 HL:4708 F:00000000 [Z:0 C:0]
[481A] INC HL                         | A:33 BC:0040 DE:FDB0 HL:4709 F:00000000 [Z:0 C:0]
[481B] LD (DE), A                     | A:33 BC:0040 DE:FDB0 HL:4709 F:00000000 [Z:0 C:0]
[481C] INC DE                         | A:33 BC:0040 DE:FDB1 HL:4709 F:00000000 [Z:0 C:0]
[481D] DEC C                          | A:33 BC:003F DE:FDB1 HL:4709 F:00000000 [Z:0 C:0]
[481E] JR NZ -> 0x4819                | A:33 BC:003F DE:FDB1 HL:4709 F:00000000 [Z:0 C:0]
[4819] LD A, (HL)                     | A:33 BC:003F DE:FDB1 HL:4709 F:00000000 [Z:0 C:0]
[481A] INC HL                         | A:33 BC:003F DE:FDB1 HL:470A F:00000000 [Z:0 C:0]
[481B] LD (DE), A                     | A:33 BC:003F DE:FDB1 HL:470A F:00000000 [Z:0 C:0]
[481C] INC DE                         | A:33 BC:003F DE:FDB2 HL:470A F:00000000 [Z:0 C:0]
[481D] DEC C                          | A:33 BC:003E DE:FDB2 HL:470A F:00000000 [Z:0 C:0]
[481E] JR NZ -> 0x4819                | A:33 BC:003E DE:FDB2 HL:470A F:00000000 [Z:0 C:0]
[4819] LD A, (HL)                     | A:33 BC:003E DE:FDB2 HL:470A F:00000000 [Z:0 C:0]
[481A] INC HL                         | A:33 BC:003E DE:FDB2 HL:470B F:00000000 [Z:0 C:0]
[481B] LD (DE), A                     | A:33 BC:003E DE:FDB2 HL:470B F:00000000 [Z:0 C:0]
[481C] INC DE                         | A:33 BC:003E DE:FDB3 HL:470B F:00000000 [Z:0 C:0]
[481D] DEC C                          | A:33 BC:003D DE:FDB3 HL:470B F:00000000 [Z:0 C:0]
[481E] JR NZ -> 0x4819                | A:33 BC:003D DE:FDB3 HL:470B F:00000000 [Z:0 C:0]
[4819] LD A, (HL)                     | A:33 BC:003D DE:FDB3 HL:470B F:00000000 [Z:0 C:0]
[481A] INC HL                         | A:33 BC:003D DE:FDB3 HL:470C F:00000000 [Z:0 C:0]
[481B] LD (DE), A                     | A:33 BC:003D DE:FDB3 HL:470C F:00000000 [Z:0 C:0]
[481C] INC DE                         | A:33 BC:003D DE:FDB4 HL:470C F:00000000 [Z:0 C:0]
[481D] DEC C                          | A:33 BC:003C DE:FDB4 HL:470C F:00000000 [Z:0 C:0]
[481E] JR NZ -> 0x4819                | A:33 BC:003C DE:FDB4 HL:470C F:00000000 [Z:0 C:0]
[4819] LD A, (HL)                     | A:33 BC:003C DE:FDB4 HL:470C F:00000000 [Z:0 C:0]
[481A] INC HL                         | A:33 BC:003C DE:FDB4 HL:470D F:00000000 [Z:0 C:0]
[481B] LD (DE), A                     | A:33 BC:003C DE:FDB4 HL:470D F:00000000 [Z:0 C:0]
[481C] INC DE                         | A:33 BC:003C DE:FDB5 HL:470D F:00000000 [Z:0 C:0]
[481D] DEC C                          | A:33 BC:003B DE:FDB5 HL:470D F:00000000 [Z:0 C:0]
[481E] JR NZ -> 0x4819                | A:33 BC:003B DE:FDB5 HL:470D F:00000000 [Z:0 C:0]
[4819] LD A, (HL)                     | A:33 BC:003B DE:FDB5 HL:470D F:00000000 [Z:0 C:0]
[481A] INC HL                         | A:33 BC:003B DE:FDB5 HL:470E F:00000000 [Z:0 C:0]
[481B] LD (DE), A                     | A:33 BC:003B DE:FDB5 HL:470E F:00000000 [Z:0 C:0]
[481C] INC DE                         | A:33 BC:003B DE:FDB6 HL:470E F:00000000 [Z:0 C:0]
[481D] DEC C                          | A:33 BC:003A DE:FDB6 HL:470E F:00000000 [Z:0 C:0]
[481E] JR NZ -> 0x4819                | A:33 BC:003A DE:FDB6 HL:470E F:00000000 [Z:0 C:0]
[4819] LD A, (HL)                     | A:33 BC:003A DE:FDB6 HL:470E F:00000000 [Z:0 C:0]
[481A] INC HL                         | A:33 BC:003A DE:FDB6 HL:470F F:00000000 [Z:0 C:0]
[481B] LD (DE), A                     | A:33 BC:003A DE:FDB6 HL:470F F:00000000 [Z:0 C:0]
[481C] INC DE                         | A:33 BC:003A DE:FDB7 HL:470F F:00000000 [Z:0 C:0]
[481D] DEC C                          | A:33 BC:0039 DE:FDB7 HL:470F F:00000000 [Z:0 C:0]
[481E] JR NZ -> 0x4819                | A:33 BC:0039 DE:FDB7 HL:470F F:00000000 [Z:0 C:0]
[4819] LD A, (HL)                     | A:33 BC:0039 DE:FDB7 HL:470F F:00000000 [Z:0 C:0]
[481A] INC HL                         | A:33 BC:0039 DE:FDB7 HL:4710 F:00000000 [Z:0 C:0]
[481B] LD (DE), A                     | A:33 BC:0039 DE:FDB7 HL:4710 F:00000000 [Z:0 C:0]
[481C] INC DE                         | A:33 BC:0039 DE:FDB8 HL:4710 F:00000000 [Z:0 C:0]
[481D] DEC C                          | A:33 BC:0038 DE:FDB8 HL:4710 F:00000000 [Z:0 C:0]
[481E] JR NZ -> 0x4819                | A:33 BC:0038 DE:FDB8 HL:4710 F:00000000 [Z:0 C:0]
[4819] LD A, (HL)                     | A:33 BC:0038 DE:FDB8 HL:4710 F:00000000 [Z:0 C:0]
[481A] INC HL                         | A:33 BC:0038 DE:FDB8 HL:4711 F:00000000 [Z:0 C:0]
[481B] LD (DE), A                     | A:33 BC:0038 DE:FDB8 HL:4711 F:00000000 [Z:0 C:0]
[481C] INC DE                         | A:33 BC:0038 DE:FDB9 HL:4711 F:00000000 [Z:0 C:0]
[481D] DEC C                          | A:33 BC:0037 DE:FDB9 HL:4711 F:00000000 [Z:0 C:0]
[481E] JR NZ -> 0x4819                | A:33 BC:0037 DE:FDB9 HL:4711 F:00000000 [Z:0 C:0]
[4819] LD A, (HL)                     | A:33 BC:0037 DE:FDB9 HL:4711 F:00000000 [Z:0 C:0]
[481A] INC HL                         | A:33 BC:0037 DE:FDB9 HL:4712 F:00000000 [Z:0 C:0]
[481B] LD (DE), A                     | A:33 BC:0037 DE:FDB9 HL:4712 F:00000000 [Z:0 C:0]
[481C] INC DE                         | A:33 BC:0037 DE:FDBA HL:4712 F:00000000 [Z:0 C:0]
[481D] DEC C                          | A:33 BC:0036 DE:FDBA HL:4712 F:00000000 [Z:0 C:0]
[481E] JR NZ -> 0x4819                | A:33 BC:0036 DE:FDBA HL:4712 F:00000000 [Z:0 C:0]
[4819] LD A, (HL)                     | A:33 BC:0036 DE:FDBA HL:4712 F:00000000 [Z:0 C:0]
[481A] INC HL                         | A:33 BC:0036 DE:FDBA HL:4713 F:00000000 [Z:0 C:0]
[481B] LD (DE), A                     | A:33 BC:0036 DE:FDBA HL:4713 F:00000000 [Z:0 C:0]
[481C] INC DE                         | A:33 BC:0036 DE:FDBB HL:4713 F:00000000 [Z:0 C:0]
[481D] DEC C                          | A:33 BC:0035 DE:FDBB HL:4713 F:00000000 [Z:0 C:0]
[481E] JR NZ -> 0x4819                | A:33 BC:0035 DE:FDBB HL:4713 F:00000000 [Z:0 C:0]
[4819] LD A, (HL)                     | A:33 BC:0035 DE:FDBB HL:4713 F:00000000 [Z:0 C:0]
[481A] INC HL                         | A:33 BC:0035 DE:FDBB HL:4714 F:00000000 [Z:0 C:0]
[481B] LD (DE), A                     | A:33 BC:0035 DE:FDBB HL:4714 F:00000000 [Z:0 C:0]
[481C] INC DE                         | A:33 BC:0035 DE:FDBC HL:4714 F:00000000 [Z:0 C:0]
[481D] DEC C                          | A:33 BC:0034 DE:FDBC HL:4714 F:00000000 [Z:0 C:0]
[481E] JR NZ -> 0x4819                | A:33 BC:0034 DE:FDBC HL:4714 F:00000000 [Z:0 C:0]
[4819] LD A, (HL)                     | A:33 BC:0034 DE:FDBC HL:4714 F:00000000 [Z:0 C:0]
[481A] INC HL                         | A:33 BC:0034 DE:FDBC HL:4715 F:00000000 [Z:0 C:0]
[481B] LD (DE), A                     | A:33 BC:0034 DE:FDBC HL:4715 F:00000000 [Z:0 C:0]
[481C] INC DE                         | A:33 BC:0034 DE:FDBD HL:4715 F:00000000 [Z:0 C:0]
[481D] DEC C                          | A:33 BC:0033 DE:FDBD HL:4715 F:00000000 [Z:0 C:0]
[481E] JR NZ -> 0x4819                | A:33 BC:0033 DE:FDBD HL:4715 F:00000000 [Z:0 C:0]
[4819] LD A, (HL)                     | A:33 BC:0033 DE:FDBD HL:4715 F:00000000 [Z:0 C:0]
[481A] INC HL                         | A:33 BC:0033 DE:FDBD HL:4716 F:00000000 [Z:0 C:0]
[481B] LD (DE), A                     | A:33 BC:0033 DE:FDBD HL:4716 F:00000000 [Z:0 C:0]
[481C] INC DE                         | A:33 BC:0033 DE:FDBE HL:4716 F:00000000 [Z:0 C:0]
[481D] DEC C                          | A:33 BC:0032 DE:FDBE HL:4716 F:00000000 [Z:0 C:0]
[481E] JR NZ -> 0x4819                | A:33 BC:0032 DE:FDBE HL:4716 F:00000000 [Z:0 C:0]
[4819] LD A, (HL)                     | A:33 BC:0032 DE:FDBE HL:4716 F:00000000 [Z:0 C:0]
[481A] INC HL                         | A:33 BC:0032 DE:FDBE HL:4717 F:00000000 [Z:0 C:0]
[481B] LD (DE), A                     | A:33 BC:0032 DE:FDBE HL:4717 F:00000000 [Z:0 C:0]
[481C] INC DE                         | A:33 BC:0032 DE:FDBF HL:4717 F:00000000 [Z:0 C:0]
[481D] DEC C                          | A:33 BC:0031 DE:FDBF HL:4717 F:00000000 [Z:0 C:0]
[481E] JR NZ -> 0x4819                | A:33 BC:0031 DE:FDBF HL:4717 F:00000000 [Z:0 C:0]
[4819] LD A, (HL)                     | A:33 BC:0031 DE:FDBF HL:4717 F:00000000 [Z:0 C:0]
[481A] INC HL                         | A:33 BC:0031 DE:FDBF HL:4718 F:00000000 [Z:0 C:0]
[481B] LD (DE), A                     | A:33 BC:0031 DE:FDBF HL:4718 F:00000000 [Z:0 C:0]
[481C] INC DE                         | A:33 BC:0031 DE:FDC0 HL:4718 F:00000000 [Z:0 C:0]
[481D] DEC C                          | A:33 BC:0030 DE:FDC0 HL:4718 F:00000000 [Z:0 C:0]
[481E] JR NZ -> 0x4819                | A:33 BC:0030 DE:FDC0 HL:4718 F:00000000 [Z:0 C:0]
[4819] LD A, (HL)                     | A:33 BC:0030 DE:FDC0 HL:4718 F:00000000 [Z:0 C:0]
[481A] INC HL                         | A:33 BC:0030 DE:FDC0 HL:4719 F:00000000 [Z:0 C:0]
[481B] LD (DE), A                     | A:33 BC:0030 DE:FDC0 HL:4719 F:00000000 [Z:0 C:0]
[481C] INC DE                         | A:33 BC:0030 DE:FDC1 HL:4719 F:00000000 [Z:0 C:0]
[481D] DEC C                          | A:33 BC:002F DE:FDC1 HL:4719 F:00000000 [Z:0 C:0]
[481E] JR NZ -> 0x4819                | A:33 BC:002F DE:FDC1 HL:4719 F:00000000 [Z:0 C:0]
[4819] LD A, (HL)                     | A:33 BC:002F DE:FDC1 HL:4719 F:00000000 [Z:0 C:0]
[481A] INC HL                         | A:33 BC:002F DE:FDC1 HL:471A F:00000000 [Z:0 C:0]
[481B] LD (DE), A                     | A:33 BC:002F DE:FDC1 HL:471A F:00000000 [Z:0 C:0]
[481C] INC DE                         | A:33 BC:002F DE:FDC2 HL:471A F:00000000 [Z:0 C:0]
[481D] DEC C                          | A:33 BC:002E DE:FDC2 HL:471A F:00000000 [Z:0 C:0]
[481E] JR NZ -> 0x4819                | A:33 BC:002E DE:FDC2 HL:471A F:00000000 [Z:0 C:0]
[4819] LD A, (HL)                     | A:33 BC:002E DE:FDC2 HL:471A F:00000000 [Z:0 C:0]
[481A] INC HL                         | A:33 BC:002E DE:FDC2 HL:471B F:00000000 [Z:0 C:0]
[481B] LD (DE), A                     | A:33 BC:002E DE:FDC2 HL:471B F:00000000 [Z:0 C:0]
[481C] INC DE                         | A:33 BC:002E DE:FDC3 HL:471B F:00000000 [Z:0 C:0]
[481D] DEC C                          | A:33 BC:002D DE:FDC3 HL:471B F:00000000 [Z:0 C:0]
[481E] JR NZ -> 0x4819                | A:33 BC:002D DE:FDC3 HL:471B F:00000000 [Z:0 C:0]
[4819] LD A, (HL)                     | A:33 BC:002D DE:FDC3 HL:471B F:00000000 [Z:0 C:0]
[481A] INC HL                         | A:33 BC:002D DE:FDC3 HL:471C F:00000000 [Z:0 C:0]
[481B] LD (DE), A                     | A:33 BC:002D DE:FDC3 HL:471C F:00000000 [Z:0 C:0]
[481C] INC DE                         | A:33 BC:002D DE:FDC4 HL:471C F:00000000 [Z:0 C:0]
[481D] DEC C                          | A:33 BC:002C DE:FDC4 HL:471C F:00000000 [Z:0 C:0]
[481E] JR NZ -> 0x4819                | A:33 BC:002C DE:FDC4 HL:471C F:00000000 [Z:0 C:0]
[4819] LD A, (HL)                     | A:33 BC:002C DE:FDC4 HL:471C F:00000000 [Z:0 C:0]
[481A] INC HL                         | A:33 BC:002C DE:FDC4 HL:471D F:00000000 [Z:0 C:0]
[481B] LD (DE), A                     | A:33 BC:002C DE:FDC4 HL:471D F:00000000 [Z:0 C:0]
[481C] INC DE                         | A:33 BC:002C DE:FDC5 HL:471D F:00000000 [Z:0 C:0]
[481D] DEC C                          | A:33 BC:002B DE:FDC5 HL:471D F:00000000 [Z:0 C:0]
[481E] JR NZ -> 0x4819                | A:33 BC:002B DE:FDC5 HL:471D F:00000000 [Z:0 C:0]
[4819] LD A, (HL)                     | A:33 BC:002B DE:FDC5 HL:471D F:00000000 [Z:0 C:0]
[481A] INC HL                         | A:33 BC:002B DE:FDC5 HL:471E F:00000000 [Z:0 C:0]
[481B] LD (DE), A                     | A:33 BC:002B DE:FDC5 HL:471E F:00000000 [Z:0 C:0]
[481C] INC DE                         | A:33 BC:002B DE:FDC6 HL:471E F:00000000 [Z:0 C:0]
[481D] DEC C                          | A:33 BC:002A DE:FDC6 HL:471E F:00000000 [Z:0 C:0]
[481E] JR NZ -> 0x4819                | A:33 BC:002A DE:FDC6 HL:471E F:00000000 [Z:0 C:0]
[4819] LD A, (HL)                     | A:33 BC:002A DE:FDC6 HL:471E F:00000000 [Z:0 C:0]
[481A] INC HL                         | A:33 BC:002A DE:FDC6 HL:471F F:00000000 [Z:0 C:0]
[481B] LD (DE), A                     | A:33 BC:002A DE:FDC6 HL:471F F:00000000 [Z:0 C:0]
[481C] INC DE                         | A:33 BC:002A DE:FDC7 HL:471F F:00000000 [Z:0 C:0]
[481D] DEC C                          | A:33 BC:0029 DE:FDC7 HL:471F F:00000000 [Z:0 C:0]
[481E] JR NZ -> 0x4819                | A:33 BC:0029 DE:FDC7 HL:471F F:00000000 [Z:0 C:0]
[4819] LD A, (HL)                     | A:33 BC:0029 DE:FDC7 HL:471F F:00000000 [Z:0 C:0]
[481A] INC HL                         | A:33 BC:0029 DE:FDC7 HL:4720 F:00000000 [Z:0 C:0]
[481B] LD (DE), A                     | A:33 BC:0029 DE:FDC7 HL:4720 F:00000000 [Z:0 C:0]
[481C] INC DE                         | A:33 BC:0029 DE:FDC8 HL:4720 F:00000000 [Z:0 C:0]
[481D] DEC C                          | A:33 BC:0028 DE:FDC8 HL:4720 F:00000000 [Z:0 C:0]
[481E] JR NZ -> 0x4819                | A:33 BC:0028 DE:FDC8 HL:4720 F:00000000 [Z:0 C:0]
[4819] LD A, (HL)                     | A:33 BC:0028 DE:FDC8 HL:4720 F:00000000 [Z:0 C:0]
[481A] INC HL                         | A:33 BC:0028 DE:FDC8 HL:4721 F:00000000 [Z:0 C:0]
[481B] LD (DE), A                     | A:33 BC:0028 DE:FDC8 HL:4721 F:00000000 [Z:0 C:0]
[481C] INC DE                         | A:33 BC:0028 DE:FDC9 HL:4721 F:00000000 [Z:0 C:0]
[481D] DEC C                          | A:33 BC:0027 DE:FDC9 HL:4721 F:00000000 [Z:0 C:0]
[481E] JR NZ -> 0x4819                | A:33 BC:0027 DE:FDC9 HL:4721 F:00000000 [Z:0 C:0]
[4819] LD A, (HL)                     | A:33 BC:0027 DE:FDC9 HL:4721 F:00000000 [Z:0 C:0]
[481A] INC HL                         | A:33 BC:0027 DE:FDC9 HL:4722 F:00000000 [Z:0 C:0]
[481B] LD (DE), A                     | A:33 BC:0027 DE:FDC9 HL:4722 F:00000000 [Z:0 C:0]
[481C] INC DE                         | A:33 BC:0027 DE:FDCA HL:4722 F:00000000 [Z:0 C:0]
[481D] DEC C                          | A:33 BC:0026 DE:FDCA HL:4722 F:00000000 [Z:0 C:0]
[481E] JR NZ -> 0x4819                | A:33 BC:0026 DE:FDCA HL:4722 F:00000000 [Z:0 C:0]
[4819] LD A, (HL)                     | A:33 BC:0026 DE:FDCA HL:4722 F:00000000 [Z:0 C:0]
[481A] INC HL                         | A:33 BC:0026 DE:FDCA HL:4723 F:00000000 [Z:0 C:0]
[481B] LD (DE), A                     | A:33 BC:0026 DE:FDCA HL:4723 F:00000000 [Z:0 C:0]
[481C] INC DE                         | A:33 BC:0026 DE:FDCB HL:4723 F:00000000 [Z:0 C:0]
[481D] DEC C                          | A:33 BC:0025 DE:FDCB HL:4723 F:00000000 [Z:0 C:0]
[481E] JR NZ -> 0x4819                | A:33 BC:0025 DE:FDCB HL:4723 F:00000000 [Z:0 C:0]
[4819] LD A, (HL)                     | A:33 BC:0025 DE:FDCB HL:4723 F:00000000 [Z:0 C:0]
[481A] INC HL                         | A:33 BC:0025 DE:FDCB HL:4724 F:00000000 [Z:0 C:0]
[481B] LD (DE), A                     | A:33 BC:0025 DE:FDCB HL:4724 F:00000000 [Z:0 C:0]
[481C] INC DE                         | A:33 BC:0025 DE:FDCC HL:4724 F:00000000 [Z:0 C:0]
[481D] DEC C                          | A:33 BC:0024 DE:FDCC HL:4724 F:00000000 [Z:0 C:0]
[481E] JR NZ -> 0x4819                | A:33 BC:0024 DE:FDCC HL:4724 F:00000000 [Z:0 C:0]
[4819] LD A, (HL)                     | A:33 BC:0024 DE:FDCC HL:4724 F:00000000 [Z:0 C:0]
[481A] INC HL                         | A:33 BC:0024 DE:FDCC HL:4725 F:00000000 [Z:0 C:0]
[481B] LD (DE), A                     | A:33 BC:0024 DE:FDCC HL:4725 F:00000000 [Z:0 C:0]
[481C] INC DE                         | A:33 BC:0024 DE:FDCD HL:4725 F:00000000 [Z:0 C:0]
[481D] DEC C                          | A:33 BC:0023 DE:FDCD HL:4725 F:00000000 [Z:0 C:0]
[481E] JR NZ -> 0x4819                | A:33 BC:0023 DE:FDCD HL:4725 F:00000000 [Z:0 C:0]
[4819] LD A, (HL)                     | A:33 BC:0023 DE:FDCD HL:4725 F:00000000 [Z:0 C:0]
[481A] INC HL                         | A:33 BC:0023 DE:FDCD HL:4726 F:00000000 [Z:0 C:0]
[481B] LD (DE), A                     | A:33 BC:0023 DE:FDCD HL:4726 F:00000000 [Z:0 C:0]
[481C] INC DE                         | A:33 BC:0023 DE:FDCE HL:4726 F:00000000 [Z:0 C:0]
[481D] DEC C                          | A:33 BC:0022 DE:FDCE HL:4726 F:00000000 [Z:0 C:0]
[481E] JR NZ -> 0x4819                | A:33 BC:0022 DE:FDCE HL:4726 F:00000000 [Z:0 C:0]
[4819] LD A, (HL)                     | A:33 BC:0022 DE:FDCE HL:4726 F:00000000 [Z:0 C:0]
[481A] INC HL                         | A:33 BC:0022 DE:FDCE HL:4727 F:00000000 [Z:0 C:0]
[481B] LD (DE), A                     | A:33 BC:0022 DE:FDCE HL:4727 F:00000000 [Z:0 C:0]
[481C] INC DE                         | A:33 BC:0022 DE:FDCF HL:4727 F:00000000 [Z:0 C:0]
[481D] DEC C                          | A:33 BC:0021 DE:FDCF HL:4727 F:00000000 [Z:0 C:0]
[481E] JR NZ -> 0x4819                | A:33 BC:0021 DE:FDCF HL:4727 F:00000000 [Z:0 C:0]
[4819] LD A, (HL)                     | A:33 BC:0021 DE:FDCF HL:4727 F:00000000 [Z:0 C:0]
[481A] INC HL                         | A:33 BC:0021 DE:FDCF HL:4728 F:00000000 [Z:0 C:0]
[481B] LD (DE), A                     | A:33 BC:0021 DE:FDCF HL:4728 F:00000000 [Z:0 C:0]
[481C] INC DE                         | A:33 BC:0021 DE:FDD0 HL:4728 F:00000000 [Z:0 C:0]
[481D] DEC C                          | A:33 BC:0020 DE:FDD0 HL:4728 F:00000000 [Z:0 C:0]
[481E] JR NZ -> 0x4819                | A:33 BC:0020 DE:FDD0 HL:4728 F:00000000 [Z:0 C:0]
[4819] LD A, (HL)                     | A:33 BC:0020 DE:FDD0 HL:4728 F:00000000 [Z:0 C:0]
[481A] INC HL                         | A:33 BC:0020 DE:FDD0 HL:4729 F:00000000 [Z:0 C:0]
[481B] LD (DE), A                     | A:33 BC:0020 DE:FDD0 HL:4729 F:00000000 [Z:0 C:0]
[481C] INC DE                         | A:33 BC:0020 DE:FDD1 HL:4729 F:00000000 [Z:0 C:0]
[481D] DEC C                          | A:33 BC:001F DE:FDD1 HL:4729 F:00000000 [Z:0 C:0]
[481E] JR NZ -> 0x4819                | A:33 BC:001F DE:FDD1 HL:4729 F:00000000 [Z:0 C:0]
[4819] LD A, (HL)                     | A:33 BC:001F DE:FDD1 HL:4729 F:00000000 [Z:0 C:0]
[481A] INC HL                         | A:33 BC:001F DE:FDD1 HL:472A F:00000000 [Z:0 C:0]
[481B] LD (DE), A                     | A:33 BC:001F DE:FDD1 HL:472A F:00000000 [Z:0 C:0]
[481C] INC DE                         | A:33 BC:001F DE:FDD2 HL:472A F:00000000 [Z:0 C:0]
[481D] DEC C                          | A:33 BC:001E DE:FDD2 HL:472A F:00000000 [Z:0 C:0]
[481E] JR NZ -> 0x4819                | A:33 BC:001E DE:FDD2 HL:472A F:00000000 [Z:0 C:0]
[4819] LD A, (HL)                     | A:33 BC:001E DE:FDD2 HL:472A F:00000000 [Z:0 C:0]
[481A] INC HL                         | A:33 BC:001E DE:FDD2 HL:472B F:00000000 [Z:0 C:0]
[481B] LD (DE), A                     | A:33 BC:001E DE:FDD2 HL:472B F:00000000 [Z:0 C:0]
[481C] INC DE                         | A:33 BC:001E DE:FDD3 HL:472B F:00000000 [Z:0 C:0]
[481D] DEC C                          | A:33 BC:001D DE:FDD3 HL:472B F:00000000 [Z:0 C:0]
[481E] JR NZ -> 0x4819                | A:33 BC:001D DE:FDD3 HL:472B F:00000000 [Z:0 C:0]
[4819] LD A, (HL)                     | A:33 BC:001D DE:FDD3 HL:472B F:00000000 [Z:0 C:0]
[481A] INC HL                         | A:33 BC:001D DE:FDD3 HL:472C F:00000000 [Z:0 C:0]
[481B] LD (DE), A                     | A:33 BC:001D DE:FDD3 HL:472C F:00000000 [Z:0 C:0]
[481C] INC DE                         | A:33 BC:001D DE:FDD4 HL:472C F:00000000 [Z:0 C:0]
[481D] DEC C                          | A:33 BC:001C DE:FDD4 HL:472C F:00000000 [Z:0 C:0]
[481E] JR NZ -> 0x4819                | A:33 BC:001C DE:FDD4 HL:472C F:00000000 [Z:0 C:0]
[4819] LD A, (HL)                     | A:33 BC:001C DE:FDD4 HL:472C F:00000000 [Z:0 C:0]
[481A] INC HL                         | A:33 BC:001C DE:FDD4 HL:472D F:00000000 [Z:0 C:0]
[481B] LD (DE), A                     | A:33 BC:001C DE:FDD4 HL:472D F:00000000 [Z:0 C:0]
[481C] INC DE                         | A:33 BC:001C DE:FDD5 HL:472D F:00000000 [Z:0 C:0]
[481D] DEC C                          | A:33 BC:001B DE:FDD5 HL:472D F:00000000 [Z:0 C:0]
[481E] JR NZ -> 0x4819                | A:33 BC:001B DE:FDD5 HL:472D F:00000000 [Z:0 C:0]
[4819] LD A, (HL)                     | A:33 BC:001B DE:FDD5 HL:472D F:00000000 [Z:0 C:0]
[481A] INC HL                         | A:33 BC:001B DE:FDD5 HL:472E F:00000000 [Z:0 C:0]
[481B] LD (DE), A                     | A:33 BC:001B DE:FDD5 HL:472E F:00000000 [Z:0 C:0]
[481C] INC DE                         | A:33 BC:001B DE:FDD6 HL:472E F:00000000 [Z:0 C:0]
[481D] DEC C                          | A:33 BC:001A DE:FDD6 HL:472E F:00000000 [Z:0 C:0]
[481E] JR NZ -> 0x4819                | A:33 BC:001A DE:FDD6 HL:472E F:00000000 [Z:0 C:0]
[4819] LD A, (HL)                     | A:33 BC:001A DE:FDD6 HL:472E F:00000000 [Z:0 C:0]
[481A] INC HL                         | A:33 BC:001A DE:FDD6 HL:472F F:00000000 [Z:0 C:0]
[481B] LD (DE), A                     | A:33 BC:001A DE:FDD6 HL:472F F:00000000 [Z:0 C:0]
[481C] INC DE                         | A:33 BC:001A DE:FDD7 HL:472F F:00000000 [Z:0 C:0]
[481D] DEC C                          | A:33 BC:0019 DE:FDD7 HL:472F F:00000000 [Z:0 C:0]
[481E] JR NZ -> 0x4819                | A:33 BC:0019 DE:FDD7 HL:472F F:00000000 [Z:0 C:0]
[4819] LD A, (HL)                     | A:33 BC:0019 DE:FDD7 HL:472F F:00000000 [Z:0 C:0]
[481A] INC HL                         | A:33 BC:0019 DE:FDD7 HL:4730 F:00000000 [Z:0 C:0]
[481B] LD (DE), A                     | A:33 BC:0019 DE:FDD7 HL:4730 F:00000000 [Z:0 C:0]
[481C] INC DE                         | A:33 BC:0019 DE:FDD8 HL:4730 F:00000000 [Z:0 C:0]
[481D] DEC C                          | A:33 BC:0018 DE:FDD8 HL:4730 F:00000000 [Z:0 C:0]
[481E] JR NZ -> 0x4819                | A:33 BC:0018 DE:FDD8 HL:4730 F:00000000 [Z:0 C:0]
[4819] LD A, (HL)                     | A:33 BC:0018 DE:FDD8 HL:4730 F:00000000 [Z:0 C:0]
[481A] INC HL                         | A:33 BC:0018 DE:FDD8 HL:4731 F:00000000 [Z:0 C:0]
[481B] LD (DE), A                     | A:33 BC:0018 DE:FDD8 HL:4731 F:00000000 [Z:0 C:0]
[481C] INC DE                         | A:33 BC:0018 DE:FDD9 HL:4731 F:00000000 [Z:0 C:0]
[481D] DEC C                          | A:33 BC:0017 DE:FDD9 HL:4731 F:00000000 [Z:0 C:0]
[481E] JR NZ -> 0x4819                | A:33 BC:0017 DE:FDD9 HL:4731 F:00000000 [Z:0 C:0]
[4819] LD A, (HL)                     | A:33 BC:0017 DE:FDD9 HL:4731 F:00000000 [Z:0 C:0]
[481A] INC HL                         | A:33 BC:0017 DE:FDD9 HL:4732 F:00000000 [Z:0 C:0]
[481B] LD (DE), A                     | A:33 BC:0017 DE:FDD9 HL:4732 F:00000000 [Z:0 C:0]
[481C] INC DE                         | A:33 BC:0017 DE:FDDA HL:4732 F:00000000 [Z:0 C:0]
[481D] DEC C                          | A:33 BC:0016 DE:FDDA HL:4732 F:00000000 [Z:0 C:0]
[481E] JR NZ -> 0x4819                | A:33 BC:0016 DE:FDDA HL:4732 F:00000000 [Z:0 C:0]
[4819] LD A, (HL)                     | A:33 BC:0016 DE:FDDA HL:4732 F:00000000 [Z:0 C:0]
[481A] INC HL                         | A:33 BC:0016 DE:FDDA HL:4733 F:00000000 [Z:0 C:0]
[481B] LD (DE), A                     | A:33 BC:0016 DE:FDDA HL:4733 F:00000000 [Z:0 C:0]
[481C] INC DE                         | A:33 BC:0016 DE:FDDB HL:4733 F:00000000 [Z:0 C:0]
[481D] DEC C                          | A:33 BC:0015 DE:FDDB HL:4733 F:00000000 [Z:0 C:0]
[481E] JR NZ -> 0x4819                | A:33 BC:0015 DE:FDDB HL:4733 F:00000000 [Z:0 C:0]
[4819] LD A, (HL)                     | A:33 BC:0015 DE:FDDB HL:4733 F:00000000 [Z:0 C:0]
[481A] INC HL                         | A:33 BC:0015 DE:FDDB HL:4734 F:00000000 [Z:0 C:0]
[481B] LD (DE), A                     | A:33 BC:0015 DE:FDDB HL:4734 F:00000000 [Z:0 C:0]
[481C] INC DE                         | A:33 BC:0015 DE:FDDC HL:4734 F:00000000 [Z:0 C:0]
[481D] DEC C                          | A:33 BC:0014 DE:FDDC HL:4734 F:00000000 [Z:0 C:0]
[481E] JR NZ -> 0x4819                | A:33 BC:0014 DE:FDDC HL:4734 F:00000000 [Z:0 C:0]
[4819] LD A, (HL)                     | A:33 BC:0014 DE:FDDC HL:4734 F:00000000 [Z:0 C:0]
[481A] INC HL                         | A:33 BC:0014 DE:FDDC HL:4735 F:00000000 [Z:0 C:0]
[481B] LD (DE), A                     | A:33 BC:0014 DE:FDDC HL:4735 F:00000000 [Z:0 C:0]
[481C] INC DE                         | A:33 BC:0014 DE:FDDD HL:4735 F:00000000 [Z:0 C:0]
[481D] DEC C                          | A:33 BC:0013 DE:FDDD HL:4735 F:00000000 [Z:0 C:0]
[481E] JR NZ -> 0x4819                | A:33 BC:0013 DE:FDDD HL:4735 F:00000000 [Z:0 C:0]
[4819] LD A, (HL)                     | A:33 BC:0013 DE:FDDD HL:4735 F:00000000 [Z:0 C:0]
[481A] INC HL                         | A:33 BC:0013 DE:FDDD HL:4736 F:00000000 [Z:0 C:0]
[481B] LD (DE), A                     | A:33 BC:0013 DE:FDDD HL:4736 F:00000000 [Z:0 C:0]
[481C] INC DE                         | A:33 BC:0013 DE:FDDE HL:4736 F:00000000 [Z:0 C:0]
[481D] DEC C                          | A:33 BC:0012 DE:FDDE HL:4736 F:00000000 [Z:0 C:0]
[481E] JR NZ -> 0x4819                | A:33 BC:0012 DE:FDDE HL:4736 F:00000000 [Z:0 C:0]
[4819] LD A, (HL)                     | A:33 BC:0012 DE:FDDE HL:4736 F:00000000 [Z:0 C:0]
[481A] INC HL                         | A:33 BC:0012 DE:FDDE HL:4737 F:00000000 [Z:0 C:0]
[481B] LD (DE), A                     | A:33 BC:0012 DE:FDDE HL:4737 F:00000000 [Z:0 C:0]
[481C] INC DE                         | A:33 BC:0012 DE:FDDF HL:4737 F:00000000 [Z:0 C:0]
[481D] DEC C                          | A:33 BC:0011 DE:FDDF HL:4737 F:00000000 [Z:0 C:0]
[481E] JR NZ -> 0x4819                | A:33 BC:0011 DE:FDDF HL:4737 F:00000000 [Z:0 C:0]
[4819] LD A, (HL)                     | A:33 BC:0011 DE:FDDF HL:4737 F:00000000 [Z:0 C:0]
[481A] INC HL                         | A:33 BC:0011 DE:FDDF HL:4738 F:00000000 [Z:0 C:0]
[481B] LD (DE), A                     | A:33 BC:0011 DE:FDDF HL:4738 F:00000000 [Z:0 C:0]
[481C] INC DE                         | A:33 BC:0011 DE:FDE0 HL:4738 F:00000000 [Z:0 C:0]
[481D] DEC C                          | A:33 BC:0010 DE:FDE0 HL:4738 F:00000000 [Z:0 C:0]
[481E] JR NZ -> 0x4819                | A:33 BC:0010 DE:FDE0 HL:4738 F:00000000 [Z:0 C:0]
[4819] LD A, (HL)                     | A:33 BC:0010 DE:FDE0 HL:4738 F:00000000 [Z:0 C:0]
[481A] INC HL                         | A:33 BC:0010 DE:FDE0 HL:4739 F:00000000 [Z:0 C:0]
[481B] LD (DE), A                     | A:33 BC:0010 DE:FDE0 HL:4739 F:00000000 [Z:0 C:0]
[481C] INC DE                         | A:33 BC:0010 DE:FDE1 HL:4739 F:00000000 [Z:0 C:0]
[481D] DEC C                          | A:33 BC:000F DE:FDE1 HL:4739 F:00000000 [Z:0 C:0]
[481E] JR NZ -> 0x4819                | A:33 BC:000F DE:FDE1 HL:4739 F:00000000 [Z:0 C:0]
[4819] LD A, (HL)                     | A:33 BC:000F DE:FDE1 HL:4739 F:00000000 [Z:0 C:0]
[481A] INC HL                         | A:33 BC:000F DE:FDE1 HL:473A F:00000000 [Z:0 C:0]
[481B] LD (DE), A                     | A:33 BC:000F DE:FDE1 HL:473A F:00000000 [Z:0 C:0]
[481C] INC DE                         | A:33 BC:000F DE:FDE2 HL:473A F:00000000 [Z:0 C:0]
[481D] DEC C                          | A:33 BC:000E DE:FDE2 HL:473A F:00000000 [Z:0 C:0]
[481E] JR NZ -> 0x4819                | A:33 BC:000E DE:FDE2 HL:473A F:00000000 [Z:0 C:0]
[4819] LD A, (HL)                     | A:33 BC:000E DE:FDE2 HL:473A F:00000000 [Z:0 C:0]
[481A] INC HL                         | A:33 BC:000E DE:FDE2 HL:473B F:00000000 [Z:0 C:0]
[481B] LD (DE), A                     | A:33 BC:000E DE:FDE2 HL:473B F:00000000 [Z:0 C:0]
[481C] INC DE                         | A:33 BC:000E DE:FDE3 HL:473B F:00000000 [Z:0 C:0]
[481D] DEC C                          | A:33 BC:000D DE:FDE3 HL:473B F:00000000 [Z:0 C:0]
[481E] JR NZ -> 0x4819                | A:33 BC:000D DE:FDE3 HL:473B F:00000000 [Z:0 C:0]
[4819] LD A, (HL)                     | A:33 BC:000D DE:FDE3 HL:473B F:00000000 [Z:0 C:0]
[481A] INC HL                         | A:33 BC:000D DE:FDE3 HL:473C F:00000000 [Z:0 C:0]
[481B] LD (DE), A                     | A:33 BC:000D DE:FDE3 HL:473C F:00000000 [Z:0 C:0]
[481C] INC DE                         | A:33 BC:000D DE:FDE4 HL:473C F:00000000 [Z:0 C:0]
[481D] DEC C                          | A:33 BC:000C DE:FDE4 HL:473C F:00000000 [Z:0 C:0]
[481E] JR NZ -> 0x4819                | A:33 BC:000C DE:FDE4 HL:473C F:00000000 [Z:0 C:0]
[4819] LD A, (HL)                     | A:33 BC:000C DE:FDE4 HL:473C F:00000000 [Z:0 C:0]
[481A] INC HL                         | A:33 BC:000C DE:FDE4 HL:473D F:00000000 [Z:0 C:0]
[481B] LD (DE), A                     | A:33 BC:000C DE:FDE4 HL:473D F:00000000 [Z:0 C:0]
[481C] INC DE                         | A:33 BC:000C DE:FDE5 HL:473D F:00000000 [Z:0 C:0]
[481D] DEC C                          | A:33 BC:000B DE:FDE5 HL:473D F:00000000 [Z:0 C:0]
[481E] JR NZ -> 0x4819                | A:33 BC:000B DE:FDE5 HL:473D F:00000000 [Z:0 C:0]
[4819] LD A, (HL)                     | A:33 BC:000B DE:FDE5 HL:473D F:00000000 [Z:0 C:0]
[481A] INC HL                         | A:33 BC:000B DE:FDE5 HL:473E F:00000000 [Z:0 C:0]
[481B] LD (DE), A                     | A:33 BC:000B DE:FDE5 HL:473E F:00000000 [Z:0 C:0]
[481C] INC DE                         | A:33 BC:000B DE:FDE6 HL:473E F:00000000 [Z:0 C:0]
[481D] DEC C                          | A:33 BC:000A DE:FDE6 HL:473E F:00000000 [Z:0 C:0]
[481E] JR NZ -> 0x4819                | A:33 BC:000A DE:FDE6 HL:473E F:00000000 [Z:0 C:0]
[4819] LD A, (HL)                     | A:33 BC:000A DE:FDE6 HL:473E F:00000000 [Z:0 C:0]
[481A] INC HL                         | A:33 BC:000A DE:FDE6 HL:473F F:00000000 [Z:0 C:0]
[481B] LD (DE), A                     | A:33 BC:000A DE:FDE6 HL:473F F:00000000 [Z:0 C:0]
[481C] INC DE                         | A:33 BC:000A DE:FDE7 HL:473F F:00000000 [Z:0 C:0]
[481D] DEC C                          | A:33 BC:0009 DE:FDE7 HL:473F F:00000000 [Z:0 C:0]
[481E] JR NZ -> 0x4819                | A:33 BC:0009 DE:FDE7 HL:473F F:00000000 [Z:0 C:0]
[4819] LD A, (HL)                     | A:33 BC:0009 DE:FDE7 HL:473F F:00000000 [Z:0 C:0]
[481A] INC HL                         | A:33 BC:0009 DE:FDE7 HL:4740 F:00000000 [Z:0 C:0]
[481B] LD (DE), A                     | A:33 BC:0009 DE:FDE7 HL:4740 F:00000000 [Z:0 C:0]
[481C] INC DE                         | A:33 BC:0009 DE:FDE8 HL:4740 F:00000000 [Z:0 C:0]
[481D] DEC C                          | A:33 BC:0008 DE:FDE8 HL:4740 F:00000000 [Z:0 C:0]
[481E] JR NZ -> 0x4819                | A:33 BC:0008 DE:FDE8 HL:4740 F:00000000 [Z:0 C:0]
[4819] LD A, (HL)                     | A:33 BC:0008 DE:FDE8 HL:4740 F:00000000 [Z:0 C:0]
[481A] INC HL                         | A:33 BC:0008 DE:FDE8 HL:4741 F:00000000 [Z:0 C:0]
[481B] LD (DE), A                     | A:33 BC:0008 DE:FDE8 HL:4741 F:00000000 [Z:0 C:0]
[481C] INC DE                         | A:33 BC:0008 DE:FDE9 HL:4741 F:00000000 [Z:0 C:0]
[481D] DEC C                          | A:33 BC:0007 DE:FDE9 HL:4741 F:00000000 [Z:0 C:0]
[481E] JR NZ -> 0x4819                | A:33 BC:0007 DE:FDE9 HL:4741 F:00000000 [Z:0 C:0]
[4819] LD A, (HL)                     | A:33 BC:0007 DE:FDE9 HL:4741 F:00000000 [Z:0 C:0]
[481A] INC HL                         | A:33 BC:0007 DE:FDE9 HL:4742 F:00000000 [Z:0 C:0]
[481B] LD (DE), A                     | A:33 BC:0007 DE:FDE9 HL:4742 F:00000000 [Z:0 C:0]
[481C] INC DE                         | A:33 BC:0007 DE:FDEA HL:4742 F:00000000 [Z:0 C:0]
[481D] DEC C                          | A:33 BC:0006 DE:FDEA HL:4742 F:00000000 [Z:0 C:0]
[481E] JR NZ -> 0x4819                | A:33 BC:0006 DE:FDEA HL:4742 F:00000000 [Z:0 C:0]
[4819] LD A, (HL)                     | A:33 BC:0006 DE:FDEA HL:4742 F:00000000 [Z:0 C:0]
[481A] INC HL                         | A:33 BC:0006 DE:FDEA HL:4743 F:00000000 [Z:0 C:0]
[481B] LD (DE), A                     | A:33 BC:0006 DE:FDEA HL:4743 F:00000000 [Z:0 C:0]
[481C] INC DE                         | A:33 BC:0006 DE:FDEB HL:4743 F:00000000 [Z:0 C:0]
[481D] DEC C                          | A:33 BC:0005 DE:FDEB HL:4743 F:00000000 [Z:0 C:0]
[481E] JR NZ -> 0x4819                | A:33 BC:0005 DE:FDEB HL:4743 F:00000000 [Z:0 C:0]
[4819] LD A, (HL)                     | A:33 BC:0005 DE:FDEB HL:4743 F:00000000 [Z:0 C:0]
[481A] INC HL                         | A:33 BC:0005 DE:FDEB HL:4744 F:00000000 [Z:0 C:0]
[481B] LD (DE), A                     | A:33 BC:0005 DE:FDEB HL:4744 F:00000000 [Z:0 C:0]
[481C] INC DE                         | A:33 BC:0005 DE:FDEC HL:4744 F:00000000 [Z:0 C:0]
[481D] DEC C                          | A:33 BC:0004 DE:FDEC HL:4744 F:00000000 [Z:0 C:0]
[481E] JR NZ -> 0x4819                | A:33 BC:0004 DE:FDEC HL:4744 F:00000000 [Z:0 C:0]
[4819] LD A, (HL)                     | A:33 BC:0004 DE:FDEC HL:4744 F:00000000 [Z:0 C:0]
[481A] INC HL                         | A:33 BC:0004 DE:FDEC HL:4745 F:00000000 [Z:0 C:0]
[481B] LD (DE), A                     | A:33 BC:0004 DE:FDEC HL:4745 F:00000000 [Z:0 C:0]
[481C] INC DE                         | A:33 BC:0004 DE:FDED HL:4745 F:00000000 [Z:0 C:0]
[481D] DEC C                          | A:33 BC:0003 DE:FDED HL:4745 F:00000000 [Z:0 C:0]
[481E] JR NZ -> 0x4819                | A:33 BC:0003 DE:FDED HL:4745 F:00000000 [Z:0 C:0]
[4819] LD A, (HL)                     | A:33 BC:0003 DE:FDED HL:4745 F:00000000 [Z:0 C:0]
[481A] INC HL                         | A:33 BC:0003 DE:FDED HL:4746 F:00000000 [Z:0 C:0]
[481B] LD (DE), A                     | A:33 BC:0003 DE:FDED HL:4746 F:00000000 [Z:0 C:0]
[481C] INC DE                         | A:33 BC:0003 DE:FDEE HL:4746 F:00000000 [Z:0 C:0]
[481D] DEC C                          | A:33 BC:0002 DE:FDEE HL:4746 F:00000000 [Z:0 C:0]
[481E] JR NZ -> 0x4819                | A:33 BC:0002 DE:FDEE HL:4746 F:00000000 [Z:0 C:0]
[4819] LD A, (HL)                     | A:33 BC:0002 DE:FDEE HL:4746 F:00000000 [Z:0 C:0]
[481A] INC HL                         | A:33 BC:0002 DE:FDEE HL:4747 F:00000000 [Z:0 C:0]
[481B] LD (DE), A                     | A:33 BC:0002 DE:FDEE HL:4747 F:00000000 [Z:0 C:0]
[481C] INC DE                         | A:33 BC:0002 DE:FDEF HL:4747 F:00000000 [Z:0 C:0]
[481D] DEC C                          | A:33 BC:0001 DE:FDEF HL:4747 F:00000000 [Z:0 C:0]
[481E] JR NZ -> 0x4819                | A:33 BC:0001 DE:FDEF HL:4747 F:00000000 [Z:0 C:0]
[4819] LD A, (HL)                     | A:33 BC:0001 DE:FDEF HL:4747 F:00000000 [Z:0 C:0]
[481A] INC HL                         | A:33 BC:0001 DE:FDEF HL:4748 F:00000000 [Z:0 C:0]
[481B] LD (DE), A                     | A:33 BC:0001 DE:FDEF HL:4748 F:00000000 [Z:0 C:0]
[481C] INC DE                         | A:33 BC:0001 DE:FDF0 HL:4748 F:00000000 [Z:0 C:0]
[481D] DEC C                          | A:33 BC:0000 DE:FDF0 HL:4748 F:01000000 [Z:1 C:0]
[481E] JR NZ [not taken]              | A:33 BC:0000 DE:FDF0 HL:4748 F:01000000 [Z:1 C:0]
[4820] LD A, (0x8000)                 | A:01 BC:0000 DE:FDF0 HL:4748 F:01000000 [Z:1 C:0]
[4823] DEC A                          | A:00 BC:0000 DE:FDF0 HL:4748 F:01000000 [Z:1 C:0]
[4824] LD (0x8000), A                 | A:00 BC:0000 DE:FDF0 HL:4748 F:01000000 [Z:1 C:0]
[4827] JR NZ [not taken]              | A:00 BC:0000 DE:FDF0 HL:4748 F:01000000 [Z:1 C:0]
[4829] LD HL, 0x4200                  | A:00 BC:0000 DE:FDF0 HL:4200 F:01000000 [Z:1 C:0]
[482C] LD A, 0x10                     | A:10 BC:0000 DE:FDF0 HL:4200 F:01000000 [Z:1 C:0]
[482E] LD (0x8000), A                 | A:10 BC:0000 DE:FDF0 HL:4200 F:01000000 [Z:1 C:0]
[4831] LD E, (HL)                     | A:10 BC:0000 DE:FD22 HL:4200 F:01000000 [Z:1 C:0]
[4832] INC HL                         | A:10 BC:0000 DE:FD22 HL:4201 F:01000000 [Z:1 C:0]
[4833] LD D, (HL)                     | A:10 BC:0000 DE:E522 HL:4201 F:01000000 [Z:1 C:0]
[4834] INC HL                         | A:10 BC:0000 DE:E522 HL:4202 F:01000000 [Z:1 C:0]
[4835] LD C, 0x0C                     | A:10 BC:000C DE:E522 HL:4202 F:01000000 [Z:1 C:0]
[4837] LD B, (HL)                     | A:10 BC:FF0C DE:E522 HL:4202 F:01000000 [Z:1 C:0]
[4838] INC HL                         | A:10 BC:FF0C DE:E522 HL:4203 F:01000000 [Z:1 C:0]
[4839] LD A, (HL)                     | A:00 BC:FF0C DE:E522 HL:4203 F:01000000 [Z:1 C:0]
[483A] INC HL                         | A:00 BC:FF0C DE:E522 HL:4204 F:01000000 [Z:1 C:0]
[483B] PUSH HL                        | A:00 BC:FF0C DE:E522 HL:4204 F:01000000 [Z:1 C:0]
[483C] LD L, A                        | A:00 BC:FF0C DE:E522 HL:4200 F:01000000 [Z:1 C:0]
[483D] LD A, (DE)                     | A:C0 BC:FF0C DE:E522 HL:4200 F:01000000 [Z:1 C:0]
[483E] AND B                          | A:C0 BC:FF0C DE:E522 HL:4200 F:10010100 [Z:0 C:0]
[483F] OR L                           | A:C0 BC:FF0C DE:E522 HL:4200 F:10000100 [Z:0 C:0]
[4840] LD (DE), A                     | A:C0 BC:FF0C DE:E522 HL:4200 F:10000100 [Z:0 C:0]
[4841] POP HL                         | A:C0 BC:FF0C DE:E522 HL:4204 F:10000100 [Z:0 C:0]
[4842] INC DE                         | A:C0 BC:FF0C DE:E523 HL:4204 F:10000100 [Z:0 C:0]
[4843] DEC C                          | A:C0 BC:FF0B DE:E523 HL:4204 F:00000100 [Z:0 C:0]
[4844] JR NZ -> 0x4837                | A:C0 BC:FF0B DE:E523 HL:4204 F:00000100 [Z:0 C:0]
[4837] LD B, (HL)                     | A:C0 BC:FF0B DE:E523 HL:4204 F:00000100 [Z:0 C:0]
[4838] INC HL                         | A:C0 BC:FF0B DE:E523 HL:4205 F:00000100 [Z:0 C:0]
[4839] LD A, (HL)                     | A:00 BC:FF0B DE:E523 HL:4205 F:00000100 [Z:0 C:0]
[483A] INC HL                         | A:00 BC:FF0B DE:E523 HL:4206 F:00000100 [Z:0 C:0]
[483B] PUSH HL                        | A:00 BC:FF0B DE:E523 HL:4206 F:00000100 [Z:0 C:0]
[483C] LD L, A                        | A:00 BC:FF0B DE:E523 HL:4200 F:00000100 [Z:0 C:0]
[483D] LD A, (DE)                     | A:C0 BC:FF0B DE:E523 HL:4200 F:00000100 [Z:0 C:0]
[483E] AND B                          | A:C0 BC:FF0B DE:E523 HL:4200 F:10010100 [Z:0 C:0]
[483F] OR L                           | A:C0 BC:FF0B DE:E523 HL:4200 F:10000100 [Z:0 C:0]
[4840] LD (DE), A                     | A:C0 BC:FF0B DE:E523 HL:4200 F:10000100 [Z:0 C:0]
[4841] POP HL                         | A:C0 BC:FF0B DE:E523 HL:4206 F:10000100 [Z:0 C:0]
[4842] INC DE                         | A:C0 BC:FF0B DE:E524 HL:4206 F:10000100 [Z:0 C:0]
[4843] DEC C                          | A:C0 BC:FF0A DE:E524 HL:4206 F:00000100 [Z:0 C:0]
[4844] JR NZ -> 0x4837                | A:C0 BC:FF0A DE:E524 HL:4206 F:00000100 [Z:0 C:0]
[4837] LD B, (HL)                     | A:C0 BC:FF0A DE:E524 HL:4206 F:00000100 [Z:0 C:0]
[4838] INC HL                         | A:C0 BC:FF0A DE:E524 HL:4207 F:00000100 [Z:0 C:0]
[4839] LD A, (HL)                     | A:00 BC:FF0A DE:E524 HL:4207 F:00000100 [Z:0 C:0]
[483A] INC HL                         | A:00 BC:FF0A DE:E524 HL:4208 F:00000100 [Z:0 C:0]
[483B] PUSH HL                        | A:00 BC:FF0A DE:E524 HL:4208 F:00000100 [Z:0 C:0]
[483C] LD L, A                        | A:00 BC:FF0A DE:E524 HL:4200 F:00000100 [Z:0 C:0]
[483D] LD A, (DE)                     | A:C0 BC:FF0A DE:E524 HL:4200 F:00000100 [Z:0 C:0]
[483E] AND B                          | A:C0 BC:FF0A DE:E524 HL:4200 F:10010100 [Z:0 C:0]
[483F] OR L                           | A:C0 BC:FF0A DE:E524 HL:4200 F:10000100 [Z:0 C:0]
[4840] LD (DE), A                     | A:C0 BC:FF0A DE:E524 HL:4200 F:10000100 [Z:0 C:0]
[4841] POP HL                         | A:C0 BC:FF0A DE:E524 HL:4208 F:10000100 [Z:0 C:0]
[4842] INC DE                         | A:C0 BC:FF0A DE:E525 HL:4208 F:10000100 [Z:0 C:0]
[4843] DEC C                          | A:C0 BC:FF09 DE:E525 HL:4208 F:00000100 [Z:0 C:0]
[4844] JR NZ -> 0x4837                | A:C0 BC:FF09 DE:E525 HL:4208 F:00000100 [Z:0 C:0]
[4837] LD B, (HL)                     | A:C0 BC:FF09 DE:E525 HL:4208 F:00000100 [Z:0 C:0]
[4838] INC HL                         | A:C0 BC:FF09 DE:E525 HL:4209 F:00000100 [Z:0 C:0]
[4839] LD A, (HL)                     | A:00 BC:FF09 DE:E525 HL:4209 F:00000100 [Z:0 C:0]
[483A] INC HL                         | A:00 BC:FF09 DE:E525 HL:420A F:00000100 [Z:0 C:0]
[483B] PUSH HL                        | A:00 BC:FF09 DE:E525 HL:420A F:00000100 [Z:0 C:0]
[483C] LD L, A                        | A:00 BC:FF09 DE:E525 HL:4200 F:00000100 [Z:0 C:0]
[483D] LD A, (DE)                     | A:C0 BC:FF09 DE:E525 HL:4200 F:00000100 [Z:0 C:0]
[483E] AND B                          | A:C0 BC:FF09 DE:E525 HL:4200 F:10010100 [Z:0 C:0]
[483F] OR L                           | A:C0 BC:FF09 DE:E525 HL:4200 F:10000100 [Z:0 C:0]
[4840] LD (DE), A                     | A:C0 BC:FF09 DE:E525 HL:4200 F:10000100 [Z:0 C:0]
[4841] POP HL                         | A:C0 BC:FF09 DE:E525 HL:420A F:10000100 [Z:0 C:0]
[4842] INC DE                         | A:C0 BC:FF09 DE:E526 HL:420A F:10000100 [Z:0 C:0]
[4843] DEC C                          | A:C0 BC:FF08 DE:E526 HL:420A F:00000100 [Z:0 C:0]
[4844] JR NZ -> 0x4837                | A:C0 BC:FF08 DE:E526 HL:420A F:00000100 [Z:0 C:0]
[4837] LD B, (HL)                     | A:C0 BC:FF08 DE:E526 HL:420A F:00000100 [Z:0 C:0]
[4838] INC HL                         | A:C0 BC:FF08 DE:E526 HL:420B F:00000100 [Z:0 C:0]
[4839] LD A, (HL)                     | A:00 BC:FF08 DE:E526 HL:420B F:00000100 [Z:0 C:0]
[483A] INC HL                         | A:00 BC:FF08 DE:E526 HL:420C F:00000100 [Z:0 C:0]
[483B] PUSH HL                        | A:00 BC:FF08 DE:E526 HL:420C F:00000100 [Z:0 C:0]
[483C] LD L, A                        | A:00 BC:FF08 DE:E526 HL:4200 F:00000100 [Z:0 C:0]
[483D] LD A, (DE)                     | A:C0 BC:FF08 DE:E526 HL:4200 F:00000100 [Z:0 C:0]
[483E] AND B                          | A:C0 BC:FF08 DE:E526 HL:4200 F:10010100 [Z:0 C:0]
[483F] OR L                           | A:C0 BC:FF08 DE:E526 HL:4200 F:10000100 [Z:0 C:0]
[4840] LD (DE), A                     | A:C0 BC:FF08 DE:E526 HL:4200 F:10000100 [Z:0 C:0]
[4841] POP HL                         | A:C0 BC:FF08 DE:E526 HL:420C F:10000100 [Z:0 C:0]
[4842] INC DE                         | A:C0 BC:FF08 DE:E527 HL:420C F:10000100 [Z:0 C:0]
[4843] DEC C                          | A:C0 BC:FF07 DE:E527 HL:420C F:00000100 [Z:0 C:0]
[4844] JR NZ -> 0x4837                | A:C0 BC:FF07 DE:E527 HL:420C F:00000100 [Z:0 C:0]
[4837] LD B, (HL)                     | A:C0 BC:FF07 DE:E527 HL:420C F:00000100 [Z:0 C:0]
[4838] INC HL                         | A:C0 BC:FF07 DE:E527 HL:420D F:00000100 [Z:0 C:0]
[4839] LD A, (HL)                     | A:00 BC:FF07 DE:E527 HL:420D F:00000100 [Z:0 C:0]
[483A] INC HL                         | A:00 BC:FF07 DE:E527 HL:420E F:00000100 [Z:0 C:0]
[483B] PUSH HL                        | A:00 BC:FF07 DE:E527 HL:420E F:00000100 [Z:0 C:0]
[483C] LD L, A                        | A:00 BC:FF07 DE:E527 HL:4200 F:00000100 [Z:0 C:0]
[483D] LD A, (DE)                     | A:C0 BC:FF07 DE:E527 HL:4200 F:00000100 [Z:0 C:0]
[483E] AND B                          | A:C0 BC:FF07 DE:E527 HL:4200 F:10010100 [Z:0 C:0]
[483F] OR L                           | A:C0 BC:FF07 DE:E527 HL:4200 F:10000100 [Z:0 C:0]
[4840] LD (DE), A                     | A:C0 BC:FF07 DE:E527 HL:4200 F:10000100 [Z:0 C:0]
[4841] POP HL                         | A:C0 BC:FF07 DE:E527 HL:420E F:10000100 [Z:0 C:0]
[4842] INC DE                         | A:C0 BC:FF07 DE:E528 HL:420E F:10000100 [Z:0 C:0]
[4843] DEC C                          | A:C0 BC:FF06 DE:E528 HL:420E F:00000100 [Z:0 C:0]
[4844] JR NZ -> 0x4837                | A:C0 BC:FF06 DE:E528 HL:420E F:00000100 [Z:0 C:0]
[4837] LD B, (HL)                     | A:C0 BC:AA06 DE:E528 HL:420E F:00000100 [Z:0 C:0]
[4838] INC HL                         | A:C0 BC:AA06 DE:E528 HL:420F F:00000100 [Z:0 C:0]
[4839] LD A, (HL)                     | A:55 BC:AA06 DE:E528 HL:420F F:00000100 [Z:0 C:0]
[483A] INC HL                         | A:55 BC:AA06 DE:E528 HL:4210 F:00000100 [Z:0 C:0]
[483B] PUSH HL                        | A:55 BC:AA06 DE:E528 HL:4210 F:00000100 [Z:0 C:0]
[483C] LD L, A                        | A:55 BC:AA06 DE:E528 HL:4255 F:00000100 [Z:0 C:0]
[483D] LD A, (DE)                     | A:C0 BC:AA06 DE:E528 HL:4255 F:00000100 [Z:0 C:0]
[483E] AND B                          | A:80 BC:AA06 DE:E528 HL:4255 F:10010000 [Z:0 C:0]
[483F] OR L                           | A:D5 BC:AA06 DE:E528 HL:4255 F:10000000 [Z:0 C:0]
[4840] LD (DE), A                     | A:D5 BC:AA06 DE:E528 HL:4255 F:10000000 [Z:0 C:0]
[4841] POP HL                         | A:D5 BC:AA06 DE:E528 HL:4210 F:10000000 [Z:0 C:0]
[4842] INC DE                         | A:D5 BC:AA06 DE:E529 HL:4210 F:10000000 [Z:0 C:0]
[4843] DEC C                          | A:D5 BC:AA05 DE:E529 HL:4210 F:00000000 [Z:0 C:0]
[4844] JR NZ -> 0x4837                | A:D5 BC:AA05 DE:E529 HL:4210 F:00000000 [Z:0 C:0]
[4837] LD B, (HL)                     | A:D5 BC:AA05 DE:E529 HL:4210 F:00000000 [Z:0 C:0]
[4838] INC HL                         | A:D5 BC:AA05 DE:E529 HL:4211 F:00000000 [Z:0 C:0]
[4839] LD A, (HL)                     | A:55 BC:AA05 DE:E529 HL:4211 F:00000000 [Z:0 C:0]
[483A] INC HL                         | A:55 BC:AA05 DE:E529 HL:4212 F:00000000 [Z:0 C:0]
[483B] PUSH HL                        | A:55 BC:AA05 DE:E529 HL:4212 F:00000000 [Z:0 C:0]
[483C] LD L, A                        | A:55 BC:AA05 DE:E529 HL:4255 F:00000000 [Z:0 C:0]
[483D] LD A, (DE)                     | A:C0 BC:AA05 DE:E529 HL:4255 F:00000000 [Z:0 C:0]
[483E] AND B                          | A:80 BC:AA05 DE:E529 HL:4255 F:10010000 [Z:0 C:0]
[483F] OR L                           | A:D5 BC:AA05 DE:E529 HL:4255 F:10000000 [Z:0 C:0]
[4840] LD (DE), A                     | A:D5 BC:AA05 DE:E529 HL:4255 F:10000000 [Z:0 C:0]
[4841] POP HL                         | A:D5 BC:AA05 DE:E529 HL:4212 F:10000000 [Z:0 C:0]
[4842] INC DE                         | A:D5 BC:AA05 DE:E52A HL:4212 F:10000000 [Z:0 C:0]
[4843] DEC C                          | A:D5 BC:AA04 DE:E52A HL:4212 F:00000000 [Z:0 C:0]
[4844] JR NZ -> 0x4837                | A:D5 BC:AA04 DE:E52A HL:4212 F:00000000 [Z:0 C:0]
[4837] LD B, (HL)                     | A:D5 BC:AA04 DE:E52A HL:4212 F:00000000 [Z:0 C:0]
[4838] INC HL                         | A:D5 BC:AA04 DE:E52A HL:4213 F:00000000 [Z:0 C:0]
[4839] LD A, (HL)                     | A:55 BC:AA04 DE:E52A HL:4213 F:00000000 [Z:0 C:0]
[483A] INC HL                         | A:55 BC:AA04 DE:E52A HL:4214 F:00000000 [Z:0 C:0]
[483B] PUSH HL                        | A:55 BC:AA04 DE:E52A HL:4214 F:00000000 [Z:0 C:0]
[483C] LD L, A                        | A:55 BC:AA04 DE:E52A HL:4255 F:00000000 [Z:0 C:0]
[483D] LD A, (DE)                     | A:C0 BC:AA04 DE:E52A HL:4255 F:00000000 [Z:0 C:0]
[483E] AND B                          | A:80 BC:AA04 DE:E52A HL:4255 F:10010000 [Z:0 C:0]
[483F] OR L                           | A:D5 BC:AA04 DE:E52A HL:4255 F:10000000 [Z:0 C:0]
[4840] LD (DE), A                     | A:D5 BC:AA04 DE:E52A HL:4255 F:10000000 [Z:0 C:0]
[4841] POP HL                         | A:D5 BC:AA04 DE:E52A HL:4214 F:10000000 [Z:0 C:0]
[4842] INC DE                         | A:D5 BC:AA04 DE:E52B HL:4214 F:10000000 [Z:0 C:0]
[4843] DEC C                          | A:D5 BC:AA03 DE:E52B HL:4214 F:00000000 [Z:0 C:0]
[4844] JR NZ -> 0x4837                | A:D5 BC:AA03 DE:E52B HL:4214 F:00000000 [Z:0 C:0]
[4837] LD B, (HL)                     | A:D5 BC:AA03 DE:E52B HL:4214 F:00000000 [Z:0 C:0]
[4838] INC HL                         | A:D5 BC:AA03 DE:E52B HL:4215 F:00000000 [Z:0 C:0]
[4839] LD A, (HL)                     | A:55 BC:AA03 DE:E52B HL:4215 F:00000000 [Z:0 C:0]
[483A] INC HL                         | A:55 BC:AA03 DE:E52B HL:4216 F:00000000 [Z:0 C:0]
[483B] PUSH HL                        | A:55 BC:AA03 DE:E52B HL:4216 F:00000000 [Z:0 C:0]
[483C] LD L, A                        | A:55 BC:AA03 DE:E52B HL:4255 F:00000000 [Z:0 C:0]
[483D] LD A, (DE)                     | A:C0 BC:AA03 DE:E52B HL:4255 F:00000000 [Z:0 C:0]
[483E] AND B                          | A:80 BC:AA03 DE:E52B HL:4255 F:10010000 [Z:0 C:0]
[483F] OR L                           | A:D5 BC:AA03 DE:E52B HL:4255 F:10000000 [Z:0 C:0]
[4840] LD (DE), A                     | A:D5 BC:AA03 DE:E52B HL:4255 F:10000000 [Z:0 C:0]
[4841] POP HL                         | A:D5 BC:AA03 DE:E52B HL:4216 F:10000000 [Z:0 C:0]
[4842] INC DE                         | A:D5 BC:AA03 DE:E52C HL:4216 F:10000000 [Z:0 C:0]
[4843] DEC C                          | A:D5 BC:AA02 DE:E52C HL:4216 F:00000000 [Z:0 C:0]
[4844] JR NZ -> 0x4837                | A:D5 BC:AA02 DE:E52C HL:4216 F:00000000 [Z:0 C:0]
[4837] LD B, (HL)                     | A:D5 BC:FF02 DE:E52C HL:4216 F:00000000 [Z:0 C:0]
[4838] INC HL                         | A:D5 BC:FF02 DE:E52C HL:4217 F:00000000 [Z:0 C:0]
[4839] LD A, (HL)                     | A:00 BC:FF02 DE:E52C HL:4217 F:00000000 [Z:0 C:0]
[483A] INC HL                         | A:00 BC:FF02 DE:E52C HL:4218 F:00000000 [Z:0 C:0]
[483B] PUSH HL                        | A:00 BC:FF02 DE:E52C HL:4218 F:00000000 [Z:0 C:0]
[483C] LD L, A                        | A:00 BC:FF02 DE:E52C HL:4200 F:00000000 [Z:0 C:0]
[483D] LD A, (DE)                     | A:C0 BC:FF02 DE:E52C HL:4200 F:00000000 [Z:0 C:0]
[483E] AND B                          | A:C0 BC:FF02 DE:E52C HL:4200 F:10010100 [Z:0 C:0]
[483F] OR L                           | A:C0 BC:FF02 DE:E52C HL:4200 F:10000100 [Z:0 C:0]
[4840] LD (DE), A                     | A:C0 BC:FF02 DE:E52C HL:4200 F:10000100 [Z:0 C:0]
[4841] POP HL                         | A:C0 BC:FF02 DE:E52C HL:4218 F:10000100 [Z:0 C:0]
[4842] INC DE                         | A:C0 BC:FF02 DE:E52D HL:4218 F:10000100 [Z:0 C:0]
[4843] DEC C                          | A:C0 BC:FF01 DE:E52D HL:4218 F:00000100 [Z:0 C:0]
[4844] JR NZ -> 0x4837                | A:C0 BC:FF01 DE:E52D HL:4218 F:00000100 [Z:0 C:0]
[4837] LD B, (HL)                     | A:C0 BC:FF01 DE:E52D HL:4218 F:00000100 [Z:0 C:0]
[4838] INC HL                         | A:C0 BC:FF01 DE:E52D HL:4219 F:00000100 [Z:0 C:0]
[4839] LD A, (HL)                     | A:00 BC:FF01 DE:E52D HL:4219 F:00000100 [Z:0 C:0]
[483A] INC HL                         | A:00 BC:FF01 DE:E52D HL:421A F:00000100 [Z:0 C:0]
[483B] PUSH HL                        | A:00 BC:FF01 DE:E52D HL:421A F:00000100 [Z:0 C:0]
[483C] LD L, A                        | A:00 BC:FF01 DE:E52D HL:4200 F:00000100 [Z:0 C:0]
[483D] LD A, (DE)                     | A:C0 BC:FF01 DE:E52D HL:4200 F:00000100 [Z:0 C:0]
[483E] AND B                          | A:C0 BC:FF01 DE:E52D HL:4200 F:10010100 [Z:0 C:0]
[483F] OR L                           | A:C0 BC:FF01 DE:E52D HL:4200 F:10000100 [Z:0 C:0]
[4840] LD (DE), A                     | A:C0 BC:FF01 DE:E52D HL:4200 F:10000100 [Z:0 C:0]
[4841] POP HL                         | A:C0 BC:FF01 DE:E52D HL:421A F:10000100 [Z:0 C:0]
[4842] INC DE                         | A:C0 BC:FF01 DE:E52E HL:421A F:10000100 [Z:0 C:0]
[4843] DEC C                          | A:C0 BC:FF00 DE:E52E HL:421A F:01000100 [Z:1 C:0]
[4844] JR NZ [not taken]              | A:C0 BC:FF00 DE:E52E HL:421A F:01000100 [Z:1 C:0]
[4846] LD A, (0x8000)                 | A:10 BC:FF00 DE:E52E HL:421A F:01000100 [Z:1 C:0]
[4849] DEC A                          | A:0F BC:FF00 DE:E52E HL:421A F:00000100 [Z:0 C:0]
[484A] LD (0x8000), A                 | A:0F BC:FF00 DE:E52E HL:421A F:00000100 [Z:0 C:0]
[484D] JR NZ -> 0x4831                | A:0F BC:FF00 DE:E52E HL:421A F:00000100 [Z:0 C:0]
[4831] LD E, (HL)                     | A:0F BC:FF00 DE:E522 HL:421A F:00000100 [Z:0 C:0]
[4832] INC HL                         | A:0F BC:FF00 DE:E522 HL:421B F:00000100 [Z:0 C:0]
[4833] LD D, (HL)                     | A:0F BC:FF00 DE:ED22 HL:421B F:00000100 [Z:0 C:0]
[4834] INC HL                         | A:0F BC:FF00 DE:ED22 HL:421C F:00000100 [Z:0 C:0]
[4835] LD C, 0x0C                     | A:0F BC:FF0C DE:ED22 HL:421C F:00000100 [Z:0 C:0]
[4837] LD B, (HL)                     | A:0F BC:FF0C DE:ED22 HL:421C F:00000100 [Z:0 C:0]
[4838] INC HL                         | A:0F BC:FF0C DE:ED22 HL:421D F:00000100 [Z:0 C:0]
[4839] LD A, (HL)                     | A:00 BC:FF0C DE:ED22 HL:421D F:00000100 [Z:0 C:0]
[483A] INC HL                         | A:00 BC:FF0C DE:ED22 HL:421E F:00000100 [Z:0 C:0]
[483B] PUSH HL                        | A:00 BC:FF0C DE:ED22 HL:421E F:00000100 [Z:0 C:0]
[483C] LD L, A                        | A:00 BC:FF0C DE:ED22 HL:4200 F:00000100 [Z:0 C:0]
[483D] LD A, (DE)                     | A:C0 BC:FF0C DE:ED22 HL:4200 F:00000100 [Z:0 C:0]
[483E] AND B                          | A:C0 BC:FF0C DE:ED22 HL:4200 F:10010100 [Z:0 C:0]
[483F] OR L                           | A:C0 BC:FF0C DE:ED22 HL:4200 F:10000100 [Z:0 C:0]
[4840] LD (DE), A                     | A:C0 BC:FF0C DE:ED22 HL:4200 F:10000100 [Z:0 C:0]
[4841] POP HL                         | A:C0 BC:FF0C DE:ED22 HL:421E F:10000100 [Z:0 C:0]
[4842] INC DE                         | A:C0 BC:FF0C DE:ED23 HL:421E F:10000100 [Z:0 C:0]
[4843] DEC C                          | A:C0 BC:FF0B DE:ED23 HL:421E F:00000100 [Z:0 C:0]
[4844] JR NZ -> 0x4837                | A:C0 BC:FF0B DE:ED23 HL:421E F:00000100 [Z:0 C:0]
[4837] LD B, (HL)                     | A:C0 BC:FF0B DE:ED23 HL:421E F:00000100 [Z:0 C:0]
[4838] INC HL                         | A:C0 BC:FF0B DE:ED23 HL:421F F:00000100 [Z:0 C:0]
[4839] LD A, (HL)                     | A:00 BC:FF0B DE:ED23 HL:421F F:00000100 [Z:0 C:0]
[483A] INC HL                         | A:00 BC:FF0B DE:ED23 HL:4220 F:00000100 [Z:0 C:0]
[483B] PUSH HL                        | A:00 BC:FF0B DE:ED23 HL:4220 F:00000100 [Z:0 C:0]
[483C] LD L, A                        | A:00 BC:FF0B DE:ED23 HL:4200 F:00000100 [Z:0 C:0]
[483D] LD A, (DE)                     | A:C0 BC:FF0B DE:ED23 HL:4200 F:00000100 [Z:0 C:0]
[483E] AND B                          | A:C0 BC:FF0B DE:ED23 HL:4200 F:10010100 [Z:0 C:0]
[483F] OR L                           | A:C0 BC:FF0B DE:ED23 HL:4200 F:10000100 [Z:0 C:0]
[4840] LD (DE), A                     | A:C0 BC:FF0B DE:ED23 HL:4200 F:10000100 [Z:0 C:0]
[4841] POP HL                         | A:C0 BC:FF0B DE:ED23 HL:4220 F:10000100 [Z:0 C:0]
[4842] INC DE                         | A:C0 BC:FF0B DE:ED24 HL:4220 F:10000100 [Z:0 C:0]
[4843] DEC C                          | A:C0 BC:FF0A DE:ED24 HL:4220 F:00000100 [Z:0 C:0]
[4844] JR NZ -> 0x4837                | A:C0 BC:FF0A DE:ED24 HL:4220 F:00000100 [Z:0 C:0]
[4837] LD B, (HL)                     | A:C0 BC:FF0A DE:ED24 HL:4220 F:00000100 [Z:0 C:0]
[4838] INC HL                         | A:C0 BC:FF0A DE:ED24 HL:4221 F:00000100 [Z:0 C:0]
[4839] LD A, (HL)                     | A:00 BC:FF0A DE:ED24 HL:4221 F:00000100 [Z:0 C:0]
[483A] INC HL                         | A:00 BC:FF0A DE:ED24 HL:4222 F:00000100 [Z:0 C:0]
[483B] PUSH HL                        | A:00 BC:FF0A DE:ED24 HL:4222 F:00000100 [Z:0 C:0]
[483C] LD L, A                        | A:00 BC:FF0A DE:ED24 HL:4200 F:00000100 [Z:0 C:0]
[483D] LD A, (DE)                     | A:C0 BC:FF0A DE:ED24 HL:4200 F:00000100 [Z:0 C:0]
[483E] AND B                          | A:C0 BC:FF0A DE:ED24 HL:4200 F:10010100 [Z:0 C:0]
[483F] OR L                           | A:C0 BC:FF0A DE:ED24 HL:4200 F:10000100 [Z:0 C:0]
[4840] LD (DE), A                     | A:C0 BC:FF0A DE:ED24 HL:4200 F:10000100 [Z:0 C:0]
[4841] POP HL                         | A:C0 BC:FF0A DE:ED24 HL:4222 F:10000100 [Z:0 C:0]
[4842] INC DE                         | A:C0 BC:FF0A DE:ED25 HL:4222 F:10000100 [Z:0 C:0]
[4843] DEC C                          | A:C0 BC:FF09 DE:ED25 HL:4222 F:00000100 [Z:0 C:0]
[4844] JR NZ -> 0x4837                | A:C0 BC:FF09 DE:ED25 HL:4222 F:00000100 [Z:0 C:0]
[4837] LD B, (HL)                     | A:C0 BC:FF09 DE:ED25 HL:4222 F:00000100 [Z:0 C:0]
[4838] INC HL                         | A:C0 BC:FF09 DE:ED25 HL:4223 F:00000100 [Z:0 C:0]
[4839] LD A, (HL)                     | A:00 BC:FF09 DE:ED25 HL:4223 F:00000100 [Z:0 C:0]
[483A] INC HL                         | A:00 BC:FF09 DE:ED25 HL:4224 F:00000100 [Z:0 C:0]
[483B] PUSH HL                        | A:00 BC:FF09 DE:ED25 HL:4224 F:00000100 [Z:0 C:0]
[483C] LD L, A                        | A:00 BC:FF09 DE:ED25 HL:4200 F:00000100 [Z:0 C:0]
[483D] LD A, (DE)                     | A:C0 BC:FF09 DE:ED25 HL:4200 F:00000100 [Z:0 C:0]
[483E] AND B                          | A:C0 BC:FF09 DE:ED25 HL:4200 F:10010100 [Z:0 C:0]
[483F] OR L                           | A:C0 BC:FF09 DE:ED25 HL:4200 F:10000100 [Z:0 C:0]
[4840] LD (DE), A                     | A:C0 BC:FF09 DE:ED25 HL:4200 F:10000100 [Z:0 C:0]
[4841] POP HL                         | A:C0 BC:FF09 DE:ED25 HL:4224 F:10000100 [Z:0 C:0]
[4842] INC DE                         | A:C0 BC:FF09 DE:ED26 HL:4224 F:10000100 [Z:0 C:0]
[4843] DEC C                          | A:C0 BC:FF08 DE:ED26 HL:4224 F:00000100 [Z:0 C:0]
[4844] JR NZ -> 0x4837                | A:C0 BC:FF08 DE:ED26 HL:4224 F:00000100 [Z:0 C:0]
[4837] LD B, (HL)                     | A:C0 BC:0008 DE:ED26 HL:4224 F:00000100 [Z:0 C:0]
[4838] INC HL                         | A:C0 BC:0008 DE:ED26 HL:4225 F:00000100 [Z:0 C:0]
[4839] LD A, (HL)                     | A:C3 BC:0008 DE:ED26 HL:4225 F:00000100 [Z:0 C:0]
[483A] INC HL                         | A:C3 BC:0008 DE:ED26 HL:4226 F:00000100 [Z:0 C:0]
[483B] PUSH HL                        | A:C3 BC:0008 DE:ED26 HL:4226 F:00000100 [Z:0 C:0]
[483C] LD L, A                        | A:C3 BC:0008 DE:ED26 HL:42C3 F:00000100 [Z:0 C:0]
[483D] LD A, (DE)                     | A:C0 BC:0008 DE:ED26 HL:42C3 F:00000100 [Z:0 C:0]
[483E] AND B                          | A:00 BC:0008 DE:ED26 HL:42C3 F:01010100 [Z:1 C:0]
[483F] OR L                           | A:C3 BC:0008 DE:ED26 HL:42C3 F:10000100 [Z:0 C:0]
[4840] LD (DE), A                     | A:C3 BC:0008 DE:ED26 HL:42C3 F:10000100 [Z:0 C:0]
[4841] POP HL                         | A:C3 BC:0008 DE:ED26 HL:4226 F:10000100 [Z:0 C:0]
[4842] INC DE                         | A:C3 BC:0008 DE:ED27 HL:4226 F:10000100 [Z:0 C:0]
[4843] DEC C                          | A:C3 BC:0007 DE:ED27 HL:4226 F:00000100 [Z:0 C:0]
[4844] JR NZ -> 0x4837                | A:C3 BC:0007 DE:ED27 HL:4226 F:00000100 [Z:0 C:0]
[4837] LD B, (HL)                     | A:C3 BC:0007 DE:ED27 HL:4226 F:00000100 [Z:0 C:0]
[4838] INC HL                         | A:C3 BC:0007 DE:ED27 HL:4227 F:00000100 [Z:0 C:0]
[4839] LD A, (HL)                     | A:C3 BC:0007 DE:ED27 HL:4227 F:00000100 [Z:0 C:0]
[483A] INC HL                         | A:C3 BC:0007 DE:ED27 HL:4228 F:00000100 [Z:0 C:0]
[483B] PUSH HL                        | A:C3 BC:0007 DE:ED27 HL:4228 F:00000100 [Z:0 C:0]
[483C] LD L, A                        | A:C3 BC:0007 DE:ED27 HL:42C3 F:00000100 [Z:0 C:0]
[483D] LD A, (DE)                     | A:C0 BC:0007 DE:ED27 HL:42C3 F:00000100 [Z:0 C:0]
[483E] AND B                          | A:00 BC:0007 DE:ED27 HL:42C3 F:01010100 [Z:1 C:0]
[483F] OR L                           | A:C3 BC:0007 DE:ED27 HL:42C3 F:10000100 [Z:0 C:0]
[4840] LD (DE), A                     | A:C3 BC:0007 DE:ED27 HL:42C3 F:10000100 [Z:0 C:0]
[4841] POP HL                         | A:C3 BC:0007 DE:ED27 HL:4228 F:10000100 [Z:0 C:0]
[4842] INC DE                         | A:C3 BC:0007 DE:ED28 HL:4228 F:10000100 [Z:0 C:0]
[4843] DEC C                          | A:C3 BC:0006 DE:ED28 HL:4228 F:00000100 [Z:0 C:0]
[4844] JR NZ -> 0x4837                | A:C3 BC:0006 DE:ED28 HL:4228 F:00000100 [Z:0 C:0]
[4837] LD B, (HL)                     | A:C3 BC:0006 DE:ED28 HL:4228 F:00000100 [Z:0 C:0]
[4838] INC HL                         | A:C3 BC:0006 DE:ED28 HL:4229 F:00000100 [Z:0 C:0]
[4839] LD A, (HL)                     | A:C3 BC:0006 DE:ED28 HL:4229 F:00000100 [Z:0 C:0]
[483A] INC HL                         | A:C3 BC:0006 DE:ED28 HL:422A F:00000100 [Z:0 C:0]
[483B] PUSH HL                        | A:C3 BC:0006 DE:ED28 HL:422A F:00000100 [Z:0 C:0]
[483C] LD L, A                        | A:C3 BC:0006 DE:ED28 HL:42C3 F:00000100 [Z:0 C:0]
[483D] LD A, (DE)                     | A:C0 BC:0006 DE:ED28 HL:42C3 F:00000100 [Z:0 C:0]
[483E] AND B                          | A:00 BC:0006 DE:ED28 HL:42C3 F:01010100 [Z:1 C:0]
[483F] OR L                           | A:C3 BC:0006 DE:ED28 HL:42C3 F:10000100 [Z:0 C:0]
[4840] LD (DE), A                     | A:C3 BC:0006 DE:ED28 HL:42C3 F:10000100 [Z:0 C:0]
[4841] POP HL                         | A:C3 BC:0006 DE:ED28 HL:422A F:10000100 [Z:0 C:0]
[4842] INC DE                         | A:C3 BC:0006 DE:ED29 HL:422A F:10000100 [Z:0 C:0]
[4843] DEC C                          | A:C3 BC:0005 DE:ED29 HL:422A F:00000100 [Z:0 C:0]
[4844] JR NZ -> 0x4837                | A:C3 BC:0005 DE:ED29 HL:422A F:00000100 [Z:0 C:0]
[4837] LD B, (HL)                     | A:C3 BC:0005 DE:ED29 HL:422A F:00000100 [Z:0 C:0]
[4838] INC HL                         | A:C3 BC:0005 DE:ED29 HL:422B F:00000100 [Z:0 C:0]
[4839] LD A, (HL)                     | A:C3 BC:0005 DE:ED29 HL:422B F:00000100 [Z:0 C:0]
[483A] INC HL                         | A:C3 BC:0005 DE:ED29 HL:422C F:00000100 [Z:0 C:0]
[483B] PUSH HL                        | A:C3 BC:0005 DE:ED29 HL:422C F:00000100 [Z:0 C:0]
[483C] LD L, A                        | A:C3 BC:0005 DE:ED29 HL:42C3 F:00000100 [Z:0 C:0]
[483D] LD A, (DE)                     | A:C0 BC:0005 DE:ED29 HL:42C3 F:00000100 [Z:0 C:0]
[483E] AND B                          | A:00 BC:0005 DE:ED29 HL:42C3 F:01010100 [Z:1 C:0]
[483F] OR L                           | A:C3 BC:0005 DE:ED29 HL:42C3 F:10000100 [Z:0 C:0]
[4840] LD (DE), A                     | A:C3 BC:0005 DE:ED29 HL:42C3 F:10000100 [Z:0 C:0]
[4841] POP HL                         | A:C3 BC:0005 DE:ED29 HL:422C F:10000100 [Z:0 C:0]
[4842] INC DE                         | A:C3 BC:0005 DE:ED2A HL:422C F:10000100 [Z:0 C:0]
[4843] DEC C                          | A:C3 BC:0004 DE:ED2A HL:422C F:00000100 [Z:0 C:0]
[4844] JR NZ -> 0x4837                | A:C3 BC:0004 DE:ED2A HL:422C F:00000100 [Z:0 C:0]
[4837] LD B, (HL)                     | A:C3 BC:0004 DE:ED2A HL:422C F:00000100 [Z:0 C:0]
[4838] INC HL                         | A:C3 BC:0004 DE:ED2A HL:422D F:00000100 [Z:0 C:0]
[4839] LD A, (HL)                     | A:C3 BC:0004 DE:ED2A HL:422D F:00000100 [Z:0 C:0]
[483A] INC HL                         | A:C3 BC:0004 DE:ED2A HL:422E F:00000100 [Z:0 C:0]
[483B] PUSH HL                        | A:C3 BC:0004 DE:ED2A HL:422E F:00000100 [Z:0 C:0]
[483C] LD L, A                        | A:C3 BC:0004 DE:ED2A HL:42C3 F:00000100 [Z:0 C:0]
[483D] LD A, (DE)                     | A:C0 BC:0004 DE:ED2A HL:42C3 F:00000100 [Z:0 C:0]
[483E] AND B                          | A:00 BC:0004 DE:ED2A HL:42C3 F:01010100 [Z:1 C:0]
[483F] OR L                           | A:C3 BC:0004 DE:ED2A HL:42C3 F:10000100 [Z:0 C:0]
[4840] LD (DE), A                     | A:C3 BC:0004 DE:ED2A HL:42C3 F:10000100 [Z:0 C:0]
[4841] POP HL                         | A:C3 BC:0004 DE:ED2A HL:422E F:10000100 [Z:0 C:0]
[4842] INC DE                         | A:C3 BC:0004 DE:ED2B HL:422E F:10000100 [Z:0 C:0]
[4843] DEC C                          | A:C3 BC:0003 DE:ED2B HL:422E F:00000100 [Z:0 C:0]
[4844] JR NZ -> 0x4837                | A:C3 BC:0003 DE:ED2B HL:422E F:00000100 [Z:0 C:0]
[4837] LD B, (HL)                     | A:C3 BC:0003 DE:ED2B HL:422E F:00000100 [Z:0 C:0]
[4838] INC HL                         | A:C3 BC:0003 DE:ED2B HL:422F F:00000100 [Z:0 C:0]
[4839] LD A, (HL)                     | A:C3 BC:0003 DE:ED2B HL:422F F:00000100 [Z:0 C:0]
[483A] INC HL                         | A:C3 BC:0003 DE:ED2B HL:4230 F:00000100 [Z:0 C:0]
[483B] PUSH HL                        | A:C3 BC:0003 DE:ED2B HL:4230 F:00000100 [Z:0 C:0]
[483C] LD L, A                        | A:C3 BC:0003 DE:ED2B HL:42C3 F:00000100 [Z:0 C:0]
[483D] LD A, (DE)                     | A:C0 BC:0003 DE:ED2B HL:42C3 F:00000100 [Z:0 C:0]
[483E] AND B                          | A:00 BC:0003 DE:ED2B HL:42C3 F:01010100 [Z:1 C:0]
[483F] OR L                           | A:C3 BC:0003 DE:ED2B HL:42C3 F:10000100 [Z:0 C:0]
[4840] LD (DE), A                     | A:C3 BC:0003 DE:ED2B HL:42C3 F:10000100 [Z:0 C:0]
[4841] POP HL                         | A:C3 BC:0003 DE:ED2B HL:4230 F:10000100 [Z:0 C:0]
[4842] INC DE                         | A:C3 BC:0003 DE:ED2C HL:4230 F:10000100 [Z:0 C:0]
[4843] DEC C                          | A:C3 BC:0002 DE:ED2C HL:4230 F:00000100 [Z:0 C:0]
[4844] JR NZ -> 0x4837                | A:C3 BC:0002 DE:ED2C HL:4230 F:00000100 [Z:0 C:0]
[4837] LD B, (HL)                     | A:C3 BC:0002 DE:ED2C HL:4230 F:00000100 [Z:0 C:0]
[4838] INC HL                         | A:C3 BC:0002 DE:ED2C HL:4231 F:00000100 [Z:0 C:0]
[4839] LD A, (HL)                     | A:C3 BC:0002 DE:ED2C HL:4231 F:00000100 [Z:0 C:0]
[483A] INC HL                         | A:C3 BC:0002 DE:ED2C HL:4232 F:00000100 [Z:0 C:0]
[483B] PUSH HL                        | A:C3 BC:0002 DE:ED2C HL:4232 F:00000100 [Z:0 C:0]
[483C] LD L, A                        | A:C3 BC:0002 DE:ED2C HL:42C3 F:00000100 [Z:0 C:0]
[483D] LD A, (DE)                     | A:C0 BC:0002 DE:ED2C HL:42C3 F:00000100 [Z:0 C:0]
[483E] AND B                          | A:00 BC:0002 DE:ED2C HL:42C3 F:01010100 [Z:1 C:0]
[483F] OR L                           | A:C3 BC:0002 DE:ED2C HL:42C3 F:10000100 [Z:0 C:0]
[4840] LD (DE), A                     | A:C3 BC:0002 DE:ED2C HL:42C3 F:10000100 [Z:0 C:0]
[4841] POP HL                         | A:C3 BC:0002 DE:ED2C HL:4232 F:10000100 [Z:0 C:0]
[4842] INC DE                         | A:C3 BC:0002 DE:ED2D HL:4232 F:10000100 [Z:0 C:0]
[4843] DEC C                          | A:C3 BC:0001 DE:ED2D HL:4232 F:00000100 [Z:0 C:0]
[4844] JR NZ -> 0x4837                | A:C3 BC:0001 DE:ED2D HL:4232 F:00000100 [Z:0 C:0]
[4837] LD B, (HL)                     | A:C3 BC:FF01 DE:ED2D HL:4232 F:00000100 [Z:0 C:0]
[4838] INC HL                         | A:C3 BC:FF01 DE:ED2D HL:4233 F:00000100 [Z:0 C:0]
[4839] LD A, (HL)                     | A:00 BC:FF01 DE:ED2D HL:4233 F:00000100 [Z:0 C:0]
[483A] INC HL                         | A:00 BC:FF01 DE:ED2D HL:4234 F:00000100 [Z:0 C:0]
[483B] PUSH HL                        | A:00 BC:FF01 DE:ED2D HL:4234 F:00000100 [Z:0 C:0]
[483C] LD L, A                        | A:00 BC:FF01 DE:ED2D HL:4200 F:00000100 [Z:0 C:0]
[483D] LD A, (DE)                     | A:C0 BC:FF01 DE:ED2D HL:4200 F:00000100 [Z:0 C:0]
[483E] AND B                          | A:C0 BC:FF01 DE:ED2D HL:4200 F:10010100 [Z:0 C:0]
[483F] OR L                           | A:C0 BC:FF01 DE:ED2D HL:4200 F:10000100 [Z:0 C:0]
[4840] LD (DE), A                     | A:C0 BC:FF01 DE:ED2D HL:4200 F:10000100 [Z:0 C:0]
[4841] POP HL                         | A:C0 BC:FF01 DE:ED2D HL:4234 F:10000100 [Z:0 C:0]
[4842] INC DE                         | A:C0 BC:FF01 DE:ED2E HL:4234 F:10000100 [Z:0 C:0]
[4843] DEC C                          | A:C0 BC:FF00 DE:ED2E HL:4234 F:01000100 [Z:1 C:0]
[4844] JR NZ [not taken]              | A:C0 BC:FF00 DE:ED2E HL:4234 F:01000100 [Z:1 C:0]
[4846] LD A, (0x8000)                 | A:0F BC:FF00 DE:ED2E HL:4234 F:01000100 [Z:1 C:0]
[4849] DEC A                          | A:0E BC:FF00 DE:ED2E HL:4234 F:00000100 [Z:0 C:0]
[484A] LD (0x8000), A                 | A:0E BC:FF00 DE:ED2E HL:4234 F:00000100 [Z:0 C:0]
[484D] JR NZ -> 0x4831                | A:0E BC:FF00 DE:ED2E HL:4234 F:00000100 [Z:0 C:0]
[4831] LD E, (HL)                     | A:0E BC:FF00 DE:ED22 HL:4234 F:00000100 [Z:0 C:0]
[4832] INC HL                         | A:0E BC:FF00 DE:ED22 HL:4235 F:00000100 [Z:0 C:0]
[4833] LD D, (HL)                     | A:0E BC:FF00 DE:F522 HL:4235 F:00000100 [Z:0 C:0]
[4834] INC HL                         | A:0E BC:FF00 DE:F522 HL:4236 F:00000100 [Z:0 C:0]
[4835] LD C, 0x0C                     | A:0E BC:FF0C DE:F522 HL:4236 F:00000100 [Z:0 C:0]
[4837] LD B, (HL)                     | A:0E BC:FF0C DE:F522 HL:4236 F:00000100 [Z:0 C:0]
[4838] INC HL                         | A:0E BC:FF0C DE:F522 HL:4237 F:00000100 [Z:0 C:0]
[4839] LD A, (HL)                     | A:00 BC:FF0C DE:F522 HL:4237 F:00000100 [Z:0 C:0]
[483A] INC HL                         | A:00 BC:FF0C DE:F522 HL:4238 F:00000100 [Z:0 C:0]
[483B] PUSH HL                        | A:00 BC:FF0C DE:F522 HL:4238 F:00000100 [Z:0 C:0]
[483C] LD L, A                        | A:00 BC:FF0C DE:F522 HL:4200 F:00000100 [Z:0 C:0]
[483D] LD A, (DE)                     | A:C0 BC:FF0C DE:F522 HL:4200 F:00000100 [Z:0 C:0]
[483E] AND B                          | A:C0 BC:FF0C DE:F522 HL:4200 F:10010100 [Z:0 C:0]
[483F] OR L                           | A:C0 BC:FF0C DE:F522 HL:4200 F:10000100 [Z:0 C:0]
[4840] LD (DE), A                     | A:C0 BC:FF0C DE:F522 HL:4200 F:10000100 [Z:0 C:0]
[4841] POP HL                         | A:C0 BC:FF0C DE:F522 HL:4238 F:10000100 [Z:0 C:0]
[4842] INC DE                         | A:C0 BC:FF0C DE:F523 HL:4238 F:10000100 [Z:0 C:0]
[4843] DEC C                          | A:C0 BC:FF0B DE:F523 HL:4238 F:00000100 [Z:0 C:0]
[4844] JR NZ -> 0x4837                | A:C0 BC:FF0B DE:F523 HL:4238 F:00000100 [Z:0 C:0]
[4837] LD B, (HL)                     | A:C0 BC:000B DE:F523 HL:4238 F:00000100 [Z:0 C:0]
[4838] INC HL                         | A:C0 BC:000B DE:F523 HL:4239 F:00000100 [Z:0 C:0]
[4839] LD A, (HL)                     | A:C3 BC:000B DE:F523 HL:4239 F:00000100 [Z:0 C:0]
[483A] INC HL                         | A:C3 BC:000B DE:F523 HL:423A F:00000100 [Z:0 C:0]
[483B] PUSH HL                        | A:C3 BC:000B DE:F523 HL:423A F:00000100 [Z:0 C:0]
[483C] LD L, A                        | A:C3 BC:000B DE:F523 HL:42C3 F:00000100 [Z:0 C:0]
[483D] LD A, (DE)                     | A:C0 BC:000B DE:F523 HL:42C3 F:00000100 [Z:0 C:0]
[483E] AND B                          | A:00 BC:000B DE:F523 HL:42C3 F:01010100 [Z:1 C:0]
[483F] OR L                           | A:C3 BC:000B DE:F523 HL:42C3 F:10000100 [Z:0 C:0]
[4840] LD (DE), A                     | A:C3 BC:000B DE:F523 HL:42C3 F:10000100 [Z:0 C:0]
[4841] POP HL                         | A:C3 BC:000B DE:F523 HL:423A F:10000100 [Z:0 C:0]
[4842] INC DE                         | A:C3 BC:000B DE:F524 HL:423A F:10000100 [Z:0 C:0]
[4843] DEC C                          | A:C3 BC:000A DE:F524 HL:423A F:00000100 [Z:0 C:0]
[4844] JR NZ -> 0x4837                | A:C3 BC:000A DE:F524 HL:423A F:00000100 [Z:0 C:0]
[4837] LD B, (HL)                     | A:C3 BC:000A DE:F524 HL:423A F:00000100 [Z:0 C:0]
[4838] INC HL                         | A:C3 BC:000A DE:F524 HL:423B F:00000100 [Z:0 C:0]
[4839] LD A, (HL)                     | A:C3 BC:000A DE:F524 HL:423B F:00000100 [Z:0 C:0]
[483A] INC HL                         | A:C3 BC:000A DE:F524 HL:423C F:00000100 [Z:0 C:0]
[483B] PUSH HL                        | A:C3 BC:000A DE:F524 HL:423C F:00000100 [Z:0 C:0]
[483C] LD L, A                        | A:C3 BC:000A DE:F524 HL:42C3 F:00000100 [Z:0 C:0]
[483D] LD A, (DE)                     | A:C0 BC:000A DE:F524 HL:42C3 F:00000100 [Z:0 C:0]
[483E] AND B                          | A:00 BC:000A DE:F524 HL:42C3 F:01010100 [Z:1 C:0]
[483F] OR L                           | A:C3 BC:000A DE:F524 HL:42C3 F:10000100 [Z:0 C:0]
[4840] LD (DE), A                     | A:C3 BC:000A DE:F524 HL:42C3 F:10000100 [Z:0 C:0]
[4841] POP HL                         | A:C3 BC:000A DE:F524 HL:423C F:10000100 [Z:0 C:0]
[4842] INC DE                         | A:C3 BC:000A DE:F525 HL:423C F:10000100 [Z:0 C:0]
[4843] DEC C                          | A:C3 BC:0009 DE:F525 HL:423C F:00000100 [Z:0 C:0]
[4844] JR NZ -> 0x4837                | A:C3 BC:0009 DE:F525 HL:423C F:00000100 [Z:0 C:0]
[4837] LD B, (HL)                     | A:C3 BC:0009 DE:F525 HL:423C F:00000100 [Z:0 C:0]
[4838] INC HL                         | A:C3 BC:0009 DE:F525 HL:423D F:00000100 [Z:0 C:0]
[4839] LD A, (HL)                     | A:C3 BC:0009 DE:F525 HL:423D F:00000100 [Z:0 C:0]
[483A] INC HL                         | A:C3 BC:0009 DE:F525 HL:423E F:00000100 [Z:0 C:0]
[483B] PUSH HL                        | A:C3 BC:0009 DE:F525 HL:423E F:00000100 [Z:0 C:0]
[483C] LD L, A                        | A:C3 BC:0009 DE:F525 HL:42C3 F:00000100 [Z:0 C:0]
[483D] LD A, (DE)                     | A:C0 BC:0009 DE:F525 HL:42C3 F:00000100 [Z:0 C:0]
[483E] AND B                          | A:00 BC:0009 DE:F525 HL:42C3 F:01010100 [Z:1 C:0]
[483F] OR L                           | A:C3 BC:0009 DE:F525 HL:42C3 F:10000100 [Z:0 C:0]
[4840] LD (DE), A                     | A:C3 BC:0009 DE:F525 HL:42C3 F:10000100 [Z:0 C:0]
[4841] POP HL                         | A:C3 BC:0009 DE:F525 HL:423E F:10000100 [Z:0 C:0]
[4842] INC DE                         | A:C3 BC:0009 DE:F526 HL:423E F:10000100 [Z:0 C:0]
[4843] DEC C                          | A:C3 BC:0008 DE:F526 HL:423E F:00000100 [Z:0 C:0]
[4844] JR NZ -> 0x4837                | A:C3 BC:0008 DE:F526 HL:423E F:00000100 [Z:0 C:0]
[4837] LD B, (HL)                     | A:C3 BC:0008 DE:F526 HL:423E F:00000100 [Z:0 C:0]
[4838] INC HL                         | A:C3 BC:0008 DE:F526 HL:423F F:00000100 [Z:0 C:0]
[4839] LD A, (HL)                     | A:C3 BC:0008 DE:F526 HL:423F F:00000100 [Z:0 C:0]
[483A] INC HL                         | A:C3 BC:0008 DE:F526 HL:4240 F:00000100 [Z:0 C:0]
[483B] PUSH HL                        | A:C3 BC:0008 DE:F526 HL:4240 F:00000100 [Z:0 C:0]
[483C] LD L, A                        | A:C3 BC:0008 DE:F526 HL:42C3 F:00000100 [Z:0 C:0]
[483D] LD A, (DE)                     | A:C0 BC:0008 DE:F526 HL:42C3 F:00000100 [Z:0 C:0]
[483E] AND B                          | A:00 BC:0008 DE:F526 HL:42C3 F:01010100 [Z:1 C:0]
[483F] OR L                           | A:C3 BC:0008 DE:F526 HL:42C3 F:10000100 [Z:0 C:0]
[4840] LD (DE), A                     | A:C3 BC:0008 DE:F526 HL:42C3 F:10000100 [Z:0 C:0]
[4841] POP HL                         | A:C3 BC:0008 DE:F526 HL:4240 F:10000100 [Z:0 C:0]
[4842] INC DE                         | A:C3 BC:0008 DE:F527 HL:4240 F:10000100 [Z:0 C:0]
[4843] DEC C                          | A:C3 BC:0007 DE:F527 HL:4240 F:00000100 [Z:0 C:0]
[4844] JR NZ -> 0x4837                | A:C3 BC:0007 DE:F527 HL:4240 F:00000100 [Z:0 C:0]
[4837] LD B, (HL)                     | A:C3 BC:0007 DE:F527 HL:4240 F:00000100 [Z:0 C:0]
[4838] INC HL                         | A:C3 BC:0007 DE:F527 HL:4241 F:00000100 [Z:0 C:0]
[4839] LD A, (HL)                     | A:C3 BC:0007 DE:F527 HL:4241 F:00000100 [Z:0 C:0]
[483A] INC HL                         | A:C3 BC:0007 DE:F527 HL:4242 F:00000100 [Z:0 C:0]
[483B] PUSH HL                        | A:C3 BC:0007 DE:F527 HL:4242 F:00000100 [Z:0 C:0]
[483C] LD L, A                        | A:C3 BC:0007 DE:F527 HL:42C3 F:00000100 [Z:0 C:0]
[483D] LD A, (DE)                     | A:C0 BC:0007 DE:F527 HL:42C3 F:00000100 [Z:0 C:0]
[483E] AND B                          | A:00 BC:0007 DE:F527 HL:42C3 F:01010100 [Z:1 C:0]
[483F] OR L                           | A:C3 BC:0007 DE:F527 HL:42C3 F:10000100 [Z:0 C:0]
[4840] LD (DE), A                     | A:C3 BC:0007 DE:F527 HL:42C3 F:10000100 [Z:0 C:0]
[4841] POP HL                         | A:C3 BC:0007 DE:F527 HL:4242 F:10000100 [Z:0 C:0]
[4842] INC DE                         | A:C3 BC:0007 DE:F528 HL:4242 F:10000100 [Z:0 C:0]
[4843] DEC C                          | A:C3 BC:0006 DE:F528 HL:4242 F:00000100 [Z:0 C:0]
[4844] JR NZ -> 0x4837                | A:C3 BC:0006 DE:F528 HL:4242 F:00000100 [Z:0 C:0]
[4837] LD B, (HL)                     | A:C3 BC:0006 DE:F528 HL:4242 F:00000100 [Z:0 C:0]
[4838] INC HL                         | A:C3 BC:0006 DE:F528 HL:4243 F:00000100 [Z:0 C:0]
[4839] LD A, (HL)                     | A:C3 BC:0006 DE:F528 HL:4243 F:00000100 [Z:0 C:0]
[483A] INC HL                         | A:C3 BC:0006 DE:F528 HL:4244 F:00000100 [Z:0 C:0]
[483B] PUSH HL                        | A:C3 BC:0006 DE:F528 HL:4244 F:00000100 [Z:0 C:0]
[483C] LD L, A                        | A:C3 BC:0006 DE:F528 HL:42C3 F:00000100 [Z:0 C:0]
[483D] LD A, (DE)                     | A:C0 BC:0006 DE:F528 HL:42C3 F:00000100 [Z:0 C:0]
[483E] AND B                          | A:00 BC:0006 DE:F528 HL:42C3 F:01010100 [Z:1 C:0]
[483F] OR L                           | A:C3 BC:0006 DE:F528 HL:42C3 F:10000100 [Z:0 C:0]
[4840] LD (DE), A                     | A:C3 BC:0006 DE:F528 HL:42C3 F:10000100 [Z:0 C:0]
[4841] POP HL                         | A:C3 BC:0006 DE:F528 HL:4244 F:10000100 [Z:0 C:0]
[4842] INC DE                         | A:C3 BC:0006 DE:F529 HL:4244 F:10000100 [Z:0 C:0]
[4843] DEC C                          | A:C3 BC:0005 DE:F529 HL:4244 F:00000100 [Z:0 C:0]
[4844] JR NZ -> 0x4837                | A:C3 BC:0005 DE:F529 HL:4244 F:00000100 [Z:0 C:0]
[4837] LD B, (HL)                     | A:C3 BC:0005 DE:F529 HL:4244 F:00000100 [Z:0 C:0]
[4838] INC HL                         | A:C3 BC:0005 DE:F529 HL:4245 F:00000100 [Z:0 C:0]
[4839] LD A, (HL)                     | A:C3 BC:0005 DE:F529 HL:4245 F:00000100 [Z:0 C:0]
[483A] INC HL                         | A:C3 BC:0005 DE:F529 HL:4246 F:00000100 [Z:0 C:0]
[483B] PUSH HL                        | A:C3 BC:0005 DE:F529 HL:4246 F:00000100 [Z:0 C:0]
[483C] LD L, A                        | A:C3 BC:0005 DE:F529 HL:42C3 F:00000100 [Z:0 C:0]
[483D] LD A, (DE)                     | A:C0 BC:0005 DE:F529 HL:42C3 F:00000100 [Z:0 C:0]
[483E] AND B                          | A:00 BC:0005 DE:F529 HL:42C3 F:01010100 [Z:1 C:0]
[483F] OR L                           | A:C3 BC:0005 DE:F529 HL:42C3 F:10000100 [Z:0 C:0]
[4840] LD (DE), A                     | A:C3 BC:0005 DE:F529 HL:42C3 F:10000100 [Z:0 C:0]
[4841] POP HL                         | A:C3 BC:0005 DE:F529 HL:4246 F:10000100 [Z:0 C:0]
[4842] INC DE                         | A:C3 BC:0005 DE:F52A HL:4246 F:10000100 [Z:0 C:0]
[4843] DEC C                          | A:C3 BC:0004 DE:F52A HL:4246 F:00000100 [Z:0 C:0]
[4844] JR NZ -> 0x4837                | A:C3 BC:0004 DE:F52A HL:4246 F:00000100 [Z:0 C:0]
[4837] LD B, (HL)                     | A:C3 BC:0004 DE:F52A HL:4246 F:00000100 [Z:0 C:0]
[4838] INC HL                         | A:C3 BC:0004 DE:F52A HL:4247 F:00000100 [Z:0 C:0]
[4839] LD A, (HL)                     | A:C3 BC:0004 DE:F52A HL:4247 F:00000100 [Z:0 C:0]
[483A] INC HL                         | A:C3 BC:0004 DE:F52A HL:4248 F:00000100 [Z:0 C:0]
[483B] PUSH HL                        | A:C3 BC:0004 DE:F52A HL:4248 F:00000100 [Z:0 C:0]
[483C] LD L, A                        | A:C3 BC:0004 DE:F52A HL:42C3 F:00000100 [Z:0 C:0]
[483D] LD A, (DE)                     | A:C0 BC:0004 DE:F52A HL:42C3 F:00000100 [Z:0 C:0]
[483E] AND B                          | A:00 BC:0004 DE:F52A HL:42C3 F:01010100 [Z:1 C:0]
[483F] OR L                           | A:C3 BC:0004 DE:F52A HL:42C3 F:10000100 [Z:0 C:0]
[4840] LD (DE), A                     | A:C3 BC:0004 DE:F52A HL:42C3 F:10000100 [Z:0 C:0]
[4841] POP HL                         | A:C3 BC:0004 DE:F52A HL:4248 F:10000100 [Z:0 C:0]
[4842] INC DE                         | A:C3 BC:0004 DE:F52B HL:4248 F:10000100 [Z:0 C:0]
[4843] DEC C                          | A:C3 BC:0003 DE:F52B HL:4248 F:00000100 [Z:0 C:0]
[4844] JR NZ -> 0x4837                | A:C3 BC:0003 DE:F52B HL:4248 F:00000100 [Z:0 C:0]
[4837] LD B, (HL)                     | A:C3 BC:0003 DE:F52B HL:4248 F:00000100 [Z:0 C:0]
[4838] INC HL                         | A:C3 BC:0003 DE:F52B HL:4249 F:00000100 [Z:0 C:0]
[4839] LD A, (HL)                     | A:C3 BC:0003 DE:F52B HL:4249 F:00000100 [Z:0 C:0]
[483A] INC HL                         | A:C3 BC:0003 DE:F52B HL:424A F:00000100 [Z:0 C:0]
[483B] PUSH HL                        | A:C3 BC:0003 DE:F52B HL:424A F:00000100 [Z:0 C:0]
[483C] LD L, A                        | A:C3 BC:0003 DE:F52B HL:42C3 F:00000100 [Z:0 C:0]
[483D] LD A, (DE)                     | A:C0 BC:0003 DE:F52B HL:42C3 F:00000100 [Z:0 C:0]
[483E] AND B                          | A:00 BC:0003 DE:F52B HL:42C3 F:01010100 [Z:1 C:0]
[483F] OR L                           | A:C3 BC:0003 DE:F52B HL:42C3 F:10000100 [Z:0 C:0]
[4840] LD (DE), A                     | A:C3 BC:0003 DE:F52B HL:42C3 F:10000100 [Z:0 C:0]
[4841] POP HL                         | A:C3 BC:0003 DE:F52B HL:424A F:10000100 [Z:0 C:0]
[4842] INC DE                         | A:C3 BC:0003 DE:F52C HL:424A F:10000100 [Z:0 C:0]
[4843] DEC C                          | A:C3 BC:0002 DE:F52C HL:424A F:00000100 [Z:0 C:0]
[4844] JR NZ -> 0x4837                | A:C3 BC:0002 DE:F52C HL:424A F:00000100 [Z:0 C:0]
[4837] LD B, (HL)                     | A:C3 BC:0002 DE:F52C HL:424A F:00000100 [Z:0 C:0]
[4838] INC HL                         | A:C3 BC:0002 DE:F52C HL:424B F:00000100 [Z:0 C:0]
[4839] LD A, (HL)                     | A:C3 BC:0002 DE:F52C HL:424B F:00000100 [Z:0 C:0]
[483A] INC HL                         | A:C3 BC:0002 DE:F52C HL:424C F:00000100 [Z:0 C:0]
[483B] PUSH HL                        | A:C3 BC:0002 DE:F52C HL:424C F:00000100 [Z:0 C:0]
[483C] LD L, A                        | A:C3 BC:0002 DE:F52C HL:42C3 F:00000100 [Z:0 C:0]
[483D] LD A, (DE)                     | A:C0 BC:0002 DE:F52C HL:42C3 F:00000100 [Z:0 C:0]
[483E] AND B                          | A:00 BC:0002 DE:F52C HL:42C3 F:01010100 [Z:1 C:0]
[483F] OR L                           | A:C3 BC:0002 DE:F52C HL:42C3 F:10000100 [Z:0 C:0]
[4840] LD (DE), A                     | A:C3 BC:0002 DE:F52C HL:42C3 F:10000100 [Z:0 C:0]
[4841] POP HL                         | A:C3 BC:0002 DE:F52C HL:424C F:10000100 [Z:0 C:0]
[4842] INC DE                         | A:C3 BC:0002 DE:F52D HL:424C F:10000100 [Z:0 C:0]
[4843] DEC C                          | A:C3 BC:0001 DE:F52D HL:424C F:00000100 [Z:0 C:0]
[4844] JR NZ -> 0x4837                | A:C3 BC:0001 DE:F52D HL:424C F:00000100 [Z:0 C:0]
[4837] LD B, (HL)                     | A:C3 BC:5501 DE:F52D HL:424C F:00000100 [Z:0 C:0]
[4838] INC HL                         | A:C3 BC:5501 DE:F52D HL:424D F:00000100 [Z:0 C:0]
[4839] LD A, (HL)                     | A:82 BC:5501 DE:F52D HL:424D F:00000100 [Z:0 C:0]
[483A] INC HL                         | A:82 BC:5501 DE:F52D HL:424E F:00000100 [Z:0 C:0]
[483B] PUSH HL                        | A:82 BC:5501 DE:F52D HL:424E F:00000100 [Z:0 C:0]
[483C] LD L, A                        | A:82 BC:5501 DE:F52D HL:4282 F:00000100 [Z:0 C:0]
[483D] LD A, (DE)                     | A:C0 BC:5501 DE:F52D HL:4282 F:00000100 [Z:0 C:0]
[483E] AND B                          | A:40 BC:5501 DE:F52D HL:4282 F:00010000 [Z:0 C:0]
[483F] OR L                           | A:C2 BC:5501 DE:F52D HL:4282 F:10000000 [Z:0 C:0]
[4840] LD (DE), A                     | A:C2 BC:5501 DE:F52D HL:4282 F:10000000 [Z:0 C:0]
[4841] POP HL                         | A:C2 BC:5501 DE:F52D HL:424E F:10000000 [Z:0 C:0]
[4842] INC DE                         | A:C2 BC:5501 DE:F52E HL:424E F:10000000 [Z:0 C:0]
[4843] DEC C                          | A:C2 BC:5500 DE:F52E HL:424E F:01000000 [Z:1 C:0]
[4844] JR NZ [not taken]              | A:C2 BC:5500 DE:F52E HL:424E F:01000000 [Z:1 C:0]
[4846] LD A, (0x8000)                 | A:0E BC:5500 DE:F52E HL:424E F:01000000 [Z:1 C:0]
[4849] DEC A                          | A:0D BC:5500 DE:F52E HL:424E F:00000000 [Z:0 C:0]
[484A] LD (0x8000), A                 | A:0D BC:5500 DE:F52E HL:424E F:00000000 [Z:0 C:0]
[484D] JR NZ -> 0x4831                | A:0D BC:5500 DE:F52E HL:424E F:00000000 [Z:0 C:0]
[4831] LD E, (HL)                     | A:0D BC:5500 DE:F522 HL:424E F:00000000 [Z:0 C:0]
[4832] INC HL                         | A:0D BC:5500 DE:F522 HL:424F F:00000000 [Z:0 C:0]
[4833] LD D, (HL)                     | A:0D BC:5500 DE:FD22 HL:424F F:00000000 [Z:0 C:0]
[4834] INC HL                         | A:0D BC:5500 DE:FD22 HL:4250 F:00000000 [Z:0 C:0]
[4835] LD C, 0x0C                     | A:0D BC:550C DE:FD22 HL:4250 F:00000000 [Z:0 C:0]
[4837] LD B, (HL)                     | A:0D BC:AA0C DE:FD22 HL:4250 F:00000000 [Z:0 C:0]
[4838] INC HL                         | A:0D BC:AA0C DE:FD22 HL:4251 F:00000000 [Z:0 C:0]
[4839] LD A, (HL)                     | A:41 BC:AA0C DE:FD22 HL:4251 F:00000000 [Z:0 C:0]
[483A] INC HL                         | A:41 BC:AA0C DE:FD22 HL:4252 F:00000000 [Z:0 C:0]
[483B] PUSH HL                        | A:41 BC:AA0C DE:FD22 HL:4252 F:00000000 [Z:0 C:0]
[483C] LD L, A                        | A:41 BC:AA0C DE:FD22 HL:4241 F:00000000 [Z:0 C:0]
[483D] LD A, (DE)                     | A:C0 BC:AA0C DE:FD22 HL:4241 F:00000000 [Z:0 C:0]
[483E] AND B                          | A:80 BC:AA0C DE:FD22 HL:4241 F:10010000 [Z:0 C:0]
[483F] OR L                           | A:C1 BC:AA0C DE:FD22 HL:4241 F:10000000 [Z:0 C:0]
[4840] LD (DE), A                     | A:C1 BC:AA0C DE:FD22 HL:4241 F:10000000 [Z:0 C:0]
[4841] POP HL                         | A:C1 BC:AA0C DE:FD22 HL:4252 F:10000000 [Z:0 C:0]
[4842] INC DE                         | A:C1 BC:AA0C DE:FD23 HL:4252 F:10000000 [Z:0 C:0]
[4843] DEC C                          | A:C1 BC:AA0B DE:FD23 HL:4252 F:00000000 [Z:0 C:0]
[4844] JR NZ -> 0x4837                | A:C1 BC:AA0B DE:FD23 HL:4252 F:00000000 [Z:0 C:0]
[4837] LD B, (HL)                     | A:C1 BC:000B DE:FD23 HL:4252 F:00000000 [Z:0 C:0]
[4838] INC HL                         | A:C1 BC:000B DE:FD23 HL:4253 F:00000000 [Z:0 C:0]
[4839] LD A, (HL)                     | A:93 BC:000B DE:FD23 HL:4253 F:00000000 [Z:0 C:0]
[483A] INC HL                         | A:93 BC:000B DE:FD23 HL:4254 F:00000000 [Z:0 C:0]
[483B] PUSH HL                        | A:93 BC:000B DE:FD23 HL:4254 F:00000000 [Z:0 C:0]
[483C] LD L, A                        | A:93 BC:000B DE:FD23 HL:4293 F:00000000 [Z:0 C:0]
[483D] LD A, (DE)                     | A:C0 BC:000B DE:FD23 HL:4293 F:00000000 [Z:0 C:0]
[483E] AND B                          | A:00 BC:000B DE:FD23 HL:4293 F:01010100 [Z:1 C:0]
[483F] OR L                           | A:93 BC:000B DE:FD23 HL:4293 F:10000100 [Z:0 C:0]
[4840] LD (DE), A                     | A:93 BC:000B DE:FD23 HL:4293 F:10000100 [Z:0 C:0]
[4841] POP HL                         | A:93 BC:000B DE:FD23 HL:4254 F:10000100 [Z:0 C:0]
[4842] INC DE                         | A:93 BC:000B DE:FD24 HL:4254 F:10000100 [Z:0 C:0]
[4843] DEC C                          | A:93 BC:000A DE:FD24 HL:4254 F:00000100 [Z:0 C:0]
[4844] JR NZ -> 0x4837                | A:93 BC:000A DE:FD24 HL:4254 F:00000100 [Z:0 C:0]
[4837] LD B, (HL)                     | A:93 BC:000A DE:FD24 HL:4254 F:00000100 [Z:0 C:0]
[4838] INC HL                         | A:93 BC:000A DE:FD24 HL:4255 F:00000100 [Z:0 C:0]
[4839] LD A, (HL)                     | A:C3 BC:000A DE:FD24 HL:4255 F:00000100 [Z:0 C:0]
[483A] INC HL                         | A:C3 BC:000A DE:FD24 HL:4256 F:00000100 [Z:0 C:0]
[483B] PUSH HL                        | A:C3 BC:000A DE:FD24 HL:4256 F:00000100 [Z:0 C:0]
[483C] LD L, A                        | A:C3 BC:000A DE:FD24 HL:42C3 F:00000100 [Z:0 C:0]
[483D] LD A, (DE)                     | A:C0 BC:000A DE:FD24 HL:42C3 F:00000100 [Z:0 C:0]
[483E] AND B                          | A:00 BC:000A DE:FD24 HL:42C3 F:01010100 [Z:1 C:0]
[483F] OR L                           | A:C3 BC:000A DE:FD24 HL:42C3 F:10000100 [Z:0 C:0]
[4840] LD (DE), A                     | A:C3 BC:000A DE:FD24 HL:42C3 F:10000100 [Z:0 C:0]
[4841] POP HL                         | A:C3 BC:000A DE:FD24 HL:4256 F:10000100 [Z:0 C:0]
[4842] INC DE                         | A:C3 BC:000A DE:FD25 HL:4256 F:10000100 [Z:0 C:0]
[4843] DEC C                          | A:C3 BC:0009 DE:FD25 HL:4256 F:00000100 [Z:0 C:0]
[4844] JR NZ -> 0x4837                | A:C3 BC:0009 DE:FD25 HL:4256 F:00000100 [Z:0 C:0]
[4837] LD B, (HL)                     | A:C3 BC:0009 DE:FD25 HL:4256 F:00000100 [Z:0 C:0]
[4838] INC HL                         | A:C3 BC:0009 DE:FD25 HL:4257 F:00000100 [Z:0 C:0]
[4839] LD A, (HL)                     | A:C3 BC:0009 DE:FD25 HL:4257 F:00000100 [Z:0 C:0]
[483A] INC HL                         | A:C3 BC:0009 DE:FD25 HL:4258 F:00000100 [Z:0 C:0]
[483B] PUSH HL                        | A:C3 BC:0009 DE:FD25 HL:4258 F:00000100 [Z:0 C:0]
[483C] LD L, A                        | A:C3 BC:0009 DE:FD25 HL:42C3 F:00000100 [Z:0 C:0]
[483D] LD A, (DE)                     | A:C0 BC:0009 DE:FD25 HL:42C3 F:00000100 [Z:0 C:0]
[483E] AND B                          | A:00 BC:0009 DE:FD25 HL:42C3 F:01010100 [Z:1 C:0]
[483F] OR L                           | A:C3 BC:0009 DE:FD25 HL:42C3 F:10000100 [Z:0 C:0]
[4840] LD (DE), A                     | A:C3 BC:0009 DE:FD25 HL:42C3 F:10000100 [Z:0 C:0]
[4841] POP HL                         | A:C3 BC:0009 DE:FD25 HL:4258 F:10000100 [Z:0 C:0]
[4842] INC DE                         | A:C3 BC:0009 DE:FD26 HL:4258 F:10000100 [Z:0 C:0]
[4843] DEC C                          | A:C3 BC:0008 DE:FD26 HL:4258 F:00000100 [Z:0 C:0]
[4844] JR NZ -> 0x4837                | A:C3 BC:0008 DE:FD26 HL:4258 F:00000100 [Z:0 C:0]
[4837] LD B, (HL)                     | A:C3 BC:0008 DE:FD26 HL:4258 F:00000100 [Z:0 C:0]
[4838] INC HL                         | A:C3 BC:0008 DE:FD26 HL:4259 F:00000100 [Z:0 C:0]
[4839] LD A, (HL)                     | A:C3 BC:0008 DE:FD26 HL:4259 F:00000100 [Z:0 C:0]
[483A] INC HL                         | A:C3 BC:0008 DE:FD26 HL:425A F:00000100 [Z:0 C:0]
[483B] PUSH HL                        | A:C3 BC:0008 DE:FD26 HL:425A F:00000100 [Z:0 C:0]
[483C] LD L, A                        | A:C3 BC:0008 DE:FD26 HL:42C3 F:00000100 [Z:0 C:0]
[483D] LD A, (DE)                     | A:C0 BC:0008 DE:FD26 HL:42C3 F:00000100 [Z:0 C:0]
[483E] AND B                          | A:00 BC:0008 DE:FD26 HL:42C3 F:01010100 [Z:1 C:0]
[483F] OR L                           | A:C3 BC:0008 DE:FD26 HL:42C3 F:10000100 [Z:0 C:0]
[4840] LD (DE), A                     | A:C3 BC:0008 DE:FD26 HL:42C3 F:10000100 [Z:0 C:0]
[4841] POP HL                         | A:C3 BC:0008 DE:FD26 HL:425A F:10000100 [Z:0 C:0]
[4842] INC DE                         | A:C3 BC:0008 DE:FD27 HL:425A F:10000100 [Z:0 C:0]
[4843] DEC C                          | A:C3 BC:0007 DE:FD27 HL:425A F:00000100 [Z:0 C:0]
[4844] JR NZ -> 0x4837                | A:C3 BC:0007 DE:FD27 HL:425A F:00000100 [Z:0 C:0]
[4837] LD B, (HL)                     | A:C3 BC:0007 DE:FD27 HL:425A F:00000100 [Z:0 C:0]
[4838] INC HL                         | A:C3 BC:0007 DE:FD27 HL:425B F:00000100 [Z:0 C:0]
[4839] LD A, (HL)                     | A:C3 BC:0007 DE:FD27 HL:425B F:00000100 [Z:0 C:0]
[483A] INC HL                         | A:C3 BC:0007 DE:FD27 HL:425C F:00000100 [Z:0 C:0]
[483B] PUSH HL                        | A:C3 BC:0007 DE:FD27 HL:425C F:00000100 [Z:0 C:0]
[483C] LD L, A                        | A:C3 BC:0007 DE:FD27 HL:42C3 F:00000100 [Z:0 C:0]
[483D] LD A, (DE)                     | A:C0 BC:0007 DE:FD27 HL:42C3 F:00000100 [Z:0 C:0]
[483E] AND B                          | A:00 BC:0007 DE:FD27 HL:42C3 F:01010100 [Z:1 C:0]
[483F] OR L                           | A:C3 BC:0007 DE:FD27 HL:42C3 F:10000100 [Z:0 C:0]
[4840] LD (DE), A                     | A:C3 BC:0007 DE:FD27 HL:42C3 F:10000100 [Z:0 C:0]
[4841] POP HL                         | A:C3 BC:0007 DE:FD27 HL:425C F:10000100 [Z:0 C:0]
[4842] INC DE                         | A:C3 BC:0007 DE:FD28 HL:425C F:10000100 [Z:0 C:0]
[4843] DEC C                          | A:C3 BC:0006 DE:FD28 HL:425C F:00000100 [Z:0 C:0]
[4844] JR NZ -> 0x4837                | A:C3 BC:0006 DE:FD28 HL:425C F:00000100 [Z:0 C:0]
[4837] LD B, (HL)                     | A:C3 BC:0006 DE:FD28 HL:425C F:00000100 [Z:0 C:0]
[4838] INC HL                         | A:C3 BC:0006 DE:FD28 HL:425D F:00000100 [Z:0 C:0]
[4839] LD A, (HL)                     | A:C3 BC:0006 DE:FD28 HL:425D F:00000100 [Z:0 C:0]
[483A] INC HL                         | A:C3 BC:0006 DE:FD28 HL:425E F:00000100 [Z:0 C:0]
[483B] PUSH HL                        | A:C3 BC:0006 DE:FD28 HL:425E F:00000100 [Z:0 C:0]
[483C] LD L, A                        | A:C3 BC:0006 DE:FD28 HL:42C3 F:00000100 [Z:0 C:0]
[483D] LD A, (DE)                     | A:C0 BC:0006 DE:FD28 HL:42C3 F:00000100 [Z:0 C:0]
[483E] AND B                          | A:00 BC:0006 DE:FD28 HL:42C3 F:01010100 [Z:1 C:0]
[483F] OR L                           | A:C3 BC:0006 DE:FD28 HL:42C3 F:10000100 [Z:0 C:0]
[4840] LD (DE), A                     | A:C3 BC:0006 DE:FD28 HL:42C3 F:10000100 [Z:0 C:0]
[4841] POP HL                         | A:C3 BC:0006 DE:FD28 HL:425E F:10000100 [Z:0 C:0]
[4842] INC DE                         | A:C3 BC:0006 DE:FD29 HL:425E F:10000100 [Z:0 C:0]
[4843] DEC C                          | A:C3 BC:0005 DE:FD29 HL:425E F:00000100 [Z:0 C:0]
[4844] JR NZ -> 0x4837                | A:C3 BC:0005 DE:FD29 HL:425E F:00000100 [Z:0 C:0]
[4837] LD B, (HL)                     | A:C3 BC:0005 DE:FD29 HL:425E F:00000100 [Z:0 C:0]
[4838] INC HL                         | A:C3 BC:0005 DE:FD29 HL:425F F:00000100 [Z:0 C:0]
[4839] LD A, (HL)                     | A:C3 BC:0005 DE:FD29 HL:425F F:00000100 [Z:0 C:0]
[483A] INC HL                         | A:C3 BC:0005 DE:FD29 HL:4260 F:00000100 [Z:0 C:0]
[483B] PUSH HL                        | A:C3 BC:0005 DE:FD29 HL:4260 F:00000100 [Z:0 C:0]
[483C] LD L, A                        | A:C3 BC:0005 DE:FD29 HL:42C3 F:00000100 [Z:0 C:0]
[483D] LD A, (DE)                     | A:C0 BC:0005 DE:FD29 HL:42C3 F:00000100 [Z:0 C:0]
[483E] AND B                          | A:00 BC:0005 DE:FD29 HL:42C3 F:01010100 [Z:1 C:0]
[483F] OR L                           | A:C3 BC:0005 DE:FD29 HL:42C3 F:10000100 [Z:0 C:0]
[4840] LD (DE), A                     | A:C3 BC:0005 DE:FD29 HL:42C3 F:10000100 [Z:0 C:0]
[4841] POP HL                         | A:C3 BC:0005 DE:FD29 HL:4260 F:10000100 [Z:0 C:0]
[4842] INC DE                         | A:C3 BC:0005 DE:FD2A HL:4260 F:10000100 [Z:0 C:0]
[4843] DEC C                          | A:C3 BC:0004 DE:FD2A HL:4260 F:00000100 [Z:0 C:0]
[4844] JR NZ -> 0x4837                | A:C3 BC:0004 DE:FD2A HL:4260 F:00000100 [Z:0 C:0]
[4837] LD B, (HL)                     | A:C3 BC:0004 DE:FD2A HL:4260 F:00000100 [Z:0 C:0]
[4838] INC HL                         | A:C3 BC:0004 DE:FD2A HL:4261 F:00000100 [Z:0 C:0]
[4839] LD A, (HL)                     | A:C3 BC:0004 DE:FD2A HL:4261 F:00000100 [Z:0 C:0]
[483A] INC HL                         | A:C3 BC:0004 DE:FD2A HL:4262 F:00000100 [Z:0 C:0]
[483B] PUSH HL                        | A:C3 BC:0004 DE:FD2A HL:4262 F:00000100 [Z:0 C:0]
[483C] LD L, A                        | A:C3 BC:0004 DE:FD2A HL:42C3 F:00000100 [Z:0 C:0]
[483D] LD A, (DE)                     | A:C0 BC:0004 DE:FD2A HL:42C3 F:00000100 [Z:0 C:0]
[483E] AND B                          | A:00 BC:0004 DE:FD2A HL:42C3 F:01010100 [Z:1 C:0]
[483F] OR L                           | A:C3 BC:0004 DE:FD2A HL:42C3 F:10000100 [Z:0 C:0]
[4840] LD (DE), A                     | A:C3 BC:0004 DE:FD2A HL:42C3 F:10000100 [Z:0 C:0]
[4841] POP HL                         | A:C3 BC:0004 DE:FD2A HL:4262 F:10000100 [Z:0 C:0]
[4842] INC DE                         | A:C3 BC:0004 DE:FD2B HL:4262 F:10000100 [Z:0 C:0]
[4843] DEC C                          | A:C3 BC:0003 DE:FD2B HL:4262 F:00000100 [Z:0 C:0]
[4844] JR NZ -> 0x4837                | A:C3 BC:0003 DE:FD2B HL:4262 F:00000100 [Z:0 C:0]
[4837] LD B, (HL)                     | A:C3 BC:0003 DE:FD2B HL:4262 F:00000100 [Z:0 C:0]
[4838] INC HL                         | A:C3 BC:0003 DE:FD2B HL:4263 F:00000100 [Z:0 C:0]
[4839] LD A, (HL)                     | A:C3 BC:0003 DE:FD2B HL:4263 F:00000100 [Z:0 C:0]
[483A] INC HL                         | A:C3 BC:0003 DE:FD2B HL:4264 F:00000100 [Z:0 C:0]
[483B] PUSH HL                        | A:C3 BC:0003 DE:FD2B HL:4264 F:00000100 [Z:0 C:0]
[483C] LD L, A                        | A:C3 BC:0003 DE:FD2B HL:42C3 F:00000100 [Z:0 C:0]
[483D] LD A, (DE)                     | A:C0 BC:0003 DE:FD2B HL:42C3 F:00000100 [Z:0 C:0]
[483E] AND B                          | A:00 BC:0003 DE:FD2B HL:42C3 F:01010100 [Z:1 C:0]
[483F] OR L                           | A:C3 BC:0003 DE:FD2B HL:42C3 F:10000100 [Z:0 C:0]
[4840] LD (DE), A                     | A:C3 BC:0003 DE:FD2B HL:42C3 F:10000100 [Z:0 C:0]
[4841] POP HL                         | A:C3 BC:0003 DE:FD2B HL:4264 F:10000100 [Z:0 C:0]
[4842] INC DE                         | A:C3 BC:0003 DE:FD2C HL:4264 F:10000100 [Z:0 C:0]
[4843] DEC C                          | A:C3 BC:0002 DE:FD2C HL:4264 F:00000100 [Z:0 C:0]
[4844] JR NZ -> 0x4837                | A:C3 BC:0002 DE:FD2C HL:4264 F:00000100 [Z:0 C:0]
[4837] LD B, (HL)                     | A:C3 BC:0002 DE:FD2C HL:4264 F:00000100 [Z:0 C:0]
[4838] INC HL                         | A:C3 BC:0002 DE:FD2C HL:4265 F:00000100 [Z:0 C:0]
[4839] LD A, (HL)                     | A:C3 BC:0002 DE:FD2C HL:4265 F:00000100 [Z:0 C:0]
[483A] INC HL                         | A:C3 BC:0002 DE:FD2C HL:4266 F:00000100 [Z:0 C:0]
[483B] PUSH HL                        | A:C3 BC:0002 DE:FD2C HL:4266 F:00000100 [Z:0 C:0]
[483C] LD L, A                        | A:C3 BC:0002 DE:FD2C HL:42C3 F:00000100 [Z:0 C:0]
[483D] LD A, (DE)                     | A:C0 BC:0002 DE:FD2C HL:42C3 F:00000100 [Z:0 C:0]
[483E] AND B                          | A:00 BC:0002 DE:FD2C HL:42C3 F:01010100 [Z:1 C:0]
[483F] OR L                           | A:C3 BC:0002 DE:FD2C HL:42C3 F:10000100 [Z:0 C:0]
[4840] LD (DE), A                     | A:C3 BC:0002 DE:FD2C HL:42C3 F:10000100 [Z:0 C:0]
[4841] POP HL                         | A:C3 BC:0002 DE:FD2C HL:4266 F:10000100 [Z:0 C:0]
[4842] INC DE                         | A:C3 BC:0002 DE:FD2D HL:4266 F:10000100 [Z:0 C:0]
[4843] DEC C                          | A:C3 BC:0001 DE:FD2D HL:4266 F:00000100 [Z:0 C:0]
[4844] JR NZ -> 0x4837                | A:C3 BC:0001 DE:FD2D HL:4266 F:00000100 [Z:0 C:0]
[4837] LD B, (HL)                     | A:C3 BC:5501 DE:FD2D HL:4266 F:00000100 [Z:0 C:0]
[4838] INC HL                         | A:C3 BC:5501 DE:FD2D HL:4267 F:00000100 [Z:0 C:0]
[4839] LD A, (HL)                     | A:82 BC:5501 DE:FD2D HL:4267 F:00000100 [Z:0 C:0]
[483A] INC HL                         | A:82 BC:5501 DE:FD2D HL:4268 F:00000100 [Z:0 C:0]
[483B] PUSH HL                        | A:82 BC:5501 DE:FD2D HL:4268 F:00000100 [Z:0 C:0]
[483C] LD L, A                        | A:82 BC:5501 DE:FD2D HL:4282 F:00000100 [Z:0 C:0]
[483D] LD A, (DE)                     | A:C0 BC:5501 DE:FD2D HL:4282 F:00000100 [Z:0 C:0]
[483E] AND B                          | A:40 BC:5501 DE:FD2D HL:4282 F:00010000 [Z:0 C:0]
[483F] OR L                           | A:C2 BC:5501 DE:FD2D HL:4282 F:10000000 [Z:0 C:0]
[4840] LD (DE), A                     | A:C2 BC:5501 DE:FD2D HL:4282 F:10000000 [Z:0 C:0]
[4841] POP HL                         | A:C2 BC:5501 DE:FD2D HL:4268 F:10000000 [Z:0 C:0]
[4842] INC DE                         | A:C2 BC:5501 DE:FD2E HL:4268 F:10000000 [Z:0 C:0]
[4843] DEC C                          | A:C2 BC:5500 DE:FD2E HL:4268 F:01000000 [Z:1 C:0]
[4844] JR NZ [not taken]              | A:C2 BC:5500 DE:FD2E HL:4268 F:01000000 [Z:1 C:0]
[4846] LD A, (0x8000)                 | A:0D BC:5500 DE:FD2E HL:4268 F:01000000 [Z:1 C:0]
[4849] DEC A                          | A:0C BC:5500 DE:FD2E HL:4268 F:00000000 [Z:0 C:0]
[484A] LD (0x8000), A                 | A:0C BC:5500 DE:FD2E HL:4268 F:00000000 [Z:0 C:0]
[484D] JR NZ -> 0x4831                | A:0C BC:5500 DE:FD2E HL:4268 F:00000000 [Z:0 C:0]
[4831] LD E, (HL)                     | A:0C BC:5500 DE:FD72 HL:4268 F:00000000 [Z:0 C:0]
[4832] INC HL                         | A:0C BC:5500 DE:FD72 HL:4269 F:00000000 [Z:0 C:0]
[4833] LD D, (HL)                     | A:0C BC:5500 DE:C572 HL:4269 F:00000000 [Z:0 C:0]
[4834] INC HL                         | A:0C BC:5500 DE:C572 HL:426A F:00000000 [Z:0 C:0]
[4835] LD C, 0x0C                     | A:0C BC:550C DE:C572 HL:426A F:00000000 [Z:0 C:0]
[4837] LD B, (HL)                     | A:0C BC:AA0C DE:C572 HL:426A F:00000000 [Z:0 C:0]
[4838] INC HL                         | A:0C BC:AA0C DE:C572 HL:426B F:00000000 [Z:0 C:0]
[4839] LD A, (HL)                     | A:41 BC:AA0C DE:C572 HL:426B F:00000000 [Z:0 C:0]
[483A] INC HL                         | A:41 BC:AA0C DE:C572 HL:426C F:00000000 [Z:0 C:0]
[483B] PUSH HL                        | A:41 BC:AA0C DE:C572 HL:426C F:00000000 [Z:0 C:0]
[483C] LD L, A                        | A:41 BC:AA0C DE:C572 HL:4241 F:00000000 [Z:0 C:0]
[483D] LD A, (DE)                     | A:C0 BC:AA0C DE:C572 HL:4241 F:00000000 [Z:0 C:0]
[483E] AND B                          | A:80 BC:AA0C DE:C572 HL:4241 F:10010000 [Z:0 C:0]
[483F] OR L                           | A:C1 BC:AA0C DE:C572 HL:4241 F:10000000 [Z:0 C:0]
[4840] LD (DE), A                     | A:C1 BC:AA0C DE:C572 HL:4241 F:10000000 [Z:0 C:0]
[4841] POP HL                         | A:C1 BC:AA0C DE:C572 HL:426C F:10000000 [Z:0 C:0]
[4842] INC DE                         | A:C1 BC:AA0C DE:C573 HL:426C F:10000000 [Z:0 C:0]
[4843] DEC C                          | A:C1 BC:AA0B DE:C573 HL:426C F:00000000 [Z:0 C:0]
[4844] JR NZ -> 0x4837                | A:C1 BC:AA0B DE:C573 HL:426C F:00000000 [Z:0 C:0]
[4837] LD B, (HL)                     | A:C1 BC:000B DE:C573 HL:426C F:00000000 [Z:0 C:0]
[4838] INC HL                         | A:C1 BC:000B DE:C573 HL:426D F:00000000 [Z:0 C:0]
[4839] LD A, (HL)                     | A:93 BC:000B DE:C573 HL:426D F:00000000 [Z:0 C:0]
[483A] INC HL                         | A:93 BC:000B DE:C573 HL:426E F:00000000 [Z:0 C:0]
[483B] PUSH HL                        | A:93 BC:000B DE:C573 HL:426E F:00000000 [Z:0 C:0]
[483C] LD L, A                        | A:93 BC:000B DE:C573 HL:4293 F:00000000 [Z:0 C:0]
[483D] LD A, (DE)                     | A:C0 BC:000B DE:C573 HL:4293 F:00000000 [Z:0 C:0]
[483E] AND B                          | A:00 BC:000B DE:C573 HL:4293 F:01010100 [Z:1 C:0]
[483F] OR L                           | A:93 BC:000B DE:C573 HL:4293 F:10000100 [Z:0 C:0]
[4840] LD (DE), A                     | A:93 BC:000B DE:C573 HL:4293 F:10000100 [Z:0 C:0]
[4841] POP HL                         | A:93 BC:000B DE:C573 HL:426E F:10000100 [Z:0 C:0]
[4842] INC DE                         | A:93 BC:000B DE:C574 HL:426E F:10000100 [Z:0 C:0]
[4843] DEC C                          | A:93 BC:000A DE:C574 HL:426E F:00000100 [Z:0 C:0]
[4844] JR NZ -> 0x4837                | A:93 BC:000A DE:C574 HL:426E F:00000100 [Z:0 C:0]
[4837] LD B, (HL)                     | A:93 BC:000A DE:C574 HL:426E F:00000100 [Z:0 C:0]
[4838] INC HL                         | A:93 BC:000A DE:C574 HL:426F F:00000100 [Z:0 C:0]
[4839] LD A, (HL)                     | A:C3 BC:000A DE:C574 HL:426F F:00000100 [Z:0 C:0]
[483A] INC HL                         | A:C3 BC:000A DE:C574 HL:4270 F:00000100 [Z:0 C:0]
[483B] PUSH HL                        | A:C3 BC:000A DE:C574 HL:4270 F:00000100 [Z:0 C:0]
[483C] LD L, A                        | A:C3 BC:000A DE:C574 HL:42C3 F:00000100 [Z:0 C:0]
[483D] LD A, (DE)                     | A:C0 BC:000A DE:C574 HL:42C3 F:00000100 [Z:0 C:0]
[483E] AND B                          | A:00 BC:000A DE:C574 HL:42C3 F:01010100 [Z:1 C:0]
[483F] OR L                           | A:C3 BC:000A DE:C574 HL:42C3 F:10000100 [Z:0 C:0]
[4840] LD (DE), A                     | A:C3 BC:000A DE:C574 HL:42C3 F:10000100 [Z:0 C:0]
[4841] POP HL                         | A:C3 BC:000A DE:C574 HL:4270 F:10000100 [Z:0 C:0]
[4842] INC DE                         | A:C3 BC:000A DE:C575 HL:4270 F:10000100 [Z:0 C:0]
[4843] DEC C                          | A:C3 BC:0009 DE:C575 HL:4270 F:00000100 [Z:0 C:0]
[4844] JR NZ -> 0x4837                | A:C3 BC:0009 DE:C575 HL:4270 F:00000100 [Z:0 C:0]
[4837] LD B, (HL)                     | A:C3 BC:0009 DE:C575 HL:4270 F:00000100 [Z:0 C:0]
[4838] INC HL                         | A:C3 BC:0009 DE:C575 HL:4271 F:00000100 [Z:0 C:0]
[4839] LD A, (HL)                     | A:C3 BC:0009 DE:C575 HL:4271 F:00000100 [Z:0 C:0]
[483A] INC HL                         | A:C3 BC:0009 DE:C575 HL:4272 F:00000100 [Z:0 C:0]
[483B] PUSH HL                        | A:C3 BC:0009 DE:C575 HL:4272 F:00000100 [Z:0 C:0]
[483C] LD L, A                        | A:C3 BC:0009 DE:C575 HL:42C3 F:00000100 [Z:0 C:0]
[483D] LD A, (DE)                     | A:C0 BC:0009 DE:C575 HL:42C3 F:00000100 [Z:0 C:0]
[483E] AND B                          | A:00 BC:0009 DE:C575 HL:42C3 F:01010100 [Z:1 C:0]
[483F] OR L                           | A:C3 BC:0009 DE:C575 HL:42C3 F:10000100 [Z:0 C:0]
[4840] LD (DE), A                     | A:C3 BC:0009 DE:C575 HL:42C3 F:10000100 [Z:0 C:0]
[4841] POP HL                         | A:C3 BC:0009 DE:C575 HL:4272 F:10000100 [Z:0 C:0]
[4842] INC DE                         | A:C3 BC:0009 DE:C576 HL:4272 F:10000100 [Z:0 C:0]
[4843] DEC C                          | A:C3 BC:0008 DE:C576 HL:4272 F:00000100 [Z:0 C:0]
[4844] JR NZ -> 0x4837                | A:C3 BC:0008 DE:C576 HL:4272 F:00000100 [Z:0 C:0]
[4837] LD B, (HL)                     | A:C3 BC:0008 DE:C576 HL:4272 F:00000100 [Z:0 C:0]
[4838] INC HL                         | A:C3 BC:0008 DE:C576 HL:4273 F:00000100 [Z:0 C:0]
[4839] LD A, (HL)                     | A:C3 BC:0008 DE:C576 HL:4273 F:00000100 [Z:0 C:0]
[483A] INC HL                         | A:C3 BC:0008 DE:C576 HL:4274 F:00000100 [Z:0 C:0]
[483B] PUSH HL                        | A:C3 BC:0008 DE:C576 HL:4274 F:00000100 [Z:0 C:0]
[483C] LD L, A                        | A:C3 BC:0008 DE:C576 HL:42C3 F:00000100 [Z:0 C:0]
[483D] LD A, (DE)                     | A:C0 BC:0008 DE:C576 HL:42C3 F:00000100 [Z:0 C:0]
[483E] AND B                          | A:00 BC:0008 DE:C576 HL:42C3 F:01010100 [Z:1 C:0]
[483F] OR L                           | A:C3 BC:0008 DE:C576 HL:42C3 F:10000100 [Z:0 C:0]
[4840] LD (DE), A                     | A:C3 BC:0008 DE:C576 HL:42C3 F:10000100 [Z:0 C:0]
[4841] POP HL                         | A:C3 BC:0008 DE:C576 HL:4274 F:10000100 [Z:0 C:0]
[4842] INC DE                         | A:C3 BC:0008 DE:C577 HL:4274 F:10000100 [Z:0 C:0]
[4843] DEC C                          | A:C3 BC:0007 DE:C577 HL:4274 F:00000100 [Z:0 C:0]
[4844] JR NZ -> 0x4837                | A:C3 BC:0007 DE:C577 HL:4274 F:00000100 [Z:0 C:0]
[4837] LD B, (HL)                     | A:C3 BC:0007 DE:C577 HL:4274 F:00000100 [Z:0 C:0]
[4838] INC HL                         | A:C3 BC:0007 DE:C577 HL:4275 F:00000100 [Z:0 C:0]
[4839] LD A, (HL)                     | A:C3 BC:0007 DE:C577 HL:4275 F:00000100 [Z:0 C:0]
[483A] INC HL                         | A:C3 BC:0007 DE:C577 HL:4276 F:00000100 [Z:0 C:0]
[483B] PUSH HL                        | A:C3 BC:0007 DE:C577 HL:4276 F:00000100 [Z:0 C:0]
[483C] LD L, A                        | A:C3 BC:0007 DE:C577 HL:42C3 F:00000100 [Z:0 C:0]
[483D] LD A, (DE)                     | A:C0 BC:0007 DE:C577 HL:42C3 F:00000100 [Z:0 C:0]
[483E] AND B                          | A:00 BC:0007 DE:C577 HL:42C3 F:01010100 [Z:1 C:0]
[483F] OR L                           | A:C3 BC:0007 DE:C577 HL:42C3 F:10000100 [Z:0 C:0]
[4840] LD (DE), A                     | A:C3 BC:0007 DE:C577 HL:42C3 F:10000100 [Z:0 C:0]
[4841] POP HL                         | A:C3 BC:0007 DE:C577 HL:4276 F:10000100 [Z:0 C:0]
[4842] INC DE                         | A:C3 BC:0007 DE:C578 HL:4276 F:10000100 [Z:0 C:0]
[4843] DEC C                          | A:C3 BC:0006 DE:C578 HL:4276 F:00000100 [Z:0 C:0]
[4844] JR NZ -> 0x4837                | A:C3 BC:0006 DE:C578 HL:4276 F:00000100 [Z:0 C:0]
[4837] LD B, (HL)                     | A:C3 BC:0006 DE:C578 HL:4276 F:00000100 [Z:0 C:0]
[4838] INC HL                         | A:C3 BC:0006 DE:C578 HL:4277 F:00000100 [Z:0 C:0]
[4839] LD A, (HL)                     | A:F3 BC:0006 DE:C578 HL:4277 F:00000100 [Z:0 C:0]
[483A] INC HL                         | A:F3 BC:0006 DE:C578 HL:4278 F:00000100 [Z:0 C:0]
[483B] PUSH HL                        | A:F3 BC:0006 DE:C578 HL:4278 F:00000100 [Z:0 C:0]
[483C] LD L, A                        | A:F3 BC:0006 DE:C578 HL:42F3 F:00000100 [Z:0 C:0]
[483D] LD A, (DE)                     | A:C0 BC:0006 DE:C578 HL:42F3 F:00000100 [Z:0 C:0]
[483E] AND B                          | A:00 BC:0006 DE:C578 HL:42F3 F:01010100 [Z:1 C:0]
[483F] OR L                           | A:F3 BC:0006 DE:C578 HL:42F3 F:10000100 [Z:0 C:0]
[4840] LD (DE), A                     | A:F3 BC:0006 DE:C578 HL:42F3 F:10000100 [Z:0 C:0]
[4841] POP HL                         | A:F3 BC:0006 DE:C578 HL:4278 F:10000100 [Z:0 C:0]
[4842] INC DE                         | A:F3 BC:0006 DE:C579 HL:4278 F:10000100 [Z:0 C:0]
[4843] DEC C                          | A:F3 BC:0005 DE:C579 HL:4278 F:00000100 [Z:0 C:0]
[4844] JR NZ -> 0x4837                | A:F3 BC:0005 DE:C579 HL:4278 F:00000100 [Z:0 C:0]
[4837] LD B, (HL)                     | A:F3 BC:0005 DE:C579 HL:4278 F:00000100 [Z:0 C:0]
[4838] INC HL                         | A:F3 BC:0005 DE:C579 HL:4279 F:00000100 [Z:0 C:0]
[4839] LD A, (HL)                     | A:F3 BC:0005 DE:C579 HL:4279 F:00000100 [Z:0 C:0]
[483A] INC HL                         | A:F3 BC:0005 DE:C579 HL:427A F:00000100 [Z:0 C:0]
[483B] PUSH HL                        | A:F3 BC:0005 DE:C579 HL:427A F:00000100 [Z:0 C:0]
[483C] LD L, A                        | A:F3 BC:0005 DE:C579 HL:42F3 F:00000100 [Z:0 C:0]
[483D] LD A, (DE)                     | A:C0 BC:0005 DE:C579 HL:42F3 F:00000100 [Z:0 C:0]
[483E] AND B                          | A:00 BC:0005 DE:C579 HL:42F3 F:01010100 [Z:1 C:0]
[483F] OR L                           | A:F3 BC:0005 DE:C579 HL:42F3 F:10000100 [Z:0 C:0]
[4840] LD (DE), A                     | A:F3 BC:0005 DE:C579 HL:42F3 F:10000100 [Z:0 C:0]
[4841] POP HL                         | A:F3 BC:0005 DE:C579 HL:427A F:10000100 [Z:0 C:0]
[4842] INC DE                         | A:F3 BC:0005 DE:C57A HL:427A F:10000100 [Z:0 C:0]
[4843] DEC C                          | A:F3 BC:0004 DE:C57A HL:427A F:00000100 [Z:0 C:0]
[4844] JR NZ -> 0x4837                | A:F3 BC:0004 DE:C57A HL:427A F:00000100 [Z:0 C:0]
[4837] LD B, (HL)                     | A:F3 BC:0004 DE:C57A HL:427A F:00000100 [Z:0 C:0]
[4838] INC HL                         | A:F3 BC:0004 DE:C57A HL:427B F:00000100 [Z:0 C:0]
[4839] LD A, (HL)                     | A:F3 BC:0004 DE:C57A HL:427B F:00000100 [Z:0 C:0]
[483A] INC HL                         | A:F3 BC:0004 DE:C57A HL:427C F:00000100 [Z:0 C:0]
[483B] PUSH HL                        | A:F3 BC:0004 DE:C57A HL:427C F:00000100 [Z:0 C:0]
[483C] LD L, A                        | A:F3 BC:0004 DE:C57A HL:42F3 F:00000100 [Z:0 C:0]
[483D] LD A, (DE)                     | A:C0 BC:0004 DE:C57A HL:42F3 F:00000100 [Z:0 C:0]
[483E] AND B                          | A:00 BC:0004 DE:C57A HL:42F3 F:01010100 [Z:1 C:0]
[483F] OR L                           | A:F3 BC:0004 DE:C57A HL:42F3 F:10000100 [Z:0 C:0]
[4840] LD (DE), A                     | A:F3 BC:0004 DE:C57A HL:42F3 F:10000100 [Z:0 C:0]
[4841] POP HL                         | A:F3 BC:0004 DE:C57A HL:427C F:10000100 [Z:0 C:0]
[4842] INC DE                         | A:F3 BC:0004 DE:C57B HL:427C F:10000100 [Z:0 C:0]
[4843] DEC C                          | A:F3 BC:0003 DE:C57B HL:427C F:00000100 [Z:0 C:0]
[4844] JR NZ -> 0x4837                | A:F3 BC:0003 DE:C57B HL:427C F:00000100 [Z:0 C:0]
[4837] LD B, (HL)                     | A:F3 BC:0003 DE:C57B HL:427C F:00000100 [Z:0 C:0]
[4838] INC HL                         | A:F3 BC:0003 DE:C57B HL:427D F:00000100 [Z:0 C:0]
[4839] LD A, (HL)                     | A:F3 BC:0003 DE:C57B HL:427D F:00000100 [Z:0 C:0]
[483A] INC HL                         | A:F3 BC:0003 DE:C57B HL:427E F:00000100 [Z:0 C:0]
[483B] PUSH HL                        | A:F3 BC:0003 DE:C57B HL:427E F:00000100 [Z:0 C:0]
[483C] LD L, A                        | A:F3 BC:0003 DE:C57B HL:42F3 F:00000100 [Z:0 C:0]
[483D] LD A, (DE)                     | A:C0 BC:0003 DE:C57B HL:42F3 F:00000100 [Z:0 C:0]
[483E] AND B                          | A:00 BC:0003 DE:C57B HL:42F3 F:01010100 [Z:1 C:0]
[483F] OR L                           | A:F3 BC:0003 DE:C57B HL:42F3 F:10000100 [Z:0 C:0]
[4840] LD (DE), A                     | A:F3 BC:0003 DE:C57B HL:42F3 F:10000100 [Z:0 C:0]
[4841] POP HL                         | A:F3 BC:0003 DE:C57B HL:427E F:10000100 [Z:0 C:0]
[4842] INC DE                         | A:F3 BC:0003 DE:C57C HL:427E F:10000100 [Z:0 C:0]
[4843] DEC C                          | A:F3 BC:0002 DE:C57C HL:427E F:00000100 [Z:0 C:0]
[4844] JR NZ -> 0x4837                | A:F3 BC:0002 DE:C57C HL:427E F:00000100 [Z:0 C:0]
[4837] LD B, (HL)                     | A:F3 BC:0002 DE:C57C HL:427E F:00000100 [Z:0 C:0]
[4838] INC HL                         | A:F3 BC:0002 DE:C57C HL:427F F:00000100 [Z:0 C:0]
[4839] LD A, (HL)                     | A:C3 BC:0002 DE:C57C HL:427F F:00000100 [Z:0 C:0]
[483A] INC HL                         | A:C3 BC:0002 DE:C57C HL:4280 F:00000100 [Z:0 C:0]
[483B] PUSH HL                        | A:C3 BC:0002 DE:C57C HL:4280 F:00000100 [Z:0 C:0]
[483C] LD L, A                        | A:C3 BC:0002 DE:C57C HL:42C3 F:00000100 [Z:0 C:0]
[483D] LD A, (DE)                     | A:C0 BC:0002 DE:C57C HL:42C3 F:00000100 [Z:0 C:0]
[483E] AND B                          | A:00 BC:0002 DE:C57C HL:42C3 F:01010100 [Z:1 C:0]
[483F] OR L                           | A:C3 BC:0002 DE:C57C HL:42C3 F:10000100 [Z:0 C:0]
[4840] LD (DE), A                     | A:C3 BC:0002 DE:C57C HL:42C3 F:10000100 [Z:0 C:0]
[4841] POP HL                         | A:C3 BC:0002 DE:C57C HL:4280 F:10000100 [Z:0 C:0]
[4842] INC DE                         | A:C3 BC:0002 DE:C57D HL:4280 F:10000100 [Z:0 C:0]
[4843] DEC C                          | A:C3 BC:0001 DE:C57D HL:4280 F:00000100 [Z:0 C:0]
[4844] JR NZ -> 0x4837                | A:C3 BC:0001 DE:C57D HL:4280 F:00000100 [Z:0 C:0]
[4837] LD B, (HL)                     | A:C3 BC:5501 DE:C57D HL:4280 F:00000100 [Z:0 C:0]
[4838] INC HL                         | A:C3 BC:5501 DE:C57D HL:4281 F:00000100 [Z:0 C:0]
[4839] LD A, (HL)                     | A:82 BC:5501 DE:C57D HL:4281 F:00000100 [Z:0 C:0]
[483A] INC HL                         | A:82 BC:5501 DE:C57D HL:4282 F:00000100 [Z:0 C:0]
[483B] PUSH HL                        | A:82 BC:5501 DE:C57D HL:4282 F:00000100 [Z:0 C:0]
[483C] LD L, A                        | A:82 BC:5501 DE:C57D HL:4282 F:00000100 [Z:0 C:0]
[483D] LD A, (DE)                     | A:C0 BC:5501 DE:C57D HL:4282 F:00000100 [Z:0 C:0]
[483E] AND B                          | A:40 BC:5501 DE:C57D HL:4282 F:00010000 [Z:0 C:0]
[483F] OR L                           | A:C2 BC:5501 DE:C57D HL:4282 F:10000000 [Z:0 C:0]
[4840] LD (DE), A                     | A:C2 BC:5501 DE:C57D HL:4282 F:10000000 [Z:0 C:0]
[4841] POP HL                         | A:C2 BC:5501 DE:C57D HL:4282 F:10000000 [Z:0 C:0]
[4842] INC DE                         | A:C2 BC:5501 DE:C57E HL:4282 F:10000000 [Z:0 C:0]
[4843] DEC C                          | A:C2 BC:5500 DE:C57E HL:4282 F:01000000 [Z:1 C:0]
[4844] JR NZ [not taken]              | A:C2 BC:5500 DE:C57E HL:4282 F:01000000 [Z:1 C:0]
[4846] LD A, (0x8000)                 | A:0C BC:5500 DE:C57E HL:4282 F:01000000 [Z:1 C:0]
[4849] DEC A                          | A:0B BC:5500 DE:C57E HL:4282 F:00000000 [Z:0 C:0]
[484A] LD (0x8000), A                 | A:0B BC:5500 DE:C57E HL:4282 F:00000000 [Z:0 C:0]
[484D] JR NZ -> 0x4831                | A:0B BC:5500 DE:C57E HL:4282 F:00000000 [Z:0 C:0]
[4831] LD E, (HL)                     | A:0B BC:5500 DE:C572 HL:4282 F:00000000 [Z:0 C:0]
[4832] INC HL                         | A:0B BC:5500 DE:C572 HL:4283 F:00000000 [Z:0 C:0]
[4833] LD D, (HL)                     | A:0B BC:5500 DE:CD72 HL:4283 F:00000000 [Z:0 C:0]
[4834] INC HL                         | A:0B BC:5500 DE:CD72 HL:4284 F:00000000 [Z:0 C:0]
[4835] LD C, 0x0C                     | A:0B BC:550C DE:CD72 HL:4284 F:00000000 [Z:0 C:0]
[4837] LD B, (HL)                     | A:0B BC:AA0C DE:CD72 HL:4284 F:00000000 [Z:0 C:0]
[4838] INC HL                         | A:0B BC:AA0C DE:CD72 HL:4285 F:00000000 [Z:0 C:0]
[4839] LD A, (HL)                     | A:41 BC:AA0C DE:CD72 HL:4285 F:00000000 [Z:0 C:0]
[483A] INC HL                         | A:41 BC:AA0C DE:CD72 HL:4286 F:00000000 [Z:0 C:0]
[483B] PUSH HL                        | A:41 BC:AA0C DE:CD72 HL:4286 F:00000000 [Z:0 C:0]
[483C] LD L, A                        | A:41 BC:AA0C DE:CD72 HL:4241 F:00000000 [Z:0 C:0]
[483D] LD A, (DE)                     | A:C0 BC:AA0C DE:CD72 HL:4241 F:00000000 [Z:0 C:0]
[483E] AND B                          | A:80 BC:AA0C DE:CD72 HL:4241 F:10010000 [Z:0 C:0]
[483F] OR L                           | A:C1 BC:AA0C DE:CD72 HL:4241 F:10000000 [Z:0 C:0]
[4840] LD (DE), A                     | A:C1 BC:AA0C DE:CD72 HL:4241 F:10000000 [Z:0 C:0]
[4841] POP HL                         | A:C1 BC:AA0C DE:CD72 HL:4286 F:10000000 [Z:0 C:0]
[4842] INC DE                         | A:C1 BC:AA0C DE:CD73 HL:4286 F:10000000 [Z:0 C:0]
[4843] DEC C                          | A:C1 BC:AA0B DE:CD73 HL:4286 F:00000000 [Z:0 C:0]
[4844] JR NZ -> 0x4837                | A:C1 BC:AA0B DE:CD73 HL:4286 F:00000000 [Z:0 C:0]
[4837] LD B, (HL)                     | A:C1 BC:550B DE:CD73 HL:4286 F:00000000 [Z:0 C:0]
[4838] INC HL                         | A:C1 BC:550B DE:CD73 HL:4287 F:00000000 [Z:0 C:0]
[4839] LD A, (HL)                     | A:82 BC:550B DE:CD73 HL:4287 F:00000000 [Z:0 C:0]
[483A] INC HL                         | A:82 BC:550B DE:CD73 HL:4288 F:00000000 [Z:0 C:0]
[483B] PUSH HL                        | A:82 BC:550B DE:CD73 HL:4288 F:00000000 [Z:0 C:0]
[483C] LD L, A                        | A:82 BC:550B DE:CD73 HL:4282 F:00000000 [Z:0 C:0]
[483D] LD A, (DE)                     | A:C0 BC:550B DE:CD73 HL:4282 F:00000000 [Z:0 C:0]
[483E] AND B                          | A:40 BC:550B DE:CD73 HL:4282 F:00010000 [Z:0 C:0]
[483F] OR L                           | A:C2 BC:550B DE:CD73 HL:4282 F:10000000 [Z:0 C:0]
[4840] LD (DE), A                     | A:C2 BC:550B DE:CD73 HL:4282 F:10000000 [Z:0 C:0]
[4841] POP HL                         | A:C2 BC:550B DE:CD73 HL:4288 F:10000000 [Z:0 C:0]
[4842] INC DE                         | A:C2 BC:550B DE:CD74 HL:4288 F:10000000 [Z:0 C:0]
[4843] DEC C                          | A:C2 BC:550A DE:CD74 HL:4288 F:00000000 [Z:0 C:0]
[4844] JR NZ -> 0x4837                | A:C2 BC:550A DE:CD74 HL:4288 F:00000000 [Z:0 C:0]
[4837] LD B, (HL)                     | A:C2 BC:000A DE:CD74 HL:4288 F:00000000 [Z:0 C:0]
[4838] INC HL                         | A:C2 BC:000A DE:CD74 HL:4289 F:00000000 [Z:0 C:0]
[4839] LD A, (HL)                     | A:C3 BC:000A DE:CD74 HL:4289 F:00000000 [Z:0 C:0]
[483A] INC HL                         | A:C3 BC:000A DE:CD74 HL:428A F:00000000 [Z:0 C:0]
[483B] PUSH HL                        | A:C3 BC:000A DE:CD74 HL:428A F:00000000 [Z:0 C:0]
[483C] LD L, A                        | A:C3 BC:000A DE:CD74 HL:42C3 F:00000000 [Z:0 C:0]
[483D] LD A, (DE)                     | A:C0 BC:000A DE:CD74 HL:42C3 F:00000000 [Z:0 C:0]
[483E] AND B                          | A:00 BC:000A DE:CD74 HL:42C3 F:01010100 [Z:1 C:0]
[483F] OR L                           | A:C3 BC:000A DE:CD74 HL:42C3 F:10000100 [Z:0 C:0]
[4840] LD (DE), A                     | A:C3 BC:000A DE:CD74 HL:42C3 F:10000100 [Z:0 C:0]
[4841] POP HL                         | A:C3 BC:000A DE:CD74 HL:428A F:10000100 [Z:0 C:0]
[4842] INC DE                         | A:C3 BC:000A DE:CD75 HL:428A F:10000100 [Z:0 C:0]
[4843] DEC C                          | A:C3 BC:0009 DE:CD75 HL:428A F:00000100 [Z:0 C:0]
[4844] JR NZ -> 0x4837                | A:C3 BC:0009 DE:CD75 HL:428A F:00000100 [Z:0 C:0]
[4837] LD B, (HL)                     | A:C3 BC:0009 DE:CD75 HL:428A F:00000100 [Z:0 C:0]
[4838] INC HL                         | A:C3 BC:0009 DE:CD75 HL:428B F:00000100 [Z:0 C:0]
[4839] LD A, (HL)                     | A:C3 BC:0009 DE:CD75 HL:428B F:00000100 [Z:0 C:0]
[483A] INC HL                         | A:C3 BC:0009 DE:CD75 HL:428C F:00000100 [Z:0 C:0]
[483B] PUSH HL                        | A:C3 BC:0009 DE:CD75 HL:428C F:00000100 [Z:0 C:0]
[483C] LD L, A                        | A:C3 BC:0009 DE:CD75 HL:42C3 F:00000100 [Z:0 C:0]
[483D] LD A, (DE)                     | A:C0 BC:0009 DE:CD75 HL:42C3 F:00000100 [Z:0 C:0]
[483E] AND B                          | A:00 BC:0009 DE:CD75 HL:42C3 F:01010100 [Z:1 C:0]
[483F] OR L                           | A:C3 BC:0009 DE:CD75 HL:42C3 F:10000100 [Z:0 C:0]
[4840] LD (DE), A                     | A:C3 BC:0009 DE:CD75 HL:42C3 F:10000100 [Z:0 C:0]
[4841] POP HL                         | A:C3 BC:0009 DE:CD75 HL:428C F:10000100 [Z:0 C:0]
[4842] INC DE                         | A:C3 BC:0009 DE:CD76 HL:428C F:10000100 [Z:0 C:0]
[4843] DEC C                          | A:C3 BC:0008 DE:CD76 HL:428C F:00000100 [Z:0 C:0]
[4844] JR NZ -> 0x4837                | A:C3 BC:0008 DE:CD76 HL:428C F:00000100 [Z:0 C:0]
[4837] LD B, (HL)                     | A:C3 BC:0008 DE:CD76 HL:428C F:00000100 [Z:0 C:0]
[4838] INC HL                         | A:C3 BC:0008 DE:CD76 HL:428D F:00000100 [Z:0 C:0]
[4839] LD A, (HL)                     | A:C3 BC:0008 DE:CD76 HL:428D F:00000100 [Z:0 C:0]
[483A] INC HL                         | A:C3 BC:0008 DE:CD76 HL:428E F:00000100 [Z:0 C:0]
[483B] PUSH HL                        | A:C3 BC:0008 DE:CD76 HL:428E F:00000100 [Z:0 C:0]
[483C] LD L, A                        | A:C3 BC:0008 DE:CD76 HL:42C3 F:00000100 [Z:0 C:0]
[483D] LD A, (DE)                     | A:C0 BC:0008 DE:CD76 HL:42C3 F:00000100 [Z:0 C:0]
[483E] AND B                          | A:00 BC:0008 DE:CD76 HL:42C3 F:01010100 [Z:1 C:0]
[483F] OR L                           | A:C3 BC:0008 DE:CD76 HL:42C3 F:10000100 [Z:0 C:0]
[4840] LD (DE), A                     | A:C3 BC:0008 DE:CD76 HL:42C3 F:10000100 [Z:0 C:0]
[4841] POP HL                         | A:C3 BC:0008 DE:CD76 HL:428E F:10000100 [Z:0 C:0]
[4842] INC DE                         | A:C3 BC:0008 DE:CD77 HL:428E F:10000100 [Z:0 C:0]
[4843] DEC C                          | A:C3 BC:0007 DE:CD77 HL:428E F:00000100 [Z:0 C:0]
[4844] JR NZ -> 0x4837                | A:C3 BC:0007 DE:CD77 HL:428E F:00000100 [Z:0 C:0]
[4837] LD B, (HL)                     | A:C3 BC:0007 DE:CD77 HL:428E F:00000100 [Z:0 C:0]
[4838] INC HL                         | A:C3 BC:0007 DE:CD77 HL:428F F:00000100 [Z:0 C:0]
[4839] LD A, (HL)                     | A:C3 BC:0007 DE:CD77 HL:428F F:00000100 [Z:0 C:0]
[483A] INC HL                         | A:C3 BC:0007 DE:CD77 HL:4290 F:00000100 [Z:0 C:0]
[483B] PUSH HL                        | A:C3 BC:0007 DE:CD77 HL:4290 F:00000100 [Z:0 C:0]
[483C] LD L, A                        | A:C3 BC:0007 DE:CD77 HL:42C3 F:00000100 [Z:0 C:0]
[483D] LD A, (DE)                     | A:C0 BC:0007 DE:CD77 HL:42C3 F:00000100 [Z:0 C:0]
[483E] AND B                          | A:00 BC:0007 DE:CD77 HL:42C3 F:01010100 [Z:1 C:0]
[483F] OR L                           | A:C3 BC:0007 DE:CD77 HL:42C3 F:10000100 [Z:0 C:0]
[4840] LD (DE), A                     | A:C3 BC:0007 DE:CD77 HL:42C3 F:10000100 [Z:0 C:0]
[4841] POP HL                         | A:C3 BC:0007 DE:CD77 HL:4290 F:10000100 [Z:0 C:0]
[4842] INC DE                         | A:C3 BC:0007 DE:CD78 HL:4290 F:10000100 [Z:0 C:0]
[4843] DEC C                          | A:C3 BC:0006 DE:CD78 HL:4290 F:00000100 [Z:0 C:0]
[4844] JR NZ -> 0x4837                | A:C3 BC:0006 DE:CD78 HL:4290 F:00000100 [Z:0 C:0]
[4837] LD B, (HL)                     | A:C3 BC:0006 DE:CD78 HL:4290 F:00000100 [Z:0 C:0]
[4838] INC HL                         | A:C3 BC:0006 DE:CD78 HL:4291 F:00000100 [Z:0 C:0]
[4839] LD A, (HL)                     | A:F3 BC:0006 DE:CD78 HL:4291 F:00000100 [Z:0 C:0]
[483A] INC HL                         | A:F3 BC:0006 DE:CD78 HL:4292 F:00000100 [Z:0 C:0]
[483B] PUSH HL                        | A:F3 BC:0006 DE:CD78 HL:4292 F:00000100 [Z:0 C:0]
[483C] LD L, A                        | A:F3 BC:0006 DE:CD78 HL:42F3 F:00000100 [Z:0 C:0]
[483D] LD A, (DE)                     | A:C0 BC:0006 DE:CD78 HL:42F3 F:00000100 [Z:0 C:0]
[483E] AND B                          | A:00 BC:0006 DE:CD78 HL:42F3 F:01010100 [Z:1 C:0]
[483F] OR L                           | A:F3 BC:0006 DE:CD78 HL:42F3 F:10000100 [Z:0 C:0]
[4840] LD (DE), A                     | A:F3 BC:0006 DE:CD78 HL:42F3 F:10000100 [Z:0 C:0]
[4841] POP HL                         | A:F3 BC:0006 DE:CD78 HL:4292 F:10000100 [Z:0 C:0]
[4842] INC DE                         | A:F3 BC:0006 DE:CD79 HL:4292 F:10000100 [Z:0 C:0]
[4843] DEC C                          | A:F3 BC:0005 DE:CD79 HL:4292 F:00000100 [Z:0 C:0]
[4844] JR NZ -> 0x4837                | A:F3 BC:0005 DE:CD79 HL:4292 F:00000100 [Z:0 C:0]
[4837] LD B, (HL)                     | A:F3 BC:0005 DE:CD79 HL:4292 F:00000100 [Z:0 C:0]
[4838] INC HL                         | A:F3 BC:0005 DE:CD79 HL:4293 F:00000100 [Z:0 C:0]
[4839] LD A, (HL)                     | A:F3 BC:0005 DE:CD79 HL:4293 F:00000100 [Z:0 C:0]
[483A] INC HL                         | A:F3 BC:0005 DE:CD79 HL:4294 F:00000100 [Z:0 C:0]
[483B] PUSH HL                        | A:F3 BC:0005 DE:CD79 HL:4294 F:00000100 [Z:0 C:0]
[483C] LD L, A                        | A:F3 BC:0005 DE:CD79 HL:42F3 F:00000100 [Z:0 C:0]
[483D] LD A, (DE)                     | A:C0 BC:0005 DE:CD79 HL:42F3 F:00000100 [Z:0 C:0]
[483E] AND B                          | A:00 BC:0005 DE:CD79 HL:42F3 F:01010100 [Z:1 C:0]
[483F] OR L                           | A:F3 BC:0005 DE:CD79 HL:42F3 F:10000100 [Z:0 C:0]
[4840] LD (DE), A                     | A:F3 BC:0005 DE:CD79 HL:42F3 F:10000100 [Z:0 C:0]
[4841] POP HL                         | A:F3 BC:0005 DE:CD79 HL:4294 F:10000100 [Z:0 C:0]
[4842] INC DE                         | A:F3 BC:0005 DE:CD7A HL:4294 F:10000100 [Z:0 C:0]
[4843] DEC C                          | A:F3 BC:0004 DE:CD7A HL:4294 F:00000100 [Z:0 C:0]
[4844] JR NZ -> 0x4837                | A:F3 BC:0004 DE:CD7A HL:4294 F:00000100 [Z:0 C:0]
[4837] LD B, (HL)                     | A:F3 BC:0004 DE:CD7A HL:4294 F:00000100 [Z:0 C:0]
[4838] INC HL                         | A:F3 BC:0004 DE:CD7A HL:4295 F:00000100 [Z:0 C:0]
[4839] LD A, (HL)                     | A:F3 BC:0004 DE:CD7A HL:4295 F:00000100 [Z:0 C:0]
[483A] INC HL                         | A:F3 BC:0004 DE:CD7A HL:4296 F:00000100 [Z:0 C:0]
[483B] PUSH HL                        | A:F3 BC:0004 DE:CD7A HL:4296 F:00000100 [Z:0 C:0]
[483C] LD L, A                        | A:F3 BC:0004 DE:CD7A HL:42F3 F:00000100 [Z:0 C:0]
[483D] LD A, (DE)                     | A:C0 BC:0004 DE:CD7A HL:42F3 F:00000100 [Z:0 C:0]
[483E] AND B                          | A:00 BC:0004 DE:CD7A HL:42F3 F:01010100 [Z:1 C:0]
[483F] OR L                           | A:F3 BC:0004 DE:CD7A HL:42F3 F:10000100 [Z:0 C:0]
[4840] LD (DE), A                     | A:F3 BC:0004 DE:CD7A HL:42F3 F:10000100 [Z:0 C:0]
[4841] POP HL                         | A:F3 BC:0004 DE:CD7A HL:4296 F:10000100 [Z:0 C:0]
[4842] INC DE                         | A:F3 BC:0004 DE:CD7B HL:4296 F:10000100 [Z:0 C:0]
[4843] DEC C                          | A:F3 BC:0003 DE:CD7B HL:4296 F:00000100 [Z:0 C:0]
[4844] JR NZ -> 0x4837                | A:F3 BC:0003 DE:CD7B HL:4296 F:00000100 [Z:0 C:0]
[4837] LD B, (HL)                     | A:F3 BC:0003 DE:CD7B HL:4296 F:00000100 [Z:0 C:0]
[4838] INC HL                         | A:F3 BC:0003 DE:CD7B HL:4297 F:00000100 [Z:0 C:0]
[4839] LD A, (HL)                     | A:F3 BC:0003 DE:CD7B HL:4297 F:00000100 [Z:0 C:0]
[483A] INC HL                         | A:F3 BC:0003 DE:CD7B HL:4298 F:00000100 [Z:0 C:0]
[483B] PUSH HL                        | A:F3 BC:0003 DE:CD7B HL:4298 F:00000100 [Z:0 C:0]
[483C] LD L, A                        | A:F3 BC:0003 DE:CD7B HL:42F3 F:00000100 [Z:0 C:0]
[483D] LD A, (DE)                     | A:C0 BC:0003 DE:CD7B HL:42F3 F:00000100 [Z:0 C:0]
[483E] AND B                          | A:00 BC:0003 DE:CD7B HL:42F3 F:01010100 [Z:1 C:0]
[483F] OR L                           | A:F3 BC:0003 DE:CD7B HL:42F3 F:10000100 [Z:0 C:0]
[4840] LD (DE), A                     | A:F3 BC:0003 DE:CD7B HL:42F3 F:10000100 [Z:0 C:0]
[4841] POP HL                         | A:F3 BC:0003 DE:CD7B HL:4298 F:10000100 [Z:0 C:0]
[4842] INC DE                         | A:F3 BC:0003 DE:CD7C HL:4298 F:10000100 [Z:0 C:0]
[4843] DEC C                          | A:F3 BC:0002 DE:CD7C HL:4298 F:00000100 [Z:0 C:0]
[4844] JR NZ -> 0x4837                | A:F3 BC:0002 DE:CD7C HL:4298 F:00000100 [Z:0 C:0]
[4837] LD B, (HL)                     | A:F3 BC:0002 DE:CD7C HL:4298 F:00000100 [Z:0 C:0]
[4838] INC HL                         | A:F3 BC:0002 DE:CD7C HL:4299 F:00000100 [Z:0 C:0]
[4839] LD A, (HL)                     | A:C3 BC:0002 DE:CD7C HL:4299 F:00000100 [Z:0 C:0]
[483A] INC HL                         | A:C3 BC:0002 DE:CD7C HL:429A F:00000100 [Z:0 C:0]
[483B] PUSH HL                        | A:C3 BC:0002 DE:CD7C HL:429A F:00000100 [Z:0 C:0]
[483C] LD L, A                        | A:C3 BC:0002 DE:CD7C HL:42C3 F:00000100 [Z:0 C:0]
[483D] LD A, (DE)                     | A:C0 BC:0002 DE:CD7C HL:42C3 F:00000100 [Z:0 C:0]
[483E] AND B                          | A:00 BC:0002 DE:CD7C HL:42C3 F:01010100 [Z:1 C:0]
[483F] OR L                           | A:C3 BC:0002 DE:CD7C HL:42C3 F:10000100 [Z:0 C:0]
[4840] LD (DE), A                     | A:C3 BC:0002 DE:CD7C HL:42C3 F:10000100 [Z:0 C:0]
[4841] POP HL                         | A:C3 BC:0002 DE:CD7C HL:429A F:10000100 [Z:0 C:0]
[4842] INC DE                         | A:C3 BC:0002 DE:CD7D HL:429A F:10000100 [Z:0 C:0]
[4843] DEC C                          | A:C3 BC:0001 DE:CD7D HL:429A F:00000100 [Z:0 C:0]
[4844] JR NZ -> 0x4837                | A:C3 BC:0001 DE:CD7D HL:429A F:00000100 [Z:0 C:0]
[4837] LD B, (HL)                     | A:C3 BC:5501 DE:CD7D HL:429A F:00000100 [Z:0 C:0]
[4838] INC HL                         | A:C3 BC:5501 DE:CD7D HL:429B F:00000100 [Z:0 C:0]
[4839] LD A, (HL)                     | A:82 BC:5501 DE:CD7D HL:429B F:00000100 [Z:0 C:0]
[483A] INC HL                         | A:82 BC:5501 DE:CD7D HL:429C F:00000100 [Z:0 C:0]
[483B] PUSH HL                        | A:82 BC:5501 DE:CD7D HL:429C F:00000100 [Z:0 C:0]
[483C] LD L, A                        | A:82 BC:5501 DE:CD7D HL:4282 F:00000100 [Z:0 C:0]
[483D] LD A, (DE)                     | A:C0 BC:5501 DE:CD7D HL:4282 F:00000100 [Z:0 C:0]
[483E] AND B                          | A:40 BC:5501 DE:CD7D HL:4282 F:00010000 [Z:0 C:0]
[483F] OR L                           | A:C2 BC:5501 DE:CD7D HL:4282 F:10000000 [Z:0 C:0]
[4840] LD (DE), A                     | A:C2 BC:5501 DE:CD7D HL:4282 F:10000000 [Z:0 C:0]
[4841] POP HL                         | A:C2 BC:5501 DE:CD7D HL:429C F:10000000 [Z:0 C:0]
[4842] INC DE                         | A:C2 BC:5501 DE:CD7E HL:429C F:10000000 [Z:0 C:0]
[4843] DEC C                          | A:C2 BC:5500 DE:CD7E HL:429C F:01000000 [Z:1 C:0]
[4844] JR NZ [not taken]              | A:C2 BC:5500 DE:CD7E HL:429C F:01000000 [Z:1 C:0]
[4846] LD A, (0x8000)                 | A:0B BC:5500 DE:CD7E HL:429C F:01000000 [Z:1 C:0]
[4849] DEC A                          | A:0A BC:5500 DE:CD7E HL:429C F:00000000 [Z:0 C:0]
[484A] LD (0x8000), A                 | A:0A BC:5500 DE:CD7E HL:429C F:00000000 [Z:0 C:0]
[484D] JR NZ -> 0x4831                | A:0A BC:5500 DE:CD7E HL:429C F:00000000 [Z:0 C:0]
[4831] LD E, (HL)                     | A:0A BC:5500 DE:CD72 HL:429C F:00000000 [Z:0 C:0]
[4832] INC HL                         | A:0A BC:5500 DE:CD72 HL:429D F:00000000 [Z:0 C:0]
[4833] LD D, (HL)                     | A:0A BC:5500 DE:D572 HL:429D F:00000000 [Z:0 C:0]
[4834] INC HL                         | A:0A BC:5500 DE:D572 HL:429E F:00000000 [Z:0 C:0]
[4835] LD C, 0x0C                     | A:0A BC:550C DE:D572 HL:429E F:00000000 [Z:0 C:0]
[4837] LD B, (HL)                     | A:0A BC:000C DE:D572 HL:429E F:00000000 [Z:0 C:0]
[4838] INC HL                         | A:0A BC:000C DE:D572 HL:429F F:00000000 [Z:0 C:0]
[4839] LD A, (HL)                     | A:D3 BC:000C DE:D572 HL:429F F:00000000 [Z:0 C:0]
[483A] INC HL                         | A:D3 BC:000C DE:D572 HL:42A0 F:00000000 [Z:0 C:0]
[483B] PUSH HL                        | A:D3 BC:000C DE:D572 HL:42A0 F:00000000 [Z:0 C:0]
[483C] LD L, A                        | A:D3 BC:000C DE:D572 HL:42D3 F:00000000 [Z:0 C:0]
[483D] LD A, (DE)                     | A:C0 BC:000C DE:D572 HL:42D3 F:00000000 [Z:0 C:0]
[483E] AND B                          | A:00 BC:000C DE:D572 HL:42D3 F:01010100 [Z:1 C:0]
[483F] OR L                           | A:D3 BC:000C DE:D572 HL:42D3 F:10000000 [Z:0 C:0]
[4840] LD (DE), A                     | A:D3 BC:000C DE:D572 HL:42D3 F:10000000 [Z:0 C:0]
[4841] POP HL                         | A:D3 BC:000C DE:D572 HL:42A0 F:10000000 [Z:0 C:0]
[4842] INC DE                         | A:D3 BC:000C DE:D573 HL:42A0 F:10000000 [Z:0 C:0]
[4843] DEC C                          | A:D3 BC:000B DE:D573 HL:42A0 F:00000000 [Z:0 C:0]
[4844] JR NZ -> 0x4837                | A:D3 BC:000B DE:D573 HL:42A0 F:00000000 [Z:0 C:0]
[4837] LD B, (HL)                     | A:D3 BC:000B DE:D573 HL:42A0 F:00000000 [Z:0 C:0]
[4838] INC HL                         | A:D3 BC:000B DE:D573 HL:42A1 F:00000000 [Z:0 C:0]
[4839] LD A, (HL)                     | A:F3 BC:000B DE:D573 HL:42A1 F:00000000 [Z:0 C:0]
[483A] INC HL                         | A:F3 BC:000B DE:D573 HL:42A2 F:00000000 [Z:0 C:0]
[483B] PUSH HL                        | A:F3 BC:000B DE:D573 HL:42A2 F:00000000 [Z:0 C:0]
[483C] LD L, A                        | A:F3 BC:000B DE:D573 HL:42F3 F:00000000 [Z:0 C:0]
[483D] LD A, (DE)                     | A:C0 BC:000B DE:D573 HL:42F3 F:00000000 [Z:0 C:0]
[483E] AND B                          | A:00 BC:000B DE:D573 HL:42F3 F:01010100 [Z:1 C:0]
[483F] OR L                           | A:F3 BC:000B DE:D573 HL:42F3 F:10000100 [Z:0 C:0]
[4840] LD (DE), A                     | A:F3 BC:000B DE:D573 HL:42F3 F:10000100 [Z:0 C:0]
[4841] POP HL                         | A:F3 BC:000B DE:D573 HL:42A2 F:10000100 [Z:0 C:0]
[4842] INC DE                         | A:F3 BC:000B DE:D574 HL:42A2 F:10000100 [Z:0 C:0]
[4843] DEC C                          | A:F3 BC:000A DE:D574 HL:42A2 F:00000100 [Z:0 C:0]
[4844] JR NZ -> 0x4837                | A:F3 BC:000A DE:D574 HL:42A2 F:00000100 [Z:0 C:0]
[4837] LD B, (HL)                     | A:F3 BC:000A DE:D574 HL:42A2 F:00000100 [Z:0 C:0]
[4838] INC HL                         | A:F3 BC:000A DE:D574 HL:42A3 F:00000100 [Z:0 C:0]
[4839] LD A, (HL)                     | A:F3 BC:000A DE:D574 HL:42A3 F:00000100 [Z:0 C:0]
[483A] INC HL                         | A:F3 BC:000A DE:D574 HL:42A4 F:00000100 [Z:0 C:0]
[483B] PUSH HL                        | A:F3 BC:000A DE:D574 HL:42A4 F:00000100 [Z:0 C:0]
[483C] LD L, A                        | A:F3 BC:000A DE:D574 HL:42F3 F:00000100 [Z:0 C:0]
[483D] LD A, (DE)                     | A:C0 BC:000A DE:D574 HL:42F3 F:00000100 [Z:0 C:0]
[483E] AND B                          | A:00 BC:000A DE:D574 HL:42F3 F:01010100 [Z:1 C:0]
[483F] OR L                           | A:F3 BC:000A DE:D574 HL:42F3 F:10000100 [Z:0 C:0]
[4840] LD (DE), A                     | A:F3 BC:000A DE:D574 HL:42F3 F:10000100 [Z:0 C:0]
[4841] POP HL                         | A:F3 BC:000A DE:D574 HL:42A4 F:10000100 [Z:0 C:0]
[4842] INC DE                         | A:F3 BC:000A DE:D575 HL:42A4 F:10000100 [Z:0 C:0]
[4843] DEC C                          | A:F3 BC:0009 DE:D575 HL:42A4 F:00000100 [Z:0 C:0]
[4844] JR NZ -> 0x4837                | A:F3 BC:0009 DE:D575 HL:42A4 F:00000100 [Z:0 C:0]
[4837] LD B, (HL)                     | A:F3 BC:0009 DE:D575 HL:42A4 F:00000100 [Z:0 C:0]
[4838] INC HL                         | A:F3 BC:0009 DE:D575 HL:42A5 F:00000100 [Z:0 C:0]
[4839] LD A, (HL)                     | A:F3 BC:0009 DE:D575 HL:42A5 F:00000100 [Z:0 C:0]
[483A] INC HL                         | A:F3 BC:0009 DE:D575 HL:42A6 F:00000100 [Z:0 C:0]
[483B] PUSH HL                        | A:F3 BC:0009 DE:D575 HL:42A6 F:00000100 [Z:0 C:0]
[483C] LD L, A                        | A:F3 BC:0009 DE:D575 HL:42F3 F:00000100 [Z:0 C:0]
[483D] LD A, (DE)                     | A:C0 BC:0009 DE:D575 HL:42F3 F:00000100 [Z:0 C:0]
[483E] AND B                          | A:00 BC:0009 DE:D575 HL:42F3 F:01010100 [Z:1 C:0]
[483F] OR L                           | A:F3 BC:0009 DE:D575 HL:42F3 F:10000100 [Z:0 C:0]
[4840] LD (DE), A                     | A:F3 BC:0009 DE:D575 HL:42F3 F:10000100 [Z:0 C:0]
[4841] POP HL                         | A:F3 BC:0009 DE:D575 HL:42A6 F:10000100 [Z:0 C:0]
[4842] INC DE                         | A:F3 BC:0009 DE:D576 HL:42A6 F:10000100 [Z:0 C:0]
[4843] DEC C                          | A:F3 BC:0008 DE:D576 HL:42A6 F:00000100 [Z:0 C:0]
[4844] JR NZ -> 0x4837                | A:F3 BC:0008 DE:D576 HL:42A6 F:00000100 [Z:0 C:0]
[4837] LD B, (HL)                     | A:F3 BC:0008 DE:D576 HL:42A6 F:00000100 [Z:0 C:0]
[4838] INC HL                         | A:F3 BC:0008 DE:D576 HL:42A7 F:00000100 [Z:0 C:0]
[4839] LD A, (HL)                     | A:E3 BC:0008 DE:D576 HL:42A7 F:00000100 [Z:0 C:0]
[483A] INC HL                         | A:E3 BC:0008 DE:D576 HL:42A8 F:00000100 [Z:0 C:0]
[483B] PUSH HL                        | A:E3 BC:0008 DE:D576 HL:42A8 F:00000100 [Z:0 C:0]
[483C] LD L, A                        | A:E3 BC:0008 DE:D576 HL:42E3 F:00000100 [Z:0 C:0]
[483D] LD A, (DE)                     | A:C0 BC:0008 DE:D576 HL:42E3 F:00000100 [Z:0 C:0]
[483E] AND B                          | A:00 BC:0008 DE:D576 HL:42E3 F:01010100 [Z:1 C:0]
[483F] OR L                           | A:E3 BC:0008 DE:D576 HL:42E3 F:10000000 [Z:0 C:0]
[4840] LD (DE), A                     | A:E3 BC:0008 DE:D576 HL:42E3 F:10000000 [Z:0 C:0]
[4841] POP HL                         | A:E3 BC:0008 DE:D576 HL:42A8 F:10000000 [Z:0 C:0]
[4842] INC DE                         | A:E3 BC:0008 DE:D577 HL:42A8 F:10000000 [Z:0 C:0]
[4843] DEC C                          | A:E3 BC:0007 DE:D577 HL:42A8 F:00000000 [Z:0 C:0]
[4844] JR NZ -> 0x4837                | A:E3 BC:0007 DE:D577 HL:42A8 F:00000000 [Z:0 C:0]
[4837] LD B, (HL)                     | A:E3 BC:0007 DE:D577 HL:42A8 F:00000000 [Z:0 C:0]
[4838] INC HL                         | A:E3 BC:0007 DE:D577 HL:42A9 F:00000000 [Z:0 C:0]
[4839] LD A, (HL)                     | A:C3 BC:0007 DE:D577 HL:42A9 F:00000000 [Z:0 C:0]
[483A] INC HL                         | A:C3 BC:0007 DE:D577 HL:42AA F:00000000 [Z:0 C:0]
[483B] PUSH HL                        | A:C3 BC:0007 DE:D577 HL:42AA F:00000000 [Z:0 C:0]
[483C] LD L, A                        | A:C3 BC:0007 DE:D577 HL:42C3 F:00000000 [Z:0 C:0]
[483D] LD A, (DE)                     | A:C0 BC:0007 DE:D577 HL:42C3 F:00000000 [Z:0 C:0]
[483E] AND B                          | A:00 BC:0007 DE:D577 HL:42C3 F:01010100 [Z:1 C:0]
[483F] OR L                           | A:C3 BC:0007 DE:D577 HL:42C3 F:10000100 [Z:0 C:0]
[4840] LD (DE), A                     | A:C3 BC:0007 DE:D577 HL:42C3 F:10000100 [Z:0 C:0]
[4841] POP HL                         | A:C3 BC:0007 DE:D577 HL:42AA F:10000100 [Z:0 C:0]
[4842] INC DE                         | A:C3 BC:0007 DE:D578 HL:42AA F:10000100 [Z:0 C:0]
[4843] DEC C                          | A:C3 BC:0006 DE:D578 HL:42AA F:00000100 [Z:0 C:0]
[4844] JR NZ -> 0x4837                | A:C3 BC:0006 DE:D578 HL:42AA F:00000100 [Z:0 C:0]
[4837] LD B, (HL)                     | A:C3 BC:0006 DE:D578 HL:42AA F:00000100 [Z:0 C:0]
[4838] INC HL                         | A:C3 BC:0006 DE:D578 HL:42AB F:00000100 [Z:0 C:0]
[4839] LD A, (HL)                     | A:C3 BC:0006 DE:D578 HL:42AB F:00000100 [Z:0 C:0]
[483A] INC HL                         | A:C3 BC:0006 DE:D578 HL:42AC F:00000100 [Z:0 C:0]
[483B] PUSH HL                        | A:C3 BC:0006 DE:D578 HL:42AC F:00000100 [Z:0 C:0]
[483C] LD L, A                        | A:C3 BC:0006 DE:D578 HL:42C3 F:00000100 [Z:0 C:0]
[483D] LD A, (DE)                     | A:C0 BC:0006 DE:D578 HL:42C3 F:00000100 [Z:0 C:0]
[483E] AND B                          | A:00 BC:0006 DE:D578 HL:42C3 F:01010100 [Z:1 C:0]
[483F] OR L                           | A:C3 BC:0006 DE:D578 HL:42C3 F:10000100 [Z:0 C:0]
[4840] LD (DE), A                     | A:C3 BC:0006 DE:D578 HL:42C3 F:10000100 [Z:0 C:0]
[4841] POP HL                         | A:C3 BC:0006 DE:D578 HL:42AC F:10000100 [Z:0 C:0]
[4842] INC DE                         | A:C3 BC:0006 DE:D579 HL:42AC F:10000100 [Z:0 C:0]
[4843] DEC C                          | A:C3 BC:0005 DE:D579 HL:42AC F:00000100 [Z:0 C:0]
[4844] JR NZ -> 0x4837                | A:C3 BC:0005 DE:D579 HL:42AC F:00000100 [Z:0 C:0]
[4837] LD B, (HL)                     | A:C3 BC:0005 DE:D579 HL:42AC F:00000100 [Z:0 C:0]
[4838] INC HL                         | A:C3 BC:0005 DE:D579 HL:42AD F:00000100 [Z:0 C:0]
[4839] LD A, (HL)                     | A:C3 BC:0005 DE:D579 HL:42AD F:00000100 [Z:0 C:0]
[483A] INC HL                         | A:C3 BC:0005 DE:D579 HL:42AE F:00000100 [Z:0 C:0]
[483B] PUSH HL                        | A:C3 BC:0005 DE:D579 HL:42AE F:00000100 [Z:0 C:0]
[483C] LD L, A                        | A:C3 BC:0005 DE:D579 HL:42C3 F:00000100 [Z:0 C:0]
[483D] LD A, (DE)                     | A:C0 BC:0005 DE:D579 HL:42C3 F:00000100 [Z:0 C:0]
[483E] AND B                          | A:00 BC:0005 DE:D579 HL:42C3 F:01010100 [Z:1 C:0]
[483F] OR L                           | A:C3 BC:0005 DE:D579 HL:42C3 F:10000100 [Z:0 C:0]
[4840] LD (DE), A                     | A:C3 BC:0005 DE:D579 HL:42C3 F:10000100 [Z:0 C:0]
[4841] POP HL                         | A:C3 BC:0005 DE:D579 HL:42AE F:10000100 [Z:0 C:0]
[4842] INC DE                         | A:C3 BC:0005 DE:D57A HL:42AE F:10000100 [Z:0 C:0]
[4843] DEC C                          | A:C3 BC:0004 DE:D57A HL:42AE F:00000100 [Z:0 C:0]
[4844] JR NZ -> 0x4837                | A:C3 BC:0004 DE:D57A HL:42AE F:00000100 [Z:0 C:0]
[4837] LD B, (HL)                     | A:C3 BC:0004 DE:D57A HL:42AE F:00000100 [Z:0 C:0]
[4838] INC HL                         | A:C3 BC:0004 DE:D57A HL:42AF F:00000100 [Z:0 C:0]
[4839] LD A, (HL)                     | A:C3 BC:0004 DE:D57A HL:42AF F:00000100 [Z:0 C:0]
[483A] INC HL                         | A:C3 BC:0004 DE:D57A HL:42B0 F:00000100 [Z:0 C:0]
[483B] PUSH HL                        | A:C3 BC:0004 DE:D57A HL:42B0 F:00000100 [Z:0 C:0]
[483C] LD L, A                        | A:C3 BC:0004 DE:D57A HL:42C3 F:00000100 [Z:0 C:0]
[483D] LD A, (DE)                     | A:C0 BC:0004 DE:D57A HL:42C3 F:00000100 [Z:0 C:0]
[483E] AND B                          | A:00 BC:0004 DE:D57A HL:42C3 F:01010100 [Z:1 C:0]
[483F] OR L                           | A:C3 BC:0004 DE:D57A HL:42C3 F:10000100 [Z:0 C:0]
[4840] LD (DE), A                     | A:C3 BC:0004 DE:D57A HL:42C3 F:10000100 [Z:0 C:0]
[4841] POP HL                         | A:C3 BC:0004 DE:D57A HL:42B0 F:10000100 [Z:0 C:0]
[4842] INC DE                         | A:C3 BC:0004 DE:D57B HL:42B0 F:10000100 [Z:0 C:0]
[4843] DEC C                          | A:C3 BC:0003 DE:D57B HL:42B0 F:00000100 [Z:0 C:0]
[4844] JR NZ -> 0x4837                | A:C3 BC:0003 DE:D57B HL:42B0 F:00000100 [Z:0 C:0]
[4837] LD B, (HL)                     | A:C3 BC:0003 DE:D57B HL:42B0 F:00000100 [Z:0 C:0]
[4838] INC HL                         | A:C3 BC:0003 DE:D57B HL:42B1 F:00000100 [Z:0 C:0]
[4839] LD A, (HL)                     | A:C3 BC:0003 DE:D57B HL:42B1 F:00000100 [Z:0 C:0]
[483A] INC HL                         | A:C3 BC:0003 DE:D57B HL:42B2 F:00000100 [Z:0 C:0]
[483B] PUSH HL                        | A:C3 BC:0003 DE:D57B HL:42B2 F:00000100 [Z:0 C:0]
[483C] LD L, A                        | A:C3 BC:0003 DE:D57B HL:42C3 F:00000100 [Z:0 C:0]
[483D] LD A, (DE)                     | A:C0 BC:0003 DE:D57B HL:42C3 F:00000100 [Z:0 C:0]
[483E] AND B                          | A:00 BC:0003 DE:D57B HL:42C3 F:01010100 [Z:1 C:0]
[483F] OR L                           | A:C3 BC:0003 DE:D57B HL:42C3 F:10000100 [Z:0 C:0]
[4840] LD (DE), A                     | A:C3 BC:0003 DE:D57B HL:42C3 F:10000100 [Z:0 C:0]
[4841] POP HL                         | A:C3 BC:0003 DE:D57B HL:42B2 F:10000100 [Z:0 C:0]
[4842] INC DE                         | A:C3 BC:0003 DE:D57C HL:42B2 F:10000100 [Z:0 C:0]
[4843] DEC C                          | A:C3 BC:0002 DE:D57C HL:42B2 F:00000100 [Z:0 C:0]
[4844] JR NZ -> 0x4837                | A:C3 BC:0002 DE:D57C HL:42B2 F:00000100 [Z:0 C:0]
[4837] LD B, (HL)                     | A:C3 BC:0002 DE:D57C HL:42B2 F:00000100 [Z:0 C:0]
[4838] INC HL                         | A:C3 BC:0002 DE:D57C HL:42B3 F:00000100 [Z:0 C:0]
[4839] LD A, (HL)                     | A:C3 BC:0002 DE:D57C HL:42B3 F:00000100 [Z:0 C:0]
[483A] INC HL                         | A:C3 BC:0002 DE:D57C HL:42B4 F:00000100 [Z:0 C:0]
[483B] PUSH HL                        | A:C3 BC:0002 DE:D57C HL:42B4 F:00000100 [Z:0 C:0]
[483C] LD L, A                        | A:C3 BC:0002 DE:D57C HL:42C3 F:00000100 [Z:0 C:0]
[483D] LD A, (DE)                     | A:C0 BC:0002 DE:D57C HL:42C3 F:00000100 [Z:0 C:0]
[483E] AND B                          | A:00 BC:0002 DE:D57C HL:42C3 F:01010100 [Z:1 C:0]
[483F] OR L                           | A:C3 BC:0002 DE:D57C HL:42C3 F:10000100 [Z:0 C:0]
[4840] LD (DE), A                     | A:C3 BC:0002 DE:D57C HL:42C3 F:10000100 [Z:0 C:0]
[4841] POP HL                         | A:C3 BC:0002 DE:D57C HL:42B4 F:10000100 [Z:0 C:0]
[4842] INC DE                         | A:C3 BC:0002 DE:D57D HL:42B4 F:10000100 [Z:0 C:0]
[4843] DEC C                          | A:C3 BC:0001 DE:D57D HL:42B4 F:00000100 [Z:0 C:0]
[4844] JR NZ -> 0x4837                | A:C3 BC:0001 DE:D57D HL:42B4 F:00000100 [Z:0 C:0]
[4837] LD B, (HL)                     | A:C3 BC:5501 DE:D57D HL:42B4 F:00000100 [Z:0 C:0]
[4838] INC HL                         | A:C3 BC:5501 DE:D57D HL:42B5 F:00000100 [Z:0 C:0]
[4839] LD A, (HL)                     | A:82 BC:5501 DE:D57D HL:42B5 F:00000100 [Z:0 C:0]
[483A] INC HL                         | A:82 BC:5501 DE:D57D HL:42B6 F:00000100 [Z:0 C:0]
[483B] PUSH HL                        | A:82 BC:5501 DE:D57D HL:42B6 F:00000100 [Z:0 C:0]
[483C] LD L, A                        | A:82 BC:5501 DE:D57D HL:4282 F:00000100 [Z:0 C:0]
[483D] LD A, (DE)                     | A:C0 BC:5501 DE:D57D HL:4282 F:00000100 [Z:0 C:0]
[483E] AND B                          | A:40 BC:5501 DE:D57D HL:4282 F:00010000 [Z:0 C:0]
[483F] OR L                           | A:C2 BC:5501 DE:D57D HL:4282 F:10000000 [Z:0 C:0]
[4840] LD (DE), A                     | A:C2 BC:5501 DE:D57D HL:4282 F:10000000 [Z:0 C:0]
[4841] POP HL                         | A:C2 BC:5501 DE:D57D HL:42B6 F:10000000 [Z:0 C:0]
[4842] INC DE                         | A:C2 BC:5501 DE:D57E HL:42B6 F:10000000 [Z:0 C:0]
[4843] DEC C                          | A:C2 BC:5500 DE:D57E HL:42B6 F:01000000 [Z:1 C:0]
[4844] JR NZ [not taken]              | A:C2 BC:5500 DE:D57E HL:42B6 F:01000000 [Z:1 C:0]
[4846] LD A, (0x8000)                 | A:0A BC:5500 DE:D57E HL:42B6 F:01000000 [Z:1 C:0]
[4849] DEC A                          | A:09 BC:5500 DE:D57E HL:42B6 F:00000000 [Z:0 C:0]
[484A] LD (0x8000), A                 | A:09 BC:5500 DE:D57E HL:42B6 F:00000000 [Z:0 C:0]
[484D] JR NZ -> 0x4831                | A:09 BC:5500 DE:D57E HL:42B6 F:00000000 [Z:0 C:0]
[4831] LD E, (HL)                     | A:09 BC:5500 DE:D572 HL:42B6 F:00000000 [Z:0 C:0]
[4832] INC HL                         | A:09 BC:5500 DE:D572 HL:42B7 F:00000000 [Z:0 C:0]
[4833] LD D, (HL)                     | A:09 BC:5500 DE:DD72 HL:42B7 F:00000000 [Z:0 C:0]
[4834] INC HL                         | A:09 BC:5500 DE:DD72 HL:42B8 F:00000000 [Z:0 C:0]
[4835] LD C, 0x0C                     | A:09 BC:550C DE:DD72 HL:42B8 F:00000000 [Z:0 C:0]
[4837] LD B, (HL)                     | A:09 BC:000C DE:DD72 HL:42B8 F:00000000 [Z:0 C:0]
[4838] INC HL                         | A:09 BC:000C DE:DD72 HL:42B9 F:00000000 [Z:0 C:0]
[4839] LD A, (HL)                     | A:D3 BC:000C DE:DD72 HL:42B9 F:00000000 [Z:0 C:0]
[483A] INC HL                         | A:D3 BC:000C DE:DD72 HL:42BA F:00000000 [Z:0 C:0]
[483B] PUSH HL                        | A:D3 BC:000C DE:DD72 HL:42BA F:00000000 [Z:0 C:0]
[483C] LD L, A                        | A:D3 BC:000C DE:DD72 HL:42D3 F:00000000 [Z:0 C:0]
[483D] LD A, (DE)                     | A:C0 BC:000C DE:DD72 HL:42D3 F:00000000 [Z:0 C:0]
[483E] AND B                          | A:00 BC:000C DE:DD72 HL:42D3 F:01010100 [Z:1 C:0]
[483F] OR L                           | A:D3 BC:000C DE:DD72 HL:42D3 F:10000000 [Z:0 C:0]
[4840] LD (DE), A                     | A:D3 BC:000C DE:DD72 HL:42D3 F:10000000 [Z:0 C:0]
[4841] POP HL                         | A:D3 BC:000C DE:DD72 HL:42BA F:10000000 [Z:0 C:0]
[4842] INC DE                         | A:D3 BC:000C DE:DD73 HL:42BA F:10000000 [Z:0 C:0]
[4843] DEC C                          | A:D3 BC:000B DE:DD73 HL:42BA F:00000000 [Z:0 C:0]
[4844] JR NZ -> 0x4837                | A:D3 BC:000B DE:DD73 HL:42BA F:00000000 [Z:0 C:0]
[4837] LD B, (HL)                     | A:D3 BC:000B DE:DD73 HL:42BA F:00000000 [Z:0 C:0]
[4838] INC HL                         | A:D3 BC:000B DE:DD73 HL:42BB F:00000000 [Z:0 C:0]
[4839] LD A, (HL)                     | A:F3 BC:000B DE:DD73 HL:42BB F:00000000 [Z:0 C:0]
[483A] INC HL                         | A:F3 BC:000B DE:DD73 HL:42BC F:00000000 [Z:0 C:0]
[483B] PUSH HL                        | A:F3 BC:000B DE:DD73 HL:42BC F:00000000 [Z:0 C:0]
[483C] LD L, A                        | A:F3 BC:000B DE:DD73 HL:42F3 F:00000000 [Z:0 C:0]
[483D] LD A, (DE)                     | A:C0 BC:000B DE:DD73 HL:42F3 F:00000000 [Z:0 C:0]
[483E] AND B                          | A:00 BC:000B DE:DD73 HL:42F3 F:01010100 [Z:1 C:0]
[483F] OR L                           | A:F3 BC:000B DE:DD73 HL:42F3 F:10000100 [Z:0 C:0]
[4840] LD (DE), A                     | A:F3 BC:000B DE:DD73 HL:42F3 F:10000100 [Z:0 C:0]
[4841] POP HL                         | A:F3 BC:000B DE:DD73 HL:42BC F:10000100 [Z:0 C:0]
[4842] INC DE                         | A:F3 BC:000B DE:DD74 HL:42BC F:10000100 [Z:0 C:0]
[4843] DEC C                          | A:F3 BC:000A DE:DD74 HL:42BC F:00000100 [Z:0 C:0]
[4844] JR NZ -> 0x4837                | A:F3 BC:000A DE:DD74 HL:42BC F:00000100 [Z:0 C:0]
[4837] LD B, (HL)                     | A:F3 BC:000A DE:DD74 HL:42BC F:00000100 [Z:0 C:0]
[4838] INC HL                         | A:F3 BC:000A DE:DD74 HL:42BD F:00000100 [Z:0 C:0]
[4839] LD A, (HL)                     | A:F3 BC:000A DE:DD74 HL:42BD F:00000100 [Z:0 C:0]
[483A] INC HL                         | A:F3 BC:000A DE:DD74 HL:42BE F:00000100 [Z:0 C:0]
[483B] PUSH HL                        | A:F3 BC:000A DE:DD74 HL:42BE F:00000100 [Z:0 C:0]
[483C] LD L, A                        | A:F3 BC:000A DE:DD74 HL:42F3 F:00000100 [Z:0 C:0]
[483D] LD A, (DE)                     | A:C0 BC:000A DE:DD74 HL:42F3 F:00000100 [Z:0 C:0]
[483E] AND B                          | A:00 BC:000A DE:DD74 HL:42F3 F:01010100 [Z:1 C:0]
[483F] OR L                           | A:F3 BC:000A DE:DD74 HL:42F3 F:10000100 [Z:0 C:0]
[4840] LD (DE), A                     | A:F3 BC:000A DE:DD74 HL:42F3 F:10000100 [Z:0 C:0]
[4841] POP HL                         | A:F3 BC:000A DE:DD74 HL:42BE F:10000100 [Z:0 C:0]
[4842] INC DE                         | A:F3 BC:000A DE:DD75 HL:42BE F:10000100 [Z:0 C:0]
[4843] DEC C                          | A:F3 BC:0009 DE:DD75 HL:42BE F:00000100 [Z:0 C:0]
[4844] JR NZ -> 0x4837                | A:F3 BC:0009 DE:DD75 HL:42BE F:00000100 [Z:0 C:0]
[4837] LD B, (HL)                     | A:F3 BC:0009 DE:DD75 HL:42BE F:00000100 [Z:0 C:0]
[4838] INC HL                         | A:F3 BC:0009 DE:DD75 HL:42BF F:00000100 [Z:0 C:0]
[4839] LD A, (HL)                     | A:F3 BC:0009 DE:DD75 HL:42BF F:00000100 [Z:0 C:0]
[483A] INC HL                         | A:F3 BC:0009 DE:DD75 HL:42C0 F:00000100 [Z:0 C:0]
[483B] PUSH HL                        | A:F3 BC:0009 DE:DD75 HL:42C0 F:00000100 [Z:0 C:0]
[483C] LD L, A                        | A:F3 BC:0009 DE:DD75 HL:42F3 F:00000100 [Z:0 C:0]
[483D] LD A, (DE)                     | A:C0 BC:0009 DE:DD75 HL:42F3 F:00000100 [Z:0 C:0]
[483E] AND B                          | A:00 BC:0009 DE:DD75 HL:42F3 F:01010100 [Z:1 C:0]
[483F] OR L                           | A:F3 BC:0009 DE:DD75 HL:42F3 F:10000100 [Z:0 C:0]
[4840] LD (DE), A                     | A:F3 BC:0009 DE:DD75 HL:42F3 F:10000100 [Z:0 C:0]
[4841] POP HL                         | A:F3 BC:0009 DE:DD75 HL:42C0 F:10000100 [Z:0 C:0]
[4842] INC DE                         | A:F3 BC:0009 DE:DD76 HL:42C0 F:10000100 [Z:0 C:0]
[4843] DEC C                          | A:F3 BC:0008 DE:DD76 HL:42C0 F:00000100 [Z:0 C:0]
[4844] JR NZ -> 0x4837                | A:F3 BC:0008 DE:DD76 HL:42C0 F:00000100 [Z:0 C:0]
[4837] LD B, (HL)                     | A:F3 BC:0008 DE:DD76 HL:42C0 F:00000100 [Z:0 C:0]
[4838] INC HL                         | A:F3 BC:0008 DE:DD76 HL:42C1 F:00000100 [Z:0 C:0]
[4839] LD A, (HL)                     | A:E3 BC:0008 DE:DD76 HL:42C1 F:00000100 [Z:0 C:0]
[483A] INC HL                         | A:E3 BC:0008 DE:DD76 HL:42C2 F:00000100 [Z:0 C:0]
[483B] PUSH HL                        | A:E3 BC:0008 DE:DD76 HL:42C2 F:00000100 [Z:0 C:0]
[483C] LD L, A                        | A:E3 BC:0008 DE:DD76 HL:42E3 F:00000100 [Z:0 C:0]
[483D] LD A, (DE)                     | A:C0 BC:0008 DE:DD76 HL:42E3 F:00000100 [Z:0 C:0]
[483E] AND B                          | A:00 BC:0008 DE:DD76 HL:42E3 F:01010100 [Z:1 C:0]
[483F] OR L                           | A:E3 BC:0008 DE:DD76 HL:42E3 F:10000000 [Z:0 C:0]
[4840] LD (DE), A                     | A:E3 BC:0008 DE:DD76 HL:42E3 F:10000000 [Z:0 C:0]
[4841] POP HL                         | A:E3 BC:0008 DE:DD76 HL:42C2 F:10000000 [Z:0 C:0]
[4842] INC DE                         | A:E3 BC:0008 DE:DD77 HL:42C2 F:10000000 [Z:0 C:0]
[4843] DEC C                          | A:E3 BC:0007 DE:DD77 HL:42C2 F:00000000 [Z:0 C:0]
[4844] JR NZ -> 0x4837                | A:E3 BC:0007 DE:DD77 HL:42C2 F:00000000 [Z:0 C:0]
[4837] LD B, (HL)                     | A:E3 BC:0007 DE:DD77 HL:42C2 F:00000000 [Z:0 C:0]
[4838] INC HL                         | A:E3 BC:0007 DE:DD77 HL:42C3 F:00000000 [Z:0 C:0]
[4839] LD A, (HL)                     | A:C3 BC:0007 DE:DD77 HL:42C3 F:00000000 [Z:0 C:0]
[483A] INC HL                         | A:C3 BC:0007 DE:DD77 HL:42C4 F:00000000 [Z:0 C:0]
[483B] PUSH HL                        | A:C3 BC:0007 DE:DD77 HL:42C4 F:00000000 [Z:0 C:0]
[483C] LD L, A                        | A:C3 BC:0007 DE:DD77 HL:42C3 F:00000000 [Z:0 C:0]
[483D] LD A, (DE)                     | A:C0 BC:0007 DE:DD77 HL:42C3 F:00000000 [Z:0 C:0]
[483E] AND B                          | A:00 BC:0007 DE:DD77 HL:42C3 F:01010100 [Z:1 C:0]
[483F] OR L                           | A:C3 BC:0007 DE:DD77 HL:42C3 F:10000100 [Z:0 C:0]
[4840] LD (DE), A                     | A:C3 BC:0007 DE:DD77 HL:42C3 F:10000100 [Z:0 C:0]
[4841] POP HL                         | A:C3 BC:0007 DE:DD77 HL:42C4 F:10000100 [Z:0 C:0]
[4842] INC DE                         | A:C3 BC:0007 DE:DD78 HL:42C4 F:10000100 [Z:0 C:0]
[4843] DEC C                          | A:C3 BC:0006 DE:DD78 HL:42C4 F:00000100 [Z:0 C:0]
[4844] JR NZ -> 0x4837                | A:C3 BC:0006 DE:DD78 HL:42C4 F:00000100 [Z:0 C:0]
[4837] LD B, (HL)                     | A:C3 BC:0006 DE:DD78 HL:42C4 F:00000100 [Z:0 C:0]
[4838] INC HL                         | A:C3 BC:0006 DE:DD78 HL:42C5 F:00000100 [Z:0 C:0]
[4839] LD A, (HL)                     | A:C3 BC:0006 DE:DD78 HL:42C5 F:00000100 [Z:0 C:0]
[483A] INC HL                         | A:C3 BC:0006 DE:DD78 HL:42C6 F:00000100 [Z:0 C:0]
[483B] PUSH HL                        | A:C3 BC:0006 DE:DD78 HL:42C6 F:00000100 [Z:0 C:0]
[483C] LD L, A                        | A:C3 BC:0006 DE:DD78 HL:42C3 F:00000100 [Z:0 C:0]
[483D] LD A, (DE)                     | A:C0 BC:0006 DE:DD78 HL:42C3 F:00000100 [Z:0 C:0]
[483E] AND B                          | A:00 BC:0006 DE:DD78 HL:42C3 F:01010100 [Z:1 C:0]
[483F] OR L                           | A:C3 BC:0006 DE:DD78 HL:42C3 F:10000100 [Z:0 C:0]
[4840] LD (DE), A                     | A:C3 BC:0006 DE:DD78 HL:42C3 F:10000100 [Z:0 C:0]
[4841] POP HL                         | A:C3 BC:0006 DE:DD78 HL:42C6 F:10000100 [Z:0 C:0]
[4842] INC DE                         | A:C3 BC:0006 DE:DD79 HL:42C6 F:10000100 [Z:0 C:0]
[4843] DEC C                          | A:C3 BC:0005 DE:DD79 HL:42C6 F:00000100 [Z:0 C:0]
[4844] JR NZ -> 0x4837                | A:C3 BC:0005 DE:DD79 HL:42C6 F:00000100 [Z:0 C:0]
[4837] LD B, (HL)                     | A:C3 BC:0005 DE:DD79 HL:42C6 F:00000100 [Z:0 C:0]
[4838] INC HL                         | A:C3 BC:0005 DE:DD79 HL:42C7 F:00000100 [Z:0 C:0]
[4839] LD A, (HL)                     | A:C3 BC:0005 DE:DD79 HL:42C7 F:00000100 [Z:0 C:0]
[483A] INC HL                         | A:C3 BC:0005 DE:DD79 HL:42C8 F:00000100 [Z:0 C:0]
[483B] PUSH HL                        | A:C3 BC:0005 DE:DD79 HL:42C8 F:00000100 [Z:0 C:0]
[483C] LD L, A                        | A:C3 BC:0005 DE:DD79 HL:42C3 F:00000100 [Z:0 C:0]
[483D] LD A, (DE)                     | A:C0 BC:0005 DE:DD79 HL:42C3 F:00000100 [Z:0 C:0]
[483E] AND B                          | A:00 BC:0005 DE:DD79 HL:42C3 F:01010100 [Z:1 C:0]
[483F] OR L                           | A:C3 BC:0005 DE:DD79 HL:42C3 F:10000100 [Z:0 C:0]
[4840] LD (DE), A                     | A:C3 BC:0005 DE:DD79 HL:42C3 F:10000100 [Z:0 C:0]
[4841] POP HL                         | A:C3 BC:0005 DE:DD79 HL:42C8 F:10000100 [Z:0 C:0]
[4842] INC DE                         | A:C3 BC:0005 DE:DD7A HL:42C8 F:10000100 [Z:0 C:0]
[4843] DEC C                          | A:C3 BC:0004 DE:DD7A HL:42C8 F:00000100 [Z:0 C:0]
[4844] JR NZ -> 0x4837                | A:C3 BC:0004 DE:DD7A HL:42C8 F:00000100 [Z:0 C:0]
[4837] LD B, (HL)                     | A:C3 BC:0004 DE:DD7A HL:42C8 F:00000100 [Z:0 C:0]
[4838] INC HL                         | A:C3 BC:0004 DE:DD7A HL:42C9 F:00000100 [Z:0 C:0]
[4839] LD A, (HL)                     | A:C3 BC:0004 DE:DD7A HL:42C9 F:00000100 [Z:0 C:0]
[483A] INC HL                         | A:C3 BC:0004 DE:DD7A HL:42CA F:00000100 [Z:0 C:0]
[483B] PUSH HL                        | A:C3 BC:0004 DE:DD7A HL:42CA F:00000100 [Z:0 C:0]
[483C] LD L, A                        | A:C3 BC:0004 DE:DD7A HL:42C3 F:00000100 [Z:0 C:0]
[483D] LD A, (DE)                     | A:C0 BC:0004 DE:DD7A HL:42C3 F:00000100 [Z:0 C:0]
[483E] AND B                          | A:00 BC:0004 DE:DD7A HL:42C3 F:01010100 [Z:1 C:0]
[483F] OR L                           | A:C3 BC:0004 DE:DD7A HL:42C3 F:10000100 [Z:0 C:0]
[4840] LD (DE), A                     | A:C3 BC:0004 DE:DD7A HL:42C3 F:10000100 [Z:0 C:0]
[4841] POP HL                         | A:C3 BC:0004 DE:DD7A HL:42CA F:10000100 [Z:0 C:0]
[4842] INC DE                         | A:C3 BC:0004 DE:DD7B HL:42CA F:10000100 [Z:0 C:0]
[4843] DEC C                          | A:C3 BC:0003 DE:DD7B HL:42CA F:00000100 [Z:0 C:0]
[4844] JR NZ -> 0x4837                | A:C3 BC:0003 DE:DD7B HL:42CA F:00000100 [Z:0 C:0]
[4837] LD B, (HL)                     | A:C3 BC:0003 DE:DD7B HL:42CA F:00000100 [Z:0 C:0]
[4838] INC HL                         | A:C3 BC:0003 DE:DD7B HL:42CB F:00000100 [Z:0 C:0]
[4839] LD A, (HL)                     | A:C3 BC:0003 DE:DD7B HL:42CB F:00000100 [Z:0 C:0]
[483A] INC HL                         | A:C3 BC:0003 DE:DD7B HL:42CC F:00000100 [Z:0 C:0]
[483B] PUSH HL                        | A:C3 BC:0003 DE:DD7B HL:42CC F:00000100 [Z:0 C:0]
[483C] LD L, A                        | A:C3 BC:0003 DE:DD7B HL:42C3 F:00000100 [Z:0 C:0]
[483D] LD A, (DE)                     | A:C0 BC:0003 DE:DD7B HL:42C3 F:00000100 [Z:0 C:0]
[483E] AND B                          | A:00 BC:0003 DE:DD7B HL:42C3 F:01010100 [Z:1 C:0]
[483F] OR L                           | A:C3 BC:0003 DE:DD7B HL:42C3 F:10000100 [Z:0 C:0]
[4840] LD (DE), A                     | A:C3 BC:0003 DE:DD7B HL:42C3 F:10000100 [Z:0 C:0]
[4841] POP HL                         | A:C3 BC:0003 DE:DD7B HL:42CC F:10000100 [Z:0 C:0]
[4842] INC DE                         | A:C3 BC:0003 DE:DD7C HL:42CC F:10000100 [Z:0 C:0]
[4843] DEC C                          | A:C3 BC:0002 DE:DD7C HL:42CC F:00000100 [Z:0 C:0]
[4844] JR NZ -> 0x4837                | A:C3 BC:0002 DE:DD7C HL:42CC F:00000100 [Z:0 C:0]
[4837] LD B, (HL)                     | A:C3 BC:0002 DE:DD7C HL:42CC F:00000100 [Z:0 C:0]
[4838] INC HL                         | A:C3 BC:0002 DE:DD7C HL:42CD F:00000100 [Z:0 C:0]
[4839] LD A, (HL)                     | A:C3 BC:0002 DE:DD7C HL:42CD F:00000100 [Z:0 C:0]
[483A] INC HL                         | A:C3 BC:0002 DE:DD7C HL:42CE F:00000100 [Z:0 C:0]
[483B] PUSH HL                        | A:C3 BC:0002 DE:DD7C HL:42CE F:00000100 [Z:0 C:0]
[483C] LD L, A                        | A:C3 BC:0002 DE:DD7C HL:42C3 F:00000100 [Z:0 C:0]
[483D] LD A, (DE)                     | A:C0 BC:0002 DE:DD7C HL:42C3 F:00000100 [Z:0 C:0]
[483E] AND B                          | A:00 BC:0002 DE:DD7C HL:42C3 F:01010100 [Z:1 C:0]
[483F] OR L                           | A:C3 BC:0002 DE:DD7C HL:42C3 F:10000100 [Z:0 C:0]
[4840] LD (DE), A                     | A:C3 BC:0002 DE:DD7C HL:42C3 F:10000100 [Z:0 C:0]
[4841] POP HL                         | A:C3 BC:0002 DE:DD7C HL:42CE F:10000100 [Z:0 C:0]
[4842] INC DE                         | A:C3 BC:0002 DE:DD7D HL:42CE F:10000100 [Z:0 C:0]
[4843] DEC C                          | A:C3 BC:0001 DE:DD7D HL:42CE F:00000100 [Z:0 C:0]
[4844] JR NZ -> 0x4837                | A:C3 BC:0001 DE:DD7D HL:42CE F:00000100 [Z:0 C:0]
[4837] LD B, (HL)                     | A:C3 BC:5501 DE:DD7D HL:42CE F:00000100 [Z:0 C:0]
[4838] INC HL                         | A:C3 BC:5501 DE:DD7D HL:42CF F:00000100 [Z:0 C:0]
[4839] LD A, (HL)                     | A:82 BC:5501 DE:DD7D HL:42CF F:00000100 [Z:0 C:0]
[483A] INC HL                         | A:82 BC:5501 DE:DD7D HL:42D0 F:00000100 [Z:0 C:0]
[483B] PUSH HL                        | A:82 BC:5501 DE:DD7D HL:42D0 F:00000100 [Z:0 C:0]
[483C] LD L, A                        | A:82 BC:5501 DE:DD7D HL:4282 F:00000100 [Z:0 C:0]
[483D] LD A, (DE)                     | A:C0 BC:5501 DE:DD7D HL:4282 F:00000100 [Z:0 C:0]
[483E] AND B                          | A:40 BC:5501 DE:DD7D HL:4282 F:00010000 [Z:0 C:0]
[483F] OR L                           | A:C2 BC:5501 DE:DD7D HL:4282 F:10000000 [Z:0 C:0]
[4840] LD (DE), A                     | A:C2 BC:5501 DE:DD7D HL:4282 F:10000000 [Z:0 C:0]
[4841] POP HL                         | A:C2 BC:5501 DE:DD7D HL:42D0 F:10000000 [Z:0 C:0]
[4842] INC DE                         | A:C2 BC:5501 DE:DD7E HL:42D0 F:10000000 [Z:0 C:0]
[4843] DEC C                          | A:C2 BC:5500 DE:DD7E HL:42D0 F:01000000 [Z:1 C:0]
[4844] JR NZ [not taken]              | A:C2 BC:5500 DE:DD7E HL:42D0 F:01000000 [Z:1 C:0]
[4846] LD A, (0x8000)                 | A:09 BC:5500 DE:DD7E HL:42D0 F:01000000 [Z:1 C:0]
[4849] DEC A                          | A:08 BC:5500 DE:DD7E HL:42D0 F:00000000 [Z:0 C:0]
[484A] LD (0x8000), A                 | A:08 BC:5500 DE:DD7E HL:42D0 F:00000000 [Z:0 C:0]
[484D] JR NZ -> 0x4831                | A:08 BC:5500 DE:DD7E HL:42D0 F:00000000 [Z:0 C:0]
[4831] LD E, (HL)                     | A:08 BC:5500 DE:DD72 HL:42D0 F:00000000 [Z:0 C:0]
[4832] INC HL                         | A:08 BC:5500 DE:DD72 HL:42D1 F:00000000 [Z:0 C:0]
[4833] LD D, (HL)                     | A:08 BC:5500 DE:E572 HL:42D1 F:00000000 [Z:0 C:0]
[4834] INC HL                         | A:08 BC:5500 DE:E572 HL:42D2 F:00000000 [Z:0 C:0]
[4835] LD C, 0x0C                     | A:08 BC:550C DE:E572 HL:42D2 F:00000000 [Z:0 C:0]
[4837] LD B, (HL)                     | A:08 BC:000C DE:E572 HL:42D2 F:00000000 [Z:0 C:0]
[4838] INC HL                         | A:08 BC:000C DE:E572 HL:42D3 F:00000000 [Z:0 C:0]
[4839] LD A, (HL)                     | A:D3 BC:000C DE:E572 HL:42D3 F:00000000 [Z:0 C:0]
[483A] INC HL                         | A:D3 BC:000C DE:E572 HL:42D4 F:00000000 [Z:0 C:0]
[483B] PUSH HL                        | A:D3 BC:000C DE:E572 HL:42D4 F:00000000 [Z:0 C:0]
[483C] LD L, A                        | A:D3 BC:000C DE:E572 HL:42D3 F:00000000 [Z:0 C:0]
[483D] LD A, (DE)                     | A:C0 BC:000C DE:E572 HL:42D3 F:00000000 [Z:0 C:0]
[483E] AND B                          | A:00 BC:000C DE:E572 HL:42D3 F:01010100 [Z:1 C:0]
[483F] OR L                           | A:D3 BC:000C DE:E572 HL:42D3 F:10000000 [Z:0 C:0]
[4840] LD (DE), A                     | A:D3 BC:000C DE:E572 HL:42D3 F:10000000 [Z:0 C:0]
[4841] POP HL                         | A:D3 BC:000C DE:E572 HL:42D4 F:10000000 [Z:0 C:0]
[4842] INC DE                         | A:D3 BC:000C DE:E573 HL:42D4 F:10000000 [Z:0 C:0]
[4843] DEC C                          | A:D3 BC:000B DE:E573 HL:42D4 F:00000000 [Z:0 C:0]
[4844] JR NZ -> 0x4837                | A:D3 BC:000B DE:E573 HL:42D4 F:00000000 [Z:0 C:0]
[4837] LD B, (HL)                     | A:D3 BC:000B DE:E573 HL:42D4 F:00000000 [Z:0 C:0]
[4838] INC HL                         | A:D3 BC:000B DE:E573 HL:42D5 F:00000000 [Z:0 C:0]
[4839] LD A, (HL)                     | A:F3 BC:000B DE:E573 HL:42D5 F:00000000 [Z:0 C:0]
[483A] INC HL                         | A:F3 BC:000B DE:E573 HL:42D6 F:00000000 [Z:0 C:0]
[483B] PUSH HL                        | A:F3 BC:000B DE:E573 HL:42D6 F:00000000 [Z:0 C:0]
[483C] LD L, A                        | A:F3 BC:000B DE:E573 HL:42F3 F:00000000 [Z:0 C:0]
[483D] LD A, (DE)                     | A:C0 BC:000B DE:E573 HL:42F3 F:00000000 [Z:0 C:0]
[483E] AND B                          | A:00 BC:000B DE:E573 HL:42F3 F:01010100 [Z:1 C:0]
[483F] OR L                           | A:F3 BC:000B DE:E573 HL:42F3 F:10000100 [Z:0 C:0]
[4840] LD (DE), A                     | A:F3 BC:000B DE:E573 HL:42F3 F:10000100 [Z:0 C:0]
[4841] POP HL                         | A:F3 BC:000B DE:E573 HL:42D6 F:10000100 [Z:0 C:0]
[4842] INC DE                         | A:F3 BC:000B DE:E574 HL:42D6 F:10000100 [Z:0 C:0]
[4843] DEC C                          | A:F3 BC:000A DE:E574 HL:42D6 F:00000100 [Z:0 C:0]
[4844] JR NZ -> 0x4837                | A:F3 BC:000A DE:E574 HL:42D6 F:00000100 [Z:0 C:0]
[4837] LD B, (HL)                     | A:F3 BC:000A DE:E574 HL:42D6 F:00000100 [Z:0 C:0]
[4838] INC HL                         | A:F3 BC:000A DE:E574 HL:42D7 F:00000100 [Z:0 C:0]
[4839] LD A, (HL)                     | A:F3 BC:000A DE:E574 HL:42D7 F:00000100 [Z:0 C:0]
[483A] INC HL                         | A:F3 BC:000A DE:E574 HL:42D8 F:00000100 [Z:0 C:0]
[483B] PUSH HL                        | A:F3 BC:000A DE:E574 HL:42D8 F:00000100 [Z:0 C:0]
[483C] LD L, A                        | A:F3 BC:000A DE:E574 HL:42F3 F:00000100 [Z:0 C:0]
[483D] LD A, (DE)                     | A:C0 BC:000A DE:E574 HL:42F3 F:00000100 [Z:0 C:0]
[483E] AND B                          | A:00 BC:000A DE:E574 HL:42F3 F:01010100 [Z:1 C:0]
[483F] OR L                           | A:F3 BC:000A DE:E574 HL:42F3 F:10000100 [Z:0 C:0]
[4840] LD (DE), A                     | A:F3 BC:000A DE:E574 HL:42F3 F:10000100 [Z:0 C:0]
[4841] POP HL                         | A:F3 BC:000A DE:E574 HL:42D8 F:10000100 [Z:0 C:0]
[4842] INC DE                         | A:F3 BC:000A DE:E575 HL:42D8 F:10000100 [Z:0 C:0]
[4843] DEC C                          | A:F3 BC:0009 DE:E575 HL:42D8 F:00000100 [Z:0 C:0]
[4844] JR NZ -> 0x4837                | A:F3 BC:0009 DE:E575 HL:42D8 F:00000100 [Z:0 C:0]
[4837] LD B, (HL)                     | A:F3 BC:0009 DE:E575 HL:42D8 F:00000100 [Z:0 C:0]
[4838] INC HL                         | A:F3 BC:0009 DE:E575 HL:42D9 F:00000100 [Z:0 C:0]
[4839] LD A, (HL)                     | A:F3 BC:0009 DE:E575 HL:42D9 F:00000100 [Z:0 C:0]
[483A] INC HL                         | A:F3 BC:0009 DE:E575 HL:42DA F:00000100 [Z:0 C:0]
[483B] PUSH HL                        | A:F3 BC:0009 DE:E575 HL:42DA F:00000100 [Z:0 C:0]
[483C] LD L, A                        | A:F3 BC:0009 DE:E575 HL:42F3 F:00000100 [Z:0 C:0]
[483D] LD A, (DE)                     | A:C0 BC:0009 DE:E575 HL:42F3 F:00000100 [Z:0 C:0]
[483E] AND B                          | A:00 BC:0009 DE:E575 HL:42F3 F:01010100 [Z:1 C:0]
[483F] OR L                           | A:F3 BC:0009 DE:E575 HL:42F3 F:10000100 [Z:0 C:0]
[4840] LD (DE), A                     | A:F3 BC:0009 DE:E575 HL:42F3 F:10000100 [Z:0 C:0]
[4841] POP HL                         | A:F3 BC:0009 DE:E575 HL:42DA F:10000100 [Z:0 C:0]
[4842] INC DE                         | A:F3 BC:0009 DE:E576 HL:42DA F:10000100 [Z:0 C:0]
[4843] DEC C                          | A:F3 BC:0008 DE:E576 HL:42DA F:00000100 [Z:0 C:0]
[4844] JR NZ -> 0x4837                | A:F3 BC:0008 DE:E576 HL:42DA F:00000100 [Z:0 C:0]
[4837] LD B, (HL)                     | A:F3 BC:0008 DE:E576 HL:42DA F:00000100 [Z:0 C:0]
[4838] INC HL                         | A:F3 BC:0008 DE:E576 HL:42DB F:00000100 [Z:0 C:0]
[4839] LD A, (HL)                     | A:E3 BC:0008 DE:E576 HL:42DB F:00000100 [Z:0 C:0]
[483A] INC HL                         | A:E3 BC:0008 DE:E576 HL:42DC F:00000100 [Z:0 C:0]
[483B] PUSH HL                        | A:E3 BC:0008 DE:E576 HL:42DC F:00000100 [Z:0 C:0]
[483C] LD L, A                        | A:E3 BC:0008 DE:E576 HL:42E3 F:00000100 [Z:0 C:0]
[483D] LD A, (DE)                     | A:C0 BC:0008 DE:E576 HL:42E3 F:00000100 [Z:0 C:0]
[483E] AND B                          | A:00 BC:0008 DE:E576 HL:42E3 F:01010100 [Z:1 C:0]
[483F] OR L                           | A:E3 BC:0008 DE:E576 HL:42E3 F:10000000 [Z:0 C:0]
[4840] LD (DE), A                     | A:E3 BC:0008 DE:E576 HL:42E3 F:10000000 [Z:0 C:0]
[4841] POP HL                         | A:E3 BC:0008 DE:E576 HL:42DC F:10000000 [Z:0 C:0]
[4842] INC DE                         | A:E3 BC:0008 DE:E577 HL:42DC F:10000000 [Z:0 C:0]
[4843] DEC C                          | A:E3 BC:0007 DE:E577 HL:42DC F:00000000 [Z:0 C:0]
[4844] JR NZ -> 0x4837                | A:E3 BC:0007 DE:E577 HL:42DC F:00000000 [Z:0 C:0]
[4837] LD B, (HL)                     | A:E3 BC:0007 DE:E577 HL:42DC F:00000000 [Z:0 C:0]
[4838] INC HL                         | A:E3 BC:0007 DE:E577 HL:42DD F:00000000 [Z:0 C:0]
[4839] LD A, (HL)                     | A:C3 BC:0007 DE:E577 HL:42DD F:00000000 [Z:0 C:0]
[483A] INC HL                         | A:C3 BC:0007 DE:E577 HL:42DE F:00000000 [Z:0 C:0]
[483B] PUSH HL                        | A:C3 BC:0007 DE:E577 HL:42DE F:00000000 [Z:0 C:0]
[483C] LD L, A                        | A:C3 BC:0007 DE:E577 HL:42C3 F:00000000 [Z:0 C:0]
[483D] LD A, (DE)                     | A:C0 BC:0007 DE:E577 HL:42C3 F:00000000 [Z:0 C:0]
[483E] AND B                          | A:00 BC:0007 DE:E577 HL:42C3 F:01010100 [Z:1 C:0]
[483F] OR L                           | A:C3 BC:0007 DE:E577 HL:42C3 F:10000100 [Z:0 C:0]
[4840] LD (DE), A                     | A:C3 BC:0007 DE:E577 HL:42C3 F:10000100 [Z:0 C:0]
[4841] POP HL                         | A:C3 BC:0007 DE:E577 HL:42DE F:10000100 [Z:0 C:0]
[4842] INC DE                         | A:C3 BC:0007 DE:E578 HL:42DE F:10000100 [Z:0 C:0]
[4843] DEC C                          | A:C3 BC:0006 DE:E578 HL:42DE F:00000100 [Z:0 C:0]
[4844] JR NZ -> 0x4837                | A:C3 BC:0006 DE:E578 HL:42DE F:00000100 [Z:0 C:0]
[4837] LD B, (HL)                     | A:C3 BC:0006 DE:E578 HL:42DE F:00000100 [Z:0 C:0]
[4838] INC HL                         | A:C3 BC:0006 DE:E578 HL:42DF F:00000100 [Z:0 C:0]
[4839] LD A, (HL)                     | A:C3 BC:0006 DE:E578 HL:42DF F:00000100 [Z:0 C:0]
[483A] INC HL                         | A:C3 BC:0006 DE:E578 HL:42E0 F:00000100 [Z:0 C:0]
[483B] PUSH HL                        | A:C3 BC:0006 DE:E578 HL:42E0 F:00000100 [Z:0 C:0]
[483C] LD L, A                        | A:C3 BC:0006 DE:E578 HL:42C3 F:00000100 [Z:0 C:0]
[483D] LD A, (DE)                     | A:C0 BC:0006 DE:E578 HL:42C3 F:00000100 [Z:0 C:0]
[483E] AND B                          | A:00 BC:0006 DE:E578 HL:42C3 F:01010100 [Z:1 C:0]
[483F] OR L                           | A:C3 BC:0006 DE:E578 HL:42C3 F:10000100 [Z:0 C:0]
[4840] LD (DE), A                     | A:C3 BC:0006 DE:E578 HL:42C3 F:10000100 [Z:0 C:0]
[4841] POP HL                         | A:C3 BC:0006 DE:E578 HL:42E0 F:10000100 [Z:0 C:0]
[4842] INC DE                         | A:C3 BC:0006 DE:E579 HL:42E0 F:10000100 [Z:0 C:0]
[4843] DEC C                          | A:C3 BC:0005 DE:E579 HL:42E0 F:00000100 [Z:0 C:0]
[4844] JR NZ -> 0x4837                | A:C3 BC:0005 DE:E579 HL:42E0 F:00000100 [Z:0 C:0]
[4837] LD B, (HL)                     | A:C3 BC:0005 DE:E579 HL:42E0 F:00000100 [Z:0 C:0]
[4838] INC HL                         | A:C3 BC:0005 DE:E579 HL:42E1 F:00000100 [Z:0 C:0]
[4839] LD A, (HL)                     | A:C3 BC:0005 DE:E579 HL:42E1 F:00000100 [Z:0 C:0]
[483A] INC HL                         | A:C3 BC:0005 DE:E579 HL:42E2 F:00000100 [Z:0 C:0]
[483B] PUSH HL                        | A:C3 BC:0005 DE:E579 HL:42E2 F:00000100 [Z:0 C:0]
[483C] LD L, A                        | A:C3 BC:0005 DE:E579 HL:42C3 F:00000100 [Z:0 C:0]
[483D] LD A, (DE)                     | A:C0 BC:0005 DE:E579 HL:42C3 F:00000100 [Z:0 C:0]
[483E] AND B                          | A:00 BC:0005 DE:E579 HL:42C3 F:01010100 [Z:1 C:0]
[483F] OR L                           | A:C3 BC:0005 DE:E579 HL:42C3 F:10000100 [Z:0 C:0]
[4840] LD (DE), A                     | A:C3 BC:0005 DE:E579 HL:42C3 F:10000100 [Z:0 C:0]
[4841] POP HL                         | A:C3 BC:0005 DE:E579 HL:42E2 F:10000100 [Z:0 C:0]
[4842] INC DE                         | A:C3 BC:0005 DE:E57A HL:42E2 F:10000100 [Z:0 C:0]
[4843] DEC C                          | A:C3 BC:0004 DE:E57A HL:42E2 F:00000100 [Z:0 C:0]
[4844] JR NZ -> 0x4837                | A:C3 BC:0004 DE:E57A HL:42E2 F:00000100 [Z:0 C:0]
[4837] LD B, (HL)                     | A:C3 BC:0004 DE:E57A HL:42E2 F:00000100 [Z:0 C:0]
[4838] INC HL                         | A:C3 BC:0004 DE:E57A HL:42E3 F:00000100 [Z:0 C:0]
[4839] LD A, (HL)                     | A:C3 BC:0004 DE:E57A HL:42E3 F:00000100 [Z:0 C:0]
[483A] INC HL                         | A:C3 BC:0004 DE:E57A HL:42E4 F:00000100 [Z:0 C:0]
[483B] PUSH HL                        | A:C3 BC:0004 DE:E57A HL:42E4 F:00000100 [Z:0 C:0]
[483C] LD L, A                        | A:C3 BC:0004 DE:E57A HL:42C3 F:00000100 [Z:0 C:0]
[483D] LD A, (DE)                     | A:C0 BC:0004 DE:E57A HL:42C3 F:00000100 [Z:0 C:0]
[483E] AND B                          | A:00 BC:0004 DE:E57A HL:42C3 F:01010100 [Z:1 C:0]
[483F] OR L                           | A:C3 BC:0004 DE:E57A HL:42C3 F:10000100 [Z:0 C:0]
[4840] LD (DE), A                     | A:C3 BC:0004 DE:E57A HL:42C3 F:10000100 [Z:0 C:0]
[4841] POP HL                         | A:C3 BC:0004 DE:E57A HL:42E4 F:10000100 [Z:0 C:0]
[4842] INC DE                         | A:C3 BC:0004 DE:E57B HL:42E4 F:10000100 [Z:0 C:0]
[4843] DEC C                          | A:C3 BC:0003 DE:E57B HL:42E4 F:00000100 [Z:0 C:0]
[4844] JR NZ -> 0x4837                | A:C3 BC:0003 DE:E57B HL:42E4 F:00000100 [Z:0 C:0]
[4837] LD B, (HL)                     | A:C3 BC:0003 DE:E57B HL:42E4 F:00000100 [Z:0 C:0]
[4838] INC HL                         | A:C3 BC:0003 DE:E57B HL:42E5 F:00000100 [Z:0 C:0]
[4839] LD A, (HL)                     | A:C3 BC:0003 DE:E57B HL:42E5 F:00000100 [Z:0 C:0]
[483A] INC HL                         | A:C3 BC:0003 DE:E57B HL:42E6 F:00000100 [Z:0 C:0]
[483B] PUSH HL                        | A:C3 BC:0003 DE:E57B HL:42E6 F:00000100 [Z:0 C:0]
[483C] LD L, A                        | A:C3 BC:0003 DE:E57B HL:42C3 F:00000100 [Z:0 C:0]
[483D] LD A, (DE)                     | A:C0 BC:0003 DE:E57B HL:42C3 F:00000100 [Z:0 C:0]
[483E] AND B                          | A:00 BC:0003 DE:E57B HL:42C3 F:01010100 [Z:1 C:0]
[483F] OR L                           | A:C3 BC:0003 DE:E57B HL:42C3 F:10000100 [Z:0 C:0]
[4840] LD (DE), A                     | A:C3 BC:0003 DE:E57B HL:42C3 F:10000100 [Z:0 C:0]
[4841] POP HL                         | A:C3 BC:0003 DE:E57B HL:42E6 F:10000100 [Z:0 C:0]
[4842] INC DE                         | A:C3 BC:0003 DE:E57C HL:42E6 F:10000100 [Z:0 C:0]
[4843] DEC C                          | A:C3 BC:0002 DE:E57C HL:42E6 F:00000100 [Z:0 C:0]
[4844] JR NZ -> 0x4837                | A:C3 BC:0002 DE:E57C HL:42E6 F:00000100 [Z:0 C:0]
[4837] LD B, (HL)                     | A:C3 BC:0002 DE:E57C HL:42E6 F:00000100 [Z:0 C:0]
[4838] INC HL                         | A:C3 BC:0002 DE:E57C HL:42E7 F:00000100 [Z:0 C:0]
[4839] LD A, (HL)                     | A:C3 BC:0002 DE:E57C HL:42E7 F:00000100 [Z:0 C:0]
[483A] INC HL                         | A:C3 BC:0002 DE:E57C HL:42E8 F:00000100 [Z:0 C:0]
[483B] PUSH HL                        | A:C3 BC:0002 DE:E57C HL:42E8 F:00000100 [Z:0 C:0]
[483C] LD L, A                        | A:C3 BC:0002 DE:E57C HL:42C3 F:00000100 [Z:0 C:0]
[483D] LD A, (DE)                     | A:C0 BC:0002 DE:E57C HL:42C3 F:00000100 [Z:0 C:0]
[483E] AND B                          | A:00 BC:0002 DE:E57C HL:42C3 F:01010100 [Z:1 C:0]
[483F] OR L                           | A:C3 BC:0002 DE:E57C HL:42C3 F:10000100 [Z:0 C:0]
[4840] LD (DE), A                     | A:C3 BC:0002 DE:E57C HL:42C3 F:10000100 [Z:0 C:0]
[4841] POP HL                         | A:C3 BC:0002 DE:E57C HL:42E8 F:10000100 [Z:0 C:0]
[4842] INC DE                         | A:C3 BC:0002 DE:E57D HL:42E8 F:10000100 [Z:0 C:0]
[4843] DEC C                          | A:C3 BC:0001 DE:E57D HL:42E8 F:00000100 [Z:0 C:0]
[4844] JR NZ -> 0x4837                | A:C3 BC:0001 DE:E57D HL:42E8 F:00000100 [Z:0 C:0]
[4837] LD B, (HL)                     | A:C3 BC:5501 DE:E57D HL:42E8 F:00000100 [Z:0 C:0]
[4838] INC HL                         | A:C3 BC:5501 DE:E57D HL:42E9 F:00000100 [Z:0 C:0]
[4839] LD A, (HL)                     | A:82 BC:5501 DE:E57D HL:42E9 F:00000100 [Z:0 C:0]
[483A] INC HL                         | A:82 BC:5501 DE:E57D HL:42EA F:00000100 [Z:0 C:0]
[483B] PUSH HL                        | A:82 BC:5501 DE:E57D HL:42EA F:00000100 [Z:0 C:0]
[483C] LD L, A                        | A:82 BC:5501 DE:E57D HL:4282 F:00000100 [Z:0 C:0]
[483D] LD A, (DE)                     | A:C0 BC:5501 DE:E57D HL:4282 F:00000100 [Z:0 C:0]
[483E] AND B                          | A:40 BC:5501 DE:E57D HL:4282 F:00010000 [Z:0 C:0]
[483F] OR L                           | A:C2 BC:5501 DE:E57D HL:4282 F:10000000 [Z:0 C:0]
[4840] LD (DE), A                     | A:C2 BC:5501 DE:E57D HL:4282 F:10000000 [Z:0 C:0]
[4841] POP HL                         | A:C2 BC:5501 DE:E57D HL:42EA F:10000000 [Z:0 C:0]
[4842] INC DE                         | A:C2 BC:5501 DE:E57E HL:42EA F:10000000 [Z:0 C:0]
[4843] DEC C                          | A:C2 BC:5500 DE:E57E HL:42EA F:01000000 [Z:1 C:0]
[4844] JR NZ [not taken]              | A:C2 BC:5500 DE:E57E HL:42EA F:01000000 [Z:1 C:0]
[4846] LD A, (0x8000)                 | A:08 BC:5500 DE:E57E HL:42EA F:01000000 [Z:1 C:0]
[4849] DEC A                          | A:07 BC:5500 DE:E57E HL:42EA F:00000000 [Z:0 C:0]
[484A] LD (0x8000), A                 | A:07 BC:5500 DE:E57E HL:42EA F:00000000 [Z:0 C:0]
[484D] JR NZ -> 0x4831                | A:07 BC:5500 DE:E57E HL:42EA F:00000000 [Z:0 C:0]
[4831] LD E, (HL)                     | A:07 BC:5500 DE:E572 HL:42EA F:00000000 [Z:0 C:0]
[4832] INC HL                         | A:07 BC:5500 DE:E572 HL:42EB F:00000000 [Z:0 C:0]
[4833] LD D, (HL)                     | A:07 BC:5500 DE:ED72 HL:42EB F:00000000 [Z:0 C:0]
[4834] INC HL                         | A:07 BC:5500 DE:ED72 HL:42EC F:00000000 [Z:0 C:0]
[4835] LD C, 0x0C                     | A:07 BC:550C DE:ED72 HL:42EC F:00000000 [Z:0 C:0]
[4837] LD B, (HL)                     | A:07 BC:000C DE:ED72 HL:42EC F:00000000 [Z:0 C:0]
[4838] INC HL                         | A:07 BC:000C DE:ED72 HL:42ED F:00000000 [Z:0 C:0]
[4839] LD A, (HL)                     | A:D3 BC:000C DE:ED72 HL:42ED F:00000000 [Z:0 C:0]
[483A] INC HL                         | A:D3 BC:000C DE:ED72 HL:42EE F:00000000 [Z:0 C:0]
[483B] PUSH HL                        | A:D3 BC:000C DE:ED72 HL:42EE F:00000000 [Z:0 C:0]
[483C] LD L, A                        | A:D3 BC:000C DE:ED72 HL:42D3 F:00000000 [Z:0 C:0]
[483D] LD A, (DE)                     | A:C0 BC:000C DE:ED72 HL:42D3 F:00000000 [Z:0 C:0]
[483E] AND B                          | A:00 BC:000C DE:ED72 HL:42D3 F:01010100 [Z:1 C:0]
[483F] OR L                           | A:D3 BC:000C DE:ED72 HL:42D3 F:10000000 [Z:0 C:0]
[4840] LD (DE), A                     | A:D3 BC:000C DE:ED72 HL:42D3 F:10000000 [Z:0 C:0]
[4841] POP HL                         | A:D3 BC:000C DE:ED72 HL:42EE F:10000000 [Z:0 C:0]
[4842] INC DE                         | A:D3 BC:000C DE:ED73 HL:42EE F:10000000 [Z:0 C:0]
[4843] DEC C                          | A:D3 BC:000B DE:ED73 HL:42EE F:00000000 [Z:0 C:0]
[4844] JR NZ -> 0x4837                | A:D3 BC:000B DE:ED73 HL:42EE F:00000000 [Z:0 C:0]
[4837] LD B, (HL)                     | A:D3 BC:000B DE:ED73 HL:42EE F:00000000 [Z:0 C:0]
[4838] INC HL                         | A:D3 BC:000B DE:ED73 HL:42EF F:00000000 [Z:0 C:0]
[4839] LD A, (HL)                     | A:F3 BC:000B DE:ED73 HL:42EF F:00000000 [Z:0 C:0]
[483A] INC HL                         | A:F3 BC:000B DE:ED73 HL:42F0 F:00000000 [Z:0 C:0]
[483B] PUSH HL                        | A:F3 BC:000B DE:ED73 HL:42F0 F:00000000 [Z:0 C:0]
[483C] LD L, A                        | A:F3 BC:000B DE:ED73 HL:42F3 F:00000000 [Z:0 C:0]
[483D] LD A, (DE)                     | A:C0 BC:000B DE:ED73 HL:42F3 F:00000000 [Z:0 C:0]
[483E] AND B                          | A:00 BC:000B DE:ED73 HL:42F3 F:01010100 [Z:1 C:0]
[483F] OR L                           | A:F3 BC:000B DE:ED73 HL:42F3 F:10000100 [Z:0 C:0]
[4840] LD (DE), A                     | A:F3 BC:000B DE:ED73 HL:42F3 F:10000100 [Z:0 C:0]
[4841] POP HL                         | A:F3 BC:000B DE:ED73 HL:42F0 F:10000100 [Z:0 C:0]
[4842] INC DE                         | A:F3 BC:000B DE:ED74 HL:42F0 F:10000100 [Z:0 C:0]
[4843] DEC C                          | A:F3 BC:000A DE:ED74 HL:42F0 F:00000100 [Z:0 C:0]
[4844] JR NZ -> 0x4837                | A:F3 BC:000A DE:ED74 HL:42F0 F:00000100 [Z:0 C:0]
[4837] LD B, (HL)                     | A:F3 BC:000A DE:ED74 HL:42F0 F:00000100 [Z:0 C:0]
[4838] INC HL                         | A:F3 BC:000A DE:ED74 HL:42F1 F:00000100 [Z:0 C:0]
[4839] LD A, (HL)                     | A:F3 BC:000A DE:ED74 HL:42F1 F:00000100 [Z:0 C:0]
[483A] INC HL                         | A:F3 BC:000A DE:ED74 HL:42F2 F:00000100 [Z:0 C:0]
[483B] PUSH HL                        | A:F3 BC:000A DE:ED74 HL:42F2 F:00000100 [Z:0 C:0]
[483C] LD L, A                        | A:F3 BC:000A DE:ED74 HL:42F3 F:00000100 [Z:0 C:0]
[483D] LD A, (DE)                     | A:C0 BC:000A DE:ED74 HL:42F3 F:00000100 [Z:0 C:0]
[483E] AND B                          | A:00 BC:000A DE:ED74 HL:42F3 F:01010100 [Z:1 C:0]
[483F] OR L                           | A:F3 BC:000A DE:ED74 HL:42F3 F:10000100 [Z:0 C:0]
[4840] LD (DE), A                     | A:F3 BC:000A DE:ED74 HL:42F3 F:10000100 [Z:0 C:0]
[4841] POP HL                         | A:F3 BC:000A DE:ED74 HL:42F2 F:10000100 [Z:0 C:0]
[4842] INC DE                         | A:F3 BC:000A DE:ED75 HL:42F2 F:10000100 [Z:0 C:0]
[4843] DEC C                          | A:F3 BC:0009 DE:ED75 HL:42F2 F:00000100 [Z:0 C:0]
[4844] JR NZ -> 0x4837                | A:F3 BC:0009 DE:ED75 HL:42F2 F:00000100 [Z:0 C:0]
[4837] LD B, (HL)                     | A:F3 BC:0009 DE:ED75 HL:42F2 F:00000100 [Z:0 C:0]
[4838] INC HL                         | A:F3 BC:0009 DE:ED75 HL:42F3 F:00000100 [Z:0 C:0]
[4839] LD A, (HL)                     | A:F3 BC:0009 DE:ED75 HL:42F3 F:00000100 [Z:0 C:0]
[483A] INC HL                         | A:F3 BC:0009 DE:ED75 HL:42F4 F:00000100 [Z:0 C:0]
[483B] PUSH HL                        | A:F3 BC:0009 DE:ED75 HL:42F4 F:00000100 [Z:0 C:0]
[483C] LD L, A                        | A:F3 BC:0009 DE:ED75 HL:42F3 F:00000100 [Z:0 C:0]
[483D] LD A, (DE)                     | A:C0 BC:0009 DE:ED75 HL:42F3 F:00000100 [Z:0 C:0]
[483E] AND B                          | A:00 BC:0009 DE:ED75 HL:42F3 F:01010100 [Z:1 C:0]
[483F] OR L                           | A:F3 BC:0009 DE:ED75 HL:42F3 F:10000100 [Z:0 C:0]
[4840] LD (DE), A                     | A:F3 BC:0009 DE:ED75 HL:42F3 F:10000100 [Z:0 C:0]
[4841] POP HL                         | A:F3 BC:0009 DE:ED75 HL:42F4 F:10000100 [Z:0 C:0]
[4842] INC DE                         | A:F3 BC:0009 DE:ED76 HL:42F4 F:10000100 [Z:0 C:0]
[4843] DEC C                          | A:F3 BC:0008 DE:ED76 HL:42F4 F:00000100 [Z:0 C:0]
[4844] JR NZ -> 0x4837                | A:F3 BC:0008 DE:ED76 HL:42F4 F:00000100 [Z:0 C:0]
[4837] LD B, (HL)                     | A:F3 BC:0008 DE:ED76 HL:42F4 F:00000100 [Z:0 C:0]
[4838] INC HL                         | A:F3 BC:0008 DE:ED76 HL:42F5 F:00000100 [Z:0 C:0]
[4839] LD A, (HL)                     | A:E3 BC:0008 DE:ED76 HL:42F5 F:00000100 [Z:0 C:0]
[483A] INC HL                         | A:E3 BC:0008 DE:ED76 HL:42F6 F:00000100 [Z:0 C:0]
[483B] PUSH HL                        | A:E3 BC:0008 DE:ED76 HL:42F6 F:00000100 [Z:0 C:0]
[483C] LD L, A                        | A:E3 BC:0008 DE:ED76 HL:42E3 F:00000100 [Z:0 C:0]
[483D] LD A, (DE)                     | A:C0 BC:0008 DE:ED76 HL:42E3 F:00000100 [Z:0 C:0]
[483E] AND B                          | A:00 BC:0008 DE:ED76 HL:42E3 F:01010100 [Z:1 C:0]
[483F] OR L                           | A:E3 BC:0008 DE:ED76 HL:42E3 F:10000000 [Z:0 C:0]
[4840] LD (DE), A                     | A:E3 BC:0008 DE:ED76 HL:42E3 F:10000000 [Z:0 C:0]
[4841] POP HL                         | A:E3 BC:0008 DE:ED76 HL:42F6 F:10000000 [Z:0 C:0]
[4842] INC DE                         | A:E3 BC:0008 DE:ED77 HL:42F6 F:10000000 [Z:0 C:0]
[4843] DEC C                          | A:E3 BC:0007 DE:ED77 HL:42F6 F:00000000 [Z:0 C:0]
[4844] JR NZ -> 0x4837                | A:E3 BC:0007 DE:ED77 HL:42F6 F:00000000 [Z:0 C:0]
[4837] LD B, (HL)                     | A:E3 BC:0007 DE:ED77 HL:42F6 F:00000000 [Z:0 C:0]
[4838] INC HL                         | A:E3 BC:0007 DE:ED77 HL:42F7 F:00000000 [Z:0 C:0]
[4839] LD A, (HL)                     | A:C3 BC:0007 DE:ED77 HL:42F7 F:00000000 [Z:0 C:0]
[483A] INC HL                         | A:C3 BC:0007 DE:ED77 HL:42F8 F:00000000 [Z:0 C:0]
[483B] PUSH HL                        | A:C3 BC:0007 DE:ED77 HL:42F8 F:00000000 [Z:0 C:0]
[483C] LD L, A                        | A:C3 BC:0007 DE:ED77 HL:42C3 F:00000000 [Z:0 C:0]
[483D] LD A, (DE)                     | A:C0 BC:0007 DE:ED77 HL:42C3 F:00000000 [Z:0 C:0]
[483E] AND B                          | A:00 BC:0007 DE:ED77 HL:42C3 F:01010100 [Z:1 C:0]
[483F] OR L                           | A:C3 BC:0007 DE:ED77 HL:42C3 F:10000100 [Z:0 C:0]
[4840] LD (DE), A                     | A:C3 BC:0007 DE:ED77 HL:42C3 F:10000100 [Z:0 C:0]
[4841] POP HL                         | A:C3 BC:0007 DE:ED77 HL:42F8 F:10000100 [Z:0 C:0]
[4842] INC DE                         | A:C3 BC:0007 DE:ED78 HL:42F8 F:10000100 [Z:0 C:0]
[4843] DEC C                          | A:C3 BC:0006 DE:ED78 HL:42F8 F:00000100 [Z:0 C:0]
[4844] JR NZ -> 0x4837                | A:C3 BC:0006 DE:ED78 HL:42F8 F:00000100 [Z:0 C:0]
[4837] LD B, (HL)                     | A:C3 BC:0006 DE:ED78 HL:42F8 F:00000100 [Z:0 C:0]
[4838] INC HL                         | A:C3 BC:0006 DE:ED78 HL:42F9 F:00000100 [Z:0 C:0]
[4839] LD A, (HL)                     | A:C3 BC:0006 DE:ED78 HL:42F9 F:00000100 [Z:0 C:0]
[483A] INC HL                         | A:C3 BC:0006 DE:ED78 HL:42FA F:00000100 [Z:0 C:0]
[483B] PUSH HL                        | A:C3 BC:0006 DE:ED78 HL:42FA F:00000100 [Z:0 C:0]
[483C] LD L, A                        | A:C3 BC:0006 DE:ED78 HL:42C3 F:00000100 [Z:0 C:0]
[483D] LD A, (DE)                     | A:C0 BC:0006 DE:ED78 HL:42C3 F:00000100 [Z:0 C:0]
[483E] AND B                          | A:00 BC:0006 DE:ED78 HL:42C3 F:01010100 [Z:1 C:0]
[483F] OR L                           | A:C3 BC:0006 DE:ED78 HL:42C3 F:10000100 [Z:0 C:0]
[4840] LD (DE), A                     | A:C3 BC:0006 DE:ED78 HL:42C3 F:10000100 [Z:0 C:0]
[4841] POP HL                         | A:C3 BC:0006 DE:ED78 HL:42FA F:10000100 [Z:0 C:0]
[4842] INC DE                         | A:C3 BC:0006 DE:ED79 HL:42FA F:10000100 [Z:0 C:0]
[4843] DEC C                          | A:C3 BC:0005 DE:ED79 HL:42FA F:00000100 [Z:0 C:0]
[4844] JR NZ -> 0x4837                | A:C3 BC:0005 DE:ED79 HL:42FA F:00000100 [Z:0 C:0]
[4837] LD B, (HL)                     | A:C3 BC:0005 DE:ED79 HL:42FA F:00000100 [Z:0 C:0]
[4838] INC HL                         | A:C3 BC:0005 DE:ED79 HL:42FB F:00000100 [Z:0 C:0]
[4839] LD A, (HL)                     | A:C3 BC:0005 DE:ED79 HL:42FB F:00000100 [Z:0 C:0]
[483A] INC HL                         | A:C3 BC:0005 DE:ED79 HL:42FC F:00000100 [Z:0 C:0]
[483B] PUSH HL                        | A:C3 BC:0005 DE:ED79 HL:42FC F:00000100 [Z:0 C:0]
[483C] LD L, A                        | A:C3 BC:0005 DE:ED79 HL:42C3 F:00000100 [Z:0 C:0]
[483D] LD A, (DE)                     | A:C0 BC:0005 DE:ED79 HL:42C3 F:00000100 [Z:0 C:0]
[483E] AND B                          | A:00 BC:0005 DE:ED79 HL:42C3 F:01010100 [Z:1 C:0]
[483F] OR L                           | A:C3 BC:0005 DE:ED79 HL:42C3 F:10000100 [Z:0 C:0]
[4840] LD (DE), A                     | A:C3 BC:0005 DE:ED79 HL:42C3 F:10000100 [Z:0 C:0]
[4841] POP HL                         | A:C3 BC:0005 DE:ED79 HL:42FC F:10000100 [Z:0 C:0]
[4842] INC DE                         | A:C3 BC:0005 DE:ED7A HL:42FC F:10000100 [Z:0 C:0]
[4843] DEC C                          | A:C3 BC:0004 DE:ED7A HL:42FC F:00000100 [Z:0 C:0]
[4844] JR NZ -> 0x4837                | A:C3 BC:0004 DE:ED7A HL:42FC F:00000100 [Z:0 C:0]
[4837] LD B, (HL)                     | A:C3 BC:0004 DE:ED7A HL:42FC F:00000100 [Z:0 C:0]
[4838] INC HL                         | A:C3 BC:0004 DE:ED7A HL:42FD F:00000100 [Z:0 C:0]
[4839] LD A, (HL)                     | A:C3 BC:0004 DE:ED7A HL:42FD F:00000100 [Z:0 C:0]
[483A] INC HL                         | A:C3 BC:0004 DE:ED7A HL:42FE F:00000100 [Z:0 C:0]
[483B] PUSH HL                        | A:C3 BC:0004 DE:ED7A HL:42FE F:00000100 [Z:0 C:0]
[483C] LD L, A                        | A:C3 BC:0004 DE:ED7A HL:42C3 F:00000100 [Z:0 C:0]
[483D] LD A, (DE)                     | A:C0 BC:0004 DE:ED7A HL:42C3 F:00000100 [Z:0 C:0]
[483E] AND B                          | A:00 BC:0004 DE:ED7A HL:42C3 F:01010100 [Z:1 C:0]
[483F] OR L                           | A:C3 BC:0004 DE:ED7A HL:42C3 F:10000100 [Z:0 C:0]
[4840] LD (DE), A                     | A:C3 BC:0004 DE:ED7A HL:42C3 F:10000100 [Z:0 C:0]
[4841] POP HL                         | A:C3 BC:0004 DE:ED7A HL:42FE F:10000100 [Z:0 C:0]
[4842] INC DE                         | A:C3 BC:0004 DE:ED7B HL:42FE F:10000100 [Z:0 C:0]
[4843] DEC C                          | A:C3 BC:0003 DE:ED7B HL:42FE F:00000100 [Z:0 C:0]
[4844] JR NZ -> 0x4837                | A:C3 BC:0003 DE:ED7B HL:42FE F:00000100 [Z:0 C:0]
[4837] LD B, (HL)                     | A:C3 BC:0003 DE:ED7B HL:42FE F:00000100 [Z:0 C:0]
[4838] INC HL                         | A:C3 BC:0003 DE:ED7B HL:42FF F:00000100 [Z:0 C:0]
[4839] LD A, (HL)                     | A:C3 BC:0003 DE:ED7B HL:42FF F:00000100 [Z:0 C:0]
[483A] INC HL                         | A:C3 BC:0003 DE:ED7B HL:4300 F:00000100 [Z:0 C:0]
[483B] PUSH HL                        | A:C3 BC:0003 DE:ED7B HL:4300 F:00000100 [Z:0 C:0]
[483C] LD L, A                        | A:C3 BC:0003 DE:ED7B HL:43C3 F:00000100 [Z:0 C:0]
[483D] LD A, (DE)                     | A:C0 BC:0003 DE:ED7B HL:43C3 F:00000100 [Z:0 C:0]
[483E] AND B                          | A:00 BC:0003 DE:ED7B HL:43C3 F:01010100 [Z:1 C:0]
[483F] OR L                           | A:C3 BC:0003 DE:ED7B HL:43C3 F:10000100 [Z:0 C:0]
[4840] LD (DE), A                     | A:C3 BC:0003 DE:ED7B HL:43C3 F:10000100 [Z:0 C:0]
[4841] POP HL                         | A:C3 BC:0003 DE:ED7B HL:4300 F:10000100 [Z:0 C:0]
[4842] INC DE                         | A:C3 BC:0003 DE:ED7C HL:4300 F:10000100 [Z:0 C:0]
[4843] DEC C                          | A:C3 BC:0002 DE:ED7C HL:4300 F:00000100 [Z:0 C:0]
[4844] JR NZ -> 0x4837                | A:C3 BC:0002 DE:ED7C HL:4300 F:00000100 [Z:0 C:0]
[4837] LD B, (HL)                     | A:C3 BC:0002 DE:ED7C HL:4300 F:00000100 [Z:0 C:0]
[4838] INC HL                         | A:C3 BC:0002 DE:ED7C HL:4301 F:00000100 [Z:0 C:0]
[4839] LD A, (HL)                     | A:C3 BC:0002 DE:ED7C HL:4301 F:00000100 [Z:0 C:0]
[483A] INC HL                         | A:C3 BC:0002 DE:ED7C HL:4302 F:00000100 [Z:0 C:0]
[483B] PUSH HL                        | A:C3 BC:0002 DE:ED7C HL:4302 F:00000100 [Z:0 C:0]
[483C] LD L, A                        | A:C3 BC:0002 DE:ED7C HL:43C3 F:00000100 [Z:0 C:0]
[483D] LD A, (DE)                     | A:C0 BC:0002 DE:ED7C HL:43C3 F:00000100 [Z:0 C:0]
[483E] AND B                          | A:00 BC:0002 DE:ED7C HL:43C3 F:01010100 [Z:1 C:0]
[483F] OR L                           | A:C3 BC:0002 DE:ED7C HL:43C3 F:10000100 [Z:0 C:0]
[4840] LD (DE), A                     | A:C3 BC:0002 DE:ED7C HL:43C3 F:10000100 [Z:0 C:0]
[4841] POP HL                         | A:C3 BC:0002 DE:ED7C HL:4302 F:10000100 [Z:0 C:0]
[4842] INC DE                         | A:C3 BC:0002 DE:ED7D HL:4302 F:10000100 [Z:0 C:0]
[4843] DEC C                          | A:C3 BC:0001 DE:ED7D HL:4302 F:00000100 [Z:0 C:0]
[4844] JR NZ -> 0x4837                | A:C3 BC:0001 DE:ED7D HL:4302 F:00000100 [Z:0 C:0]
[4837] LD B, (HL)                     | A:C3 BC:5501 DE:ED7D HL:4302 F:00000100 [Z:0 C:0]
[4838] INC HL                         | A:C3 BC:5501 DE:ED7D HL:4303 F:00000100 [Z:0 C:0]
[4839] LD A, (HL)                     | A:82 BC:5501 DE:ED7D HL:4303 F:00000100 [Z:0 C:0]
[483A] INC HL                         | A:82 BC:5501 DE:ED7D HL:4304 F:00000100 [Z:0 C:0]
[483B] PUSH HL                        | A:82 BC:5501 DE:ED7D HL:4304 F:00000100 [Z:0 C:0]
[483C] LD L, A                        | A:82 BC:5501 DE:ED7D HL:4382 F:00000100 [Z:0 C:0]
[483D] LD A, (DE)                     | A:C0 BC:5501 DE:ED7D HL:4382 F:00000100 [Z:0 C:0]
[483E] AND B                          | A:40 BC:5501 DE:ED7D HL:4382 F:00010000 [Z:0 C:0]
[483F] OR L                           | A:C2 BC:5501 DE:ED7D HL:4382 F:10000000 [Z:0 C:0]
[4840] LD (DE), A                     | A:C2 BC:5501 DE:ED7D HL:4382 F:10000000 [Z:0 C:0]
[4841] POP HL                         | A:C2 BC:5501 DE:ED7D HL:4304 F:10000000 [Z:0 C:0]
[4842] INC DE                         | A:C2 BC:5501 DE:ED7E HL:4304 F:10000000 [Z:0 C:0]
[4843] DEC C                          | A:C2 BC:5500 DE:ED7E HL:4304 F:01000000 [Z:1 C:0]
[4844] JR NZ [not taken]              | A:C2 BC:5500 DE:ED7E HL:4304 F:01000000 [Z:1 C:0]
[4846] LD A, (0x8000)                 | A:07 BC:5500 DE:ED7E HL:4304 F:01000000 [Z:1 C:0]
[4849] DEC A                          | A:06 BC:5500 DE:ED7E HL:4304 F:00000000 [Z:0 C:0]
[484A] LD (0x8000), A                 | A:06 BC:5500 DE:ED7E HL:4304 F:00000000 [Z:0 C:0]
[484D] JR NZ -> 0x4831                | A:06 BC:5500 DE:ED7E HL:4304 F:00000000 [Z:0 C:0]
[4831] LD E, (HL)                     | A:06 BC:5500 DE:ED72 HL:4304 F:00000000 [Z:0 C:0]
[4832] INC HL                         | A:06 BC:5500 DE:ED72 HL:4305 F:00000000 [Z:0 C:0]
[4833] LD D, (HL)                     | A:06 BC:5500 DE:F572 HL:4305 F:00000000 [Z:0 C:0]
[4834] INC HL                         | A:06 BC:5500 DE:F572 HL:4306 F:00000000 [Z:0 C:0]
[4835] LD C, 0x0C                     | A:06 BC:550C DE:F572 HL:4306 F:00000000 [Z:0 C:0]
[4837] LD B, (HL)                     | A:06 BC:AA0C DE:F572 HL:4306 F:00000000 [Z:0 C:0]
[4838] INC HL                         | A:06 BC:AA0C DE:F572 HL:4307 F:00000000 [Z:0 C:0]
[4839] LD A, (HL)                     | A:41 BC:AA0C DE:F572 HL:4307 F:00000000 [Z:0 C:0]
[483A] INC HL                         | A:41 BC:AA0C DE:F572 HL:4308 F:00000000 [Z:0 C:0]
[483B] PUSH HL                        | A:41 BC:AA0C DE:F572 HL:4308 F:00000000 [Z:0 C:0]
[483C] LD L, A                        | A:41 BC:AA0C DE:F572 HL:4341 F:00000000 [Z:0 C:0]
[483D] LD A, (DE)                     | A:C0 BC:AA0C DE:F572 HL:4341 F:00000000 [Z:0 C:0]
[483E] AND B                          | A:80 BC:AA0C DE:F572 HL:4341 F:10010000 [Z:0 C:0]
[483F] OR L                           | A:C1 BC:AA0C DE:F572 HL:4341 F:10000000 [Z:0 C:0]
[4840] LD (DE), A                     | A:C1 BC:AA0C DE:F572 HL:4341 F:10000000 [Z:0 C:0]
[4841] POP HL                         | A:C1 BC:AA0C DE:F572 HL:4308 F:10000000 [Z:0 C:0]
[4842] INC DE                         | A:C1 BC:AA0C DE:F573 HL:4308 F:10000000 [Z:0 C:0]
[4843] DEC C                          | A:C1 BC:AA0B DE:F573 HL:4308 F:00000000 [Z:0 C:0]
[4844] JR NZ -> 0x4837                | A:C1 BC:AA0B DE:F573 HL:4308 F:00000000 [Z:0 C:0]
[4837] LD B, (HL)                     | A:C1 BC:000B DE:F573 HL:4308 F:00000000 [Z:0 C:0]
[4838] INC HL                         | A:C1 BC:000B DE:F573 HL:4309 F:00000000 [Z:0 C:0]
[4839] LD A, (HL)                     | A:C3 BC:000B DE:F573 HL:4309 F:00000000 [Z:0 C:0]
[483A] INC HL                         | A:C3 BC:000B DE:F573 HL:430A F:00000000 [Z:0 C:0]
[483B] PUSH HL                        | A:C3 BC:000B DE:F573 HL:430A F:00000000 [Z:0 C:0]
[483C] LD L, A                        | A:C3 BC:000B DE:F573 HL:43C3 F:00000000 [Z:0 C:0]
[483D] LD A, (DE)                     | A:C0 BC:000B DE:F573 HL:43C3 F:00000000 [Z:0 C:0]
[483E] AND B                          | A:00 BC:000B DE:F573 HL:43C3 F:01010100 [Z:1 C:0]
[483F] OR L                           | A:C3 BC:000B DE:F573 HL:43C3 F:10000100 [Z:0 C:0]
[4840] LD (DE), A                     | A:C3 BC:000B DE:F573 HL:43C3 F:10000100 [Z:0 C:0]
[4841] POP HL                         | A:C3 BC:000B DE:F573 HL:430A F:10000100 [Z:0 C:0]
[4842] INC DE                         | A:C3 BC:000B DE:F574 HL:430A F:10000100 [Z:0 C:0]
[4843] DEC C                          | A:C3 BC:000A DE:F574 HL:430A F:00000100 [Z:0 C:0]
[4844] JR NZ -> 0x4837                | A:C3 BC:000A DE:F574 HL:430A F:00000100 [Z:0 C:0]
[4837] LD B, (HL)                     | A:C3 BC:000A DE:F574 HL:430A F:00000100 [Z:0 C:0]
[4838] INC HL                         | A:C3 BC:000A DE:F574 HL:430B F:00000100 [Z:0 C:0]
[4839] LD A, (HL)                     | A:C3 BC:000A DE:F574 HL:430B F:00000100 [Z:0 C:0]
[483A] INC HL                         | A:C3 BC:000A DE:F574 HL:430C F:00000100 [Z:0 C:0]
[483B] PUSH HL                        | A:C3 BC:000A DE:F574 HL:430C F:00000100 [Z:0 C:0]
[483C] LD L, A                        | A:C3 BC:000A DE:F574 HL:43C3 F:00000100 [Z:0 C:0]
[483D] LD A, (DE)                     | A:C0 BC:000A DE:F574 HL:43C3 F:00000100 [Z:0 C:0]
[483E] AND B                          | A:00 BC:000A DE:F574 HL:43C3 F:01010100 [Z:1 C:0]
[483F] OR L                           | A:C3 BC:000A DE:F574 HL:43C3 F:10000100 [Z:0 C:0]
[4840] LD (DE), A                     | A:C3 BC:000A DE:F574 HL:43C3 F:10000100 [Z:0 C:0]
[4841] POP HL                         | A:C3 BC:000A DE:F574 HL:430C F:10000100 [Z:0 C:0]
[4842] INC DE                         | A:C3 BC:000A DE:F575 HL:430C F:10000100 [Z:0 C:0]
[4843] DEC C                          | A:C3 BC:0009 DE:F575 HL:430C F:00000100 [Z:0 C:0]
[4844] JR NZ -> 0x4837                | A:C3 BC:0009 DE:F575 HL:430C F:00000100 [Z:0 C:0]
[4837] LD B, (HL)                     | A:C3 BC:0009 DE:F575 HL:430C F:00000100 [Z:0 C:0]
[4838] INC HL                         | A:C3 BC:0009 DE:F575 HL:430D F:00000100 [Z:0 C:0]
[4839] LD A, (HL)                     | A:C3 BC:0009 DE:F575 HL:430D F:00000100 [Z:0 C:0]
[483A] INC HL                         | A:C3 BC:0009 DE:F575 HL:430E F:00000100 [Z:0 C:0]
[483B] PUSH HL                        | A:C3 BC:0009 DE:F575 HL:430E F:00000100 [Z:0 C:0]
[483C] LD L, A                        | A:C3 BC:0009 DE:F575 HL:43C3 F:00000100 [Z:0 C:0]
[483D] LD A, (DE)                     | A:C0 BC:0009 DE:F575 HL:43C3 F:00000100 [Z:0 C:0]
[483E] AND B                          | A:00 BC:0009 DE:F575 HL:43C3 F:01010100 [Z:1 C:0]
[483F] OR L                           | A:C3 BC:0009 DE:F575 HL:43C3 F:10000100 [Z:0 C:0]
[4840] LD (DE), A                     | A:C3 BC:0009 DE:F575 HL:43C3 F:10000100 [Z:0 C:0]
[4841] POP HL                         | A:C3 BC:0009 DE:F575 HL:430E F:10000100 [Z:0 C:0]
[4842] INC DE                         | A:C3 BC:0009 DE:F576 HL:430E F:10000100 [Z:0 C:0]
[4843] DEC C                          | A:C3 BC:0008 DE:F576 HL:430E F:00000100 [Z:0 C:0]
[4844] JR NZ -> 0x4837                | A:C3 BC:0008 DE:F576 HL:430E F:00000100 [Z:0 C:0]
[4837] LD B, (HL)                     | A:C3 BC:0008 DE:F576 HL:430E F:00000100 [Z:0 C:0]
[4838] INC HL                         | A:C3 BC:0008 DE:F576 HL:430F F:00000100 [Z:0 C:0]
[4839] LD A, (HL)                     | A:C3 BC:0008 DE:F576 HL:430F F:00000100 [Z:0 C:0]
[483A] INC HL                         | A:C3 BC:0008 DE:F576 HL:4310 F:00000100 [Z:0 C:0]
[483B] PUSH HL                        | A:C3 BC:0008 DE:F576 HL:4310 F:00000100 [Z:0 C:0]
[483C] LD L, A                        | A:C3 BC:0008 DE:F576 HL:43C3 F:00000100 [Z:0 C:0]
[483D] LD A, (DE)                     | A:C0 BC:0008 DE:F576 HL:43C3 F:00000100 [Z:0 C:0]
[483E] AND B                          | A:00 BC:0008 DE:F576 HL:43C3 F:01010100 [Z:1 C:0]
[483F] OR L                           | A:C3 BC:0008 DE:F576 HL:43C3 F:10000100 [Z:0 C:0]
[4840] LD (DE), A                     | A:C3 BC:0008 DE:F576 HL:43C3 F:10000100 [Z:0 C:0]
[4841] POP HL                         | A:C3 BC:0008 DE:F576 HL:4310 F:10000100 [Z:0 C:0]
[4842] INC DE                         | A:C3 BC:0008 DE:F577 HL:4310 F:10000100 [Z:0 C:0]
[4843] DEC C                          | A:C3 BC:0007 DE:F577 HL:4310 F:00000100 [Z:0 C:0]
[4844] JR NZ -> 0x4837                | A:C3 BC:0007 DE:F577 HL:4310 F:00000100 [Z:0 C:0]
[4837] LD B, (HL)                     | A:C3 BC:0007 DE:F577 HL:4310 F:00000100 [Z:0 C:0]
[4838] INC HL                         | A:C3 BC:0007 DE:F577 HL:4311 F:00000100 [Z:0 C:0]
[4839] LD A, (HL)                     | A:C3 BC:0007 DE:F577 HL:4311 F:00000100 [Z:0 C:0]
[483A] INC HL                         | A:C3 BC:0007 DE:F577 HL:4312 F:00000100 [Z:0 C:0]
[483B] PUSH HL                        | A:C3 BC:0007 DE:F577 HL:4312 F:00000100 [Z:0 C:0]
[483C] LD L, A                        | A:C3 BC:0007 DE:F577 HL:43C3 F:00000100 [Z:0 C:0]
[483D] LD A, (DE)                     | A:C0 BC:0007 DE:F577 HL:43C3 F:00000100 [Z:0 C:0]
[483E] AND B                          | A:00 BC:0007 DE:F577 HL:43C3 F:01010100 [Z:1 C:0]
[483F] OR L                           | A:C3 BC:0007 DE:F577 HL:43C3 F:10000100 [Z:0 C:0]
[4840] LD (DE), A                     | A:C3 BC:0007 DE:F577 HL:43C3 F:10000100 [Z:0 C:0]
[4841] POP HL                         | A:C3 BC:0007 DE:F577 HL:4312 F:10000100 [Z:0 C:0]
[4842] INC DE                         | A:C3 BC:0007 DE:F578 HL:4312 F:10000100 [Z:0 C:0]
[4843] DEC C                          | A:C3 BC:0006 DE:F578 HL:4312 F:00000100 [Z:0 C:0]
[4844] JR NZ -> 0x4837                | A:C3 BC:0006 DE:F578 HL:4312 F:00000100 [Z:0 C:0]
[4837] LD B, (HL)                     | A:C3 BC:0006 DE:F578 HL:4312 F:00000100 [Z:0 C:0]
[4838] INC HL                         | A:C3 BC:0006 DE:F578 HL:4313 F:00000100 [Z:0 C:0]
[4839] LD A, (HL)                     | A:C3 BC:0006 DE:F578 HL:4313 F:00000100 [Z:0 C:0]
[483A] INC HL                         | A:C3 BC:0006 DE:F578 HL:4314 F:00000100 [Z:0 C:0]
[483B] PUSH HL                        | A:C3 BC:0006 DE:F578 HL:4314 F:00000100 [Z:0 C:0]
[483C] LD L, A                        | A:C3 BC:0006 DE:F578 HL:43C3 F:00000100 [Z:0 C:0]
[483D] LD A, (DE)                     | A:C0 BC:0006 DE:F578 HL:43C3 F:00000100 [Z:0 C:0]
[483E] AND B                          | A:00 BC:0006 DE:F578 HL:43C3 F:01010100 [Z:1 C:0]
[483F] OR L                           | A:C3 BC:0006 DE:F578 HL:43C3 F:10000100 [Z:0 C:0]
[4840] LD (DE), A                     | A:C3 BC:0006 DE:F578 HL:43C3 F:10000100 [Z:0 C:0]
[4841] POP HL                         | A:C3 BC:0006 DE:F578 HL:4314 F:10000100 [Z:0 C:0]
[4842] INC DE                         | A:C3 BC:0006 DE:F579 HL:4314 F:10000100 [Z:0 C:0]
[4843] DEC C                          | A:C3 BC:0005 DE:F579 HL:4314 F:00000100 [Z:0 C:0]
[4844] JR NZ -> 0x4837                | A:C3 BC:0005 DE:F579 HL:4314 F:00000100 [Z:0 C:0]
[4837] LD B, (HL)                     | A:C3 BC:0005 DE:F579 HL:4314 F:00000100 [Z:0 C:0]
[4838] INC HL                         | A:C3 BC:0005 DE:F579 HL:4315 F:00000100 [Z:0 C:0]
[4839] LD A, (HL)                     | A:C3 BC:0005 DE:F579 HL:4315 F:00000100 [Z:0 C:0]
[483A] INC HL                         | A:C3 BC:0005 DE:F579 HL:4316 F:00000100 [Z:0 C:0]
[483B] PUSH HL                        | A:C3 BC:0005 DE:F579 HL:4316 F:00000100 [Z:0 C:0]
[483C] LD L, A                        | A:C3 BC:0005 DE:F579 HL:43C3 F:00000100 [Z:0 C:0]
[483D] LD A, (DE)                     | A:C0 BC:0005 DE:F579 HL:43C3 F:00000100 [Z:0 C:0]
[483E] AND B                          | A:00 BC:0005 DE:F579 HL:43C3 F:01010100 [Z:1 C:0]
[483F] OR L                           | A:C3 BC:0005 DE:F579 HL:43C3 F:10000100 [Z:0 C:0]
[4840] LD (DE), A                     | A:C3 BC:0005 DE:F579 HL:43C3 F:10000100 [Z:0 C:0]
[4841] POP HL                         | A:C3 BC:0005 DE:F579 HL:4316 F:10000100 [Z:0 C:0]
[4842] INC DE                         | A:C3 BC:0005 DE:F57A HL:4316 F:10000100 [Z:0 C:0]
[4843] DEC C                          | A:C3 BC:0004 DE:F57A HL:4316 F:00000100 [Z:0 C:0]
[4844] JR NZ -> 0x4837                | A:C3 BC:0004 DE:F57A HL:4316 F:00000100 [Z:0 C:0]
[4837] LD B, (HL)                     | A:C3 BC:0004 DE:F57A HL:4316 F:00000100 [Z:0 C:0]
[4838] INC HL                         | A:C3 BC:0004 DE:F57A HL:4317 F:00000100 [Z:0 C:0]
[4839] LD A, (HL)                     | A:C3 BC:0004 DE:F57A HL:4317 F:00000100 [Z:0 C:0]
[483A] INC HL                         | A:C3 BC:0004 DE:F57A HL:4318 F:00000100 [Z:0 C:0]
[483B] PUSH HL                        | A:C3 BC:0004 DE:F57A HL:4318 F:00000100 [Z:0 C:0]
[483C] LD L, A                        | A:C3 BC:0004 DE:F57A HL:43C3 F:00000100 [Z:0 C:0]
[483D] LD A, (DE)                     | A:C0 BC:0004 DE:F57A HL:43C3 F:00000100 [Z:0 C:0]
[483E] AND B                          | A:00 BC:0004 DE:F57A HL:43C3 F:01010100 [Z:1 C:0]
[483F] OR L                           | A:C3 BC:0004 DE:F57A HL:43C3 F:10000100 [Z:0 C:0]
[4840] LD (DE), A                     | A:C3 BC:0004 DE:F57A HL:43C3 F:10000100 [Z:0 C:0]
[4841] POP HL                         | A:C3 BC:0004 DE:F57A HL:4318 F:10000100 [Z:0 C:0]
[4842] INC DE                         | A:C3 BC:0004 DE:F57B HL:4318 F:10000100 [Z:0 C:0]
[4843] DEC C                          | A:C3 BC:0003 DE:F57B HL:4318 F:00000100 [Z:0 C:0]
[4844] JR NZ -> 0x4837                | A:C3 BC:0003 DE:F57B HL:4318 F:00000100 [Z:0 C:0]
[4837] LD B, (HL)                     | A:C3 BC:0003 DE:F57B HL:4318 F:00000100 [Z:0 C:0]
[4838] INC HL                         | A:C3 BC:0003 DE:F57B HL:4319 F:00000100 [Z:0 C:0]
[4839] LD A, (HL)                     | A:C3 BC:0003 DE:F57B HL:4319 F:00000100 [Z:0 C:0]
[483A] INC HL                         | A:C3 BC:0003 DE:F57B HL:431A F:00000100 [Z:0 C:0]
[483B] PUSH HL                        | A:C3 BC:0003 DE:F57B HL:431A F:00000100 [Z:0 C:0]
[483C] LD L, A                        | A:C3 BC:0003 DE:F57B HL:43C3 F:00000100 [Z:0 C:0]
[483D] LD A, (DE)                     | A:C0 BC:0003 DE:F57B HL:43C3 F:00000100 [Z:0 C:0]
[483E] AND B                          | A:00 BC:0003 DE:F57B HL:43C3 F:01010100 [Z:1 C:0]
[483F] OR L                           | A:C3 BC:0003 DE:F57B HL:43C3 F:10000100 [Z:0 C:0]
[4840] LD (DE), A                     | A:C3 BC:0003 DE:F57B HL:43C3 F:10000100 [Z:0 C:0]
[4841] POP HL                         | A:C3 BC:0003 DE:F57B HL:431A F:10000100 [Z:0 C:0]
[4842] INC DE                         | A:C3 BC:0003 DE:F57C HL:431A F:10000100 [Z:0 C:0]
[4843] DEC C                          | A:C3 BC:0002 DE:F57C HL:431A F:00000100 [Z:0 C:0]
[4844] JR NZ -> 0x4837                | A:C3 BC:0002 DE:F57C HL:431A F:00000100 [Z:0 C:0]
[4837] LD B, (HL)                     | A:C3 BC:0002 DE:F57C HL:431A F:00000100 [Z:0 C:0]
[4838] INC HL                         | A:C3 BC:0002 DE:F57C HL:431B F:00000100 [Z:0 C:0]
[4839] LD A, (HL)                     | A:C3 BC:0002 DE:F57C HL:431B F:00000100 [Z:0 C:0]
[483A] INC HL                         | A:C3 BC:0002 DE:F57C HL:431C F:00000100 [Z:0 C:0]
[483B] PUSH HL                        | A:C3 BC:0002 DE:F57C HL:431C F:00000100 [Z:0 C:0]
[483C] LD L, A                        | A:C3 BC:0002 DE:F57C HL:43C3 F:00000100 [Z:0 C:0]
[483D] LD A, (DE)                     | A:C0 BC:0002 DE:F57C HL:43C3 F:00000100 [Z:0 C:0]
[483E] AND B                          | A:00 BC:0002 DE:F57C HL:43C3 F:01010100 [Z:1 C:0]
[483F] OR L                           | A:C3 BC:0002 DE:F57C HL:43C3 F:10000100 [Z:0 C:0]
[4840] LD (DE), A                     | A:C3 BC:0002 DE:F57C HL:43C3 F:10000100 [Z:0 C:0]
[4841] POP HL                         | A:C3 BC:0002 DE:F57C HL:431C F:10000100 [Z:0 C:0]
[4842] INC DE                         | A:C3 BC:0002 DE:F57D HL:431C F:10000100 [Z:0 C:0]
[4843] DEC C                          | A:C3 BC:0001 DE:F57D HL:431C F:00000100 [Z:0 C:0]
[4844] JR NZ -> 0x4837                | A:C3 BC:0001 DE:F57D HL:431C F:00000100 [Z:0 C:0]
[4837] LD B, (HL)                     | A:C3 BC:5501 DE:F57D HL:431C F:00000100 [Z:0 C:0]
[4838] INC HL                         | A:C3 BC:5501 DE:F57D HL:431D F:00000100 [Z:0 C:0]
[4839] LD A, (HL)                     | A:82 BC:5501 DE:F57D HL:431D F:00000100 [Z:0 C:0]
[483A] INC HL                         | A:82 BC:5501 DE:F57D HL:431E F:00000100 [Z:0 C:0]
[483B] PUSH HL                        | A:82 BC:5501 DE:F57D HL:431E F:00000100 [Z:0 C:0]
[483C] LD L, A                        | A:82 BC:5501 DE:F57D HL:4382 F:00000100 [Z:0 C:0]
[483D] LD A, (DE)                     | A:C0 BC:5501 DE:F57D HL:4382 F:00000100 [Z:0 C:0]
[483E] AND B                          | A:40 BC:5501 DE:F57D HL:4382 F:00010000 [Z:0 C:0]
[483F] OR L                           | A:C2 BC:5501 DE:F57D HL:4382 F:10000000 [Z:0 C:0]
[4840] LD (DE), A                     | A:C2 BC:5501 DE:F57D HL:4382 F:10000000 [Z:0 C:0]
[4841] POP HL                         | A:C2 BC:5501 DE:F57D HL:431E F:10000000 [Z:0 C:0]
[4842] INC DE                         | A:C2 BC:5501 DE:F57E HL:431E F:10000000 [Z:0 C:0]
[4843] DEC C                          | A:C2 BC:5500 DE:F57E HL:431E F:01000000 [Z:1 C:0]
[4844] JR NZ [not taken]              | A:C2 BC:5500 DE:F57E HL:431E F:01000000 [Z:1 C:0]
[4846] LD A, (0x8000)                 | A:06 BC:5500 DE:F57E HL:431E F:01000000 [Z:1 C:0]
[4849] DEC A                          | A:05 BC:5500 DE:F57E HL:431E F:00000000 [Z:0 C:0]
[484A] LD (0x8000), A                 | A:05 BC:5500 DE:F57E HL:431E F:00000000 [Z:0 C:0]
[484D] JR NZ -> 0x4831                | A:05 BC:5500 DE:F57E HL:431E F:00000000 [Z:0 C:0]
[4831] LD E, (HL)                     | A:05 BC:5500 DE:F572 HL:431E F:00000000 [Z:0 C:0]
[4832] INC HL                         | A:05 BC:5500 DE:F572 HL:431F F:00000000 [Z:0 C:0]
[4833] LD D, (HL)                     | A:05 BC:5500 DE:FD72 HL:431F F:00000000 [Z:0 C:0]
[4834] INC HL                         | A:05 BC:5500 DE:FD72 HL:4320 F:00000000 [Z:0 C:0]
[4835] LD C, 0x0C                     | A:05 BC:550C DE:FD72 HL:4320 F:00000000 [Z:0 C:0]
[4837] LD B, (HL)                     | A:05 BC:FF0C DE:FD72 HL:4320 F:00000000 [Z:0 C:0]
[4838] INC HL                         | A:05 BC:FF0C DE:FD72 HL:4321 F:00000000 [Z:0 C:0]
[4839] LD A, (HL)                     | A:00 BC:FF0C DE:FD72 HL:4321 F:00000000 [Z:0 C:0]
[483A] INC HL                         | A:00 BC:FF0C DE:FD72 HL:4322 F:00000000 [Z:0 C:0]
[483B] PUSH HL                        | A:00 BC:FF0C DE:FD72 HL:4322 F:00000000 [Z:0 C:0]
[483C] LD L, A                        | A:00 BC:FF0C DE:FD72 HL:4300 F:00000000 [Z:0 C:0]
[483D] LD A, (DE)                     | A:C0 BC:FF0C DE:FD72 HL:4300 F:00000000 [Z:0 C:0]
[483E] AND B                          | A:C0 BC:FF0C DE:FD72 HL:4300 F:10010100 [Z:0 C:0]
[483F] OR L                           | A:C0 BC:FF0C DE:FD72 HL:4300 F:10000100 [Z:0 C:0]
[4840] LD (DE), A                     | A:C0 BC:FF0C DE:FD72 HL:4300 F:10000100 [Z:0 C:0]
[4841] POP HL                         | A:C0 BC:FF0C DE:FD72 HL:4322 F:10000100 [Z:0 C:0]
[4842] INC DE                         | A:C0 BC:FF0C DE:FD73 HL:4322 F:10000100 [Z:0 C:0]
[4843] DEC C                          | A:C0 BC:FF0B DE:FD73 HL:4322 F:00000100 [Z:0 C:0]
[4844] JR NZ -> 0x4837                | A:C0 BC:FF0B DE:FD73 HL:4322 F:00000100 [Z:0 C:0]
[4837] LD B, (HL)                     | A:C0 BC:000B DE:FD73 HL:4322 F:00000100 [Z:0 C:0]
[4838] INC HL                         | A:C0 BC:000B DE:FD73 HL:4323 F:00000100 [Z:0 C:0]
[4839] LD A, (HL)                     | A:C3 BC:000B DE:FD73 HL:4323 F:00000100 [Z:0 C:0]
[483A] INC HL                         | A:C3 BC:000B DE:FD73 HL:4324 F:00000100 [Z:0 C:0]
[483B] PUSH HL                        | A:C3 BC:000B DE:FD73 HL:4324 F:00000100 [Z:0 C:0]
[483C] LD L, A                        | A:C3 BC:000B DE:FD73 HL:43C3 F:00000100 [Z:0 C:0]
[483D] LD A, (DE)                     | A:C0 BC:000B DE:FD73 HL:43C3 F:00000100 [Z:0 C:0]
[483E] AND B                          | A:00 BC:000B DE:FD73 HL:43C3 F:01010100 [Z:1 C:0]
[483F] OR L                           | A:C3 BC:000B DE:FD73 HL:43C3 F:10000100 [Z:0 C:0]
[4840] LD (DE), A                     | A:C3 BC:000B DE:FD73 HL:43C3 F:10000100 [Z:0 C:0]
[4841] POP HL                         | A:C3 BC:000B DE:FD73 HL:4324 F:10000100 [Z:0 C:0]
[4842] INC DE                         | A:C3 BC:000B DE:FD74 HL:4324 F:10000100 [Z:0 C:0]
[4843] DEC C                          | A:C3 BC:000A DE:FD74 HL:4324 F:00000100 [Z:0 C:0]
[4844] JR NZ -> 0x4837                | A:C3 BC:000A DE:FD74 HL:4324 F:00000100 [Z:0 C:0]
[4837] LD B, (HL)                     | A:C3 BC:000A DE:FD74 HL:4324 F:00000100 [Z:0 C:0]
[4838] INC HL                         | A:C3 BC:000A DE:FD74 HL:4325 F:00000100 [Z:0 C:0]
[4839] LD A, (HL)                     | A:C3 BC:000A DE:FD74 HL:4325 F:00000100 [Z:0 C:0]
[483A] INC HL                         | A:C3 BC:000A DE:FD74 HL:4326 F:00000100 [Z:0 C:0]
[483B] PUSH HL                        | A:C3 BC:000A DE:FD74 HL:4326 F:00000100 [Z:0 C:0]
[483C] LD L, A                        | A:C3 BC:000A DE:FD74 HL:43C3 F:00000100 [Z:0 C:0]
[483D] LD A, (DE)                     | A:C0 BC:000A DE:FD74 HL:43C3 F:00000100 [Z:0 C:0]
[483E] AND B                          | A:00 BC:000A DE:FD74 HL:43C3 F:01010100 [Z:1 C:0]
[483F] OR L                           | A:C3 BC:000A DE:FD74 HL:43C3 F:10000100 [Z:0 C:0]
[4840] LD (DE), A                     | A:C3 BC:000A DE:FD74 HL:43C3 F:10000100 [Z:0 C:0]
[4841] POP HL                         | A:C3 BC:000A DE:FD74 HL:4326 F:10000100 [Z:0 C:0]
[4842] INC DE                         | A:C3 BC:000A DE:FD75 HL:4326 F:10000100 [Z:0 C:0]
[4843] DEC C                          | A:C3 BC:0009 DE:FD75 HL:4326 F:00000100 [Z:0 C:0]
[4844] JR NZ -> 0x4837                | A:C3 BC:0009 DE:FD75 HL:4326 F:00000100 [Z:0 C:0]
[4837] LD B, (HL)                     | A:C3 BC:0009 DE:FD75 HL:4326 F:00000100 [Z:0 C:0]
[4838] INC HL                         | A:C3 BC:0009 DE:FD75 HL:4327 F:00000100 [Z:0 C:0]
[4839] LD A, (HL)                     | A:C3 BC:0009 DE:FD75 HL:4327 F:00000100 [Z:0 C:0]
[483A] INC HL                         | A:C3 BC:0009 DE:FD75 HL:4328 F:00000100 [Z:0 C:0]
[483B] PUSH HL                        | A:C3 BC:0009 DE:FD75 HL:4328 F:00000100 [Z:0 C:0]
[483C] LD L, A                        | A:C3 BC:0009 DE:FD75 HL:43C3 F:00000100 [Z:0 C:0]
[483D] LD A, (DE)                     | A:C0 BC:0009 DE:FD75 HL:43C3 F:00000100 [Z:0 C:0]
[483E] AND B                          | A:00 BC:0009 DE:FD75 HL:43C3 F:01010100 [Z:1 C:0]
[483F] OR L                           | A:C3 BC:0009 DE:FD75 HL:43C3 F:10000100 [Z:0 C:0]
[4840] LD (DE), A                     | A:C3 BC:0009 DE:FD75 HL:43C3 F:10000100 [Z:0 C:0]
[4841] POP HL                         | A:C3 BC:0009 DE:FD75 HL:4328 F:10000100 [Z:0 C:0]
[4842] INC DE                         | A:C3 BC:0009 DE:FD76 HL:4328 F:10000100 [Z:0 C:0]
[4843] DEC C                          | A:C3 BC:0008 DE:FD76 HL:4328 F:00000100 [Z:0 C:0]
[4844] JR NZ -> 0x4837                | A:C3 BC:0008 DE:FD76 HL:4328 F:00000100 [Z:0 C:0]
[4837] LD B, (HL)                     | A:C3 BC:0008 DE:FD76 HL:4328 F:00000100 [Z:0 C:0]
[4838] INC HL                         | A:C3 BC:0008 DE:FD76 HL:4329 F:00000100 [Z:0 C:0]
[4839] LD A, (HL)                     | A:C3 BC:0008 DE:FD76 HL:4329 F:00000100 [Z:0 C:0]
[483A] INC HL                         | A:C3 BC:0008 DE:FD76 HL:432A F:00000100 [Z:0 C:0]
[483B] PUSH HL                        | A:C3 BC:0008 DE:FD76 HL:432A F:00000100 [Z:0 C:0]
[483C] LD L, A                        | A:C3 BC:0008 DE:FD76 HL:43C3 F:00000100 [Z:0 C:0]
[483D] LD A, (DE)                     | A:C0 BC:0008 DE:FD76 HL:43C3 F:00000100 [Z:0 C:0]
[483E] AND B                          | A:00 BC:0008 DE:FD76 HL:43C3 F:01010100 [Z:1 C:0]
[483F] OR L                           | A:C3 BC:0008 DE:FD76 HL:43C3 F:10000100 [Z:0 C:0]
[4840] LD (DE), A                     | A:C3 BC:0008 DE:FD76 HL:43C3 F:10000100 [Z:0 C:0]
[4841] POP HL                         | A:C3 BC:0008 DE:FD76 HL:432A F:10000100 [Z:0 C:0]
[4842] INC DE                         | A:C3 BC:0008 DE:FD77 HL:432A F:10000100 [Z:0 C:0]
[4843] DEC C                          | A:C3 BC:0007 DE:FD77 HL:432A F:00000100 [Z:0 C:0]
[4844] JR NZ -> 0x4837                | A:C3 BC:0007 DE:FD77 HL:432A F:00000100 [Z:0 C:0]
[4837] LD B, (HL)                     | A:C3 BC:0007 DE:FD77 HL:432A F:00000100 [Z:0 C:0]
[4838] INC HL                         | A:C3 BC:0007 DE:FD77 HL:432B F:00000100 [Z:0 C:0]
[4839] LD A, (HL)                     | A:C3 BC:0007 DE:FD77 HL:432B F:00000100 [Z:0 C:0]
[483A] INC HL                         | A:C3 BC:0007 DE:FD77 HL:432C F:00000100 [Z:0 C:0]
[483B] PUSH HL                        | A:C3 BC:0007 DE:FD77 HL:432C F:00000100 [Z:0 C:0]
[483C] LD L, A                        | A:C3 BC:0007 DE:FD77 HL:43C3 F:00000100 [Z:0 C:0]
[483D] LD A, (DE)                     | A:C0 BC:0007 DE:FD77 HL:43C3 F:00000100 [Z:0 C:0]
[483E] AND B                          | A:00 BC:0007 DE:FD77 HL:43C3 F:01010100 [Z:1 C:0]
[483F] OR L                           | A:C3 BC:0007 DE:FD77 HL:43C3 F:10000100 [Z:0 C:0]
[4840] LD (DE), A                     | A:C3 BC:0007 DE:FD77 HL:43C3 F:10000100 [Z:0 C:0]
[4841] POP HL                         | A:C3 BC:0007 DE:FD77 HL:432C F:10000100 [Z:0 C:0]
[4842] INC DE                         | A:C3 BC:0007 DE:FD78 HL:432C F:10000100 [Z:0 C:0]
[4843] DEC C                          | A:C3 BC:0006 DE:FD78 HL:432C F:00000100 [Z:0 C:0]
[4844] JR NZ -> 0x4837                | A:C3 BC:0006 DE:FD78 HL:432C F:00000100 [Z:0 C:0]
[4837] LD B, (HL)                     | A:C3 BC:0006 DE:FD78 HL:432C F:00000100 [Z:0 C:0]
[4838] INC HL                         | A:C3 BC:0006 DE:FD78 HL:432D F:00000100 [Z:0 C:0]
[4839] LD A, (HL)                     | A:C3 BC:0006 DE:FD78 HL:432D F:00000100 [Z:0 C:0]
[483A] INC HL                         | A:C3 BC:0006 DE:FD78 HL:432E F:00000100 [Z:0 C:0]
[483B] PUSH HL                        | A:C3 BC:0006 DE:FD78 HL:432E F:00000100 [Z:0 C:0]
[483C] LD L, A                        | A:C3 BC:0006 DE:FD78 HL:43C3 F:00000100 [Z:0 C:0]
[483D] LD A, (DE)                     | A:C0 BC:0006 DE:FD78 HL:43C3 F:00000100 [Z:0 C:0]
[483E] AND B                          | A:00 BC:0006 DE:FD78 HL:43C3 F:01010100 [Z:1 C:0]
[483F] OR L                           | A:C3 BC:0006 DE:FD78 HL:43C3 F:10000100 [Z:0 C:0]
[4840] LD (DE), A                     | A:C3 BC:0006 DE:FD78 HL:43C3 F:10000100 [Z:0 C:0]
[4841] POP HL                         | A:C3 BC:0006 DE:FD78 HL:432E F:10000100 [Z:0 C:0]
[4842] INC DE                         | A:C3 BC:0006 DE:FD79 HL:432E F:10000100 [Z:0 C:0]
[4843] DEC C                          | A:C3 BC:0005 DE:FD79 HL:432E F:00000100 [Z:0 C:0]
[4844] JR NZ -> 0x4837                | A:C3 BC:0005 DE:FD79 HL:432E F:00000100 [Z:0 C:0]
[4837] LD B, (HL)                     | A:C3 BC:0005 DE:FD79 HL:432E F:00000100 [Z:0 C:0]
[4838] INC HL                         | A:C3 BC:0005 DE:FD79 HL:432F F:00000100 [Z:0 C:0]
[4839] LD A, (HL)                     | A:C3 BC:0005 DE:FD79 HL:432F F:00000100 [Z:0 C:0]
[483A] INC HL                         | A:C3 BC:0005 DE:FD79 HL:4330 F:00000100 [Z:0 C:0]
[483B] PUSH HL                        | A:C3 BC:0005 DE:FD79 HL:4330 F:00000100 [Z:0 C:0]
[483C] LD L, A                        | A:C3 BC:0005 DE:FD79 HL:43C3 F:00000100 [Z:0 C:0]
[483D] LD A, (DE)                     | A:C0 BC:0005 DE:FD79 HL:43C3 F:00000100 [Z:0 C:0]
[483E] AND B                          | A:00 BC:0005 DE:FD79 HL:43C3 F:01010100 [Z:1 C:0]
[483F] OR L                           | A:C3 BC:0005 DE:FD79 HL:43C3 F:10000100 [Z:0 C:0]
[4840] LD (DE), A                     | A:C3 BC:0005 DE:FD79 HL:43C3 F:10000100 [Z:0 C:0]
[4841] POP HL                         | A:C3 BC:0005 DE:FD79 HL:4330 F:10000100 [Z:0 C:0]
[4842] INC DE                         | A:C3 BC:0005 DE:FD7A HL:4330 F:10000100 [Z:0 C:0]
[4843] DEC C                          | A:C3 BC:0004 DE:FD7A HL:4330 F:00000100 [Z:0 C:0]
[4844] JR NZ -> 0x4837                | A:C3 BC:0004 DE:FD7A HL:4330 F:00000100 [Z:0 C:0]
[4837] LD B, (HL)                     | A:C3 BC:0004 DE:FD7A HL:4330 F:00000100 [Z:0 C:0]
[4838] INC HL                         | A:C3 BC:0004 DE:FD7A HL:4331 F:00000100 [Z:0 C:0]
[4839] LD A, (HL)                     | A:C3 BC:0004 DE:FD7A HL:4331 F:00000100 [Z:0 C:0]
[483A] INC HL                         | A:C3 BC:0004 DE:FD7A HL:4332 F:00000100 [Z:0 C:0]
[483B] PUSH HL                        | A:C3 BC:0004 DE:FD7A HL:4332 F:00000100 [Z:0 C:0]
[483C] LD L, A                        | A:C3 BC:0004 DE:FD7A HL:43C3 F:00000100 [Z:0 C:0]
[483D] LD A, (DE)                     | A:C0 BC:0004 DE:FD7A HL:43C3 F:00000100 [Z:0 C:0]
[483E] AND B                          | A:00 BC:0004 DE:FD7A HL:43C3 F:01010100 [Z:1 C:0]
[483F] OR L                           | A:C3 BC:0004 DE:FD7A HL:43C3 F:10000100 [Z:0 C:0]
[4840] LD (DE), A                     | A:C3 BC:0004 DE:FD7A HL:43C3 F:10000100 [Z:0 C:0]
[4841] POP HL                         | A:C3 BC:0004 DE:FD7A HL:4332 F:10000100 [Z:0 C:0]
[4842] INC DE                         | A:C3 BC:0004 DE:FD7B HL:4332 F:10000100 [Z:0 C:0]
[4843] DEC C                          | A:C3 BC:0003 DE:FD7B HL:4332 F:00000100 [Z:0 C:0]
[4844] JR NZ -> 0x4837                | A:C3 BC:0003 DE:FD7B HL:4332 F:00000100 [Z:0 C:0]
[4837] LD B, (HL)                     | A:C3 BC:0003 DE:FD7B HL:4332 F:00000100 [Z:0 C:0]
[4838] INC HL                         | A:C3 BC:0003 DE:FD7B HL:4333 F:00000100 [Z:0 C:0]
[4839] LD A, (HL)                     | A:C3 BC:0003 DE:FD7B HL:4333 F:00000100 [Z:0 C:0]
[483A] INC HL                         | A:C3 BC:0003 DE:FD7B HL:4334 F:00000100 [Z:0 C:0]
[483B] PUSH HL                        | A:C3 BC:0003 DE:FD7B HL:4334 F:00000100 [Z:0 C:0]
[483C] LD L, A                        | A:C3 BC:0003 DE:FD7B HL:43C3 F:00000100 [Z:0 C:0]
[483D] LD A, (DE)                     | A:C0 BC:0003 DE:FD7B HL:43C3 F:00000100 [Z:0 C:0]
[483E] AND B                          | A:00 BC:0003 DE:FD7B HL:43C3 F:01010100 [Z:1 C:0]
[483F] OR L                           | A:C3 BC:0003 DE:FD7B HL:43C3 F:10000100 [Z:0 C:0]
[4840] LD (DE), A                     | A:C3 BC:0003 DE:FD7B HL:43C3 F:10000100 [Z:0 C:0]
[4841] POP HL                         | A:C3 BC:0003 DE:FD7B HL:4334 F:10000100 [Z:0 C:0]
[4842] INC DE                         | A:C3 BC:0003 DE:FD7C HL:4334 F:10000100 [Z:0 C:0]
[4843] DEC C                          | A:C3 BC:0002 DE:FD7C HL:4334 F:00000100 [Z:0 C:0]
[4844] JR NZ -> 0x4837                | A:C3 BC:0002 DE:FD7C HL:4334 F:00000100 [Z:0 C:0]
[4837] LD B, (HL)                     | A:C3 BC:0002 DE:FD7C HL:4334 F:00000100 [Z:0 C:0]
[4838] INC HL                         | A:C3 BC:0002 DE:FD7C HL:4335 F:00000100 [Z:0 C:0]
[4839] LD A, (HL)                     | A:C3 BC:0002 DE:FD7C HL:4335 F:00000100 [Z:0 C:0]
[483A] INC HL                         | A:C3 BC:0002 DE:FD7C HL:4336 F:00000100 [Z:0 C:0]
[483B] PUSH HL                        | A:C3 BC:0002 DE:FD7C HL:4336 F:00000100 [Z:0 C:0]
[483C] LD L, A                        | A:C3 BC:0002 DE:FD7C HL:43C3 F:00000100 [Z:0 C:0]
[483D] LD A, (DE)                     | A:C0 BC:0002 DE:FD7C HL:43C3 F:00000100 [Z:0 C:0]
[483E] AND B                          | A:00 BC:0002 DE:FD7C HL:43C3 F:01010100 [Z:1 C:0]
[483F] OR L                           | A:C3 BC:0002 DE:FD7C HL:43C3 F:10000100 [Z:0 C:0]
[4840] LD (DE), A                     | A:C3 BC:0002 DE:FD7C HL:43C3 F:10000100 [Z:0 C:0]
[4841] POP HL                         | A:C3 BC:0002 DE:FD7C HL:4336 F:10000100 [Z:0 C:0]
[4842] INC DE                         | A:C3 BC:0002 DE:FD7D HL:4336 F:10000100 [Z:0 C:0]
[4843] DEC C                          | A:C3 BC:0001 DE:FD7D HL:4336 F:00000100 [Z:0 C:0]
[4844] JR NZ -> 0x4837                | A:C3 BC:0001 DE:FD7D HL:4336 F:00000100 [Z:0 C:0]
[4837] LD B, (HL)                     | A:C3 BC:FF01 DE:FD7D HL:4336 F:00000100 [Z:0 C:0]
[4838] INC HL                         | A:C3 BC:FF01 DE:FD7D HL:4337 F:00000100 [Z:0 C:0]
[4839] LD A, (HL)                     | A:00 BC:FF01 DE:FD7D HL:4337 F:00000100 [Z:0 C:0]
[483A] INC HL                         | A:00 BC:FF01 DE:FD7D HL:4338 F:00000100 [Z:0 C:0]
[483B] PUSH HL                        | A:00 BC:FF01 DE:FD7D HL:4338 F:00000100 [Z:0 C:0]
[483C] LD L, A                        | A:00 BC:FF01 DE:FD7D HL:4300 F:00000100 [Z:0 C:0]
[483D] LD A, (DE)                     | A:C0 BC:FF01 DE:FD7D HL:4300 F:00000100 [Z:0 C:0]
[483E] AND B                          | A:C0 BC:FF01 DE:FD7D HL:4300 F:10010100 [Z:0 C:0]
[483F] OR L                           | A:C0 BC:FF01 DE:FD7D HL:4300 F:10000100 [Z:0 C:0]
[4840] LD (DE), A                     | A:C0 BC:FF01 DE:FD7D HL:4300 F:10000100 [Z:0 C:0]
[4841] POP HL                         | A:C0 BC:FF01 DE:FD7D HL:4338 F:10000100 [Z:0 C:0]
[4842] INC DE                         | A:C0 BC:FF01 DE:FD7E HL:4338 F:10000100 [Z:0 C:0]
[4843] DEC C                          | A:C0 BC:FF00 DE:FD7E HL:4338 F:01000100 [Z:1 C:0]
[4844] JR NZ [not taken]              | A:C0 BC:FF00 DE:FD7E HL:4338 F:01000100 [Z:1 C:0]
[4846] LD A, (0x8000)                 | A:05 BC:FF00 DE:FD7E HL:4338 F:01000100 [Z:1 C:0]
[4849] DEC A                          | A:04 BC:FF00 DE:FD7E HL:4338 F:00000100 [Z:0 C:0]
[484A] LD (0x8000), A                 | A:04 BC:FF00 DE:FD7E HL:4338 F:00000100 [Z:0 C:0]
[484D] JR NZ -> 0x4831                | A:04 BC:FF00 DE:FD7E HL:4338 F:00000100 [Z:0 C:0]
[4831] LD E, (HL)                     | A:04 BC:FF00 DE:FDC2 HL:4338 F:00000100 [Z:0 C:0]
[4832] INC HL                         | A:04 BC:FF00 DE:FDC2 HL:4339 F:00000100 [Z:0 C:0]
[4833] LD D, (HL)                     | A:04 BC:FF00 DE:C5C2 HL:4339 F:00000100 [Z:0 C:0]
[4834] INC HL                         | A:04 BC:FF00 DE:C5C2 HL:433A F:00000100 [Z:0 C:0]
[4835] LD C, 0x0C                     | A:04 BC:FF0C DE:C5C2 HL:433A F:00000100 [Z:0 C:0]
[4837] LD B, (HL)                     | A:04 BC:FF0C DE:C5C2 HL:433A F:00000100 [Z:0 C:0]
[4838] INC HL                         | A:04 BC:FF0C DE:C5C2 HL:433B F:00000100 [Z:0 C:0]
[4839] LD A, (HL)                     | A:00 BC:FF0C DE:C5C2 HL:433B F:00000100 [Z:0 C:0]
[483A] INC HL                         | A:00 BC:FF0C DE:C5C2 HL:433C F:00000100 [Z:0 C:0]
[483B] PUSH HL                        | A:00 BC:FF0C DE:C5C2 HL:433C F:00000100 [Z:0 C:0]
[483C] LD L, A                        | A:00 BC:FF0C DE:C5C2 HL:4300 F:00000100 [Z:0 C:0]
[483D] LD A, (DE)                     | A:C0 BC:FF0C DE:C5C2 HL:4300 F:00000100 [Z:0 C:0]
[483E] AND B                          | A:C0 BC:FF0C DE:C5C2 HL:4300 F:10010100 [Z:0 C:0]
[483F] OR L                           | A:C0 BC:FF0C DE:C5C2 HL:4300 F:10000100 [Z:0 C:0]
[4840] LD (DE), A                     | A:C0 BC:FF0C DE:C5C2 HL:4300 F:10000100 [Z:0 C:0]
[4841] POP HL                         | A:C0 BC:FF0C DE:C5C2 HL:433C F:10000100 [Z:0 C:0]
[4842] INC DE                         | A:C0 BC:FF0C DE:C5C3 HL:433C F:10000100 [Z:0 C:0]
[4843] DEC C                          | A:C0 BC:FF0B DE:C5C3 HL:433C F:00000100 [Z:0 C:0]
[4844] JR NZ -> 0x4837                | A:C0 BC:FF0B DE:C5C3 HL:433C F:00000100 [Z:0 C:0]
[4837] LD B, (HL)                     | A:C0 BC:AA0B DE:C5C3 HL:433C F:00000100 [Z:0 C:0]
[4838] INC HL                         | A:C0 BC:AA0B DE:C5C3 HL:433D F:00000100 [Z:0 C:0]
[4839] LD A, (HL)                     | A:41 BC:AA0B DE:C5C3 HL:433D F:00000100 [Z:0 C:0]
[483A] INC HL                         | A:41 BC:AA0B DE:C5C3 HL:433E F:00000100 [Z:0 C:0]
[483B] PUSH HL                        | A:41 BC:AA0B DE:C5C3 HL:433E F:00000100 [Z:0 C:0]
[483C] LD L, A                        | A:41 BC:AA0B DE:C5C3 HL:4341 F:00000100 [Z:0 C:0]
[483D] LD A, (DE)                     | A:C0 BC:AA0B DE:C5C3 HL:4341 F:00000100 [Z:0 C:0]
[483E] AND B                          | A:80 BC:AA0B DE:C5C3 HL:4341 F:10010000 [Z:0 C:0]
[483F] OR L                           | A:C1 BC:AA0B DE:C5C3 HL:4341 F:10000000 [Z:0 C:0]
[4840] LD (DE), A                     | A:C1 BC:AA0B DE:C5C3 HL:4341 F:10000000 [Z:0 C:0]
[4841] POP HL                         | A:C1 BC:AA0B DE:C5C3 HL:433E F:10000000 [Z:0 C:0]
[4842] INC DE                         | A:C1 BC:AA0B DE:C5C4 HL:433E F:10000000 [Z:0 C:0]
[4843] DEC C                          | A:C1 BC:AA0A DE:C5C4 HL:433E F:00000000 [Z:0 C:0]
[4844] JR NZ -> 0x4837                | A:C1 BC:AA0A DE:C5C4 HL:433E F:00000000 [Z:0 C:0]
[4837] LD B, (HL)                     | A:C1 BC:FF0A DE:C5C4 HL:433E F:00000000 [Z:0 C:0]
[4838] INC HL                         | A:C1 BC:FF0A DE:C5C4 HL:433F F:00000000 [Z:0 C:0]
[4839] LD A, (HL)                     | A:00 BC:FF0A DE:C5C4 HL:433F F:00000000 [Z:0 C:0]
[483A] INC HL                         | A:00 BC:FF0A DE:C5C4 HL:4340 F:00000000 [Z:0 C:0]
[483B] PUSH HL                        | A:00 BC:FF0A DE:C5C4 HL:4340 F:00000000 [Z:0 C:0]
[483C] LD L, A                        | A:00 BC:FF0A DE:C5C4 HL:4300 F:00000000 [Z:0 C:0]
[483D] LD A, (DE)                     | A:C0 BC:FF0A DE:C5C4 HL:4300 F:00000000 [Z:0 C:0]
[483E] AND B                          | A:C0 BC:FF0A DE:C5C4 HL:4300 F:10010100 [Z:0 C:0]
[483F] OR L                           | A:C0 BC:FF0A DE:C5C4 HL:4300 F:10000100 [Z:0 C:0]
[4840] LD (DE), A                     | A:C0 BC:FF0A DE:C5C4 HL:4300 F:10000100 [Z:0 C:0]
[4841] POP HL                         | A:C0 BC:FF0A DE:C5C4 HL:4340 F:10000100 [Z:0 C:0]
[4842] INC DE                         | A:C0 BC:FF0A DE:C5C5 HL:4340 F:10000100 [Z:0 C:0]
[4843] DEC C                          | A:C0 BC:FF09 DE:C5C5 HL:4340 F:00000100 [Z:0 C:0]
[4844] JR NZ -> 0x4837                | A:C0 BC:FF09 DE:C5C5 HL:4340 F:00000100 [Z:0 C:0]
[4837] LD B, (HL)                     | A:C0 BC:AA09 DE:C5C5 HL:4340 F:00000100 [Z:0 C:0]
[4838] INC HL                         | A:C0 BC:AA09 DE:C5C5 HL:4341 F:00000100 [Z:0 C:0]
[4839] LD A, (HL)                     | A:41 BC:AA09 DE:C5C5 HL:4341 F:00000100 [Z:0 C:0]
[483A] INC HL                         | A:41 BC:AA09 DE:C5C5 HL:4342 F:00000100 [Z:0 C:0]
[483B] PUSH HL                        | A:41 BC:AA09 DE:C5C5 HL:4342 F:00000100 [Z:0 C:0]
[483C] LD L, A                        | A:41 BC:AA09 DE:C5C5 HL:4341 F:00000100 [Z:0 C:0]
[483D] LD A, (DE)                     | A:C0 BC:AA09 DE:C5C5 HL:4341 F:00000100 [Z:0 C:0]
[483E] AND B                          | A:80 BC:AA09 DE:C5C5 HL:4341 F:10010000 [Z:0 C:0]
[483F] OR L                           | A:C1 BC:AA09 DE:C5C5 HL:4341 F:10000000 [Z:0 C:0]
[4840] LD (DE), A                     | A:C1 BC:AA09 DE:C5C5 HL:4341 F:10000000 [Z:0 C:0]
[4841] POP HL                         | A:C1 BC:AA09 DE:C5C5 HL:4342 F:10000000 [Z:0 C:0]
[4842] INC DE                         | A:C1 BC:AA09 DE:C5C6 HL:4342 F:10000000 [Z:0 C:0]
[4843] DEC C                          | A:C1 BC:AA08 DE:C5C6 HL:4342 F:00000000 [Z:0 C:0]
[4844] JR NZ -> 0x4837                | A:C1 BC:AA08 DE:C5C6 HL:4342 F:00000000 [Z:0 C:0]
[4837] LD B, (HL)                     | A:C1 BC:FF08 DE:C5C6 HL:4342 F:00000000 [Z:0 C:0]
[4838] INC HL                         | A:C1 BC:FF08 DE:C5C6 HL:4343 F:00000000 [Z:0 C:0]
[4839] LD A, (HL)                     | A:00 BC:FF08 DE:C5C6 HL:4343 F:00000000 [Z:0 C:0]
[483A] INC HL                         | A:00 BC:FF08 DE:C5C6 HL:4344 F:00000000 [Z:0 C:0]
[483B] PUSH HL                        | A:00 BC:FF08 DE:C5C6 HL:4344 F:00000000 [Z:0 C:0]
[483C] LD L, A                        | A:00 BC:FF08 DE:C5C6 HL:4300 F:00000000 [Z:0 C:0]
[483D] LD A, (DE)                     | A:C0 BC:FF08 DE:C5C6 HL:4300 F:00000000 [Z:0 C:0]
[483E] AND B                          | A:C0 BC:FF08 DE:C5C6 HL:4300 F:10010100 [Z:0 C:0]
[483F] OR L                           | A:C0 BC:FF08 DE:C5C6 HL:4300 F:10000100 [Z:0 C:0]
[4840] LD (DE), A                     | A:C0 BC:FF08 DE:C5C6 HL:4300 F:10000100 [Z:0 C:0]
[4841] POP HL                         | A:C0 BC:FF08 DE:C5C6 HL:4344 F:10000100 [Z:0 C:0]
[4842] INC DE                         | A:C0 BC:FF08 DE:C5C7 HL:4344 F:10000100 [Z:0 C:0]
[4843] DEC C                          | A:C0 BC:FF07 DE:C5C7 HL:4344 F:00000100 [Z:0 C:0]
[4844] JR NZ -> 0x4837                | A:C0 BC:FF07 DE:C5C7 HL:4344 F:00000100 [Z:0 C:0]
[4837] LD B, (HL)                     | A:C0 BC:FF07 DE:C5C7 HL:4344 F:00000100 [Z:0 C:0]
[4838] INC HL                         | A:C0 BC:FF07 DE:C5C7 HL:4345 F:00000100 [Z:0 C:0]
[4839] LD A, (HL)                     | A:00 BC:FF07 DE:C5C7 HL:4345 F:00000100 [Z:0 C:0]
[483A] INC HL                         | A:00 BC:FF07 DE:C5C7 HL:4346 F:00000100 [Z:0 C:0]
[483B] PUSH HL                        | A:00 BC:FF07 DE:C5C7 HL:4346 F:00000100 [Z:0 C:0]
[483C] LD L, A                        | A:00 BC:FF07 DE:C5C7 HL:4300 F:00000100 [Z:0 C:0]
[483D] LD A, (DE)                     | A:C0 BC:FF07 DE:C5C7 HL:4300 F:00000100 [Z:0 C:0]
[483E] AND B                          | A:C0 BC:FF07 DE:C5C7 HL:4300 F:10010100 [Z:0 C:0]
[483F] OR L                           | A:C0 BC:FF07 DE:C5C7 HL:4300 F:10000100 [Z:0 C:0]
[4840] LD (DE), A                     | A:C0 BC:FF07 DE:C5C7 HL:4300 F:10000100 [Z:0 C:0]
[4841] POP HL                         | A:C0 BC:FF07 DE:C5C7 HL:4346 F:10000100 [Z:0 C:0]
[4842] INC DE                         | A:C0 BC:FF07 DE:C5C8 HL:4346 F:10000100 [Z:0 C:0]
[4843] DEC C                          | A:C0 BC:FF06 DE:C5C8 HL:4346 F:00000100 [Z:0 C:0]
[4844] JR NZ -> 0x4837                | A:C0 BC:FF06 DE:C5C8 HL:4346 F:00000100 [Z:0 C:0]
[4837] LD B, (HL)                     | A:C0 BC:FF06 DE:C5C8 HL:4346 F:00000100 [Z:0 C:0]
[4838] INC HL                         | A:C0 BC:FF06 DE:C5C8 HL:4347 F:00000100 [Z:0 C:0]
[4839] LD A, (HL)                     | A:00 BC:FF06 DE:C5C8 HL:4347 F:00000100 [Z:0 C:0]
[483A] INC HL                         | A:00 BC:FF06 DE:C5C8 HL:4348 F:00000100 [Z:0 C:0]
[483B] PUSH HL                        | A:00 BC:FF06 DE:C5C8 HL:4348 F:00000100 [Z:0 C:0]
[483C] LD L, A                        | A:00 BC:FF06 DE:C5C8 HL:4300 F:00000100 [Z:0 C:0]
[483D] LD A, (DE)                     | A:C0 BC:FF06 DE:C5C8 HL:4300 F:00000100 [Z:0 C:0]
[483E] AND B                          | A:C0 BC:FF06 DE:C5C8 HL:4300 F:10010100 [Z:0 C:0]
[483F] OR L                           | A:C0 BC:FF06 DE:C5C8 HL:4300 F:10000100 [Z:0 C:0]
[4840] LD (DE), A                     | A:C0 BC:FF06 DE:C5C8 HL:4300 F:10000100 [Z:0 C:0]
[4841] POP HL                         | A:C0 BC:FF06 DE:C5C8 HL:4348 F:10000100 [Z:0 C:0]
[4842] INC DE                         | A:C0 BC:FF06 DE:C5C9 HL:4348 F:10000100 [Z:0 C:0]
[4843] DEC C                          | A:C0 BC:FF05 DE:C5C9 HL:4348 F:00000100 [Z:0 C:0]
[4844] JR NZ -> 0x4837                | A:C0 BC:FF05 DE:C5C9 HL:4348 F:00000100 [Z:0 C:0]
[4837] LD B, (HL)                     | A:C0 BC:FF05 DE:C5C9 HL:4348 F:00000100 [Z:0 C:0]
[4838] INC HL                         | A:C0 BC:FF05 DE:C5C9 HL:4349 F:00000100 [Z:0 C:0]
[4839] LD A, (HL)                     | A:00 BC:FF05 DE:C5C9 HL:4349 F:00000100 [Z:0 C:0]
[483A] INC HL                         | A:00 BC:FF05 DE:C5C9 HL:434A F:00000100 [Z:0 C:0]
[483B] PUSH HL                        | A:00 BC:FF05 DE:C5C9 HL:434A F:00000100 [Z:0 C:0]
[483C] LD L, A                        | A:00 BC:FF05 DE:C5C9 HL:4300 F:00000100 [Z:0 C:0]
[483D] LD A, (DE)                     | A:C0 BC:FF05 DE:C5C9 HL:4300 F:00000100 [Z:0 C:0]
[483E] AND B                          | A:C0 BC:FF05 DE:C5C9 HL:4300 F:10010100 [Z:0 C:0]
[483F] OR L                           | A:C0 BC:FF05 DE:C5C9 HL:4300 F:10000100 [Z:0 C:0]
[4840] LD (DE), A                     | A:C0 BC:FF05 DE:C5C9 HL:4300 F:10000100 [Z:0 C:0]
[4841] POP HL                         | A:C0 BC:FF05 DE:C5C9 HL:434A F:10000100 [Z:0 C:0]
[4842] INC DE                         | A:C0 BC:FF05 DE:C5CA HL:434A F:10000100 [Z:0 C:0]
[4843] DEC C                          | A:C0 BC:FF04 DE:C5CA HL:434A F:00000100 [Z:0 C:0]
[4844] JR NZ -> 0x4837                | A:C0 BC:FF04 DE:C5CA HL:434A F:00000100 [Z:0 C:0]
[4837] LD B, (HL)                     | A:C0 BC:5504 DE:C5CA HL:434A F:00000100 [Z:0 C:0]
[4838] INC HL                         | A:C0 BC:5504 DE:C5CA HL:434B F:00000100 [Z:0 C:0]
[4839] LD A, (HL)                     | A:82 BC:5504 DE:C5CA HL:434B F:00000100 [Z:0 C:0]
[483A] INC HL                         | A:82 BC:5504 DE:C5CA HL:434C F:00000100 [Z:0 C:0]
[483B] PUSH HL                        | A:82 BC:5504 DE:C5CA HL:434C F:00000100 [Z:0 C:0]
[483C] LD L, A                        | A:82 BC:5504 DE:C5CA HL:4382 F:00000100 [Z:0 C:0]
[483D] LD A, (DE)                     | A:C0 BC:5504 DE:C5CA HL:4382 F:00000100 [Z:0 C:0]
[483E] AND B                          | A:40 BC:5504 DE:C5CA HL:4382 F:00010000 [Z:0 C:0]
[483F] OR L                           | A:C2 BC:5504 DE:C5CA HL:4382 F:10000000 [Z:0 C:0]
[4840] LD (DE), A                     | A:C2 BC:5504 DE:C5CA HL:4382 F:10000000 [Z:0 C:0]
[4841] POP HL                         | A:C2 BC:5504 DE:C5CA HL:434C F:10000000 [Z:0 C:0]
[4842] INC DE                         | A:C2 BC:5504 DE:C5CB HL:434C F:10000000 [Z:0 C:0]
[4843] DEC C                          | A:C2 BC:5503 DE:C5CB HL:434C F:00000000 [Z:0 C:0]
[4844] JR NZ -> 0x4837                | A:C2 BC:5503 DE:C5CB HL:434C F:00000000 [Z:0 C:0]
[4837] LD B, (HL)                     | A:C2 BC:FF03 DE:C5CB HL:434C F:00000000 [Z:0 C:0]
[4838] INC HL                         | A:C2 BC:FF03 DE:C5CB HL:434D F:00000000 [Z:0 C:0]
[4839] LD A, (HL)                     | A:00 BC:FF03 DE:C5CB HL:434D F:00000000 [Z:0 C:0]
[483A] INC HL                         | A:00 BC:FF03 DE:C5CB HL:434E F:00000000 [Z:0 C:0]
[483B] PUSH HL                        | A:00 BC:FF03 DE:C5CB HL:434E F:00000000 [Z:0 C:0]
[483C] LD L, A                        | A:00 BC:FF03 DE:C5CB HL:4300 F:00000000 [Z:0 C:0]
[483D] LD A, (DE)                     | A:C0 BC:FF03 DE:C5CB HL:4300 F:00000000 [Z:0 C:0]
[483E] AND B                          | A:C0 BC:FF03 DE:C5CB HL:4300 F:10010100 [Z:0 C:0]
[483F] OR L                           | A:C0 BC:FF03 DE:C5CB HL:4300 F:10000100 [Z:0 C:0]
[4840] LD (DE), A                     | A:C0 BC:FF03 DE:C5CB HL:4300 F:10000100 [Z:0 C:0]
[4841] POP HL                         | A:C0 BC:FF03 DE:C5CB HL:434E F:10000100 [Z:0 C:0]
[4842] INC DE                         | A:C0 BC:FF03 DE:C5CC HL:434E F:10000100 [Z:0 C:0]
[4843] DEC C                          | A:C0 BC:FF02 DE:C5CC HL:434E F:00000100 [Z:0 C:0]
[4844] JR NZ -> 0x4837                | A:C0 BC:FF02 DE:C5CC HL:434E F:00000100 [Z:0 C:0]
[4837] LD B, (HL)                     | A:C0 BC:5502 DE:C5CC HL:434E F:00000100 [Z:0 C:0]
[4838] INC HL                         | A:C0 BC:5502 DE:C5CC HL:434F F:00000100 [Z:0 C:0]
[4839] LD A, (HL)                     | A:82 BC:5502 DE:C5CC HL:434F F:00000100 [Z:0 C:0]
[483A] INC HL                         | A:82 BC:5502 DE:C5CC HL:4350 F:00000100 [Z:0 C:0]
[483B] PUSH HL                        | A:82 BC:5502 DE:C5CC HL:4350 F:00000100 [Z:0 C:0]
[483C] LD L, A                        | A:82 BC:5502 DE:C5CC HL:4382 F:00000100 [Z:0 C:0]
[483D] LD A, (DE)                     | A:C0 BC:5502 DE:C5CC HL:4382 F:00000100 [Z:0 C:0]
[483E] AND B                          | A:40 BC:5502 DE:C5CC HL:4382 F:00010000 [Z:0 C:0]
[483F] OR L                           | A:C2 BC:5502 DE:C5CC HL:4382 F:10000000 [Z:0 C:0]
[4840] LD (DE), A                     | A:C2 BC:5502 DE:C5CC HL:4382 F:10000000 [Z:0 C:0]
[4841] POP HL                         | A:C2 BC:5502 DE:C5CC HL:4350 F:10000000 [Z:0 C:0]
[4842] INC DE                         | A:C2 BC:5502 DE:C5CD HL:4350 F:10000000 [Z:0 C:0]
[4843] DEC C                          | A:C2 BC:5501 DE:C5CD HL:4350 F:00000000 [Z:0 C:0]
[4844] JR NZ -> 0x4837                | A:C2 BC:5501 DE:C5CD HL:4350 F:00000000 [Z:0 C:0]
[4837] LD B, (HL)                     | A:C2 BC:FF01 DE:C5CD HL:4350 F:00000000 [Z:0 C:0]
[4838] INC HL                         | A:C2 BC:FF01 DE:C5CD HL:4351 F:00000000 [Z:0 C:0]
[4839] LD A, (HL)                     | A:00 BC:FF01 DE:C5CD HL:4351 F:00000000 [Z:0 C:0]
[483A] INC HL                         | A:00 BC:FF01 DE:C5CD HL:4352 F:00000000 [Z:0 C:0]
[483B] PUSH HL                        | A:00 BC:FF01 DE:C5CD HL:4352 F:00000000 [Z:0 C:0]
[483C] LD L, A                        | A:00 BC:FF01 DE:C5CD HL:4300 F:00000000 [Z:0 C:0]
[483D] LD A, (DE)                     | A:C0 BC:FF01 DE:C5CD HL:4300 F:00000000 [Z:0 C:0]
[483E] AND B                          | A:C0 BC:FF01 DE:C5CD HL:4300 F:10010100 [Z:0 C:0]
[483F] OR L                           | A:C0 BC:FF01 DE:C5CD HL:4300 F:10000100 [Z:0 C:0]
[4840] LD (DE), A                     | A:C0 BC:FF01 DE:C5CD HL:4300 F:10000100 [Z:0 C:0]
[4841] POP HL                         | A:C0 BC:FF01 DE:C5CD HL:4352 F:10000100 [Z:0 C:0]
[4842] INC DE                         | A:C0 BC:FF01 DE:C5CE HL:4352 F:10000100 [Z:0 C:0]
[4843] DEC C                          | A:C0 BC:FF00 DE:C5CE HL:4352 F:01000100 [Z:1 C:0]
[4844] JR NZ [not taken]              | A:C0 BC:FF00 DE:C5CE HL:4352 F:01000100 [Z:1 C:0]
[4846] LD A, (0x8000)                 | A:04 BC:FF00 DE:C5CE HL:4352 F:01000100 [Z:1 C:0]
[4849] DEC A                          | A:03 BC:FF00 DE:C5CE HL:4352 F:00000100 [Z:0 C:0]
[484A] LD (0x8000), A                 | A:03 BC:FF00 DE:C5CE HL:4352 F:00000100 [Z:0 C:0]
[484D] JR NZ -> 0x4831                | A:03 BC:FF00 DE:C5CE HL:4352 F:00000100 [Z:0 C:0]
[4831] LD E, (HL)                     | A:03 BC:FF00 DE:C5C2 HL:4352 F:00000100 [Z:0 C:0]
[4832] INC HL                         | A:03 BC:FF00 DE:C5C2 HL:4353 F:00000100 [Z:0 C:0]
[4833] LD D, (HL)                     | A:03 BC:FF00 DE:CDC2 HL:4353 F:00000100 [Z:0 C:0]
[4834] INC HL                         | A:03 BC:FF00 DE:CDC2 HL:4354 F:00000100 [Z:0 C:0]
[4835] LD C, 0x0C                     | A:03 BC:FF0C DE:CDC2 HL:4354 F:00000100 [Z:0 C:0]
[4837] LD B, (HL)                     | A:03 BC:FF0C DE:CDC2 HL:4354 F:00000100 [Z:0 C:0]
[4838] INC HL                         | A:03 BC:FF0C DE:CDC2 HL:4355 F:00000100 [Z:0 C:0]
[4839] LD A, (HL)                     | A:00 BC:FF0C DE:CDC2 HL:4355 F:00000100 [Z:0 C:0]
[483A] INC HL                         | A:00 BC:FF0C DE:CDC2 HL:4356 F:00000100 [Z:0 C:0]
[483B] PUSH HL                        | A:00 BC:FF0C DE:CDC2 HL:4356 F:00000100 [Z:0 C:0]
[483C] LD L, A                        | A:00 BC:FF0C DE:CDC2 HL:4300 F:00000100 [Z:0 C:0]
[483D] LD A, (DE)                     | A:C0 BC:FF0C DE:CDC2 HL:4300 F:00000100 [Z:0 C:0]
[483E] AND B                          | A:C0 BC:FF0C DE:CDC2 HL:4300 F:10010100 [Z:0 C:0]
[483F] OR L                           | A:C0 BC:FF0C DE:CDC2 HL:4300 F:10000100 [Z:0 C:0]
[4840] LD (DE), A                     | A:C0 BC:FF0C DE:CDC2 HL:4300 F:10000100 [Z:0 C:0]
[4841] POP HL                         | A:C0 BC:FF0C DE:CDC2 HL:4356 F:10000100 [Z:0 C:0]
[4842] INC DE                         | A:C0 BC:FF0C DE:CDC3 HL:4356 F:10000100 [Z:0 C:0]
[4843] DEC C                          | A:C0 BC:FF0B DE:CDC3 HL:4356 F:00000100 [Z:0 C:0]
[4844] JR NZ -> 0x4837                | A:C0 BC:FF0B DE:CDC3 HL:4356 F:00000100 [Z:0 C:0]
[4837] LD B, (HL)                     | A:C0 BC:AA0B DE:CDC3 HL:4356 F:00000100 [Z:0 C:0]
[4838] INC HL                         | A:C0 BC:AA0B DE:CDC3 HL:4357 F:00000100 [Z:0 C:0]
[4839] LD A, (HL)                     | A:41 BC:AA0B DE:CDC3 HL:4357 F:00000100 [Z:0 C:0]
[483A] INC HL                         | A:41 BC:AA0B DE:CDC3 HL:4358 F:00000100 [Z:0 C:0]
[483B] PUSH HL                        | A:41 BC:AA0B DE:CDC3 HL:4358 F:00000100 [Z:0 C:0]
[483C] LD L, A                        | A:41 BC:AA0B DE:CDC3 HL:4341 F:00000100 [Z:0 C:0]
[483D] LD A, (DE)                     | A:C0 BC:AA0B DE:CDC3 HL:4341 F:00000100 [Z:0 C:0]
[483E] AND B                          | A:80 BC:AA0B DE:CDC3 HL:4341 F:10010000 [Z:0 C:0]
[483F] OR L                           | A:C1 BC:AA0B DE:CDC3 HL:4341 F:10000000 [Z:0 C:0]
[4840] LD (DE), A                     | A:C1 BC:AA0B DE:CDC3 HL:4341 F:10000000 [Z:0 C:0]
[4841] POP HL                         | A:C1 BC:AA0B DE:CDC3 HL:4358 F:10000000 [Z:0 C:0]
[4842] INC DE                         | A:C1 BC:AA0B DE:CDC4 HL:4358 F:10000000 [Z:0 C:0]
[4843] DEC C                          | A:C1 BC:AA0A DE:CDC4 HL:4358 F:00000000 [Z:0 C:0]
[4844] JR NZ -> 0x4837                | A:C1 BC:AA0A DE:CDC4 HL:4358 F:00000000 [Z:0 C:0]
[4837] LD B, (HL)                     | A:C1 BC:FF0A DE:CDC4 HL:4358 F:00000000 [Z:0 C:0]
[4838] INC HL                         | A:C1 BC:FF0A DE:CDC4 HL:4359 F:00000000 [Z:0 C:0]
[4839] LD A, (HL)                     | A:00 BC:FF0A DE:CDC4 HL:4359 F:00000000 [Z:0 C:0]
[483A] INC HL                         | A:00 BC:FF0A DE:CDC4 HL:435A F:00000000 [Z:0 C:0]
[483B] PUSH HL                        | A:00 BC:FF0A DE:CDC4 HL:435A F:00000000 [Z:0 C:0]
[483C] LD L, A                        | A:00 BC:FF0A DE:CDC4 HL:4300 F:00000000 [Z:0 C:0]
[483D] LD A, (DE)                     | A:C0 BC:FF0A DE:CDC4 HL:4300 F:00000000 [Z:0 C:0]
[483E] AND B                          | A:C0 BC:FF0A DE:CDC4 HL:4300 F:10010100 [Z:0 C:0]
[483F] OR L                           | A:C0 BC:FF0A DE:CDC4 HL:4300 F:10000100 [Z:0 C:0]
[4840] LD (DE), A                     | A:C0 BC:FF0A DE:CDC4 HL:4300 F:10000100 [Z:0 C:0]
[4841] POP HL                         | A:C0 BC:FF0A DE:CDC4 HL:435A F:10000100 [Z:0 C:0]
[4842] INC DE                         | A:C0 BC:FF0A DE:CDC5 HL:435A F:10000100 [Z:0 C:0]
[4843] DEC C                          | A:C0 BC:FF09 DE:CDC5 HL:435A F:00000100 [Z:0 C:0]
[4844] JR NZ -> 0x4837                | A:C0 BC:FF09 DE:CDC5 HL:435A F:00000100 [Z:0 C:0]
[4837] LD B, (HL)                     | A:C0 BC:AA09 DE:CDC5 HL:435A F:00000100 [Z:0 C:0]
[4838] INC HL                         | A:C0 BC:AA09 DE:CDC5 HL:435B F:00000100 [Z:0 C:0]
[4839] LD A, (HL)                     | A:41 BC:AA09 DE:CDC5 HL:435B F:00000100 [Z:0 C:0]
[483A] INC HL                         | A:41 BC:AA09 DE:CDC5 HL:435C F:00000100 [Z:0 C:0]
[483B] PUSH HL                        | A:41 BC:AA09 DE:CDC5 HL:435C F:00000100 [Z:0 C:0]
[483C] LD L, A                        | A:41 BC:AA09 DE:CDC5 HL:4341 F:00000100 [Z:0 C:0]
[483D] LD A, (DE)                     | A:C0 BC:AA09 DE:CDC5 HL:4341 F:00000100 [Z:0 C:0]
[483E] AND B                          | A:80 BC:AA09 DE:CDC5 HL:4341 F:10010000 [Z:0 C:0]
[483F] OR L                           | A:C1 BC:AA09 DE:CDC5 HL:4341 F:10000000 [Z:0 C:0]
[4840] LD (DE), A                     | A:C1 BC:AA09 DE:CDC5 HL:4341 F:10000000 [Z:0 C:0]
[4841] POP HL                         | A:C1 BC:AA09 DE:CDC5 HL:435C F:10000000 [Z:0 C:0]
[4842] INC DE                         | A:C1 BC:AA09 DE:CDC6 HL:435C F:10000000 [Z:0 C:0]
[4843] DEC C                          | A:C1 BC:AA08 DE:CDC6 HL:435C F:00000000 [Z:0 C:0]
[4844] JR NZ -> 0x4837                | A:C1 BC:AA08 DE:CDC6 HL:435C F:00000000 [Z:0 C:0]
[4837] LD B, (HL)                     | A:C1 BC:FF08 DE:CDC6 HL:435C F:00000000 [Z:0 C:0]
[4838] INC HL                         | A:C1 BC:FF08 DE:CDC6 HL:435D F:00000000 [Z:0 C:0]
[4839] LD A, (HL)                     | A:00 BC:FF08 DE:CDC6 HL:435D F:00000000 [Z:0 C:0]
[483A] INC HL                         | A:00 BC:FF08 DE:CDC6 HL:435E F:00000000 [Z:0 C:0]
[483B] PUSH HL                        | A:00 BC:FF08 DE:CDC6 HL:435E F:00000000 [Z:0 C:0]
[483C] LD L, A                        | A:00 BC:FF08 DE:CDC6 HL:4300 F:00000000 [Z:0 C:0]
[483D] LD A, (DE)                     | A:C0 BC:FF08 DE:CDC6 HL:4300 F:00000000 [Z:0 C:0]
[483E] AND B                          | A:C0 BC:FF08 DE:CDC6 HL:4300 F:10010100 [Z:0 C:0]
[483F] OR L                           | A:C0 BC:FF08 DE:CDC6 HL:4300 F:10000100 [Z:0 C:0]
[4840] LD (DE), A                     | A:C0 BC:FF08 DE:CDC6 HL:4300 F:10000100 [Z:0 C:0]
[4841] POP HL                         | A:C0 BC:FF08 DE:CDC6 HL:435E F:10000100 [Z:0 C:0]
[4842] INC DE                         | A:C0 BC:FF08 DE:CDC7 HL:435E F:10000100 [Z:0 C:0]
[4843] DEC C                          | A:C0 BC:FF07 DE:CDC7 HL:435E F:00000100 [Z:0 C:0]
[4844] JR NZ -> 0x4837                | A:C0 BC:FF07 DE:CDC7 HL:435E F:00000100 [Z:0 C:0]
[4837] LD B, (HL)                     | A:C0 BC:FF07 DE:CDC7 HL:435E F:00000100 [Z:0 C:0]
[4838] INC HL                         | A:C0 BC:FF07 DE:CDC7 HL:435F F:00000100 [Z:0 C:0]
[4839] LD A, (HL)                     | A:00 BC:FF07 DE:CDC7 HL:435F F:00000100 [Z:0 C:0]
[483A] INC HL                         | A:00 BC:FF07 DE:CDC7 HL:4360 F:00000100 [Z:0 C:0]
[483B] PUSH HL                        | A:00 BC:FF07 DE:CDC7 HL:4360 F:00000100 [Z:0 C:0]
[483C] LD L, A                        | A:00 BC:FF07 DE:CDC7 HL:4300 F:00000100 [Z:0 C:0]
[483D] LD A, (DE)                     | A:C0 BC:FF07 DE:CDC7 HL:4300 F:00000100 [Z:0 C:0]
[483E] AND B                          | A:C0 BC:FF07 DE:CDC7 HL:4300 F:10010100 [Z:0 C:0]
[483F] OR L                           | A:C0 BC:FF07 DE:CDC7 HL:4300 F:10000100 [Z:0 C:0]
[4840] LD (DE), A                     | A:C0 BC:FF07 DE:CDC7 HL:4300 F:10000100 [Z:0 C:0]
[4841] POP HL                         | A:C0 BC:FF07 DE:CDC7 HL:4360 F:10000100 [Z:0 C:0]
[4842] INC DE                         | A:C0 BC:FF07 DE:CDC8 HL:4360 F:10000100 [Z:0 C:0]
[4843] DEC C                          | A:C0 BC:FF06 DE:CDC8 HL:4360 F:00000100 [Z:0 C:0]
[4844] JR NZ -> 0x4837                | A:C0 BC:FF06 DE:CDC8 HL:4360 F:00000100 [Z:0 C:0]
[4837] LD B, (HL)                     | A:C0 BC:FF06 DE:CDC8 HL:4360 F:00000100 [Z:0 C:0]
[4838] INC HL                         | A:C0 BC:FF06 DE:CDC8 HL:4361 F:00000100 [Z:0 C:0]
[4839] LD A, (HL)                     | A:00 BC:FF06 DE:CDC8 HL:4361 F:00000100 [Z:0 C:0]
[483A] INC HL                         | A:00 BC:FF06 DE:CDC8 HL:4362 F:00000100 [Z:0 C:0]
[483B] PUSH HL                        | A:00 BC:FF06 DE:CDC8 HL:4362 F:00000100 [Z:0 C:0]
[483C] LD L, A                        | A:00 BC:FF06 DE:CDC8 HL:4300 F:00000100 [Z:0 C:0]
[483D] LD A, (DE)                     | A:C0 BC:FF06 DE:CDC8 HL:4300 F:00000100 [Z:0 C:0]
[483E] AND B                          | A:C0 BC:FF06 DE:CDC8 HL:4300 F:10010100 [Z:0 C:0]
[483F] OR L                           | A:C0 BC:FF06 DE:CDC8 HL:4300 F:10000100 [Z:0 C:0]
[4840] LD (DE), A                     | A:C0 BC:FF06 DE:CDC8 HL:4300 F:10000100 [Z:0 C:0]
[4841] POP HL                         | A:C0 BC:FF06 DE:CDC8 HL:4362 F:10000100 [Z:0 C:0]
[4842] INC DE                         | A:C0 BC:FF06 DE:CDC9 HL:4362 F:10000100 [Z:0 C:0]
[4843] DEC C                          | A:C0 BC:FF05 DE:CDC9 HL:4362 F:00000100 [Z:0 C:0]
[4844] JR NZ -> 0x4837                | A:C0 BC:FF05 DE:CDC9 HL:4362 F:00000100 [Z:0 C:0]
[4837] LD B, (HL)                     | A:C0 BC:FF05 DE:CDC9 HL:4362 F:00000100 [Z:0 C:0]
[4838] INC HL                         | A:C0 BC:FF05 DE:CDC9 HL:4363 F:00000100 [Z:0 C:0]
[4839] LD A, (HL)                     | A:00 BC:FF05 DE:CDC9 HL:4363 F:00000100 [Z:0 C:0]
[483A] INC HL                         | A:00 BC:FF05 DE:CDC9 HL:4364 F:00000100 [Z:0 C:0]
[483B] PUSH HL                        | A:00 BC:FF05 DE:CDC9 HL:4364 F:00000100 [Z:0 C:0]
[483C] LD L, A                        | A:00 BC:FF05 DE:CDC9 HL:4300 F:00000100 [Z:0 C:0]
[483D] LD A, (DE)                     | A:C0 BC:FF05 DE:CDC9 HL:4300 F:00000100 [Z:0 C:0]
[483E] AND B                          | A:C0 BC:FF05 DE:CDC9 HL:4300 F:10010100 [Z:0 C:0]
[483F] OR L                           | A:C0 BC:FF05 DE:CDC9 HL:4300 F:10000100 [Z:0 C:0]
[4840] LD (DE), A                     | A:C0 BC:FF05 DE:CDC9 HL:4300 F:10000100 [Z:0 C:0]
[4841] POP HL                         | A:C0 BC:FF05 DE:CDC9 HL:4364 F:10000100 [Z:0 C:0]
[4842] INC DE                         | A:C0 BC:FF05 DE:CDCA HL:4364 F:10000100 [Z:0 C:0]
[4843] DEC C                          | A:C0 BC:FF04 DE:CDCA HL:4364 F:00000100 [Z:0 C:0]
[4844] JR NZ -> 0x4837                | A:C0 BC:FF04 DE:CDCA HL:4364 F:00000100 [Z:0 C:0]
[4837] LD B, (HL)                     | A:C0 BC:5504 DE:CDCA HL:4364 F:00000100 [Z:0 C:0]
[4838] INC HL                         | A:C0 BC:5504 DE:CDCA HL:4365 F:00000100 [Z:0 C:0]
[4839] LD A, (HL)                     | A:82 BC:5504 DE:CDCA HL:4365 F:00000100 [Z:0 C:0]
[483A] INC HL                         | A:82 BC:5504 DE:CDCA HL:4366 F:00000100 [Z:0 C:0]
[483B] PUSH HL                        | A:82 BC:5504 DE:CDCA HL:4366 F:00000100 [Z:0 C:0]
[483C] LD L, A                        | A:82 BC:5504 DE:CDCA HL:4382 F:00000100 [Z:0 C:0]
[483D] LD A, (DE)                     | A:C0 BC:5504 DE:CDCA HL:4382 F:00000100 [Z:0 C:0]
[483E] AND B                          | A:40 BC:5504 DE:CDCA HL:4382 F:00010000 [Z:0 C:0]
[483F] OR L                           | A:C2 BC:5504 DE:CDCA HL:4382 F:10000000 [Z:0 C:0]
[4840] LD (DE), A                     | A:C2 BC:5504 DE:CDCA HL:4382 F:10000000 [Z:0 C:0]
[4841] POP HL                         | A:C2 BC:5504 DE:CDCA HL:4366 F:10000000 [Z:0 C:0]
[4842] INC DE                         | A:C2 BC:5504 DE:CDCB HL:4366 F:10000000 [Z:0 C:0]
[4843] DEC C                          | A:C2 BC:5503 DE:CDCB HL:4366 F:00000000 [Z:0 C:0]
[4844] JR NZ -> 0x4837                | A:C2 BC:5503 DE:CDCB HL:4366 F:00000000 [Z:0 C:0]
[4837] LD B, (HL)                     | A:C2 BC:FF03 DE:CDCB HL:4366 F:00000000 [Z:0 C:0]
[4838] INC HL                         | A:C2 BC:FF03 DE:CDCB HL:4367 F:00000000 [Z:0 C:0]
[4839] LD A, (HL)                     | A:00 BC:FF03 DE:CDCB HL:4367 F:00000000 [Z:0 C:0]
[483A] INC HL                         | A:00 BC:FF03 DE:CDCB HL:4368 F:00000000 [Z:0 C:0]
[483B] PUSH HL                        | A:00 BC:FF03 DE:CDCB HL:4368 F:00000000 [Z:0 C:0]
[483C] LD L, A                        | A:00 BC:FF03 DE:CDCB HL:4300 F:00000000 [Z:0 C:0]
[483D] LD A, (DE)                     | A:C0 BC:FF03 DE:CDCB HL:4300 F:00000000 [Z:0 C:0]
[483E] AND B                          | A:C0 BC:FF03 DE:CDCB HL:4300 F:10010100 [Z:0 C:0]
[483F] OR L                           | A:C0 BC:FF03 DE:CDCB HL:4300 F:10000100 [Z:0 C:0]
[4840] LD (DE), A                     | A:C0 BC:FF03 DE:CDCB HL:4300 F:10000100 [Z:0 C:0]
[4841] POP HL                         | A:C0 BC:FF03 DE:CDCB HL:4368 F:10000100 [Z:0 C:0]
[4842] INC DE                         | A:C0 BC:FF03 DE:CDCC HL:4368 F:10000100 [Z:0 C:0]
[4843] DEC C                          | A:C0 BC:FF02 DE:CDCC HL:4368 F:00000100 [Z:0 C:0]
[4844] JR NZ -> 0x4837                | A:C0 BC:FF02 DE:CDCC HL:4368 F:00000100 [Z:0 C:0]
[4837] LD B, (HL)                     | A:C0 BC:5502 DE:CDCC HL:4368 F:00000100 [Z:0 C:0]
[4838] INC HL                         | A:C0 BC:5502 DE:CDCC HL:4369 F:00000100 [Z:0 C:0]
[4839] LD A, (HL)                     | A:82 BC:5502 DE:CDCC HL:4369 F:00000100 [Z:0 C:0]
[483A] INC HL                         | A:82 BC:5502 DE:CDCC HL:436A F:00000100 [Z:0 C:0]
[483B] PUSH HL                        | A:82 BC:5502 DE:CDCC HL:436A F:00000100 [Z:0 C:0]
[483C] LD L, A                        | A:82 BC:5502 DE:CDCC HL:4382 F:00000100 [Z:0 C:0]
[483D] LD A, (DE)                     | A:C0 BC:5502 DE:CDCC HL:4382 F:00000100 [Z:0 C:0]
[483E] AND B                          | A:40 BC:5502 DE:CDCC HL:4382 F:00010000 [Z:0 C:0]
[483F] OR L                           | A:C2 BC:5502 DE:CDCC HL:4382 F:10000000 [Z:0 C:0]
[4840] LD (DE), A                     | A:C2 BC:5502 DE:CDCC HL:4382 F:10000000 [Z:0 C:0]
[4841] POP HL                         | A:C2 BC:5502 DE:CDCC HL:436A F:10000000 [Z:0 C:0]
[4842] INC DE                         | A:C2 BC:5502 DE:CDCD HL:436A F:10000000 [Z:0 C:0]
[4843] DEC C                          | A:C2 BC:5501 DE:CDCD HL:436A F:00000000 [Z:0 C:0]
[4844] JR NZ -> 0x4837                | A:C2 BC:5501 DE:CDCD HL:436A F:00000000 [Z:0 C:0]
[4837] LD B, (HL)                     | A:C2 BC:FF01 DE:CDCD HL:436A F:00000000 [Z:0 C:0]
[4838] INC HL                         | A:C2 BC:FF01 DE:CDCD HL:436B F:00000000 [Z:0 C:0]
[4839] LD A, (HL)                     | A:00 BC:FF01 DE:CDCD HL:436B F:00000000 [Z:0 C:0]
[483A] INC HL                         | A:00 BC:FF01 DE:CDCD HL:436C F:00000000 [Z:0 C:0]
[483B] PUSH HL                        | A:00 BC:FF01 DE:CDCD HL:436C F:00000000 [Z:0 C:0]
[483C] LD L, A                        | A:00 BC:FF01 DE:CDCD HL:4300 F:00000000 [Z:0 C:0]
[483D] LD A, (DE)                     | A:C0 BC:FF01 DE:CDCD HL:4300 F:00000000 [Z:0 C:0]
[483E] AND B                          | A:C0 BC:FF01 DE:CDCD HL:4300 F:10010100 [Z:0 C:0]
[483F] OR L                           | A:C0 BC:FF01 DE:CDCD HL:4300 F:10000100 [Z:0 C:0]
[4840] LD (DE), A                     | A:C0 BC:FF01 DE:CDCD HL:4300 F:10000100 [Z:0 C:0]
[4841] POP HL                         | A:C0 BC:FF01 DE:CDCD HL:436C F:10000100 [Z:0 C:0]
[4842] INC DE                         | A:C0 BC:FF01 DE:CDCE HL:436C F:10000100 [Z:0 C:0]
[4843] DEC C                          | A:C0 BC:FF00 DE:CDCE HL:436C F:01000100 [Z:1 C:0]
[4844] JR NZ [not taken]              | A:C0 BC:FF00 DE:CDCE HL:436C F:01000100 [Z:1 C:0]
[4846] LD A, (0x8000)                 | A:03 BC:FF00 DE:CDCE HL:436C F:01000100 [Z:1 C:0]
[4849] DEC A                          | A:02 BC:FF00 DE:CDCE HL:436C F:00000100 [Z:0 C:0]
[484A] LD (0x8000), A                 | A:02 BC:FF00 DE:CDCE HL:436C F:00000100 [Z:0 C:0]
[484D] JR NZ -> 0x4831                | A:02 BC:FF00 DE:CDCE HL:436C F:00000100 [Z:0 C:0]
[4831] LD E, (HL)                     | A:02 BC:FF00 DE:CDC2 HL:436C F:00000100 [Z:0 C:0]
[4832] INC HL                         | A:02 BC:FF00 DE:CDC2 HL:436D F:00000100 [Z:0 C:0]
[4833] LD D, (HL)                     | A:02 BC:FF00 DE:D5C2 HL:436D F:00000100 [Z:0 C:0]
[4834] INC HL                         | A:02 BC:FF00 DE:D5C2 HL:436E F:00000100 [Z:0 C:0]
[4835] LD C, 0x0C                     | A:02 BC:FF0C DE:D5C2 HL:436E F:00000100 [Z:0 C:0]
[4837] LD B, (HL)                     | A:02 BC:AA0C DE:D5C2 HL:436E F:00000100 [Z:0 C:0]
[4838] INC HL                         | A:02 BC:AA0C DE:D5C2 HL:436F F:00000100 [Z:0 C:0]
[4839] LD A, (HL)                     | A:41 BC:AA0C DE:D5C2 HL:436F F:00000100 [Z:0 C:0]
[483A] INC HL                         | A:41 BC:AA0C DE:D5C2 HL:4370 F:00000100 [Z:0 C:0]
[483B] PUSH HL                        | A:41 BC:AA0C DE:D5C2 HL:4370 F:00000100 [Z:0 C:0]
[483C] LD L, A                        | A:41 BC:AA0C DE:D5C2 HL:4341 F:00000100 [Z:0 C:0]
[483D] LD A, (DE)                     | A:C0 BC:AA0C DE:D5C2 HL:4341 F:00000100 [Z:0 C:0]
[483E] AND B                          | A:80 BC:AA0C DE:D5C2 HL:4341 F:10010000 [Z:0 C:0]
[483F] OR L                           | A:C1 BC:AA0C DE:D5C2 HL:4341 F:10000000 [Z:0 C:0]
[4840] LD (DE), A                     | A:C1 BC:AA0C DE:D5C2 HL:4341 F:10000000 [Z:0 C:0]
[4841] POP HL                         | A:C1 BC:AA0C DE:D5C2 HL:4370 F:10000000 [Z:0 C:0]
[4842] INC DE                         | A:C1 BC:AA0C DE:D5C3 HL:4370 F:10000000 [Z:0 C:0]
[4843] DEC C                          | A:C1 BC:AA0B DE:D5C3 HL:4370 F:00000000 [Z:0 C:0]
[4844] JR NZ -> 0x4837                | A:C1 BC:AA0B DE:D5C3 HL:4370 F:00000000 [Z:0 C:0]
[4837] LD B, (HL)                     | A:C1 BC:000B DE:D5C3 HL:4370 F:00000000 [Z:0 C:0]
[4838] INC HL                         | A:C1 BC:000B DE:D5C3 HL:4371 F:00000000 [Z:0 C:0]
[4839] LD A, (HL)                     | A:C3 BC:000B DE:D5C3 HL:4371 F:00000000 [Z:0 C:0]
[483A] INC HL                         | A:C3 BC:000B DE:D5C3 HL:4372 F:00000000 [Z:0 C:0]
[483B] PUSH HL                        | A:C3 BC:000B DE:D5C3 HL:4372 F:00000000 [Z:0 C:0]
[483C] LD L, A                        | A:C3 BC:000B DE:D5C3 HL:43C3 F:00000000 [Z:0 C:0]
[483D] LD A, (DE)                     | A:C0 BC:000B DE:D5C3 HL:43C3 F:00000000 [Z:0 C:0]
[483E] AND B                          | A:00 BC:000B DE:D5C3 HL:43C3 F:01010100 [Z:1 C:0]
[483F] OR L                           | A:C3 BC:000B DE:D5C3 HL:43C3 F:10000100 [Z:0 C:0]
[4840] LD (DE), A                     | A:C3 BC:000B DE:D5C3 HL:43C3 F:10000100 [Z:0 C:0]
[4841] POP HL                         | A:C3 BC:000B DE:D5C3 HL:4372 F:10000100 [Z:0 C:0]
[4842] INC DE                         | A:C3 BC:000B DE:D5C4 HL:4372 F:10000100 [Z:0 C:0]
[4843] DEC C                          | A:C3 BC:000A DE:D5C4 HL:4372 F:00000100 [Z:0 C:0]
[4844] JR NZ -> 0x4837                | A:C3 BC:000A DE:D5C4 HL:4372 F:00000100 [Z:0 C:0]
[4837] LD B, (HL)                     | A:C3 BC:FF0A DE:D5C4 HL:4372 F:00000100 [Z:0 C:0]
[4838] INC HL                         | A:C3 BC:FF0A DE:D5C4 HL:4373 F:00000100 [Z:0 C:0]
[4839] LD A, (HL)                     | A:00 BC:FF0A DE:D5C4 HL:4373 F:00000100 [Z:0 C:0]
[483A] INC HL                         | A:00 BC:FF0A DE:D5C4 HL:4374 F:00000100 [Z:0 C:0]
[483B] PUSH HL                        | A:00 BC:FF0A DE:D5C4 HL:4374 F:00000100 [Z:0 C:0]
[483C] LD L, A                        | A:00 BC:FF0A DE:D5C4 HL:4300 F:00000100 [Z:0 C:0]
[483D] LD A, (DE)                     | A:C0 BC:FF0A DE:D5C4 HL:4300 F:00000100 [Z:0 C:0]
[483E] AND B                          | A:C0 BC:FF0A DE:D5C4 HL:4300 F:10010100 [Z:0 C:0]
[483F] OR L                           | A:C0 BC:FF0A DE:D5C4 HL:4300 F:10000100 [Z:0 C:0]
[4840] LD (DE), A                     | A:C0 BC:FF0A DE:D5C4 HL:4300 F:10000100 [Z:0 C:0]
[4841] POP HL                         | A:C0 BC:FF0A DE:D5C4 HL:4374 F:10000100 [Z:0 C:0]
[4842] INC DE                         | A:C0 BC:FF0A DE:D5C5 HL:4374 F:10000100 [Z:0 C:0]
[4843] DEC C                          | A:C0 BC:FF09 DE:D5C5 HL:4374 F:00000100 [Z:0 C:0]
[4844] JR NZ -> 0x4837                | A:C0 BC:FF09 DE:D5C5 HL:4374 F:00000100 [Z:0 C:0]
[4837] LD B, (HL)                     | A:C0 BC:0009 DE:D5C5 HL:4374 F:00000100 [Z:0 C:0]
[4838] INC HL                         | A:C0 BC:0009 DE:D5C5 HL:4375 F:00000100 [Z:0 C:0]
[4839] LD A, (HL)                     | A:C3 BC:0009 DE:D5C5 HL:4375 F:00000100 [Z:0 C:0]
[483A] INC HL                         | A:C3 BC:0009 DE:D5C5 HL:4376 F:00000100 [Z:0 C:0]
[483B] PUSH HL                        | A:C3 BC:0009 DE:D5C5 HL:4376 F:00000100 [Z:0 C:0]
[483C] LD L, A                        | A:C3 BC:0009 DE:D5C5 HL:43C3 F:00000100 [Z:0 C:0]
[483D] LD A, (DE)                     | A:C0 BC:0009 DE:D5C5 HL:43C3 F:00000100 [Z:0 C:0]
[483E] AND B                          | A:00 BC:0009 DE:D5C5 HL:43C3 F:01010100 [Z:1 C:0]
[483F] OR L                           | A:C3 BC:0009 DE:D5C5 HL:43C3 F:10000100 [Z:0 C:0]
[4840] LD (DE), A                     | A:C3 BC:0009 DE:D5C5 HL:43C3 F:10000100 [Z:0 C:0]
[4841] POP HL                         | A:C3 BC:0009 DE:D5C5 HL:4376 F:10000100 [Z:0 C:0]
[4842] INC DE                         | A:C3 BC:0009 DE:D5C6 HL:4376 F:10000100 [Z:0 C:0]
[4843] DEC C                          | A:C3 BC:0008 DE:D5C6 HL:4376 F:00000100 [Z:0 C:0]
[4844] JR NZ -> 0x4837                | A:C3 BC:0008 DE:D5C6 HL:4376 F:00000100 [Z:0 C:0]
[4837] LD B, (HL)                     | A:C3 BC:5508 DE:D5C6 HL:4376 F:00000100 [Z:0 C:0]
[4838] INC HL                         | A:C3 BC:5508 DE:D5C6 HL:4377 F:00000100 [Z:0 C:0]
[4839] LD A, (HL)                     | A:82 BC:5508 DE:D5C6 HL:4377 F:00000100 [Z:0 C:0]
[483A] INC HL                         | A:82 BC:5508 DE:D5C6 HL:4378 F:00000100 [Z:0 C:0]
[483B] PUSH HL                        | A:82 BC:5508 DE:D5C6 HL:4378 F:00000100 [Z:0 C:0]
[483C] LD L, A                        | A:82 BC:5508 DE:D5C6 HL:4382 F:00000100 [Z:0 C:0]
[483D] LD A, (DE)                     | A:C0 BC:5508 DE:D5C6 HL:4382 F:00000100 [Z:0 C:0]
[483E] AND B                          | A:40 BC:5508 DE:D5C6 HL:4382 F:00010000 [Z:0 C:0]
[483F] OR L                           | A:C2 BC:5508 DE:D5C6 HL:4382 F:10000000 [Z:0 C:0]
[4840] LD (DE), A                     | A:C2 BC:5508 DE:D5C6 HL:4382 F:10000000 [Z:0 C:0]
[4841] POP HL                         | A:C2 BC:5508 DE:D5C6 HL:4378 F:10000000 [Z:0 C:0]
[4842] INC DE                         | A:C2 BC:5508 DE:D5C7 HL:4378 F:10000000 [Z:0 C:0]
[4843] DEC C                          | A:C2 BC:5507 DE:D5C7 HL:4378 F:00000000 [Z:0 C:0]
[4844] JR NZ -> 0x4837                | A:C2 BC:5507 DE:D5C7 HL:4378 F:00000000 [Z:0 C:0]
[4837] LD B, (HL)                     | A:C2 BC:FF07 DE:D5C7 HL:4378 F:00000000 [Z:0 C:0]
[4838] INC HL                         | A:C2 BC:FF07 DE:D5C7 HL:4379 F:00000000 [Z:0 C:0]
[4839] LD A, (HL)                     | A:00 BC:FF07 DE:D5C7 HL:4379 F:00000000 [Z:0 C:0]
[483A] INC HL                         | A:00 BC:FF07 DE:D5C7 HL:437A F:00000000 [Z:0 C:0]
[483B] PUSH HL                        | A:00 BC:FF07 DE:D5C7 HL:437A F:00000000 [Z:0 C:0]
[483C] LD L, A                        | A:00 BC:FF07 DE:D5C7 HL:4300 F:00000000 [Z:0 C:0]
[483D] LD A, (DE)                     | A:C0 BC:FF07 DE:D5C7 HL:4300 F:00000000 [Z:0 C:0]
[483E] AND B                          | A:C0 BC:FF07 DE:D5C7 HL:4300 F:10010100 [Z:0 C:0]
[483F] OR L                           | A:C0 BC:FF07 DE:D5C7 HL:4300 F:10000100 [Z:0 C:0]
[4840] LD (DE), A                     | A:C0 BC:FF07 DE:D5C7 HL:4300 F:10000100 [Z:0 C:0]
[4841] POP HL                         | A:C0 BC:FF07 DE:D5C7 HL:437A F:10000100 [Z:0 C:0]
[4842] INC DE                         | A:C0 BC:FF07 DE:D5C8 HL:437A F:10000100 [Z:0 C:0]
[4843] DEC C                          | A:C0 BC:FF06 DE:D5C8 HL:437A F:00000100 [Z:0 C:0]
[4844] JR NZ -> 0x4837                | A:C0 BC:FF06 DE:D5C8 HL:437A F:00000100 [Z:0 C:0]
[4837] LD B, (HL)                     | A:C0 BC:FF06 DE:D5C8 HL:437A F:00000100 [Z:0 C:0]
[4838] INC HL                         | A:C0 BC:FF06 DE:D5C8 HL:437B F:00000100 [Z:0 C:0]
[4839] LD A, (HL)                     | A:00 BC:FF06 DE:D5C8 HL:437B F:00000100 [Z:0 C:0]
[483A] INC HL                         | A:00 BC:FF06 DE:D5C8 HL:437C F:00000100 [Z:0 C:0]
[483B] PUSH HL                        | A:00 BC:FF06 DE:D5C8 HL:437C F:00000100 [Z:0 C:0]
[483C] LD L, A                        | A:00 BC:FF06 DE:D5C8 HL:4300 F:00000100 [Z:0 C:0]
[483D] LD A, (DE)                     | A:C0 BC:FF06 DE:D5C8 HL:4300 F:00000100 [Z:0 C:0]
[483E] AND B                          | A:C0 BC:FF06 DE:D5C8 HL:4300 F:10010100 [Z:0 C:0]
[483F] OR L                           | A:C0 BC:FF06 DE:D5C8 HL:4300 F:10000100 [Z:0 C:0]
[4840] LD (DE), A                     | A:C0 BC:FF06 DE:D5C8 HL:4300 F:10000100 [Z:0 C:0]
[4841] POP HL                         | A:C0 BC:FF06 DE:D5C8 HL:437C F:10000100 [Z:0 C:0]
[4842] INC DE                         | A:C0 BC:FF06 DE:D5C9 HL:437C F:10000100 [Z:0 C:0]
[4843] DEC C                          | A:C0 BC:FF05 DE:D5C9 HL:437C F:00000100 [Z:0 C:0]
[4844] JR NZ -> 0x4837                | A:C0 BC:FF05 DE:D5C9 HL:437C F:00000100 [Z:0 C:0]
[4837] LD B, (HL)                     | A:C0 BC:0005 DE:D5C9 HL:437C F:00000100 [Z:0 C:0]
[4838] INC HL                         | A:C0 BC:0005 DE:D5C9 HL:437D F:00000100 [Z:0 C:0]
[4839] LD A, (HL)                     | A:C3 BC:0005 DE:D5C9 HL:437D F:00000100 [Z:0 C:0]
[483A] INC HL                         | A:C3 BC:0005 DE:D5C9 HL:437E F:00000100 [Z:0 C:0]
[483B] PUSH HL                        | A:C3 BC:0005 DE:D5C9 HL:437E F:00000100 [Z:0 C:0]
[483C] LD L, A                        | A:C3 BC:0005 DE:D5C9 HL:43C3 F:00000100 [Z:0 C:0]
[483D] LD A, (DE)                     | A:C0 BC:0005 DE:D5C9 HL:43C3 F:00000100 [Z:0 C:0]
[483E] AND B                          | A:00 BC:0005 DE:D5C9 HL:43C3 F:01010100 [Z:1 C:0]
[483F] OR L                           | A:C3 BC:0005 DE:D5C9 HL:43C3 F:10000100 [Z:0 C:0]
[4840] LD (DE), A                     | A:C3 BC:0005 DE:D5C9 HL:43C3 F:10000100 [Z:0 C:0]
[4841] POP HL                         | A:C3 BC:0005 DE:D5C9 HL:437E F:10000100 [Z:0 C:0]
[4842] INC DE                         | A:C3 BC:0005 DE:D5CA HL:437E F:10000100 [Z:0 C:0]
[4843] DEC C                          | A:C3 BC:0004 DE:D5CA HL:437E F:00000100 [Z:0 C:0]
[4844] JR NZ -> 0x4837                | A:C3 BC:0004 DE:D5CA HL:437E F:00000100 [Z:0 C:0]
[4837] LD B, (HL)                     | A:C3 BC:5504 DE:D5CA HL:437E F:00000100 [Z:0 C:0]
[4838] INC HL                         | A:C3 BC:5504 DE:D5CA HL:437F F:00000100 [Z:0 C:0]
[4839] LD A, (HL)                     | A:82 BC:5504 DE:D5CA HL:437F F:00000100 [Z:0 C:0]
[483A] INC HL                         | A:82 BC:5504 DE:D5CA HL:4380 F:00000100 [Z:0 C:0]
[483B] PUSH HL                        | A:82 BC:5504 DE:D5CA HL:4380 F:00000100 [Z:0 C:0]
[483C] LD L, A                        | A:82 BC:5504 DE:D5CA HL:4382 F:00000100 [Z:0 C:0]
[483D] LD A, (DE)                     | A:C0 BC:5504 DE:D5CA HL:4382 F:00000100 [Z:0 C:0]
[483E] AND B                          | A:40 BC:5504 DE:D5CA HL:4382 F:00010000 [Z:0 C:0]
[483F] OR L                           | A:C2 BC:5504 DE:D5CA HL:4382 F:10000000 [Z:0 C:0]
[4840] LD (DE), A                     | A:C2 BC:5504 DE:D5CA HL:4382 F:10000000 [Z:0 C:0]
[4841] POP HL                         | A:C2 BC:5504 DE:D5CA HL:4380 F:10000000 [Z:0 C:0]
[4842] INC DE                         | A:C2 BC:5504 DE:D5CB HL:4380 F:10000000 [Z:0 C:0]
[4843] DEC C                          | A:C2 BC:5503 DE:D5CB HL:4380 F:00000000 [Z:0 C:0]
[4844] JR NZ -> 0x4837                | A:C2 BC:5503 DE:D5CB HL:4380 F:00000000 [Z:0 C:0]
[4837] LD B, (HL)                     | A:C2 BC:AA03 DE:D5CB HL:4380 F:00000000 [Z:0 C:0]
[4838] INC HL                         | A:C2 BC:AA03 DE:D5CB HL:4381 F:00000000 [Z:0 C:0]
[4839] LD A, (HL)                     | A:41 BC:AA03 DE:D5CB HL:4381 F:00000000 [Z:0 C:0]
[483A] INC HL                         | A:41 BC:AA03 DE:D5CB HL:4382 F:00000000 [Z:0 C:0]
[483B] PUSH HL                        | A:41 BC:AA03 DE:D5CB HL:4382 F:00000000 [Z:0 C:0]
[483C] LD L, A                        | A:41 BC:AA03 DE:D5CB HL:4341 F:00000000 [Z:0 C:0]
[483D] LD A, (DE)                     | A:C0 BC:AA03 DE:D5CB HL:4341 F:00000000 [Z:0 C:0]
[483E] AND B                          | A:80 BC:AA03 DE:D5CB HL:4341 F:10010000 [Z:0 C:0]
[483F] OR L                           | A:C1 BC:AA03 DE:D5CB HL:4341 F:10000000 [Z:0 C:0]
[4840] LD (DE), A                     | A:C1 BC:AA03 DE:D5CB HL:4341 F:10000000 [Z:0 C:0]
[4841] POP HL                         | A:C1 BC:AA03 DE:D5CB HL:4382 F:10000000 [Z:0 C:0]
[4842] INC DE                         | A:C1 BC:AA03 DE:D5CC HL:4382 F:10000000 [Z:0 C:0]
[4843] DEC C                          | A:C1 BC:AA02 DE:D5CC HL:4382 F:00000000 [Z:0 C:0]
[4844] JR NZ -> 0x4837                | A:C1 BC:AA02 DE:D5CC HL:4382 F:00000000 [Z:0 C:0]
[4837] LD B, (HL)                     | A:C1 BC:0002 DE:D5CC HL:4382 F:00000000 [Z:0 C:0]
[4838] INC HL                         | A:C1 BC:0002 DE:D5CC HL:4383 F:00000000 [Z:0 C:0]
[4839] LD A, (HL)                     | A:C3 BC:0002 DE:D5CC HL:4383 F:00000000 [Z:0 C:0]
[483A] INC HL                         | A:C3 BC:0002 DE:D5CC HL:4384 F:00000000 [Z:0 C:0]
[483B] PUSH HL                        | A:C3 BC:0002 DE:D5CC HL:4384 F:00000000 [Z:0 C:0]
[483C] LD L, A                        | A:C3 BC:0002 DE:D5CC HL:43C3 F:00000000 [Z:0 C:0]
[483D] LD A, (DE)                     | A:C0 BC:0002 DE:D5CC HL:43C3 F:00000000 [Z:0 C:0]
[483E] AND B                          | A:00 BC:0002 DE:D5CC HL:43C3 F:01010100 [Z:1 C:0]
[483F] OR L                           | A:C3 BC:0002 DE:D5CC HL:43C3 F:10000100 [Z:0 C:0]
[4840] LD (DE), A                     | A:C3 BC:0002 DE:D5CC HL:43C3 F:10000100 [Z:0 C:0]
[4841] POP HL                         | A:C3 BC:0002 DE:D5CC HL:4384 F:10000100 [Z:0 C:0]
[4842] INC DE                         | A:C3 BC:0002 DE:D5CD HL:4384 F:10000100 [Z:0 C:0]
[4843] DEC C                          | A:C3 BC:0001 DE:D5CD HL:4384 F:00000100 [Z:0 C:0]
[4844] JR NZ -> 0x4837                | A:C3 BC:0001 DE:D5CD HL:4384 F:00000100 [Z:0 C:0]
[4837] LD B, (HL)                     | A:C3 BC:FF01 DE:D5CD HL:4384 F:00000100 [Z:0 C:0]
[4838] INC HL                         | A:C3 BC:FF01 DE:D5CD HL:4385 F:00000100 [Z:0 C:0]
[4839] LD A, (HL)                     | A:00 BC:FF01 DE:D5CD HL:4385 F:00000100 [Z:0 C:0]
[483A] INC HL                         | A:00 BC:FF01 DE:D5CD HL:4386 F:00000100 [Z:0 C:0]
[483B] PUSH HL                        | A:00 BC:FF01 DE:D5CD HL:4386 F:00000100 [Z:0 C:0]
[483C] LD L, A                        | A:00 BC:FF01 DE:D5CD HL:4300 F:00000100 [Z:0 C:0]
[483D] LD A, (DE)                     | A:C0 BC:FF01 DE:D5CD HL:4300 F:00000100 [Z:0 C:0]
[483E] AND B                          | A:C0 BC:FF01 DE:D5CD HL:4300 F:10010100 [Z:0 C:0]
[483F] OR L                           | A:C0 BC:FF01 DE:D5CD HL:4300 F:10000100 [Z:0 C:0]
[4840] LD (DE), A                     | A:C0 BC:FF01 DE:D5CD HL:4300 F:10000100 [Z:0 C:0]
[4841] POP HL                         | A:C0 BC:FF01 DE:D5CD HL:4386 F:10000100 [Z:0 C:0]
[4842] INC DE                         | A:C0 BC:FF01 DE:D5CE HL:4386 F:10000100 [Z:0 C:0]
[4843] DEC C                          | A:C0 BC:FF00 DE:D5CE HL:4386 F:01000100 [Z:1 C:0]
[4844] JR NZ [not taken]              | A:C0 BC:FF00 DE:D5CE HL:4386 F:01000100 [Z:1 C:0]
[4846] LD A, (0x8000)                 | A:02 BC:FF00 DE:D5CE HL:4386 F:01000100 [Z:1 C:0]
[4849] DEC A                          | A:01 BC:FF00 DE:D5CE HL:4386 F:00000100 [Z:0 C:0]
[484A] LD (0x8000), A                 | A:01 BC:FF00 DE:D5CE HL:4386 F:00000100 [Z:0 C:0]
[484D] JR NZ -> 0x4831                | A:01 BC:FF00 DE:D5CE HL:4386 F:00000100 [Z:0 C:0]
[4831] LD E, (HL)                     | A:01 BC:FF00 DE:D5C2 HL:4386 F:00000100 [Z:0 C:0]
[4832] INC HL                         | A:01 BC:FF00 DE:D5C2 HL:4387 F:00000100 [Z:0 C:0]
[4833] LD D, (HL)                     | A:01 BC:FF00 DE:DDC2 HL:4387 F:00000100 [Z:0 C:0]
[4834] INC HL                         | A:01 BC:FF00 DE:DDC2 HL:4388 F:00000100 [Z:0 C:0]
[4835] LD C, 0x0C                     | A:01 BC:FF0C DE:DDC2 HL:4388 F:00000100 [Z:0 C:0]
[4837] LD B, (HL)                     | A:01 BC:FF0C DE:DDC2 HL:4388 F:00000100 [Z:0 C:0]
[4838] INC HL                         | A:01 BC:FF0C DE:DDC2 HL:4389 F:00000100 [Z:0 C:0]
[4839] LD A, (HL)                     | A:00 BC:FF0C DE:DDC2 HL:4389 F:00000100 [Z:0 C:0]
[483A] INC HL                         | A:00 BC:FF0C DE:DDC2 HL:438A F:00000100 [Z:0 C:0]
[483B] PUSH HL                        | A:00 BC:FF0C DE:DDC2 HL:438A F:00000100 [Z:0 C:0]
[483C] LD L, A                        | A:00 BC:FF0C DE:DDC2 HL:4300 F:00000100 [Z:0 C:0]
[483D] LD A, (DE)                     | A:C0 BC:FF0C DE:DDC2 HL:4300 F:00000100 [Z:0 C:0]
[483E] AND B                          | A:C0 BC:FF0C DE:DDC2 HL:4300 F:10010100 [Z:0 C:0]
[483F] OR L                           | A:C0 BC:FF0C DE:DDC2 HL:4300 F:10000100 [Z:0 C:0]
[4840] LD (DE), A                     | A:C0 BC:FF0C DE:DDC2 HL:4300 F:10000100 [Z:0 C:0]
[4841] POP HL                         | A:C0 BC:FF0C DE:DDC2 HL:438A F:10000100 [Z:0 C:0]
[4842] INC DE                         | A:C0 BC:FF0C DE:DDC3 HL:438A F:10000100 [Z:0 C:0]
[4843] DEC C                          | A:C0 BC:FF0B DE:DDC3 HL:438A F:00000100 [Z:0 C:0]
[4844] JR NZ -> 0x4837                | A:C0 BC:FF0B DE:DDC3 HL:438A F:00000100 [Z:0 C:0]
[4837] LD B, (HL)                     | A:C0 BC:FF0B DE:DDC3 HL:438A F:00000100 [Z:0 C:0]
[4838] INC HL                         | A:C0 BC:FF0B DE:DDC3 HL:438B F:00000100 [Z:0 C:0]
[4839] LD A, (HL)                     | A:00 BC:FF0B DE:DDC3 HL:438B F:00000100 [Z:0 C:0]
[483A] INC HL                         | A:00 BC:FF0B DE:DDC3 HL:438C F:00000100 [Z:0 C:0]
[483B] PUSH HL                        | A:00 BC:FF0B DE:DDC3 HL:438C F:00000100 [Z:0 C:0]
[483C] LD L, A                        | A:00 BC:FF0B DE:DDC3 HL:4300 F:00000100 [Z:0 C:0]
[483D] LD A, (DE)                     | A:C0 BC:FF0B DE:DDC3 HL:4300 F:00000100 [Z:0 C:0]
[483E] AND B                          | A:C0 BC:FF0B DE:DDC3 HL:4300 F:10010100 [Z:0 C:0]
[483F] OR L                           | A:C0 BC:FF0B DE:DDC3 HL:4300 F:10000100 [Z:0 C:0]
[4840] LD (DE), A                     | A:C0 BC:FF0B DE:DDC3 HL:4300 F:10000100 [Z:0 C:0]
[4841] POP HL                         | A:C0 BC:FF0B DE:DDC3 HL:438C F:10000100 [Z:0 C:0]
[4842] INC DE                         | A:C0 BC:FF0B DE:DDC4 HL:438C F:10000100 [Z:0 C:0]
[4843] DEC C                          | A:C0 BC:FF0A DE:DDC4 HL:438C F:00000100 [Z:0 C:0]
[4844] JR NZ -> 0x4837                | A:C0 BC:FF0A DE:DDC4 HL:438C F:00000100 [Z:0 C:0]
[4837] LD B, (HL)                     | A:C0 BC:FF0A DE:DDC4 HL:438C F:00000100 [Z:0 C:0]
[4838] INC HL                         | A:C0 BC:FF0A DE:DDC4 HL:438D F:00000100 [Z:0 C:0]
[4839] LD A, (HL)                     | A:00 BC:FF0A DE:DDC4 HL:438D F:00000100 [Z:0 C:0]
[483A] INC HL                         | A:00 BC:FF0A DE:DDC4 HL:438E F:00000100 [Z:0 C:0]
[483B] PUSH HL                        | A:00 BC:FF0A DE:DDC4 HL:438E F:00000100 [Z:0 C:0]
[483C] LD L, A                        | A:00 BC:FF0A DE:DDC4 HL:4300 F:00000100 [Z:0 C:0]
[483D] LD A, (DE)                     | A:C0 BC:FF0A DE:DDC4 HL:4300 F:00000100 [Z:0 C:0]
[483E] AND B                          | A:C0 BC:FF0A DE:DDC4 HL:4300 F:10010100 [Z:0 C:0]
[483F] OR L                           | A:C0 BC:FF0A DE:DDC4 HL:4300 F:10000100 [Z:0 C:0]
[4840] LD (DE), A                     | A:C0 BC:FF0A DE:DDC4 HL:4300 F:10000100 [Z:0 C:0]
[4841] POP HL                         | A:C0 BC:FF0A DE:DDC4 HL:438E F:10000100 [Z:0 C:0]
[4842] INC DE                         | A:C0 BC:FF0A DE:DDC5 HL:438E F:10000100 [Z:0 C:0]
[4843] DEC C                          | A:C0 BC:FF09 DE:DDC5 HL:438E F:00000100 [Z:0 C:0]
[4844] JR NZ -> 0x4837                | A:C0 BC:FF09 DE:DDC5 HL:438E F:00000100 [Z:0 C:0]
[4837] LD B, (HL)                     | A:C0 BC:FF09 DE:DDC5 HL:438E F:00000100 [Z:0 C:0]
[4838] INC HL                         | A:C0 BC:FF09 DE:DDC5 HL:438F F:00000100 [Z:0 C:0]
[4839] LD A, (HL)                     | A:00 BC:FF09 DE:DDC5 HL:438F F:00000100 [Z:0 C:0]
[483A] INC HL                         | A:00 BC:FF09 DE:DDC5 HL:4390 F:00000100 [Z:0 C:0]
[483B] PUSH HL                        | A:00 BC:FF09 DE:DDC5 HL:4390 F:00000100 [Z:0 C:0]
[483C] LD L, A                        | A:00 BC:FF09 DE:DDC5 HL:4300 F:00000100 [Z:0 C:0]
[483D] LD A, (DE)                     | A:C0 BC:FF09 DE:DDC5 HL:4300 F:00000100 [Z:0 C:0]
[483E] AND B                          | A:C0 BC:FF09 DE:DDC5 HL:4300 F:10010100 [Z:0 C:0]
[483F] OR L                           | A:C0 BC:FF09 DE:DDC5 HL:4300 F:10000100 [Z:0 C:0]
[4840] LD (DE), A                     | A:C0 BC:FF09 DE:DDC5 HL:4300 F:10000100 [Z:0 C:0]
[4841] POP HL                         | A:C0 BC:FF09 DE:DDC5 HL:4390 F:10000100 [Z:0 C:0]
[4842] INC DE                         | A:C0 BC:FF09 DE:DDC6 HL:4390 F:10000100 [Z:0 C:0]
[4843] DEC C                          | A:C0 BC:FF08 DE:DDC6 HL:4390 F:00000100 [Z:0 C:0]
[4844] JR NZ -> 0x4837                | A:C0 BC:FF08 DE:DDC6 HL:4390 F:00000100 [Z:0 C:0]
[4837] LD B, (HL)                     | A:C0 BC:FF08 DE:DDC6 HL:4390 F:00000100 [Z:0 C:0]
[4838] INC HL                         | A:C0 BC:FF08 DE:DDC6 HL:4391 F:00000100 [Z:0 C:0]
[4839] LD A, (HL)                     | A:00 BC:FF08 DE:DDC6 HL:4391 F:00000100 [Z:0 C:0]
[483A] INC HL                         | A:00 BC:FF08 DE:DDC6 HL:4392 F:00000100 [Z:0 C:0]
[483B] PUSH HL                        | A:00 BC:FF08 DE:DDC6 HL:4392 F:00000100 [Z:0 C:0]
[483C] LD L, A                        | A:00 BC:FF08 DE:DDC6 HL:4300 F:00000100 [Z:0 C:0]
[483D] LD A, (DE)                     | A:C0 BC:FF08 DE:DDC6 HL:4300 F:00000100 [Z:0 C:0]
[483E] AND B                          | A:C0 BC:FF08 DE:DDC6 HL:4300 F:10010100 [Z:0 C:0]
[483F] OR L                           | A:C0 BC:FF08 DE:DDC6 HL:4300 F:10000100 [Z:0 C:0]
[4840] LD (DE), A                     | A:C0 BC:FF08 DE:DDC6 HL:4300 F:10000100 [Z:0 C:0]
[4841] POP HL                         | A:C0 BC:FF08 DE:DDC6 HL:4392 F:10000100 [Z:0 C:0]
[4842] INC DE                         | A:C0 BC:FF08 DE:DDC7 HL:4392 F:10000100 [Z:0 C:0]
[4843] DEC C                          | A:C0 BC:FF07 DE:DDC7 HL:4392 F:00000100 [Z:0 C:0]
[4844] JR NZ -> 0x4837                | A:C0 BC:FF07 DE:DDC7 HL:4392 F:00000100 [Z:0 C:0]
[4837] LD B, (HL)                     | A:C0 BC:FF07 DE:DDC7 HL:4392 F:00000100 [Z:0 C:0]
[4838] INC HL                         | A:C0 BC:FF07 DE:DDC7 HL:4393 F:00000100 [Z:0 C:0]
[4839] LD A, (HL)                     | A:00 BC:FF07 DE:DDC7 HL:4393 F:00000100 [Z:0 C:0]
[483A] INC HL                         | A:00 BC:FF07 DE:DDC7 HL:4394 F:00000100 [Z:0 C:0]
[483B] PUSH HL                        | A:00 BC:FF07 DE:DDC7 HL:4394 F:00000100 [Z:0 C:0]
[483C] LD L, A                        | A:00 BC:FF07 DE:DDC7 HL:4300 F:00000100 [Z:0 C:0]
[483D] LD A, (DE)                     | A:C0 BC:FF07 DE:DDC7 HL:4300 F:00000100 [Z:0 C:0]
[483E] AND B                          | A:C0 BC:FF07 DE:DDC7 HL:4300 F:10010100 [Z:0 C:0]
[483F] OR L                           | A:C0 BC:FF07 DE:DDC7 HL:4300 F:10000100 [Z:0 C:0]
[4840] LD (DE), A                     | A:C0 BC:FF07 DE:DDC7 HL:4300 F:10000100 [Z:0 C:0]
[4841] POP HL                         | A:C0 BC:FF07 DE:DDC7 HL:4394 F:10000100 [Z:0 C:0]
[4842] INC DE                         | A:C0 BC:FF07 DE:DDC8 HL:4394 F:10000100 [Z:0 C:0]
[4843] DEC C                          | A:C0 BC:FF06 DE:DDC8 HL:4394 F:00000100 [Z:0 C:0]
[4844] JR NZ -> 0x4837                | A:C0 BC:FF06 DE:DDC8 HL:4394 F:00000100 [Z:0 C:0]
[4837] LD B, (HL)                     | A:C0 BC:FF06 DE:DDC8 HL:4394 F:00000100 [Z:0 C:0]
[4838] INC HL                         | A:C0 BC:FF06 DE:DDC8 HL:4395 F:00000100 [Z:0 C:0]
[4839] LD A, (HL)                     | A:00 BC:FF06 DE:DDC8 HL:4395 F:00000100 [Z:0 C:0]
[483A] INC HL                         | A:00 BC:FF06 DE:DDC8 HL:4396 F:00000100 [Z:0 C:0]
[483B] PUSH HL                        | A:00 BC:FF06 DE:DDC8 HL:4396 F:00000100 [Z:0 C:0]
[483C] LD L, A                        | A:00 BC:FF06 DE:DDC8 HL:4300 F:00000100 [Z:0 C:0]
[483D] LD A, (DE)                     | A:C0 BC:FF06 DE:DDC8 HL:4300 F:00000100 [Z:0 C:0]
[483E] AND B                          | A:C0 BC:FF06 DE:DDC8 HL:4300 F:10010100 [Z:0 C:0]
[483F] OR L                           | A:C0 BC:FF06 DE:DDC8 HL:4300 F:10000100 [Z:0 C:0]
[4840] LD (DE), A                     | A:C0 BC:FF06 DE:DDC8 HL:4300 F:10000100 [Z:0 C:0]
[4841] POP HL                         | A:C0 BC:FF06 DE:DDC8 HL:4396 F:10000100 [Z:0 C:0]
[4842] INC DE                         | A:C0 BC:FF06 DE:DDC9 HL:4396 F:10000100 [Z:0 C:0]
[4843] DEC C                          | A:C0 BC:FF05 DE:DDC9 HL:4396 F:00000100 [Z:0 C:0]
[4844] JR NZ -> 0x4837                | A:C0 BC:FF05 DE:DDC9 HL:4396 F:00000100 [Z:0 C:0]
[4837] LD B, (HL)                     | A:C0 BC:FF05 DE:DDC9 HL:4396 F:00000100 [Z:0 C:0]
[4838] INC HL                         | A:C0 BC:FF05 DE:DDC9 HL:4397 F:00000100 [Z:0 C:0]
[4839] LD A, (HL)                     | A:00 BC:FF05 DE:DDC9 HL:4397 F:00000100 [Z:0 C:0]
[483A] INC HL                         | A:00 BC:FF05 DE:DDC9 HL:4398 F:00000100 [Z:0 C:0]
[483B] PUSH HL                        | A:00 BC:FF05 DE:DDC9 HL:4398 F:00000100 [Z:0 C:0]
[483C] LD L, A                        | A:00 BC:FF05 DE:DDC9 HL:4300 F:00000100 [Z:0 C:0]
[483D] LD A, (DE)                     | A:C0 BC:FF05 DE:DDC9 HL:4300 F:00000100 [Z:0 C:0]
[483E] AND B                          | A:C0 BC:FF05 DE:DDC9 HL:4300 F:10010100 [Z:0 C:0]
[483F] OR L                           | A:C0 BC:FF05 DE:DDC9 HL:4300 F:10000100 [Z:0 C:0]
[4840] LD (DE), A                     | A:C0 BC:FF05 DE:DDC9 HL:4300 F:10000100 [Z:0 C:0]
[4841] POP HL                         | A:C0 BC:FF05 DE:DDC9 HL:4398 F:10000100 [Z:0 C:0]
[4842] INC DE                         | A:C0 BC:FF05 DE:DDCA HL:4398 F:10000100 [Z:0 C:0]
[4843] DEC C                          | A:C0 BC:FF04 DE:DDCA HL:4398 F:00000100 [Z:0 C:0]
[4844] JR NZ -> 0x4837                | A:C0 BC:FF04 DE:DDCA HL:4398 F:00000100 [Z:0 C:0]
[4837] LD B, (HL)                     | A:C0 BC:FF04 DE:DDCA HL:4398 F:00000100 [Z:0 C:0]
[4838] INC HL                         | A:C0 BC:FF04 DE:DDCA HL:4399 F:00000100 [Z:0 C:0]
[4839] LD A, (HL)                     | A:00 BC:FF04 DE:DDCA HL:4399 F:00000100 [Z:0 C:0]
[483A] INC HL                         | A:00 BC:FF04 DE:DDCA HL:439A F:00000100 [Z:0 C:0]
[483B] PUSH HL                        | A:00 BC:FF04 DE:DDCA HL:439A F:00000100 [Z:0 C:0]
[483C] LD L, A                        | A:00 BC:FF04 DE:DDCA HL:4300 F:00000100 [Z:0 C:0]
[483D] LD A, (DE)                     | A:C0 BC:FF04 DE:DDCA HL:4300 F:00000100 [Z:0 C:0]
[483E] AND B                          | A:C0 BC:FF04 DE:DDCA HL:4300 F:10010100 [Z:0 C:0]
[483F] OR L                           | A:C0 BC:FF04 DE:DDCA HL:4300 F:10000100 [Z:0 C:0]
[4840] LD (DE), A                     | A:C0 BC:FF04 DE:DDCA HL:4300 F:10000100 [Z:0 C:0]
[4841] POP HL                         | A:C0 BC:FF04 DE:DDCA HL:439A F:10000100 [Z:0 C:0]
[4842] INC DE                         | A:C0 BC:FF04 DE:DDCB HL:439A F:10000100 [Z:0 C:0]
[4843] DEC C                          | A:C0 BC:FF03 DE:DDCB HL:439A F:00000100 [Z:0 C:0]
[4844] JR NZ -> 0x4837                | A:C0 BC:FF03 DE:DDCB HL:439A F:00000100 [Z:0 C:0]
[4837] LD B, (HL)                     | A:C0 BC:FF03 DE:DDCB HL:439A F:00000100 [Z:0 C:0]
[4838] INC HL                         | A:C0 BC:FF03 DE:DDCB HL:439B F:00000100 [Z:0 C:0]
[4839] LD A, (HL)                     | A:00 BC:FF03 DE:DDCB HL:439B F:00000100 [Z:0 C:0]
[483A] INC HL                         | A:00 BC:FF03 DE:DDCB HL:439C F:00000100 [Z:0 C:0]
[483B] PUSH HL                        | A:00 BC:FF03 DE:DDCB HL:439C F:00000100 [Z:0 C:0]
[483C] LD L, A                        | A:00 BC:FF03 DE:DDCB HL:4300 F:00000100 [Z:0 C:0]
[483D] LD A, (DE)                     | A:C0 BC:FF03 DE:DDCB HL:4300 F:00000100 [Z:0 C:0]
[483E] AND B                          | A:C0 BC:FF03 DE:DDCB HL:4300 F:10010100 [Z:0 C:0]
[483F] OR L                           | A:C0 BC:FF03 DE:DDCB HL:4300 F:10000100 [Z:0 C:0]
[4840] LD (DE), A                     | A:C0 BC:FF03 DE:DDCB HL:4300 F:10000100 [Z:0 C:0]
[4841] POP HL                         | A:C0 BC:FF03 DE:DDCB HL:439C F:10000100 [Z:0 C:0]
[4842] INC DE                         | A:C0 BC:FF03 DE:DDCC HL:439C F:10000100 [Z:0 C:0]
[4843] DEC C                          | A:C0 BC:FF02 DE:DDCC HL:439C F:00000100 [Z:0 C:0]
[4844] JR NZ -> 0x4837                | A:C0 BC:FF02 DE:DDCC HL:439C F:00000100 [Z:0 C:0]
[4837] LD B, (HL)                     | A:C0 BC:FF02 DE:DDCC HL:439C F:00000100 [Z:0 C:0]
[4838] INC HL                         | A:C0 BC:FF02 DE:DDCC HL:439D F:00000100 [Z:0 C:0]
[4839] LD A, (HL)                     | A:00 BC:FF02 DE:DDCC HL:439D F:00000100 [Z:0 C:0]
[483A] INC HL                         | A:00 BC:FF02 DE:DDCC HL:439E F:00000100 [Z:0 C:0]
[483B] PUSH HL                        | A:00 BC:FF02 DE:DDCC HL:439E F:00000100 [Z:0 C:0]
[483C] LD L, A                        | A:00 BC:FF02 DE:DDCC HL:4300 F:00000100 [Z:0 C:0]
[483D] LD A, (DE)                     | A:C0 BC:FF02 DE:DDCC HL:4300 F:00000100 [Z:0 C:0]
[483E] AND B                          | A:C0 BC:FF02 DE:DDCC HL:4300 F:10010100 [Z:0 C:0]
[483F] OR L                           | A:C0 BC:FF02 DE:DDCC HL:4300 F:10000100 [Z:0 C:0]
[4840] LD (DE), A                     | A:C0 BC:FF02 DE:DDCC HL:4300 F:10000100 [Z:0 C:0]
[4841] POP HL                         | A:C0 BC:FF02 DE:DDCC HL:439E F:10000100 [Z:0 C:0]
[4842] INC DE                         | A:C0 BC:FF02 DE:DDCD HL:439E F:10000100 [Z:0 C:0]
[4843] DEC C                          | A:C0 BC:FF01 DE:DDCD HL:439E F:00000100 [Z:0 C:0]
[4844] JR NZ -> 0x4837                | A:C0 BC:FF01 DE:DDCD HL:439E F:00000100 [Z:0 C:0]
[4837] LD B, (HL)                     | A:C0 BC:FF01 DE:DDCD HL:439E F:00000100 [Z:0 C:0]
[4838] INC HL                         | A:C0 BC:FF01 DE:DDCD HL:439F F:00000100 [Z:0 C:0]
[4839] LD A, (HL)                     | A:00 BC:FF01 DE:DDCD HL:439F F:00000100 [Z:0 C:0]
[483A] INC HL                         | A:00 BC:FF01 DE:DDCD HL:43A0 F:00000100 [Z:0 C:0]
[483B] PUSH HL                        | A:00 BC:FF01 DE:DDCD HL:43A0 F:00000100 [Z:0 C:0]
[483C] LD L, A                        | A:00 BC:FF01 DE:DDCD HL:4300 F:00000100 [Z:0 C:0]
[483D] LD A, (DE)                     | A:C0 BC:FF01 DE:DDCD HL:4300 F:00000100 [Z:0 C:0]
[483E] AND B                          | A:C0 BC:FF01 DE:DDCD HL:4300 F:10010100 [Z:0 C:0]
[483F] OR L                           | A:C0 BC:FF01 DE:DDCD HL:4300 F:10000100 [Z:0 C:0]
[4840] LD (DE), A                     | A:C0 BC:FF01 DE:DDCD HL:4300 F:10000100 [Z:0 C:0]
[4841] POP HL                         | A:C0 BC:FF01 DE:DDCD HL:43A0 F:10000100 [Z:0 C:0]
[4842] INC DE                         | A:C0 BC:FF01 DE:DDCE HL:43A0 F:10000100 [Z:0 C:0]
[4843] DEC C                          | A:C0 BC:FF00 DE:DDCE HL:43A0 F:01000100 [Z:1 C:0]
[4844] JR NZ [not taken]              | A:C0 BC:FF00 DE:DDCE HL:43A0 F:01000100 [Z:1 C:0]
[4846] LD A, (0x8000)                 | A:01 BC:FF00 DE:DDCE HL:43A0 F:01000100 [Z:1 C:0]
[4849] DEC A                          | A:00 BC:FF00 DE:DDCE HL:43A0 F:01000100 [Z:1 C:0]
[484A] LD (0x8000), A                 | A:00 BC:FF00 DE:DDCE HL:43A0 F:01000100 [Z:1 C:0]
[484D] JR NZ [not taken]              | A:00 BC:FF00 DE:DDCE HL:43A0 F:01000100 [Z:1 C:0]
[484F] LD HL, 0x4400                  | A:00 BC:FF00 DE:DDCE HL:4400 F:01000100 [Z:1 C:0]
[4852] LD A, 0x14                     | A:14 BC:FF00 DE:DDCE HL:4400 F:01000100 [Z:1 C:0]
[4854] LD (0x8000), A                 | A:14 BC:FF00 DE:DDCE HL:4400 F:01000100 [Z:1 C:0]
[4857] LD E, (HL)                     | A:14 BC:FF00 DE:DD08 HL:4400 F:01000100 [Z:1 C:0]
[4858] INC HL                         | A:14 BC:FF00 DE:DD08 HL:4401 F:01000100 [Z:1 C:0]
[4859] LD D, (HL)                     | A:14 BC:FF00 DE:C508 HL:4401 F:01000100 [Z:1 C:0]
[485A] INC HL                         | A:14 BC:FF00 DE:C508 HL:4402 F:01000100 [Z:1 C:0]
[485B] LD C, 0x08                     | A:14 BC:FF08 DE:C508 HL:4402 F:01000100 [Z:1 C:0]
[485D] LD B, (HL)                     | A:14 BC:FF08 DE:C508 HL:4402 F:01000100 [Z:1 C:0]
[485E] INC HL                         | A:14 BC:FF08 DE:C508 HL:4403 F:01000100 [Z:1 C:0]
[485F] LD A, (HL)                     | A:00 BC:FF08 DE:C508 HL:4403 F:01000100 [Z:1 C:0]
[4860] INC HL                         | A:00 BC:FF08 DE:C508 HL:4404 F:01000100 [Z:1 C:0]
[4861] PUSH HL                        | A:00 BC:FF08 DE:C508 HL:4404 F:01000100 [Z:1 C:0]
[4862] LD L, A                        | A:00 BC:FF08 DE:C508 HL:4400 F:01000100 [Z:1 C:0]
[4863] LD A, (DE)                     | A:C0 BC:FF08 DE:C508 HL:4400 F:01000100 [Z:1 C:0]
[4864] AND B                          | A:C0 BC:FF08 DE:C508 HL:4400 F:10010100 [Z:0 C:0]
[4865] OR L                           | A:C0 BC:FF08 DE:C508 HL:4400 F:10000100 [Z:0 C:0]
[4866] LD (DE), A                     | A:C0 BC:FF08 DE:C508 HL:4400 F:10000100 [Z:0 C:0]
[4867] POP HL                         | A:C0 BC:FF08 DE:C508 HL:4404 F:10000100 [Z:0 C:0]
[4868] INC DE                         | A:C0 BC:FF08 DE:C509 HL:4404 F:10000100 [Z:0 C:0]
[4869] DEC C                          | A:C0 BC:FF07 DE:C509 HL:4404 F:00000100 [Z:0 C:0]
[486A] JR NZ -> 0x485D                | A:C0 BC:FF07 DE:C509 HL:4404 F:00000100 [Z:0 C:0]
[485D] LD B, (HL)                     | A:C0 BC:AA07 DE:C509 HL:4404 F:00000100 [Z:0 C:0]
[485E] INC HL                         | A:C0 BC:AA07 DE:C509 HL:4405 F:00000100 [Z:0 C:0]
[485F] LD A, (HL)                     | A:44 BC:AA07 DE:C509 HL:4405 F:00000100 [Z:0 C:0]
[4860] INC HL                         | A:44 BC:AA07 DE:C509 HL:4406 F:00000100 [Z:0 C:0]
[4861] PUSH HL                        | A:44 BC:AA07 DE:C509 HL:4406 F:00000100 [Z:0 C:0]
[4862] LD L, A                        | A:44 BC:AA07 DE:C509 HL:4444 F:00000100 [Z:0 C:0]
[4863] LD A, (DE)                     | A:C0 BC:AA07 DE:C509 HL:4444 F:00000100 [Z:0 C:0]
[4864] AND B                          | A:80 BC:AA07 DE:C509 HL:4444 F:10010000 [Z:0 C:0]
[4865] OR L                           | A:C4 BC:AA07 DE:C509 HL:4444 F:10000000 [Z:0 C:0]
[4866] LD (DE), A                     | A:C4 BC:AA07 DE:C509 HL:4444 F:10000000 [Z:0 C:0]
[4867] POP HL                         | A:C4 BC:AA07 DE:C509 HL:4406 F:10000000 [Z:0 C:0]
[4868] INC DE                         | A:C4 BC:AA07 DE:C50A HL:4406 F:10000000 [Z:0 C:0]
[4869] DEC C                          | A:C4 BC:AA06 DE:C50A HL:4406 F:00000000 [Z:0 C:0]
[486A] JR NZ -> 0x485D                | A:C4 BC:AA06 DE:C50A HL:4406 F:00000000 [Z:0 C:0]
[485D] LD B, (HL)                     | A:C4 BC:0006 DE:C50A HL:4406 F:00000000 [Z:0 C:0]
[485E] INC HL                         | A:C4 BC:0006 DE:C50A HL:4407 F:00000000 [Z:0 C:0]
[485F] LD A, (HL)                     | A:CC BC:0006 DE:C50A HL:4407 F:00000000 [Z:0 C:0]
[4860] INC HL                         | A:CC BC:0006 DE:C50A HL:4408 F:00000000 [Z:0 C:0]
[4861] PUSH HL                        | A:CC BC:0006 DE:C50A HL:4408 F:00000000 [Z:0 C:0]
[4862] LD L, A                        | A:CC BC:0006 DE:C50A HL:44CC F:00000000 [Z:0 C:0]
[4863] LD A, (DE)                     | A:C0 BC:0006 DE:C50A HL:44CC F:00000000 [Z:0 C:0]
[4864] AND B                          | A:00 BC:0006 DE:C50A HL:44CC F:01010100 [Z:1 C:0]
[4865] OR L                           | A:CC BC:0006 DE:C50A HL:44CC F:10000100 [Z:0 C:0]
[4866] LD (DE), A                     | A:CC BC:0006 DE:C50A HL:44CC F:10000100 [Z:0 C:0]
[4867] POP HL                         | A:CC BC:0006 DE:C50A HL:4408 F:10000100 [Z:0 C:0]
[4868] INC DE                         | A:CC BC:0006 DE:C50B HL:4408 F:10000100 [Z:0 C:0]
[4869] DEC C                          | A:CC BC:0005 DE:C50B HL:4408 F:00000100 [Z:0 C:0]
[486A] JR NZ -> 0x485D                | A:CC BC:0005 DE:C50B HL:4408 F:00000100 [Z:0 C:0]
[485D] LD B, (HL)                     | A:CC BC:0005 DE:C50B HL:4408 F:00000100 [Z:0 C:0]
[485E] INC HL                         | A:CC BC:0005 DE:C50B HL:4409 F:00000100 [Z:0 C:0]
[485F] LD A, (HL)                     | A:CC BC:0005 DE:C50B HL:4409 F:00000100 [Z:0 C:0]
[4860] INC HL                         | A:CC BC:0005 DE:C50B HL:440A F:00000100 [Z:0 C:0]
[4861] PUSH HL                        | A:CC BC:0005 DE:C50B HL:440A F:00000100 [Z:0 C:0]
[4862] LD L, A                        | A:CC BC:0005 DE:C50B HL:44CC F:00000100 [Z:0 C:0]
[4863] LD A, (DE)                     | A:C0 BC:0005 DE:C50B HL:44CC F:00000100 [Z:0 C:0]
[4864] AND B                          | A:00 BC:0005 DE:C50B HL:44CC F:01010100 [Z:1 C:0]
[4865] OR L                           | A:CC BC:0005 DE:C50B HL:44CC F:10000100 [Z:0 C:0]
[4866] LD (DE), A                     | A:CC BC:0005 DE:C50B HL:44CC F:10000100 [Z:0 C:0]
[4867] POP HL                         | A:CC BC:0005 DE:C50B HL:440A F:10000100 [Z:0 C:0]
[4868] INC DE                         | A:CC BC:0005 DE:C50C HL:440A F:10000100 [Z:0 C:0]
[4869] DEC C                          | A:CC BC:0004 DE:C50C HL:440A F:00000100 [Z:0 C:0]
[486A] JR NZ -> 0x485D                | A:CC BC:0004 DE:C50C HL:440A F:00000100 [Z:0 C:0]
[485D] LD B, (HL)                     | A:CC BC:0004 DE:C50C HL:440A F:00000100 [Z:0 C:0]
[485E] INC HL                         | A:CC BC:0004 DE:C50C HL:440B F:00000100 [Z:0 C:0]
[485F] LD A, (HL)                     | A:CC BC:0004 DE:C50C HL:440B F:00000100 [Z:0 C:0]
[4860] INC HL                         | A:CC BC:0004 DE:C50C HL:440C F:00000100 [Z:0 C:0]
[4861] PUSH HL                        | A:CC BC:0004 DE:C50C HL:440C F:00000100 [Z:0 C:0]
[4862] LD L, A                        | A:CC BC:0004 DE:C50C HL:44CC F:00000100 [Z:0 C:0]
[4863] LD A, (DE)                     | A:C0 BC:0004 DE:C50C HL:44CC F:00000100 [Z:0 C:0]
[4864] AND B                          | A:00 BC:0004 DE:C50C HL:44CC F:01010100 [Z:1 C:0]
[4865] OR L                           | A:CC BC:0004 DE:C50C HL:44CC F:10000100 [Z:0 C:0]
[4866] LD (DE), A                     | A:CC BC:0004 DE:C50C HL:44CC F:10000100 [Z:0 C:0]
[4867] POP HL                         | A:CC BC:0004 DE:C50C HL:440C F:10000100 [Z:0 C:0]
[4868] INC DE                         | A:CC BC:0004 DE:C50D HL:440C F:10000100 [Z:0 C:0]
[4869] DEC C                          | A:CC BC:0003 DE:C50D HL:440C F:00000100 [Z:0 C:0]
[486A] JR NZ -> 0x485D                | A:CC BC:0003 DE:C50D HL:440C F:00000100 [Z:0 C:0]
[485D] LD B, (HL)                     | A:CC BC:0003 DE:C50D HL:440C F:00000100 [Z:0 C:0]
[485E] INC HL                         | A:CC BC:0003 DE:C50D HL:440D F:00000100 [Z:0 C:0]
[485F] LD A, (HL)                     | A:CC BC:0003 DE:C50D HL:440D F:00000100 [Z:0 C:0]
[4860] INC HL                         | A:CC BC:0003 DE:C50D HL:440E F:00000100 [Z:0 C:0]
[4861] PUSH HL                        | A:CC BC:0003 DE:C50D HL:440E F:00000100 [Z:0 C:0]
[4862] LD L, A                        | A:CC BC:0003 DE:C50D HL:44CC F:00000100 [Z:0 C:0]
[4863] LD A, (DE)                     | A:C0 BC:0003 DE:C50D HL:44CC F:00000100 [Z:0 C:0]
[4864] AND B                          | A:00 BC:0003 DE:C50D HL:44CC F:01010100 [Z:1 C:0]
[4865] OR L                           | A:CC BC:0003 DE:C50D HL:44CC F:10000100 [Z:0 C:0]
[4866] LD (DE), A                     | A:CC BC:0003 DE:C50D HL:44CC F:10000100 [Z:0 C:0]
[4867] POP HL                         | A:CC BC:0003 DE:C50D HL:440E F:10000100 [Z:0 C:0]
[4868] INC DE                         | A:CC BC:0003 DE:C50E HL:440E F:10000100 [Z:0 C:0]
[4869] DEC C                          | A:CC BC:0002 DE:C50E HL:440E F:00000100 [Z:0 C:0]
[486A] JR NZ -> 0x485D                | A:CC BC:0002 DE:C50E HL:440E F:00000100 [Z:0 C:0]
[485D] LD B, (HL)                     | A:CC BC:5502 DE:C50E HL:440E F:00000100 [Z:0 C:0]
[485E] INC HL                         | A:CC BC:5502 DE:C50E HL:440F F:00000100 [Z:0 C:0]
[485F] LD A, (HL)                     | A:88 BC:5502 DE:C50E HL:440F F:00000100 [Z:0 C:0]
[4860] INC HL                         | A:88 BC:5502 DE:C50E HL:4410 F:00000100 [Z:0 C:0]
[4861] PUSH HL                        | A:88 BC:5502 DE:C50E HL:4410 F:00000100 [Z:0 C:0]
[4862] LD L, A                        | A:88 BC:5502 DE:C50E HL:4488 F:00000100 [Z:0 C:0]
[4863] LD A, (DE)                     | A:C0 BC:5502 DE:C50E HL:4488 F:00000100 [Z:0 C:0]
[4864] AND B                          | A:40 BC:5502 DE:C50E HL:4488 F:00010000 [Z:0 C:0]
[4865] OR L                           | A:C8 BC:5502 DE:C50E HL:4488 F:10000000 [Z:0 C:0]
[4866] LD (DE), A                     | A:C8 BC:5502 DE:C50E HL:4488 F:10000000 [Z:0 C:0]
[4867] POP HL                         | A:C8 BC:5502 DE:C50E HL:4410 F:10000000 [Z:0 C:0]
[4868] INC DE                         | A:C8 BC:5502 DE:C50F HL:4410 F:10000000 [Z:0 C:0]
[4869] DEC C                          | A:C8 BC:5501 DE:C50F HL:4410 F:00000000 [Z:0 C:0]
[486A] JR NZ -> 0x485D                | A:C8 BC:5501 DE:C50F HL:4410 F:00000000 [Z:0 C:0]
[485D] LD B, (HL)                     | A:C8 BC:FF01 DE:C50F HL:4410 F:00000000 [Z:0 C:0]
[485E] INC HL                         | A:C8 BC:FF01 DE:C50F HL:4411 F:00000000 [Z:0 C:0]
[485F] LD A, (HL)                     | A:00 BC:FF01 DE:C50F HL:4411 F:00000000 [Z:0 C:0]
[4860] INC HL                         | A:00 BC:FF01 DE:C50F HL:4412 F:00000000 [Z:0 C:0]
[4861] PUSH HL                        | A:00 BC:FF01 DE:C50F HL:4412 F:00000000 [Z:0 C:0]
[4862] LD L, A                        | A:00 BC:FF01 DE:C50F HL:4400 F:00000000 [Z:0 C:0]
[4863] LD A, (DE)                     | A:C0 BC:FF01 DE:C50F HL:4400 F:00000000 [Z:0 C:0]
[4864] AND B                          | A:C0 BC:FF01 DE:C50F HL:4400 F:10010100 [Z:0 C:0]
[4865] OR L                           | A:C0 BC:FF01 DE:C50F HL:4400 F:10000100 [Z:0 C:0]
[4866] LD (DE), A                     | A:C0 BC:FF01 DE:C50F HL:4400 F:10000100 [Z:0 C:0]
[4867] POP HL                         | A:C0 BC:FF01 DE:C50F HL:4412 F:10000100 [Z:0 C:0]
[4868] INC DE                         | A:C0 BC:FF01 DE:C510 HL:4412 F:10000100 [Z:0 C:0]
[4869] DEC C                          | A:C0 BC:FF00 DE:C510 HL:4412 F:01000100 [Z:1 C:0]
[486A] JR NZ [not taken]              | A:C0 BC:FF00 DE:C510 HL:4412 F:01000100 [Z:1 C:0]
[486C] LD A, (0x8000)                 | A:14 BC:FF00 DE:C510 HL:4412 F:01000100 [Z:1 C:0]
[486F] DEC A                          | A:13 BC:FF00 DE:C510 HL:4412 F:00000100 [Z:0 C:0]
[4870] LD (0x8000), A                 | A:13 BC:FF00 DE:C510 HL:4412 F:00000100 [Z:0 C:0]
[4873] JR NZ -> 0x4857                | A:13 BC:FF00 DE:C510 HL:4412 F:00000100 [Z:0 C:0]
[4857] LD E, (HL)                     | A:13 BC:FF00 DE:C508 HL:4412 F:00000100 [Z:0 C:0]
[4858] INC HL                         | A:13 BC:FF00 DE:C508 HL:4413 F:00000100 [Z:0 C:0]
[4859] LD D, (HL)                     | A:13 BC:FF00 DE:CD08 HL:4413 F:00000100 [Z:0 C:0]
[485A] INC HL                         | A:13 BC:FF00 DE:CD08 HL:4414 F:00000100 [Z:0 C:0]
[485B] LD C, 0x08                     | A:13 BC:FF08 DE:CD08 HL:4414 F:00000100 [Z:0 C:0]
[485D] LD B, (HL)                     | A:13 BC:FF08 DE:CD08 HL:4414 F:00000100 [Z:0 C:0]
[485E] INC HL                         | A:13 BC:FF08 DE:CD08 HL:4415 F:00000100 [Z:0 C:0]
[485F] LD A, (HL)                     | A:00 BC:FF08 DE:CD08 HL:4415 F:00000100 [Z:0 C:0]
[4860] INC HL                         | A:00 BC:FF08 DE:CD08 HL:4416 F:00000100 [Z:0 C:0]
[4861] PUSH HL                        | A:00 BC:FF08 DE:CD08 HL:4416 F:00000100 [Z:0 C:0]
[4862] LD L, A                        | A:00 BC:FF08 DE:CD08 HL:4400 F:00000100 [Z:0 C:0]
[4863] LD A, (DE)                     | A:C0 BC:FF08 DE:CD08 HL:4400 F:00000100 [Z:0 C:0]
[4864] AND B                          | A:C0 BC:FF08 DE:CD08 HL:4400 F:10010100 [Z:0 C:0]
[4865] OR L                           | A:C0 BC:FF08 DE:CD08 HL:4400 F:10000100 [Z:0 C:0]
[4866] LD (DE), A                     | A:C0 BC:FF08 DE:CD08 HL:4400 F:10000100 [Z:0 C:0]
[4867] POP HL                         | A:C0 BC:FF08 DE:CD08 HL:4416 F:10000100 [Z:0 C:0]
[4868] INC DE                         | A:C0 BC:FF08 DE:CD09 HL:4416 F:10000100 [Z:0 C:0]
[4869] DEC C                          | A:C0 BC:FF07 DE:CD09 HL:4416 F:00000100 [Z:0 C:0]
[486A] JR NZ -> 0x485D                | A:C0 BC:FF07 DE:CD09 HL:4416 F:00000100 [Z:0 C:0]
[485D] LD B, (HL)                     | A:C0 BC:0007 DE:CD09 HL:4416 F:00000100 [Z:0 C:0]
[485E] INC HL                         | A:C0 BC:0007 DE:CD09 HL:4417 F:00000100 [Z:0 C:0]
[485F] LD A, (HL)                     | A:CC BC:0007 DE:CD09 HL:4417 F:00000100 [Z:0 C:0]
[4860] INC HL                         | A:CC BC:0007 DE:CD09 HL:4418 F:00000100 [Z:0 C:0]
[4861] PUSH HL                        | A:CC BC:0007 DE:CD09 HL:4418 F:00000100 [Z:0 C:0]
[4862] LD L, A                        | A:CC BC:0007 DE:CD09 HL:44CC F:00000100 [Z:0 C:0]
[4863] LD A, (DE)                     | A:C0 BC:0007 DE:CD09 HL:44CC F:00000100 [Z:0 C:0]
[4864] AND B                          | A:00 BC:0007 DE:CD09 HL:44CC F:01010100 [Z:1 C:0]
[4865] OR L                           | A:CC BC:0007 DE:CD09 HL:44CC F:10000100 [Z:0 C:0]
[4866] LD (DE), A                     | A:CC BC:0007 DE:CD09 HL:44CC F:10000100 [Z:0 C:0]
[4867] POP HL                         | A:CC BC:0007 DE:CD09 HL:4418 F:10000100 [Z:0 C:0]
[4868] INC DE                         | A:CC BC:0007 DE:CD0A HL:4418 F:10000100 [Z:0 C:0]
[4869] DEC C                          | A:CC BC:0006 DE:CD0A HL:4418 F:00000100 [Z:0 C:0]
[486A] JR NZ -> 0x485D                | A:CC BC:0006 DE:CD0A HL:4418 F:00000100 [Z:0 C:0]
[485D] LD B, (HL)                     | A:CC BC:0006 DE:CD0A HL:4418 F:00000100 [Z:0 C:0]
[485E] INC HL                         | A:CC BC:0006 DE:CD0A HL:4419 F:00000100 [Z:0 C:0]
[485F] LD A, (HL)                     | A:CC BC:0006 DE:CD0A HL:4419 F:00000100 [Z:0 C:0]
[4860] INC HL                         | A:CC BC:0006 DE:CD0A HL:441A F:00000100 [Z:0 C:0]
[4861] PUSH HL                        | A:CC BC:0006 DE:CD0A HL:441A F:00000100 [Z:0 C:0]
[4862] LD L, A                        | A:CC BC:0006 DE:CD0A HL:44CC F:00000100 [Z:0 C:0]
[4863] LD A, (DE)                     | A:C0 BC:0006 DE:CD0A HL:44CC F:00000100 [Z:0 C:0]
[4864] AND B                          | A:00 BC:0006 DE:CD0A HL:44CC F:01010100 [Z:1 C:0]
[4865] OR L                           | A:CC BC:0006 DE:CD0A HL:44CC F:10000100 [Z:0 C:0]
[4866] LD (DE), A                     | A:CC BC:0006 DE:CD0A HL:44CC F:10000100 [Z:0 C:0]
[4867] POP HL                         | A:CC BC:0006 DE:CD0A HL:441A F:10000100 [Z:0 C:0]
[4868] INC DE                         | A:CC BC:0006 DE:CD0B HL:441A F:10000100 [Z:0 C:0]
[4869] DEC C                          | A:CC BC:0005 DE:CD0B HL:441A F:00000100 [Z:0 C:0]
[486A] JR NZ -> 0x485D                | A:CC BC:0005 DE:CD0B HL:441A F:00000100 [Z:0 C:0]
[485D] LD B, (HL)                     | A:CC BC:0005 DE:CD0B HL:441A F:00000100 [Z:0 C:0]
[485E] INC HL                         | A:CC BC:0005 DE:CD0B HL:441B F:00000100 [Z:0 C:0]
[485F] LD A, (HL)                     | A:CC BC:0005 DE:CD0B HL:441B F:00000100 [Z:0 C:0]
[4860] INC HL                         | A:CC BC:0005 DE:CD0B HL:441C F:00000100 [Z:0 C:0]
[4861] PUSH HL                        | A:CC BC:0005 DE:CD0B HL:441C F:00000100 [Z:0 C:0]
[4862] LD L, A                        | A:CC BC:0005 DE:CD0B HL:44CC F:00000100 [Z:0 C:0]
[4863] LD A, (DE)                     | A:C0 BC:0005 DE:CD0B HL:44CC F:00000100 [Z:0 C:0]
[4864] AND B                          | A:00 BC:0005 DE:CD0B HL:44CC F:01010100 [Z:1 C:0]
[4865] OR L                           | A:CC BC:0005 DE:CD0B HL:44CC F:10000100 [Z:0 C:0]
[4866] LD (DE), A                     | A:CC BC:0005 DE:CD0B HL:44CC F:10000100 [Z:0 C:0]
[4867] POP HL                         | A:CC BC:0005 DE:CD0B HL:441C F:10000100 [Z:0 C:0]
[4868] INC DE                         | A:CC BC:0005 DE:CD0C HL:441C F:10000100 [Z:0 C:0]
[4869] DEC C                          | A:CC BC:0004 DE:CD0C HL:441C F:00000100 [Z:0 C:0]
[486A] JR NZ -> 0x485D                | A:CC BC:0004 DE:CD0C HL:441C F:00000100 [Z:0 C:0]
[485D] LD B, (HL)                     | A:CC BC:0004 DE:CD0C HL:441C F:00000100 [Z:0 C:0]
[485E] INC HL                         | A:CC BC:0004 DE:CD0C HL:441D F:00000100 [Z:0 C:0]
[485F] LD A, (HL)                     | A:CC BC:0004 DE:CD0C HL:441D F:00000100 [Z:0 C:0]
[4860] INC HL                         | A:CC BC:0004 DE:CD0C HL:441E F:00000100 [Z:0 C:0]
[4861] PUSH HL                        | A:CC BC:0004 DE:CD0C HL:441E F:00000100 [Z:0 C:0]
[4862] LD L, A                        | A:CC BC:0004 DE:CD0C HL:44CC F:00000100 [Z:0 C:0]
[4863] LD A, (DE)                     | A:C0 BC:0004 DE:CD0C HL:44CC F:00000100 [Z:0 C:0]
[4864] AND B                          | A:00 BC:0004 DE:CD0C HL:44CC F:01010100 [Z:1 C:0]
[4865] OR L                           | A:CC BC:0004 DE:CD0C HL:44CC F:10000100 [Z:0 C:0]
[4866] LD (DE), A                     | A:CC BC:0004 DE:CD0C HL:44CC F:10000100 [Z:0 C:0]
[4867] POP HL                         | A:CC BC:0004 DE:CD0C HL:441E F:10000100 [Z:0 C:0]
[4868] INC DE                         | A:CC BC:0004 DE:CD0D HL:441E F:10000100 [Z:0 C:0]
[4869] DEC C                          | A:CC BC:0003 DE:CD0D HL:441E F:00000100 [Z:0 C:0]
[486A] JR NZ -> 0x485D                | A:CC BC:0003 DE:CD0D HL:441E F:00000100 [Z:0 C:0]
[485D] LD B, (HL)                     | A:CC BC:0003 DE:CD0D HL:441E F:00000100 [Z:0 C:0]
[485E] INC HL                         | A:CC BC:0003 DE:CD0D HL:441F F:00000100 [Z:0 C:0]
[485F] LD A, (HL)                     | A:CC BC:0003 DE:CD0D HL:441F F:00000100 [Z:0 C:0]
[4860] INC HL                         | A:CC BC:0003 DE:CD0D HL:4420 F:00000100 [Z:0 C:0]
[4861] PUSH HL                        | A:CC BC:0003 DE:CD0D HL:4420 F:00000100 [Z:0 C:0]
[4862] LD L, A                        | A:CC BC:0003 DE:CD0D HL:44CC F:00000100 [Z:0 C:0]
[4863] LD A, (DE)                     | A:C0 BC:0003 DE:CD0D HL:44CC F:00000100 [Z:0 C:0]
[4864] AND B                          | A:00 BC:0003 DE:CD0D HL:44CC F:01010100 [Z:1 C:0]
[4865] OR L                           | A:CC BC:0003 DE:CD0D HL:44CC F:10000100 [Z:0 C:0]
[4866] LD (DE), A                     | A:CC BC:0003 DE:CD0D HL:44CC F:10000100 [Z:0 C:0]
[4867] POP HL                         | A:CC BC:0003 DE:CD0D HL:4420 F:10000100 [Z:0 C:0]
[4868] INC DE                         | A:CC BC:0003 DE:CD0E HL:4420 F:10000100 [Z:0 C:0]
[4869] DEC C                          | A:CC BC:0002 DE:CD0E HL:4420 F:00000100 [Z:0 C:0]
[486A] JR NZ -> 0x485D                | A:CC BC:0002 DE:CD0E HL:4420 F:00000100 [Z:0 C:0]
[485D] LD B, (HL)                     | A:CC BC:0002 DE:CD0E HL:4420 F:00000100 [Z:0 C:0]
[485E] INC HL                         | A:CC BC:0002 DE:CD0E HL:4421 F:00000100 [Z:0 C:0]
[485F] LD A, (HL)                     | A:CC BC:0002 DE:CD0E HL:4421 F:00000100 [Z:0 C:0]
[4860] INC HL                         | A:CC BC:0002 DE:CD0E HL:4422 F:00000100 [Z:0 C:0]
[4861] PUSH HL                        | A:CC BC:0002 DE:CD0E HL:4422 F:00000100 [Z:0 C:0]
[4862] LD L, A                        | A:CC BC:0002 DE:CD0E HL:44CC F:00000100 [Z:0 C:0]
[4863] LD A, (DE)                     | A:C0 BC:0002 DE:CD0E HL:44CC F:00000100 [Z:0 C:0]
[4864] AND B                          | A:00 BC:0002 DE:CD0E HL:44CC F:01010100 [Z:1 C:0]
[4865] OR L                           | A:CC BC:0002 DE:CD0E HL:44CC F:10000100 [Z:0 C:0]
[4866] LD (DE), A                     | A:CC BC:0002 DE:CD0E HL:44CC F:10000100 [Z:0 C:0]
[4867] POP HL                         | A:CC BC:0002 DE:CD0E HL:4422 F:10000100 [Z:0 C:0]
[4868] INC DE                         | A:CC BC:0002 DE:CD0F HL:4422 F:10000100 [Z:0 C:0]
[4869] DEC C                          | A:CC BC:0001 DE:CD0F HL:4422 F:00000100 [Z:0 C:0]
[486A] JR NZ -> 0x485D                | A:CC BC:0001 DE:CD0F HL:4422 F:00000100 [Z:0 C:0]
[485D] LD B, (HL)                     | A:CC BC:FF01 DE:CD0F HL:4422 F:00000100 [Z:0 C:0]
[485E] INC HL                         | A:CC BC:FF01 DE:CD0F HL:4423 F:00000100 [Z:0 C:0]
[485F] LD A, (HL)                     | A:00 BC:FF01 DE:CD0F HL:4423 F:00000100 [Z:0 C:0]
[4860] INC HL                         | A:00 BC:FF01 DE:CD0F HL:4424 F:00000100 [Z:0 C:0]
[4861] PUSH HL                        | A:00 BC:FF01 DE:CD0F HL:4424 F:00000100 [Z:0 C:0]
[4862] LD L, A                        | A:00 BC:FF01 DE:CD0F HL:4400 F:00000100 [Z:0 C:0]
[4863] LD A, (DE)                     | A:C0 BC:FF01 DE:CD0F HL:4400 F:00000100 [Z:0 C:0]
[4864] AND B                          | A:C0 BC:FF01 DE:CD0F HL:4400 F:10010100 [Z:0 C:0]
[4865] OR L                           | A:C0 BC:FF01 DE:CD0F HL:4400 F:10000100 [Z:0 C:0]
[4866] LD (DE), A                     | A:C0 BC:FF01 DE:CD0F HL:4400 F:10000100 [Z:0 C:0]
[4867] POP HL                         | A:C0 BC:FF01 DE:CD0F HL:4424 F:10000100 [Z:0 C:0]
[4868] INC DE                         | A:C0 BC:FF01 DE:CD10 HL:4424 F:10000100 [Z:0 C:0]
[4869] DEC C                          | A:C0 BC:FF00 DE:CD10 HL:4424 F:01000100 [Z:1 C:0]
[486A] JR NZ [not taken]              | A:C0 BC:FF00 DE:CD10 HL:4424 F:01000100 [Z:1 C:0]
[486C] LD A, (0x8000)                 | A:13 BC:FF00 DE:CD10 HL:4424 F:01000100 [Z:1 C:0]
[486F] DEC A                          | A:12 BC:FF00 DE:CD10 HL:4424 F:00000100 [Z:0 C:0]
[4870] LD (0x8000), A                 | A:12 BC:FF00 DE:CD10 HL:4424 F:00000100 [Z:0 C:0]
[4873] JR NZ -> 0x4857                | A:12 BC:FF00 DE:CD10 HL:4424 F:00000100 [Z:0 C:0]
[4857] LD E, (HL)                     | A:12 BC:FF00 DE:CD08 HL:4424 F:00000100 [Z:0 C:0]
[4858] INC HL                         | A:12 BC:FF00 DE:CD08 HL:4425 F:00000100 [Z:0 C:0]
[4859] LD D, (HL)                     | A:12 BC:FF00 DE:D508 HL:4425 F:00000100 [Z:0 C:0]
[485A] INC HL                         | A:12 BC:FF00 DE:D508 HL:4426 F:00000100 [Z:0 C:0]
[485B] LD C, 0x08                     | A:12 BC:FF08 DE:D508 HL:4426 F:00000100 [Z:0 C:0]
[485D] LD B, (HL)                     | A:12 BC:FF08 DE:D508 HL:4426 F:00000100 [Z:0 C:0]
[485E] INC HL                         | A:12 BC:FF08 DE:D508 HL:4427 F:00000100 [Z:0 C:0]
[485F] LD A, (HL)                     | A:00 BC:FF08 DE:D508 HL:4427 F:00000100 [Z:0 C:0]
[4860] INC HL                         | A:00 BC:FF08 DE:D508 HL:4428 F:00000100 [Z:0 C:0]
[4861] PUSH HL                        | A:00 BC:FF08 DE:D508 HL:4428 F:00000100 [Z:0 C:0]
[4862] LD L, A                        | A:00 BC:FF08 DE:D508 HL:4400 F:00000100 [Z:0 C:0]
[4863] LD A, (DE)                     | A:C0 BC:FF08 DE:D508 HL:4400 F:00000100 [Z:0 C:0]
[4864] AND B                          | A:C0 BC:FF08 DE:D508 HL:4400 F:10010100 [Z:0 C:0]
[4865] OR L                           | A:C0 BC:FF08 DE:D508 HL:4400 F:10000100 [Z:0 C:0]
[4866] LD (DE), A                     | A:C0 BC:FF08 DE:D508 HL:4400 F:10000100 [Z:0 C:0]
[4867] POP HL                         | A:C0 BC:FF08 DE:D508 HL:4428 F:10000100 [Z:0 C:0]
[4868] INC DE                         | A:C0 BC:FF08 DE:D509 HL:4428 F:10000100 [Z:0 C:0]
[4869] DEC C                          | A:C0 BC:FF07 DE:D509 HL:4428 F:00000100 [Z:0 C:0]
[486A] JR NZ -> 0x485D                | A:C0 BC:FF07 DE:D509 HL:4428 F:00000100 [Z:0 C:0]
[485D] LD B, (HL)                     | A:C0 BC:0007 DE:D509 HL:4428 F:00000100 [Z:0 C:0]
[485E] INC HL                         | A:C0 BC:0007 DE:D509 HL:4429 F:00000100 [Z:0 C:0]
[485F] LD A, (HL)                     | A:03 BC:0007 DE:D509 HL:4429 F:00000100 [Z:0 C:0]
[4860] INC HL                         | A:03 BC:0007 DE:D509 HL:442A F:00000100 [Z:0 C:0]
[4861] PUSH HL                        | A:03 BC:0007 DE:D509 HL:442A F:00000100 [Z:0 C:0]
[4862] LD L, A                        | A:03 BC:0007 DE:D509 HL:4403 F:00000100 [Z:0 C:0]
[4863] LD A, (DE)                     | A:C0 BC:0007 DE:D509 HL:4403 F:00000100 [Z:0 C:0]
[4864] AND B                          | A:00 BC:0007 DE:D509 HL:4403 F:01010100 [Z:1 C:0]
[4865] OR L                           | A:03 BC:0007 DE:D509 HL:4403 F:00000100 [Z:0 C:0]
[4866] LD (DE), A                     | A:03 BC:0007 DE:D509 HL:4403 F:00000100 [Z:0 C:0]
[4867] POP HL                         | A:03 BC:0007 DE:D509 HL:442A F:00000100 [Z:0 C:0]
[4868] INC DE                         | A:03 BC:0007 DE:D50A HL:442A F:00000100 [Z:0 C:0]
[4869] DEC C                          | A:03 BC:0006 DE:D50A HL:442A F:00000100 [Z:0 C:0]
[486A] JR NZ -> 0x485D                | A:03 BC:0006 DE:D50A HL:442A F:00000100 [Z:0 C:0]
[485D] LD B, (HL)                     | A:03 BC:0006 DE:D50A HL:442A F:00000100 [Z:0 C:0]
[485E] INC HL                         | A:03 BC:0006 DE:D50A HL:442B F:00000100 [Z:0 C:0]
[485F] LD A, (HL)                     | A:03 BC:0006 DE:D50A HL:442B F:00000100 [Z:0 C:0]
[4860] INC HL                         | A:03 BC:0006 DE:D50A HL:442C F:00000100 [Z:0 C:0]
[4861] PUSH HL                        | A:03 BC:0006 DE:D50A HL:442C F:00000100 [Z:0 C:0]
[4862] LD L, A                        | A:03 BC:0006 DE:D50A HL:4403 F:00000100 [Z:0 C:0]
[4863] LD A, (DE)                     | A:C0 BC:0006 DE:D50A HL:4403 F:00000100 [Z:0 C:0]
[4864] AND B                          | A:00 BC:0006 DE:D50A HL:4403 F:01010100 [Z:1 C:0]
[4865] OR L                           | A:03 BC:0006 DE:D50A HL:4403 F:00000100 [Z:0 C:0]
[4866] LD (DE), A                     | A:03 BC:0006 DE:D50A HL:4403 F:00000100 [Z:0 C:0]
[4867] POP HL                         | A:03 BC:0006 DE:D50A HL:442C F:00000100 [Z:0 C:0]
[4868] INC DE                         | A:03 BC:0006 DE:D50B HL:442C F:00000100 [Z:0 C:0]
[4869] DEC C                          | A:03 BC:0005 DE:D50B HL:442C F:00000100 [Z:0 C:0]
[486A] JR NZ -> 0x485D                | A:03 BC:0005 DE:D50B HL:442C F:00000100 [Z:0 C:0]
[485D] LD B, (HL)                     | A:03 BC:0005 DE:D50B HL:442C F:00000100 [Z:0 C:0]
[485E] INC HL                         | A:03 BC:0005 DE:D50B HL:442D F:00000100 [Z:0 C:0]
[485F] LD A, (HL)                     | A:03 BC:0005 DE:D50B HL:442D F:00000100 [Z:0 C:0]
[4860] INC HL                         | A:03 BC:0005 DE:D50B HL:442E F:00000100 [Z:0 C:0]
[4861] PUSH HL                        | A:03 BC:0005 DE:D50B HL:442E F:00000100 [Z:0 C:0]
[4862] LD L, A                        | A:03 BC:0005 DE:D50B HL:4403 F:00000100 [Z:0 C:0]
[4863] LD A, (DE)                     | A:C0 BC:0005 DE:D50B HL:4403 F:00000100 [Z:0 C:0]
[4864] AND B                          | A:00 BC:0005 DE:D50B HL:4403 F:01010100 [Z:1 C:0]
[4865] OR L                           | A:03 BC:0005 DE:D50B HL:4403 F:00000100 [Z:0 C:0]
[4866] LD (DE), A                     | A:03 BC:0005 DE:D50B HL:4403 F:00000100 [Z:0 C:0]
[4867] POP HL                         | A:03 BC:0005 DE:D50B HL:442E F:00000100 [Z:0 C:0]
[4868] INC DE                         | A:03 BC:0005 DE:D50C HL:442E F:00000100 [Z:0 C:0]
[4869] DEC C                          | A:03 BC:0004 DE:D50C HL:442E F:00000100 [Z:0 C:0]
[486A] JR NZ -> 0x485D                | A:03 BC:0004 DE:D50C HL:442E F:00000100 [Z:0 C:0]
[485D] LD B, (HL)                     | A:03 BC:0004 DE:D50C HL:442E F:00000100 [Z:0 C:0]
[485E] INC HL                         | A:03 BC:0004 DE:D50C HL:442F F:00000100 [Z:0 C:0]
[485F] LD A, (HL)                     | A:03 BC:0004 DE:D50C HL:442F F:00000100 [Z:0 C:0]
[4860] INC HL                         | A:03 BC:0004 DE:D50C HL:4430 F:00000100 [Z:0 C:0]
[4861] PUSH HL                        | A:03 BC:0004 DE:D50C HL:4430 F:00000100 [Z:0 C:0]
[4862] LD L, A                        | A:03 BC:0004 DE:D50C HL:4403 F:00000100 [Z:0 C:0]
[4863] LD A, (DE)                     | A:C0 BC:0004 DE:D50C HL:4403 F:00000100 [Z:0 C:0]
[4864] AND B                          | A:00 BC:0004 DE:D50C HL:4403 F:01010100 [Z:1 C:0]
[4865] OR L                           | A:03 BC:0004 DE:D50C HL:4403 F:00000100 [Z:0 C:0]
[4866] LD (DE), A                     | A:03 BC:0004 DE:D50C HL:4403 F:00000100 [Z:0 C:0]
[4867] POP HL                         | A:03 BC:0004 DE:D50C HL:4430 F:00000100 [Z:0 C:0]
[4868] INC DE                         | A:03 BC:0004 DE:D50D HL:4430 F:00000100 [Z:0 C:0]
[4869] DEC C                          | A:03 BC:0003 DE:D50D HL:4430 F:00000100 [Z:0 C:0]
[486A] JR NZ -> 0x485D                | A:03 BC:0003 DE:D50D HL:4430 F:00000100 [Z:0 C:0]
[485D] LD B, (HL)                     | A:03 BC:0003 DE:D50D HL:4430 F:00000100 [Z:0 C:0]
[485E] INC HL                         | A:03 BC:0003 DE:D50D HL:4431 F:00000100 [Z:0 C:0]
[485F] LD A, (HL)                     | A:03 BC:0003 DE:D50D HL:4431 F:00000100 [Z:0 C:0]
[4860] INC HL                         | A:03 BC:0003 DE:D50D HL:4432 F:00000100 [Z:0 C:0]
[4861] PUSH HL                        | A:03 BC:0003 DE:D50D HL:4432 F:00000100 [Z:0 C:0]
[4862] LD L, A                        | A:03 BC:0003 DE:D50D HL:4403 F:00000100 [Z:0 C:0]
[4863] LD A, (DE)                     | A:C0 BC:0003 DE:D50D HL:4403 F:00000100 [Z:0 C:0]
[4864] AND B                          | A:00 BC:0003 DE:D50D HL:4403 F:01010100 [Z:1 C:0]
[4865] OR L                           | A:03 BC:0003 DE:D50D HL:4403 F:00000100 [Z:0 C:0]
[4866] LD (DE), A                     | A:03 BC:0003 DE:D50D HL:4403 F:00000100 [Z:0 C:0]
[4867] POP HL                         | A:03 BC:0003 DE:D50D HL:4432 F:00000100 [Z:0 C:0]
[4868] INC DE                         | A:03 BC:0003 DE:D50E HL:4432 F:00000100 [Z:0 C:0]
[4869] DEC C                          | A:03 BC:0002 DE:D50E HL:4432 F:00000100 [Z:0 C:0]
[486A] JR NZ -> 0x485D                | A:03 BC:0002 DE:D50E HL:4432 F:00000100 [Z:0 C:0]
[485D] LD B, (HL)                     | A:03 BC:0002 DE:D50E HL:4432 F:00000100 [Z:0 C:0]
[485E] INC HL                         | A:03 BC:0002 DE:D50E HL:4433 F:00000100 [Z:0 C:0]
[485F] LD A, (HL)                     | A:03 BC:0002 DE:D50E HL:4433 F:00000100 [Z:0 C:0]
[4860] INC HL                         | A:03 BC:0002 DE:D50E HL:4434 F:00000100 [Z:0 C:0]
[4861] PUSH HL                        | A:03 BC:0002 DE:D50E HL:4434 F:00000100 [Z:0 C:0]
[4862] LD L, A                        | A:03 BC:0002 DE:D50E HL:4403 F:00000100 [Z:0 C:0]
[4863] LD A, (DE)                     | A:C0 BC:0002 DE:D50E HL:4403 F:00000100 [Z:0 C:0]
[4864] AND B                          | A:00 BC:0002 DE:D50E HL:4403 F:01010100 [Z:1 C:0]
[4865] OR L                           | A:03 BC:0002 DE:D50E HL:4403 F:00000100 [Z:0 C:0]
[4866] LD (DE), A                     | A:03 BC:0002 DE:D50E HL:4403 F:00000100 [Z:0 C:0]
[4867] POP HL                         | A:03 BC:0002 DE:D50E HL:4434 F:00000100 [Z:0 C:0]
[4868] INC DE                         | A:03 BC:0002 DE:D50F HL:4434 F:00000100 [Z:0 C:0]
[4869] DEC C                          | A:03 BC:0001 DE:D50F HL:4434 F:00000100 [Z:0 C:0]
[486A] JR NZ -> 0x485D                | A:03 BC:0001 DE:D50F HL:4434 F:00000100 [Z:0 C:0]
[485D] LD B, (HL)                     | A:03 BC:FF01 DE:D50F HL:4434 F:00000100 [Z:0 C:0]
[485E] INC HL                         | A:03 BC:FF01 DE:D50F HL:4435 F:00000100 [Z:0 C:0]
[485F] LD A, (HL)                     | A:00 BC:FF01 DE:D50F HL:4435 F:00000100 [Z:0 C:0]
[4860] INC HL                         | A:00 BC:FF01 DE:D50F HL:4436 F:00000100 [Z:0 C:0]
[4861] PUSH HL                        | A:00 BC:FF01 DE:D50F HL:4436 F:00000100 [Z:0 C:0]
[4862] LD L, A                        | A:00 BC:FF01 DE:D50F HL:4400 F:00000100 [Z:0 C:0]
[4863] LD A, (DE)                     | A:C0 BC:FF01 DE:D50F HL:4400 F:00000100 [Z:0 C:0]
[4864] AND B                          | A:C0 BC:FF01 DE:D50F HL:4400 F:10010100 [Z:0 C:0]
[4865] OR L                           | A:C0 BC:FF01 DE:D50F HL:4400 F:10000100 [Z:0 C:0]
[4866] LD (DE), A                     | A:C0 BC:FF01 DE:D50F HL:4400 F:10000100 [Z:0 C:0]
[4867] POP HL                         | A:C0 BC:FF01 DE:D50F HL:4436 F:10000100 [Z:0 C:0]
[4868] INC DE                         | A:C0 BC:FF01 DE:D510 HL:4436 F:10000100 [Z:0 C:0]
[4869] DEC C                          | A:C0 BC:FF00 DE:D510 HL:4436 F:01000100 [Z:1 C:0]
[486A] JR NZ [not taken]              | A:C0 BC:FF00 DE:D510 HL:4436 F:01000100 [Z:1 C:0]
[486C] LD A, (0x8000)                 | A:12 BC:FF00 DE:D510 HL:4436 F:01000100 [Z:1 C:0]
[486F] DEC A                          | A:11 BC:FF00 DE:D510 HL:4436 F:00000100 [Z:0 C:0]
[4870] LD (0x8000), A                 | A:11 BC:FF00 DE:D510 HL:4436 F:00000100 [Z:0 C:0]
[4873] JR NZ -> 0x4857                | A:11 BC:FF00 DE:D510 HL:4436 F:00000100 [Z:0 C:0]
[4857] LD E, (HL)                     | A:11 BC:FF00 DE:D508 HL:4436 F:00000100 [Z:0 C:0]
[4858] INC HL                         | A:11 BC:FF00 DE:D508 HL:4437 F:00000100 [Z:0 C:0]
[4859] LD D, (HL)                     | A:11 BC:FF00 DE:DD08 HL:4437 F:00000100 [Z:0 C:0]
[485A] INC HL                         | A:11 BC:FF00 DE:DD08 HL:4438 F:00000100 [Z:0 C:0]
[485B] LD C, 0x08                     | A:11 BC:FF08 DE:DD08 HL:4438 F:00000100 [Z:0 C:0]
[485D] LD B, (HL)                     | A:11 BC:FF08 DE:DD08 HL:4438 F:00000100 [Z:0 C:0]
[485E] INC HL                         | A:11 BC:FF08 DE:DD08 HL:4439 F:00000100 [Z:0 C:0]
[485F] LD A, (HL)                     | A:00 BC:FF08 DE:DD08 HL:4439 F:00000100 [Z:0 C:0]
[4860] INC HL                         | A:00 BC:FF08 DE:DD08 HL:443A F:00000100 [Z:0 C:0]
[4861] PUSH HL                        | A:00 BC:FF08 DE:DD08 HL:443A F:00000100 [Z:0 C:0]
[4862] LD L, A                        | A:00 BC:FF08 DE:DD08 HL:4400 F:00000100 [Z:0 C:0]
[4863] LD A, (DE)                     | A:C0 BC:FF08 DE:DD08 HL:4400 F:00000100 [Z:0 C:0]
[4864] AND B                          | A:C0 BC:FF08 DE:DD08 HL:4400 F:10010100 [Z:0 C:0]
[4865] OR L                           | A:C0 BC:FF08 DE:DD08 HL:4400 F:10000100 [Z:0 C:0]
[4866] LD (DE), A                     | A:C0 BC:FF08 DE:DD08 HL:4400 F:10000100 [Z:0 C:0]
[4867] POP HL                         | A:C0 BC:FF08 DE:DD08 HL:443A F:10000100 [Z:0 C:0]
[4868] INC DE                         | A:C0 BC:FF08 DE:DD09 HL:443A F:10000100 [Z:0 C:0]
[4869] DEC C                          | A:C0 BC:FF07 DE:DD09 HL:443A F:00000100 [Z:0 C:0]
[486A] JR NZ -> 0x485D                | A:C0 BC:FF07 DE:DD09 HL:443A F:00000100 [Z:0 C:0]
[485D] LD B, (HL)                     | A:C0 BC:0007 DE:DD09 HL:443A F:00000100 [Z:0 C:0]
[485E] INC HL                         | A:C0 BC:0007 DE:DD09 HL:443B F:00000100 [Z:0 C:0]
[485F] LD A, (HL)                     | A:03 BC:0007 DE:DD09 HL:443B F:00000100 [Z:0 C:0]
[4860] INC HL                         | A:03 BC:0007 DE:DD09 HL:443C F:00000100 [Z:0 C:0]
[4861] PUSH HL                        | A:03 BC:0007 DE:DD09 HL:443C F:00000100 [Z:0 C:0]
[4862] LD L, A                        | A:03 BC:0007 DE:DD09 HL:4403 F:00000100 [Z:0 C:0]
[4863] LD A, (DE)                     | A:C0 BC:0007 DE:DD09 HL:4403 F:00000100 [Z:0 C:0]
[4864] AND B                          | A:00 BC:0007 DE:DD09 HL:4403 F:01010100 [Z:1 C:0]
[4865] OR L                           | A:03 BC:0007 DE:DD09 HL:4403 F:00000100 [Z:0 C:0]
[4866] LD (DE), A                     | A:03 BC:0007 DE:DD09 HL:4403 F:00000100 [Z:0 C:0]
[4867] POP HL                         | A:03 BC:0007 DE:DD09 HL:443C F:00000100 [Z:0 C:0]
[4868] INC DE                         | A:03 BC:0007 DE:DD0A HL:443C F:00000100 [Z:0 C:0]
[4869] DEC C                          | A:03 BC:0006 DE:DD0A HL:443C F:00000100 [Z:0 C:0]
[486A] JR NZ -> 0x485D                | A:03 BC:0006 DE:DD0A HL:443C F:00000100 [Z:0 C:0]
[485D] LD B, (HL)                     | A:03 BC:0006 DE:DD0A HL:443C F:00000100 [Z:0 C:0]
[485E] INC HL                         | A:03 BC:0006 DE:DD0A HL:443D F:00000100 [Z:0 C:0]
[485F] LD A, (HL)                     | A:03 BC:0006 DE:DD0A HL:443D F:00000100 [Z:0 C:0]
[4860] INC HL                         | A:03 BC:0006 DE:DD0A HL:443E F:00000100 [Z:0 C:0]
[4861] PUSH HL                        | A:03 BC:0006 DE:DD0A HL:443E F:00000100 [Z:0 C:0]
[4862] LD L, A                        | A:03 BC:0006 DE:DD0A HL:4403 F:00000100 [Z:0 C:0]
[4863] LD A, (DE)                     | A:C0 BC:0006 DE:DD0A HL:4403 F:00000100 [Z:0 C:0]
[4864] AND B                          | A:00 BC:0006 DE:DD0A HL:4403 F:01010100 [Z:1 C:0]
[4865] OR L                           | A:03 BC:0006 DE:DD0A HL:4403 F:00000100 [Z:0 C:0]
[4866] LD (DE), A                     | A:03 BC:0006 DE:DD0A HL:4403 F:00000100 [Z:0 C:0]
[4867] POP HL                         | A:03 BC:0006 DE:DD0A HL:443E F:00000100 [Z:0 C:0]
[4868] INC DE                         | A:03 BC:0006 DE:DD0B HL:443E F:00000100 [Z:0 C:0]
[4869] DEC C                          | A:03 BC:0005 DE:DD0B HL:443E F:00000100 [Z:0 C:0]
[486A] JR NZ -> 0x485D                | A:03 BC:0005 DE:DD0B HL:443E F:00000100 [Z:0 C:0]
[485D] LD B, (HL)                     | A:03 BC:5505 DE:DD0B HL:443E F:00000100 [Z:0 C:0]
[485E] INC HL                         | A:03 BC:5505 DE:DD0B HL:443F F:00000100 [Z:0 C:0]
[485F] LD A, (HL)                     | A:02 BC:5505 DE:DD0B HL:443F F:00000100 [Z:0 C:0]
[4860] INC HL                         | A:02 BC:5505 DE:DD0B HL:4440 F:00000100 [Z:0 C:0]
[4861] PUSH HL                        | A:02 BC:5505 DE:DD0B HL:4440 F:00000100 [Z:0 C:0]
[4862] LD L, A                        | A:02 BC:5505 DE:DD0B HL:4402 F:00000100 [Z:0 C:0]
[4863] LD A, (DE)                     | A:C0 BC:5505 DE:DD0B HL:4402 F:00000100 [Z:0 C:0]
[4864] AND B                          | A:40 BC:5505 DE:DD0B HL:4402 F:00010000 [Z:0 C:0]
[4865] OR L                           | A:42 BC:5505 DE:DD0B HL:4402 F:00000100 [Z:0 C:0]
[4866] LD (DE), A                     | A:42 BC:5505 DE:DD0B HL:4402 F:00000100 [Z:0 C:0]
[4867] POP HL                         | A:42 BC:5505 DE:DD0B HL:4440 F:00000100 [Z:0 C:0]
[4868] INC DE                         | A:42 BC:5505 DE:DD0C HL:4440 F:00000100 [Z:0 C:0]
[4869] DEC C                          | A:42 BC:5504 DE:DD0C HL:4440 F:00000100 [Z:0 C:0]
[486A] JR NZ -> 0x485D                | A:42 BC:5504 DE:DD0C HL:4440 F:00000100 [Z:0 C:0]
[485D] LD B, (HL)                     | A:42 BC:0004 DE:DD0C HL:4440 F:00000100 [Z:0 C:0]
[485E] INC HL                         | A:42 BC:0004 DE:DD0C HL:4441 F:00000100 [Z:0 C:0]
[485F] LD A, (HL)                     | A:03 BC:0004 DE:DD0C HL:4441 F:00000100 [Z:0 C:0]
[4860] INC HL                         | A:03 BC:0004 DE:DD0C HL:4442 F:00000100 [Z:0 C:0]
[4861] PUSH HL                        | A:03 BC:0004 DE:DD0C HL:4442 F:00000100 [Z:0 C:0]
[4862] LD L, A                        | A:03 BC:0004 DE:DD0C HL:4403 F:00000100 [Z:0 C:0]
[4863] LD A, (DE)                     | A:C0 BC:0004 DE:DD0C HL:4403 F:00000100 [Z:0 C:0]
[4864] AND B                          | A:00 BC:0004 DE:DD0C HL:4403 F:01010100 [Z:1 C:0]
[4865] OR L                           | A:03 BC:0004 DE:DD0C HL:4403 F:00000100 [Z:0 C:0]
[4866] LD (DE), A                     | A:03 BC:0004 DE:DD0C HL:4403 F:00000100 [Z:0 C:0]
[4867] POP HL                         | A:03 BC:0004 DE:DD0C HL:4442 F:00000100 [Z:0 C:0]
[4868] INC DE                         | A:03 BC:0004 DE:DD0D HL:4442 F:00000100 [Z:0 C:0]
[4869] DEC C                          | A:03 BC:0003 DE:DD0D HL:4442 F:00000100 [Z:0 C:0]
[486A] JR NZ -> 0x485D                | A:03 BC:0003 DE:DD0D HL:4442 F:00000100 [Z:0 C:0]
[485D] LD B, (HL)                     | A:03 BC:0003 DE:DD0D HL:4442 F:00000100 [Z:0 C:0]
[485E] INC HL                         | A:03 BC:0003 DE:DD0D HL:4443 F:00000100 [Z:0 C:0]
[485F] LD A, (HL)                     | A:03 BC:0003 DE:DD0D HL:4443 F:00000100 [Z:0 C:0]
[4860] INC HL                         | A:03 BC:0003 DE:DD0D HL:4444 F:00000100 [Z:0 C:0]
[4861] PUSH HL                        | A:03 BC:0003 DE:DD0D HL:4444 F:00000100 [Z:0 C:0]
[4862] LD L, A                        | A:03 BC:0003 DE:DD0D HL:4403 F:00000100 [Z:0 C:0]
[4863] LD A, (DE)                     | A:C0 BC:0003 DE:DD0D HL:4403 F:00000100 [Z:0 C:0]
[4864] AND B                          | A:00 BC:0003 DE:DD0D HL:4403 F:01010100 [Z:1 C:0]
[4865] OR L                           | A:03 BC:0003 DE:DD0D HL:4403 F:00000100 [Z:0 C:0]
[4866] LD (DE), A                     | A:03 BC:0003 DE:DD0D HL:4403 F:00000100 [Z:0 C:0]
[4867] POP HL                         | A:03 BC:0003 DE:DD0D HL:4444 F:00000100 [Z:0 C:0]
[4868] INC DE                         | A:03 BC:0003 DE:DD0E HL:4444 F:00000100 [Z:0 C:0]
[4869] DEC C                          | A:03 BC:0002 DE:DD0E HL:4444 F:00000100 [Z:0 C:0]
[486A] JR NZ -> 0x485D                | A:03 BC:0002 DE:DD0E HL:4444 F:00000100 [Z:0 C:0]
[485D] LD B, (HL)                     | A:03 BC:AA02 DE:DD0E HL:4444 F:00000100 [Z:0 C:0]
[485E] INC HL                         | A:03 BC:AA02 DE:DD0E HL:4445 F:00000100 [Z:0 C:0]
[485F] LD A, (HL)                     | A:01 BC:AA02 DE:DD0E HL:4445 F:00000100 [Z:0 C:0]
[4860] INC HL                         | A:01 BC:AA02 DE:DD0E HL:4446 F:00000100 [Z:0 C:0]
[4861] PUSH HL                        | A:01 BC:AA02 DE:DD0E HL:4446 F:00000100 [Z:0 C:0]
[4862] LD L, A                        | A:01 BC:AA02 DE:DD0E HL:4401 F:00000100 [Z:0 C:0]
[4863] LD A, (DE)                     | A:C0 BC:AA02 DE:DD0E HL:4401 F:00000100 [Z:0 C:0]
[4864] AND B                          | A:80 BC:AA02 DE:DD0E HL:4401 F:10010000 [Z:0 C:0]
[4865] OR L                           | A:81 BC:AA02 DE:DD0E HL:4401 F:10000100 [Z:0 C:0]
[4866] LD (DE), A                     | A:81 BC:AA02 DE:DD0E HL:4401 F:10000100 [Z:0 C:0]
[4867] POP HL                         | A:81 BC:AA02 DE:DD0E HL:4446 F:10000100 [Z:0 C:0]
[4868] INC DE                         | A:81 BC:AA02 DE:DD0F HL:4446 F:10000100 [Z:0 C:0]
[4869] DEC C                          | A:81 BC:AA01 DE:DD0F HL:4446 F:00000100 [Z:0 C:0]
[486A] JR NZ -> 0x485D                | A:81 BC:AA01 DE:DD0F HL:4446 F:00000100 [Z:0 C:0]
[485D] LD B, (HL)                     | A:81 BC:FF01 DE:DD0F HL:4446 F:00000100 [Z:0 C:0]
[485E] INC HL                         | A:81 BC:FF01 DE:DD0F HL:4447 F:00000100 [Z:0 C:0]
[485F] LD A, (HL)                     | A:00 BC:FF01 DE:DD0F HL:4447 F:00000100 [Z:0 C:0]
[4860] INC HL                         | A:00 BC:FF01 DE:DD0F HL:4448 F:00000100 [Z:0 C:0]
[4861] PUSH HL                        | A:00 BC:FF01 DE:DD0F HL:4448 F:00000100 [Z:0 C:0]
[4862] LD L, A                        | A:00 BC:FF01 DE:DD0F HL:4400 F:00000100 [Z:0 C:0]
[4863] LD A, (DE)                     | A:C0 BC:FF01 DE:DD0F HL:4400 F:00000100 [Z:0 C:0]
[4864] AND B                          | A:C0 BC:FF01 DE:DD0F HL:4400 F:10010100 [Z:0 C:0]
[4865] OR L                           | A:C0 BC:FF01 DE:DD0F HL:4400 F:10000100 [Z:0 C:0]
[4866] LD (DE), A                     | A:C0 BC:FF01 DE:DD0F HL:4400 F:10000100 [Z:0 C:0]
[4867] POP HL                         | A:C0 BC:FF01 DE:DD0F HL:4448 F:10000100 [Z:0 C:0]
[4868] INC DE                         | A:C0 BC:FF01 DE:DD10 HL:4448 F:10000100 [Z:0 C:0]
[4869] DEC C                          | A:C0 BC:FF00 DE:DD10 HL:4448 F:01000100 [Z:1 C:0]
[486A] JR NZ [not taken]              | A:C0 BC:FF00 DE:DD10 HL:4448 F:01000100 [Z:1 C:0]
[486C] LD A, (0x8000)                 | A:11 BC:FF00 DE:DD10 HL:4448 F:01000100 [Z:1 C:0]
[486F] DEC A                          | A:10 BC:FF00 DE:DD10 HL:4448 F:00000100 [Z:0 C:0]
[4870] LD (0x8000), A                 | A:10 BC:FF00 DE:DD10 HL:4448 F:00000100 [Z:0 C:0]
[4873] JR NZ -> 0x4857                | A:10 BC:FF00 DE:DD10 HL:4448 F:00000100 [Z:0 C:0]
[4857] LD E, (HL)                     | A:10 BC:FF00 DE:DD08 HL:4448 F:00000100 [Z:0 C:0]
[4858] INC HL                         | A:10 BC:FF00 DE:DD08 HL:4449 F:00000100 [Z:0 C:0]
[4859] LD D, (HL)                     | A:10 BC:FF00 DE:E508 HL:4449 F:00000100 [Z:0 C:0]
[485A] INC HL                         | A:10 BC:FF00 DE:E508 HL:444A F:00000100 [Z:0 C:0]
[485B] LD C, 0x08                     | A:10 BC:FF08 DE:E508 HL:444A F:00000100 [Z:0 C:0]
[485D] LD B, (HL)                     | A:10 BC:FF08 DE:E508 HL:444A F:00000100 [Z:0 C:0]
[485E] INC HL                         | A:10 BC:FF08 DE:E508 HL:444B F:00000100 [Z:0 C:0]
[485F] LD A, (HL)                     | A:00 BC:FF08 DE:E508 HL:444B F:00000100 [Z:0 C:0]
[4860] INC HL                         | A:00 BC:FF08 DE:E508 HL:444C F:00000100 [Z:0 C:0]
[4861] PUSH HL                        | A:00 BC:FF08 DE:E508 HL:444C F:00000100 [Z:0 C:0]
[4862] LD L, A                        | A:00 BC:FF08 DE:E508 HL:4400 F:00000100 [Z:0 C:0]
[4863] LD A, (DE)                     | A:C0 BC:FF08 DE:E508 HL:4400 F:00000100 [Z:0 C:0]
[4864] AND B                          | A:C0 BC:FF08 DE:E508 HL:4400 F:10010100 [Z:0 C:0]
[4865] OR L                           | A:C0 BC:FF08 DE:E508 HL:4400 F:10000100 [Z:0 C:0]
[4866] LD (DE), A                     | A:C0 BC:FF08 DE:E508 HL:4400 F:10000100 [Z:0 C:0]
[4867] POP HL                         | A:C0 BC:FF08 DE:E508 HL:444C F:10000100 [Z:0 C:0]
[4868] INC DE                         | A:C0 BC:FF08 DE:E509 HL:444C F:10000100 [Z:0 C:0]
[4869] DEC C                          | A:C0 BC:FF07 DE:E509 HL:444C F:00000100 [Z:0 C:0]
[486A] JR NZ -> 0x485D                | A:C0 BC:FF07 DE:E509 HL:444C F:00000100 [Z:0 C:0]
[485D] LD B, (HL)                     | A:C0 BC:0007 DE:E509 HL:444C F:00000100 [Z:0 C:0]
[485E] INC HL                         | A:C0 BC:0007 DE:E509 HL:444D F:00000100 [Z:0 C:0]
[485F] LD A, (HL)                     | A:03 BC:0007 DE:E509 HL:444D F:00000100 [Z:0 C:0]
[4860] INC HL                         | A:03 BC:0007 DE:E509 HL:444E F:00000100 [Z:0 C:0]
[4861] PUSH HL                        | A:03 BC:0007 DE:E509 HL:444E F:00000100 [Z:0 C:0]
[4862] LD L, A                        | A:03 BC:0007 DE:E509 HL:4403 F:00000100 [Z:0 C:0]
[4863] LD A, (DE)                     | A:C0 BC:0007 DE:E509 HL:4403 F:00000100 [Z:0 C:0]
[4864] AND B                          | A:00 BC:0007 DE:E509 HL:4403 F:01010100 [Z:1 C:0]
[4865] OR L                           | A:03 BC:0007 DE:E509 HL:4403 F:00000100 [Z:0 C:0]
[4866] LD (DE), A                     | A:03 BC:0007 DE:E509 HL:4403 F:00000100 [Z:0 C:0]
[4867] POP HL                         | A:03 BC:0007 DE:E509 HL:444E F:00000100 [Z:0 C:0]
[4868] INC DE                         | A:03 BC:0007 DE:E50A HL:444E F:00000100 [Z:0 C:0]
[4869] DEC C                          | A:03 BC:0006 DE:E50A HL:444E F:00000100 [Z:0 C:0]
[486A] JR NZ -> 0x485D                | A:03 BC:0006 DE:E50A HL:444E F:00000100 [Z:0 C:0]
[485D] LD B, (HL)                     | A:03 BC:0006 DE:E50A HL:444E F:00000100 [Z:0 C:0]
[485E] INC HL                         | A:03 BC:0006 DE:E50A HL:444F F:00000100 [Z:0 C:0]
[485F] LD A, (HL)                     | A:03 BC:0006 DE:E50A HL:444F F:00000100 [Z:0 C:0]
[4860] INC HL                         | A:03 BC:0006 DE:E50A HL:4450 F:00000100 [Z:0 C:0]
[4861] PUSH HL                        | A:03 BC:0006 DE:E50A HL:4450 F:00000100 [Z:0 C:0]
[4862] LD L, A                        | A:03 BC:0006 DE:E50A HL:4403 F:00000100 [Z:0 C:0]
[4863] LD A, (DE)                     | A:C0 BC:0006 DE:E50A HL:4403 F:00000100 [Z:0 C:0]
[4864] AND B                          | A:00 BC:0006 DE:E50A HL:4403 F:01010100 [Z:1 C:0]
[4865] OR L                           | A:03 BC:0006 DE:E50A HL:4403 F:00000100 [Z:0 C:0]
[4866] LD (DE), A                     | A:03 BC:0006 DE:E50A HL:4403 F:00000100 [Z:0 C:0]
[4867] POP HL                         | A:03 BC:0006 DE:E50A HL:4450 F:00000100 [Z:0 C:0]
[4868] INC DE                         | A:03 BC:0006 DE:E50B HL:4450 F:00000100 [Z:0 C:0]
[4869] DEC C                          | A:03 BC:0005 DE:E50B HL:4450 F:00000100 [Z:0 C:0]
[486A] JR NZ -> 0x485D                | A:03 BC:0005 DE:E50B HL:4450 F:00000100 [Z:0 C:0]
[485D] LD B, (HL)                     | A:03 BC:0005 DE:E50B HL:4450 F:00000100 [Z:0 C:0]
[485E] INC HL                         | A:03 BC:0005 DE:E50B HL:4451 F:00000100 [Z:0 C:0]
[485F] LD A, (HL)                     | A:03 BC:0005 DE:E50B HL:4451 F:00000100 [Z:0 C:0]
[4860] INC HL                         | A:03 BC:0005 DE:E50B HL:4452 F:00000100 [Z:0 C:0]
[4861] PUSH HL                        | A:03 BC:0005 DE:E50B HL:4452 F:00000100 [Z:0 C:0]
[4862] LD L, A                        | A:03 BC:0005 DE:E50B HL:4403 F:00000100 [Z:0 C:0]
[4863] LD A, (DE)                     | A:C0 BC:0005 DE:E50B HL:4403 F:00000100 [Z:0 C:0]
[4864] AND B                          | A:00 BC:0005 DE:E50B HL:4403 F:01010100 [Z:1 C:0]
[4865] OR L                           | A:03 BC:0005 DE:E50B HL:4403 F:00000100 [Z:0 C:0]
[4866] LD (DE), A                     | A:03 BC:0005 DE:E50B HL:4403 F:00000100 [Z:0 C:0]
[4867] POP HL                         | A:03 BC:0005 DE:E50B HL:4452 F:00000100 [Z:0 C:0]
[4868] INC DE                         | A:03 BC:0005 DE:E50C HL:4452 F:00000100 [Z:0 C:0]
[4869] DEC C                          | A:03 BC:0004 DE:E50C HL:4452 F:00000100 [Z:0 C:0]
[486A] JR NZ -> 0x485D                | A:03 BC:0004 DE:E50C HL:4452 F:00000100 [Z:0 C:0]
[485D] LD B, (HL)                     | A:03 BC:0004 DE:E50C HL:4452 F:00000100 [Z:0 C:0]
[485E] INC HL                         | A:03 BC:0004 DE:E50C HL:4453 F:00000100 [Z:0 C:0]
[485F] LD A, (HL)                     | A:03 BC:0004 DE:E50C HL:4453 F:00000100 [Z:0 C:0]
[4860] INC HL                         | A:03 BC:0004 DE:E50C HL:4454 F:00000100 [Z:0 C:0]
[4861] PUSH HL                        | A:03 BC:0004 DE:E50C HL:4454 F:00000100 [Z:0 C:0]
[4862] LD L, A                        | A:03 BC:0004 DE:E50C HL:4403 F:00000100 [Z:0 C:0]
[4863] LD A, (DE)                     | A:C0 BC:0004 DE:E50C HL:4403 F:00000100 [Z:0 C:0]
[4864] AND B                          | A:00 BC:0004 DE:E50C HL:4403 F:01010100 [Z:1 C:0]
[4865] OR L                           | A:03 BC:0004 DE:E50C HL:4403 F:00000100 [Z:0 C:0]
[4866] LD (DE), A                     | A:03 BC:0004 DE:E50C HL:4403 F:00000100 [Z:0 C:0]
[4867] POP HL                         | A:03 BC:0004 DE:E50C HL:4454 F:00000100 [Z:0 C:0]
[4868] INC DE                         | A:03 BC:0004 DE:E50D HL:4454 F:00000100 [Z:0 C:0]
[4869] DEC C                          | A:03 BC:0003 DE:E50D HL:4454 F:00000100 [Z:0 C:0]
[486A] JR NZ -> 0x485D                | A:03 BC:0003 DE:E50D HL:4454 F:00000100 [Z:0 C:0]
[485D] LD B, (HL)                     | A:03 BC:0003 DE:E50D HL:4454 F:00000100 [Z:0 C:0]
[485E] INC HL                         | A:03 BC:0003 DE:E50D HL:4455 F:00000100 [Z:0 C:0]
[485F] LD A, (HL)                     | A:03 BC:0003 DE:E50D HL:4455 F:00000100 [Z:0 C:0]
[4860] INC HL                         | A:03 BC:0003 DE:E50D HL:4456 F:00000100 [Z:0 C:0]
[4861] PUSH HL                        | A:03 BC:0003 DE:E50D HL:4456 F:00000100 [Z:0 C:0]
[4862] LD L, A                        | A:03 BC:0003 DE:E50D HL:4403 F:00000100 [Z:0 C:0]
[4863] LD A, (DE)                     | A:C0 BC:0003 DE:E50D HL:4403 F:00000100 [Z:0 C:0]
[4864] AND B                          | A:00 BC:0003 DE:E50D HL:4403 F:01010100 [Z:1 C:0]
[4865] OR L                           | A:03 BC:0003 DE:E50D HL:4403 F:00000100 [Z:0 C:0]
[4866] LD (DE), A                     | A:03 BC:0003 DE:E50D HL:4403 F:00000100 [Z:0 C:0]
[4867] POP HL                         | A:03 BC:0003 DE:E50D HL:4456 F:00000100 [Z:0 C:0]
[4868] INC DE                         | A:03 BC:0003 DE:E50E HL:4456 F:00000100 [Z:0 C:0]
[4869] DEC C                          | A:03 BC:0002 DE:E50E HL:4456 F:00000100 [Z:0 C:0]
[486A] JR NZ -> 0x485D                | A:03 BC:0002 DE:E50E HL:4456 F:00000100 [Z:0 C:0]
[485D] LD B, (HL)                     | A:03 BC:0002 DE:E50E HL:4456 F:00000100 [Z:0 C:0]
[485E] INC HL                         | A:03 BC:0002 DE:E50E HL:4457 F:00000100 [Z:0 C:0]
[485F] LD A, (HL)                     | A:03 BC:0002 DE:E50E HL:4457 F:00000100 [Z:0 C:0]
[4860] INC HL                         | A:03 BC:0002 DE:E50E HL:4458 F:00000100 [Z:0 C:0]
[4861] PUSH HL                        | A:03 BC:0002 DE:E50E HL:4458 F:00000100 [Z:0 C:0]
[4862] LD L, A                        | A:03 BC:0002 DE:E50E HL:4403 F:00000100 [Z:0 C:0]
[4863] LD A, (DE)                     | A:C0 BC:0002 DE:E50E HL:4403 F:00000100 [Z:0 C:0]
[4864] AND B                          | A:00 BC:0002 DE:E50E HL:4403 F:01010100 [Z:1 C:0]
[4865] OR L                           | A:03 BC:0002 DE:E50E HL:4403 F:00000100 [Z:0 C:0]
[4866] LD (DE), A                     | A:03 BC:0002 DE:E50E HL:4403 F:00000100 [Z:0 C:0]
[4867] POP HL                         | A:03 BC:0002 DE:E50E HL:4458 F:00000100 [Z:0 C:0]
[4868] INC DE                         | A:03 BC:0002 DE:E50F HL:4458 F:00000100 [Z:0 C:0]
[4869] DEC C                          | A:03 BC:0001 DE:E50F HL:4458 F:00000100 [Z:0 C:0]
[486A] JR NZ -> 0x485D                | A:03 BC:0001 DE:E50F HL:4458 F:00000100 [Z:0 C:0]
[485D] LD B, (HL)                     | A:03 BC:FF01 DE:E50F HL:4458 F:00000100 [Z:0 C:0]
[485E] INC HL                         | A:03 BC:FF01 DE:E50F HL:4459 F:00000100 [Z:0 C:0]
[485F] LD A, (HL)                     | A:00 BC:FF01 DE:E50F HL:4459 F:00000100 [Z:0 C:0]
[4860] INC HL                         | A:00 BC:FF01 DE:E50F HL:445A F:00000100 [Z:0 C:0]
[4861] PUSH HL                        | A:00 BC:FF01 DE:E50F HL:445A F:00000100 [Z:0 C:0]
[4862] LD L, A                        | A:00 BC:FF01 DE:E50F HL:4400 F:00000100 [Z:0 C:0]
[4863] LD A, (DE)                     | A:C0 BC:FF01 DE:E50F HL:4400 F:00000100 [Z:0 C:0]
[4864] AND B                          | A:C0 BC:FF01 DE:E50F HL:4400 F:10010100 [Z:0 C:0]
[4865] OR L                           | A:C0 BC:FF01 DE:E50F HL:4400 F:10000100 [Z:0 C:0]
[4866] LD (DE), A                     | A:C0 BC:FF01 DE:E50F HL:4400 F:10000100 [Z:0 C:0]
[4867] POP HL                         | A:C0 BC:FF01 DE:E50F HL:445A F:10000100 [Z:0 C:0]
[4868] INC DE                         | A:C0 BC:FF01 DE:E510 HL:445A F:10000100 [Z:0 C:0]
[4869] DEC C                          | A:C0 BC:FF00 DE:E510 HL:445A F:01000100 [Z:1 C:0]
[486A] JR NZ [not taken]              | A:C0 BC:FF00 DE:E510 HL:445A F:01000100 [Z:1 C:0]
[486C] LD A, (0x8000)                 | A:10 BC:FF00 DE:E510 HL:445A F:01000100 [Z:1 C:0]
[486F] DEC A                          | A:0F BC:FF00 DE:E510 HL:445A F:00000100 [Z:0 C:0]
[4870] LD (0x8000), A                 | A:0F BC:FF00 DE:E510 HL:445A F:00000100 [Z:0 C:0]
[4873] JR NZ -> 0x4857                | A:0F BC:FF00 DE:E510 HL:445A F:00000100 [Z:0 C:0]
[4857] LD E, (HL)                     | A:0F BC:FF00 DE:E508 HL:445A F:00000100 [Z:0 C:0]
[4858] INC HL                         | A:0F BC:FF00 DE:E508 HL:445B F:00000100 [Z:0 C:0]
[4859] LD D, (HL)                     | A:0F BC:FF00 DE:ED08 HL:445B F:00000100 [Z:0 C:0]
[485A] INC HL                         | A:0F BC:FF00 DE:ED08 HL:445C F:00000100 [Z:0 C:0]
[485B] LD C, 0x08                     | A:0F BC:FF08 DE:ED08 HL:445C F:00000100 [Z:0 C:0]
[485D] LD B, (HL)                     | A:0F BC:FF08 DE:ED08 HL:445C F:00000100 [Z:0 C:0]
[485E] INC HL                         | A:0F BC:FF08 DE:ED08 HL:445D F:00000100 [Z:0 C:0]
[485F] LD A, (HL)                     | A:00 BC:FF08 DE:ED08 HL:445D F:00000100 [Z:0 C:0]
[4860] INC HL                         | A:00 BC:FF08 DE:ED08 HL:445E F:00000100 [Z:0 C:0]
[4861] PUSH HL                        | A:00 BC:FF08 DE:ED08 HL:445E F:00000100 [Z:0 C:0]
[4862] LD L, A                        | A:00 BC:FF08 DE:ED08 HL:4400 F:00000100 [Z:0 C:0]
[4863] LD A, (DE)                     | A:C0 BC:FF08 DE:ED08 HL:4400 F:00000100 [Z:0 C:0]
[4864] AND B                          | A:C0 BC:FF08 DE:ED08 HL:4400 F:10010100 [Z:0 C:0]
[4865] OR L                           | A:C0 BC:FF08 DE:ED08 HL:4400 F:10000100 [Z:0 C:0]
[4866] LD (DE), A                     | A:C0 BC:FF08 DE:ED08 HL:4400 F:10000100 [Z:0 C:0]
[4867] POP HL                         | A:C0 BC:FF08 DE:ED08 HL:445E F:10000100 [Z:0 C:0]
[4868] INC DE                         | A:C0 BC:FF08 DE:ED09 HL:445E F:10000100 [Z:0 C:0]
[4869] DEC C                          | A:C0 BC:FF07 DE:ED09 HL:445E F:00000100 [Z:0 C:0]
[486A] JR NZ -> 0x485D                | A:C0 BC:FF07 DE:ED09 HL:445E F:00000100 [Z:0 C:0]
[485D] LD B, (HL)                     | A:C0 BC:0007 DE:ED09 HL:445E F:00000100 [Z:0 C:0]
[485E] INC HL                         | A:C0 BC:0007 DE:ED09 HL:445F F:00000100 [Z:0 C:0]
[485F] LD A, (HL)                     | A:03 BC:0007 DE:ED09 HL:445F F:00000100 [Z:0 C:0]
[4860] INC HL                         | A:03 BC:0007 DE:ED09 HL:4460 F:00000100 [Z:0 C:0]
[4861] PUSH HL                        | A:03 BC:0007 DE:ED09 HL:4460 F:00000100 [Z:0 C:0]
[4862] LD L, A                        | A:03 BC:0007 DE:ED09 HL:4403 F:00000100 [Z:0 C:0]
[4863] LD A, (DE)                     | A:C0 BC:0007 DE:ED09 HL:4403 F:00000100 [Z:0 C:0]
[4864] AND B                          | A:00 BC:0007 DE:ED09 HL:4403 F:01010100 [Z:1 C:0]
[4865] OR L                           | A:03 BC:0007 DE:ED09 HL:4403 F:00000100 [Z:0 C:0]
[4866] LD (DE), A                     | A:03 BC:0007 DE:ED09 HL:4403 F:00000100 [Z:0 C:0]
[4867] POP HL                         | A:03 BC:0007 DE:ED09 HL:4460 F:00000100 [Z:0 C:0]
[4868] INC DE                         | A:03 BC:0007 DE:ED0A HL:4460 F:00000100 [Z:0 C:0]
[4869] DEC C                          | A:03 BC:0006 DE:ED0A HL:4460 F:00000100 [Z:0 C:0]
[486A] JR NZ -> 0x485D                | A:03 BC:0006 DE:ED0A HL:4460 F:00000100 [Z:0 C:0]
[485D] LD B, (HL)                     | A:03 BC:0006 DE:ED0A HL:4460 F:00000100 [Z:0 C:0]
[485E] INC HL                         | A:03 BC:0006 DE:ED0A HL:4461 F:00000100 [Z:0 C:0]
[485F] LD A, (HL)                     | A:03 BC:0006 DE:ED0A HL:4461 F:00000100 [Z:0 C:0]
[4860] INC HL                         | A:03 BC:0006 DE:ED0A HL:4462 F:00000100 [Z:0 C:0]
[4861] PUSH HL                        | A:03 BC:0006 DE:ED0A HL:4462 F:00000100 [Z:0 C:0]
[4862] LD L, A                        | A:03 BC:0006 DE:ED0A HL:4403 F:00000100 [Z:0 C:0]
[4863] LD A, (DE)                     | A:C0 BC:0006 DE:ED0A HL:4403 F:00000100 [Z:0 C:0]
[4864] AND B                          | A:00 BC:0006 DE:ED0A HL:4403 F:01010100 [Z:1 C:0]
[4865] OR L                           | A:03 BC:0006 DE:ED0A HL:4403 F:00000100 [Z:0 C:0]
[4866] LD (DE), A                     | A:03 BC:0006 DE:ED0A HL:4403 F:00000100 [Z:0 C:0]
[4867] POP HL                         | A:03 BC:0006 DE:ED0A HL:4462 F:00000100 [Z:0 C:0]
[4868] INC DE                         | A:03 BC:0006 DE:ED0B HL:4462 F:00000100 [Z:0 C:0]
[4869] DEC C                          | A:03 BC:0005 DE:ED0B HL:4462 F:00000100 [Z:0 C:0]
[486A] JR NZ -> 0x485D                | A:03 BC:0005 DE:ED0B HL:4462 F:00000100 [Z:0 C:0]
[485D] LD B, (HL)                     | A:03 BC:0005 DE:ED0B HL:4462 F:00000100 [Z:0 C:0]
[485E] INC HL                         | A:03 BC:0005 DE:ED0B HL:4463 F:00000100 [Z:0 C:0]
[485F] LD A, (HL)                     | A:03 BC:0005 DE:ED0B HL:4463 F:00000100 [Z:0 C:0]
[4860] INC HL                         | A:03 BC:0005 DE:ED0B HL:4464 F:00000100 [Z:0 C:0]
[4861] PUSH HL                        | A:03 BC:0005 DE:ED0B HL:4464 F:00000100 [Z:0 C:0]
[4862] LD L, A                        | A:03 BC:0005 DE:ED0B HL:4403 F:00000100 [Z:0 C:0]
[4863] LD A, (DE)                     | A:C0 BC:0005 DE:ED0B HL:4403 F:00000100 [Z:0 C:0]
[4864] AND B                          | A:00 BC:0005 DE:ED0B HL:4403 F:01010100 [Z:1 C:0]
[4865] OR L                           | A:03 BC:0005 DE:ED0B HL:4403 F:00000100 [Z:0 C:0]
[4866] LD (DE), A                     | A:03 BC:0005 DE:ED0B HL:4403 F:00000100 [Z:0 C:0]
[4867] POP HL                         | A:03 BC:0005 DE:ED0B HL:4464 F:00000100 [Z:0 C:0]
[4868] INC DE                         | A:03 BC:0005 DE:ED0C HL:4464 F:00000100 [Z:0 C:0]
[4869] DEC C                          | A:03 BC:0004 DE:ED0C HL:4464 F:00000100 [Z:0 C:0]
[486A] JR NZ -> 0x485D                | A:03 BC:0004 DE:ED0C HL:4464 F:00000100 [Z:0 C:0]
[485D] LD B, (HL)                     | A:03 BC:0004 DE:ED0C HL:4464 F:00000100 [Z:0 C:0]
[485E] INC HL                         | A:03 BC:0004 DE:ED0C HL:4465 F:00000100 [Z:0 C:0]
[485F] LD A, (HL)                     | A:03 BC:0004 DE:ED0C HL:4465 F:00000100 [Z:0 C:0]
[4860] INC HL                         | A:03 BC:0004 DE:ED0C HL:4466 F:00000100 [Z:0 C:0]
[4861] PUSH HL                        | A:03 BC:0004 DE:ED0C HL:4466 F:00000100 [Z:0 C:0]
[4862] LD L, A                        | A:03 BC:0004 DE:ED0C HL:4403 F:00000100 [Z:0 C:0]
[4863] LD A, (DE)                     | A:C0 BC:0004 DE:ED0C HL:4403 F:00000100 [Z:0 C:0]
[4864] AND B                          | A:00 BC:0004 DE:ED0C HL:4403 F:01010100 [Z:1 C:0]
[4865] OR L                           | A:03 BC:0004 DE:ED0C HL:4403 F:00000100 [Z:0 C:0]
[4866] LD (DE), A                     | A:03 BC:0004 DE:ED0C HL:4403 F:00000100 [Z:0 C:0]
[4867] POP HL                         | A:03 BC:0004 DE:ED0C HL:4466 F:00000100 [Z:0 C:0]
[4868] INC DE                         | A:03 BC:0004 DE:ED0D HL:4466 F:00000100 [Z:0 C:0]
[4869] DEC C                          | A:03 BC:0003 DE:ED0D HL:4466 F:00000100 [Z:0 C:0]
[486A] JR NZ -> 0x485D                | A:03 BC:0003 DE:ED0D HL:4466 F:00000100 [Z:0 C:0]
[485D] LD B, (HL)                     | A:03 BC:0003 DE:ED0D HL:4466 F:00000100 [Z:0 C:0]
[485E] INC HL                         | A:03 BC:0003 DE:ED0D HL:4467 F:00000100 [Z:0 C:0]
[485F] LD A, (HL)                     | A:03 BC:0003 DE:ED0D HL:4467 F:00000100 [Z:0 C:0]
[4860] INC HL                         | A:03 BC:0003 DE:ED0D HL:4468 F:00000100 [Z:0 C:0]
[4861] PUSH HL                        | A:03 BC:0003 DE:ED0D HL:4468 F:00000100 [Z:0 C:0]
[4862] LD L, A                        | A:03 BC:0003 DE:ED0D HL:4403 F:00000100 [Z:0 C:0]
[4863] LD A, (DE)                     | A:C0 BC:0003 DE:ED0D HL:4403 F:00000100 [Z:0 C:0]
[4864] AND B                          | A:00 BC:0003 DE:ED0D HL:4403 F:01010100 [Z:1 C:0]
[4865] OR L                           | A:03 BC:0003 DE:ED0D HL:4403 F:00000100 [Z:0 C:0]
[4866] LD (DE), A                     | A:03 BC:0003 DE:ED0D HL:4403 F:00000100 [Z:0 C:0]
[4867] POP HL                         | A:03 BC:0003 DE:ED0D HL:4468 F:00000100 [Z:0 C:0]
[4868] INC DE                         | A:03 BC:0003 DE:ED0E HL:4468 F:00000100 [Z:0 C:0]
[4869] DEC C                          | A:03 BC:0002 DE:ED0E HL:4468 F:00000100 [Z:0 C:0]
[486A] JR NZ -> 0x485D                | A:03 BC:0002 DE:ED0E HL:4468 F:00000100 [Z:0 C:0]
[485D] LD B, (HL)                     | A:03 BC:0002 DE:ED0E HL:4468 F:00000100 [Z:0 C:0]
[485E] INC HL                         | A:03 BC:0002 DE:ED0E HL:4469 F:00000100 [Z:0 C:0]
[485F] LD A, (HL)                     | A:03 BC:0002 DE:ED0E HL:4469 F:00000100 [Z:0 C:0]
[4860] INC HL                         | A:03 BC:0002 DE:ED0E HL:446A F:00000100 [Z:0 C:0]
[4861] PUSH HL                        | A:03 BC:0002 DE:ED0E HL:446A F:00000100 [Z:0 C:0]
[4862] LD L, A                        | A:03 BC:0002 DE:ED0E HL:4403 F:00000100 [Z:0 C:0]
[4863] LD A, (DE)                     | A:C0 BC:0002 DE:ED0E HL:4403 F:00000100 [Z:0 C:0]
[4864] AND B                          | A:00 BC:0002 DE:ED0E HL:4403 F:01010100 [Z:1 C:0]
[4865] OR L                           | A:03 BC:0002 DE:ED0E HL:4403 F:00000100 [Z:0 C:0]
[4866] LD (DE), A                     | A:03 BC:0002 DE:ED0E HL:4403 F:00000100 [Z:0 C:0]
[4867] POP HL                         | A:03 BC:0002 DE:ED0E HL:446A F:00000100 [Z:0 C:0]
[4868] INC DE                         | A:03 BC:0002 DE:ED0F HL:446A F:00000100 [Z:0 C:0]
[4869] DEC C                          | A:03 BC:0001 DE:ED0F HL:446A F:00000100 [Z:0 C:0]
[486A] JR NZ -> 0x485D                | A:03 BC:0001 DE:ED0F HL:446A F:00000100 [Z:0 C:0]
[485D] LD B, (HL)                     | A:03 BC:FF01 DE:ED0F HL:446A F:00000100 [Z:0 C:0]
[485E] INC HL                         | A:03 BC:FF01 DE:ED0F HL:446B F:00000100 [Z:0 C:0]
[485F] LD A, (HL)                     | A:00 BC:FF01 DE:ED0F HL:446B F:00000100 [Z:0 C:0]
[4860] INC HL                         | A:00 BC:FF01 DE:ED0F HL:446C F:00000100 [Z:0 C:0]
[4861] PUSH HL                        | A:00 BC:FF01 DE:ED0F HL:446C F:00000100 [Z:0 C:0]
[4862] LD L, A                        | A:00 BC:FF01 DE:ED0F HL:4400 F:00000100 [Z:0 C:0]
[4863] LD A, (DE)                     | A:C0 BC:FF01 DE:ED0F HL:4400 F:00000100 [Z:0 C:0]
[4864] AND B                          | A:C0 BC:FF01 DE:ED0F HL:4400 F:10010100 [Z:0 C:0]
[4865] OR L                           | A:C0 BC:FF01 DE:ED0F HL:4400 F:10000100 [Z:0 C:0]
[4866] LD (DE), A                     | A:C0 BC:FF01 DE:ED0F HL:4400 F:10000100 [Z:0 C:0]
[4867] POP HL                         | A:C0 BC:FF01 DE:ED0F HL:446C F:10000100 [Z:0 C:0]
[4868] INC DE                         | A:C0 BC:FF01 DE:ED10 HL:446C F:10000100 [Z:0 C:0]
[4869] DEC C                          | A:C0 BC:FF00 DE:ED10 HL:446C F:01000100 [Z:1 C:0]
[486A] JR NZ [not taken]              | A:C0 BC:FF00 DE:ED10 HL:446C F:01000100 [Z:1 C:0]
[486C] LD A, (0x8000)                 | A:0F BC:FF00 DE:ED10 HL:446C F:01000100 [Z:1 C:0]
[486F] DEC A                          | A:0E BC:FF00 DE:ED10 HL:446C F:00000100 [Z:0 C:0]
[4870] LD (0x8000), A                 | A:0E BC:FF00 DE:ED10 HL:446C F:00000100 [Z:0 C:0]
[4873] JR NZ -> 0x4857                | A:0E BC:FF00 DE:ED10 HL:446C F:00000100 [Z:0 C:0]
[4857] LD E, (HL)                     | A:0E BC:FF00 DE:ED08 HL:446C F:00000100 [Z:0 C:0]
[4858] INC HL                         | A:0E BC:FF00 DE:ED08 HL:446D F:00000100 [Z:0 C:0]
[4859] LD D, (HL)                     | A:0E BC:FF00 DE:F508 HL:446D F:00000100 [Z:0 C:0]
[485A] INC HL                         | A:0E BC:FF00 DE:F508 HL:446E F:00000100 [Z:0 C:0]
[485B] LD C, 0x08                     | A:0E BC:FF08 DE:F508 HL:446E F:00000100 [Z:0 C:0]
[485D] LD B, (HL)                     | A:0E BC:AA08 DE:F508 HL:446E F:00000100 [Z:0 C:0]
[485E] INC HL                         | A:0E BC:AA08 DE:F508 HL:446F F:00000100 [Z:0 C:0]
[485F] LD A, (HL)                     | A:14 BC:AA08 DE:F508 HL:446F F:00000100 [Z:0 C:0]
[4860] INC HL                         | A:14 BC:AA08 DE:F508 HL:4470 F:00000100 [Z:0 C:0]
[4861] PUSH HL                        | A:14 BC:AA08 DE:F508 HL:4470 F:00000100 [Z:0 C:0]
[4862] LD L, A                        | A:14 BC:AA08 DE:F508 HL:4414 F:00000100 [Z:0 C:0]
[4863] LD A, (DE)                     | A:C0 BC:AA08 DE:F508 HL:4414 F:00000100 [Z:0 C:0]
[4864] AND B                          | A:80 BC:AA08 DE:F508 HL:4414 F:10010000 [Z:0 C:0]
[4865] OR L                           | A:94 BC:AA08 DE:F508 HL:4414 F:10000000 [Z:0 C:0]
[4866] LD (DE), A                     | A:94 BC:AA08 DE:F508 HL:4414 F:10000000 [Z:0 C:0]
[4867] POP HL                         | A:94 BC:AA08 DE:F508 HL:4470 F:10000000 [Z:0 C:0]
[4868] INC DE                         | A:94 BC:AA08 DE:F509 HL:4470 F:10000000 [Z:0 C:0]
[4869] DEC C                          | A:94 BC:AA07 DE:F509 HL:4470 F:00000000 [Z:0 C:0]
[486A] JR NZ -> 0x485D                | A:94 BC:AA07 DE:F509 HL:4470 F:00000000 [Z:0 C:0]
[485D] LD B, (HL)                     | A:94 BC:0007 DE:F509 HL:4470 F:00000000 [Z:0 C:0]
[485E] INC HL                         | A:94 BC:0007 DE:F509 HL:4471 F:00000000 [Z:0 C:0]
[485F] LD A, (HL)                     | A:3C BC:0007 DE:F509 HL:4471 F:00000000 [Z:0 C:0]
[4860] INC HL                         | A:3C BC:0007 DE:F509 HL:4472 F:00000000 [Z:0 C:0]
[4861] PUSH HL                        | A:3C BC:0007 DE:F509 HL:4472 F:00000000 [Z:0 C:0]
[4862] LD L, A                        | A:3C BC:0007 DE:F509 HL:443C F:00000000 [Z:0 C:0]
[4863] LD A, (DE)                     | A:C0 BC:0007 DE:F509 HL:443C F:00000000 [Z:0 C:0]
[4864] AND B                          | A:00 BC:0007 DE:F509 HL:443C F:01010100 [Z:1 C:0]
[4865] OR L                           | A:3C BC:0007 DE:F509 HL:443C F:00000100 [Z:0 C:0]
[4866] LD (DE), A                     | A:3C BC:0007 DE:F509 HL:443C F:00000100 [Z:0 C:0]
[4867] POP HL                         | A:3C BC:0007 DE:F509 HL:4472 F:00000100 [Z:0 C:0]
[4868] INC DE                         | A:3C BC:0007 DE:F50A HL:4472 F:00000100 [Z:0 C:0]
[4869] DEC C                          | A:3C BC:0006 DE:F50A HL:4472 F:00000100 [Z:0 C:0]
[486A] JR NZ -> 0x485D                | A:3C BC:0006 DE:F50A HL:4472 F:00000100 [Z:0 C:0]
[485D] LD B, (HL)                     | A:3C BC:0006 DE:F50A HL:4472 F:00000100 [Z:0 C:0]
[485E] INC HL                         | A:3C BC:0006 DE:F50A HL:4473 F:00000100 [Z:0 C:0]
[485F] LD A, (HL)                     | A:3C BC:0006 DE:F50A HL:4473 F:00000100 [Z:0 C:0]
[4860] INC HL                         | A:3C BC:0006 DE:F50A HL:4474 F:00000100 [Z:0 C:0]
[4861] PUSH HL                        | A:3C BC:0006 DE:F50A HL:4474 F:00000100 [Z:0 C:0]
[4862] LD L, A                        | A:3C BC:0006 DE:F50A HL:443C F:00000100 [Z:0 C:0]
[4863] LD A, (DE)                     | A:C0 BC:0006 DE:F50A HL:443C F:00000100 [Z:0 C:0]
[4864] AND B                          | A:00 BC:0006 DE:F50A HL:443C F:01010100 [Z:1 C:0]
[4865] OR L                           | A:3C BC:0006 DE:F50A HL:443C F:00000100 [Z:0 C:0]
[4866] LD (DE), A                     | A:3C BC:0006 DE:F50A HL:443C F:00000100 [Z:0 C:0]
[4867] POP HL                         | A:3C BC:0006 DE:F50A HL:4474 F:00000100 [Z:0 C:0]
[4868] INC DE                         | A:3C BC:0006 DE:F50B HL:4474 F:00000100 [Z:0 C:0]
[4869] DEC C                          | A:3C BC:0005 DE:F50B HL:4474 F:00000100 [Z:0 C:0]
[486A] JR NZ -> 0x485D                | A:3C BC:0005 DE:F50B HL:4474 F:00000100 [Z:0 C:0]
[485D] LD B, (HL)                     | A:3C BC:0005 DE:F50B HL:4474 F:00000100 [Z:0 C:0]
[485E] INC HL                         | A:3C BC:0005 DE:F50B HL:4475 F:00000100 [Z:0 C:0]
[485F] LD A, (HL)                     | A:3C BC:0005 DE:F50B HL:4475 F:00000100 [Z:0 C:0]
[4860] INC HL                         | A:3C BC:0005 DE:F50B HL:4476 F:00000100 [Z:0 C:0]
[4861] PUSH HL                        | A:3C BC:0005 DE:F50B HL:4476 F:00000100 [Z:0 C:0]
[4862] LD L, A                        | A:3C BC:0005 DE:F50B HL:443C F:00000100 [Z:0 C:0]
[4863] LD A, (DE)                     | A:C0 BC:0005 DE:F50B HL:443C F:00000100 [Z:0 C:0]
[4864] AND B                          | A:00 BC:0005 DE:F50B HL:443C F:01010100 [Z:1 C:0]
[4865] OR L                           | A:3C BC:0005 DE:F50B HL:443C F:00000100 [Z:0 C:0]
[4866] LD (DE), A                     | A:3C BC:0005 DE:F50B HL:443C F:00000100 [Z:0 C:0]
[4867] POP HL                         | A:3C BC:0005 DE:F50B HL:4476 F:00000100 [Z:0 C:0]
[4868] INC DE                         | A:3C BC:0005 DE:F50C HL:4476 F:00000100 [Z:0 C:0]
[4869] DEC C                          | A:3C BC:0004 DE:F50C HL:4476 F:00000100 [Z:0 C:0]
[486A] JR NZ -> 0x485D                | A:3C BC:0004 DE:F50C HL:4476 F:00000100 [Z:0 C:0]
[485D] LD B, (HL)                     | A:3C BC:0004 DE:F50C HL:4476 F:00000100 [Z:0 C:0]
[485E] INC HL                         | A:3C BC:0004 DE:F50C HL:4477 F:00000100 [Z:0 C:0]
[485F] LD A, (HL)                     | A:3C BC:0004 DE:F50C HL:4477 F:00000100 [Z:0 C:0]
[4860] INC HL                         | A:3C BC:0004 DE:F50C HL:4478 F:00000100 [Z:0 C:0]
[4861] PUSH HL                        | A:3C BC:0004 DE:F50C HL:4478 F:00000100 [Z:0 C:0]
[4862] LD L, A                        | A:3C BC:0004 DE:F50C HL:443C F:00000100 [Z:0 C:0]
[4863] LD A, (DE)                     | A:C0 BC:0004 DE:F50C HL:443C F:00000100 [Z:0 C:0]
[4864] AND B                          | A:00 BC:0004 DE:F50C HL:443C F:01010100 [Z:1 C:0]
[4865] OR L                           | A:3C BC:0004 DE:F50C HL:443C F:00000100 [Z:0 C:0]
[4866] LD (DE), A                     | A:3C BC:0004 DE:F50C HL:443C F:00000100 [Z:0 C:0]
[4867] POP HL                         | A:3C BC:0004 DE:F50C HL:4478 F:00000100 [Z:0 C:0]
[4868] INC DE                         | A:3C BC:0004 DE:F50D HL:4478 F:00000100 [Z:0 C:0]
[4869] DEC C                          | A:3C BC:0003 DE:F50D HL:4478 F:00000100 [Z:0 C:0]
[486A] JR NZ -> 0x485D                | A:3C BC:0003 DE:F50D HL:4478 F:00000100 [Z:0 C:0]
[485D] LD B, (HL)                     | A:3C BC:0003 DE:F50D HL:4478 F:00000100 [Z:0 C:0]
[485E] INC HL                         | A:3C BC:0003 DE:F50D HL:4479 F:00000100 [Z:0 C:0]
[485F] LD A, (HL)                     | A:3C BC:0003 DE:F50D HL:4479 F:00000100 [Z:0 C:0]
[4860] INC HL                         | A:3C BC:0003 DE:F50D HL:447A F:00000100 [Z:0 C:0]
[4861] PUSH HL                        | A:3C BC:0003 DE:F50D HL:447A F:00000100 [Z:0 C:0]
[4862] LD L, A                        | A:3C BC:0003 DE:F50D HL:443C F:00000100 [Z:0 C:0]
[4863] LD A, (DE)                     | A:C0 BC:0003 DE:F50D HL:443C F:00000100 [Z:0 C:0]
[4864] AND B                          | A:00 BC:0003 DE:F50D HL:443C F:01010100 [Z:1 C:0]
[4865] OR L                           | A:3C BC:0003 DE:F50D HL:443C F:00000100 [Z:0 C:0]
[4866] LD (DE), A                     | A:3C BC:0003 DE:F50D HL:443C F:00000100 [Z:0 C:0]
[4867] POP HL                         | A:3C BC:0003 DE:F50D HL:447A F:00000100 [Z:0 C:0]
[4868] INC DE                         | A:3C BC:0003 DE:F50E HL:447A F:00000100 [Z:0 C:0]
[4869] DEC C                          | A:3C BC:0002 DE:F50E HL:447A F:00000100 [Z:0 C:0]
[486A] JR NZ -> 0x485D                | A:3C BC:0002 DE:F50E HL:447A F:00000100 [Z:0 C:0]
[485D] LD B, (HL)                     | A:3C BC:0002 DE:F50E HL:447A F:00000100 [Z:0 C:0]
[485E] INC HL                         | A:3C BC:0002 DE:F50E HL:447B F:00000100 [Z:0 C:0]
[485F] LD A, (HL)                     | A:3C BC:0002 DE:F50E HL:447B F:00000100 [Z:0 C:0]
[4860] INC HL                         | A:3C BC:0002 DE:F50E HL:447C F:00000100 [Z:0 C:0]
[4861] PUSH HL                        | A:3C BC:0002 DE:F50E HL:447C F:00000100 [Z:0 C:0]
[4862] LD L, A                        | A:3C BC:0002 DE:F50E HL:443C F:00000100 [Z:0 C:0]
[4863] LD A, (DE)                     | A:C0 BC:0002 DE:F50E HL:443C F:00000100 [Z:0 C:0]
[4864] AND B                          | A:00 BC:0002 DE:F50E HL:443C F:01010100 [Z:1 C:0]
[4865] OR L                           | A:3C BC:0002 DE:F50E HL:443C F:00000100 [Z:0 C:0]
[4866] LD (DE), A                     | A:3C BC:0002 DE:F50E HL:443C F:00000100 [Z:0 C:0]
[4867] POP HL                         | A:3C BC:0002 DE:F50E HL:447C F:00000100 [Z:0 C:0]
[4868] INC DE                         | A:3C BC:0002 DE:F50F HL:447C F:00000100 [Z:0 C:0]
[4869] DEC C                          | A:3C BC:0001 DE:F50F HL:447C F:00000100 [Z:0 C:0]
[486A] JR NZ -> 0x485D                | A:3C BC:0001 DE:F50F HL:447C F:00000100 [Z:0 C:0]
[485D] LD B, (HL)                     | A:3C BC:5501 DE:F50F HL:447C F:00000100 [Z:0 C:0]
[485E] INC HL                         | A:3C BC:5501 DE:F50F HL:447D F:00000100 [Z:0 C:0]
[485F] LD A, (HL)                     | A:28 BC:5501 DE:F50F HL:447D F:00000100 [Z:0 C:0]
[4860] INC HL                         | A:28 BC:5501 DE:F50F HL:447E F:00000100 [Z:0 C:0]
[4861] PUSH HL                        | A:28 BC:5501 DE:F50F HL:447E F:00000100 [Z:0 C:0]
[4862] LD L, A                        | A:28 BC:5501 DE:F50F HL:4428 F:00000100 [Z:0 C:0]
[4863] LD A, (DE)                     | A:C0 BC:5501 DE:F50F HL:4428 F:00000100 [Z:0 C:0]
[4864] AND B                          | A:40 BC:5501 DE:F50F HL:4428 F:00010000 [Z:0 C:0]
[4865] OR L                           | A:68 BC:5501 DE:F50F HL:4428 F:00000000 [Z:0 C:0]
[4866] LD (DE), A                     | A:68 BC:5501 DE:F50F HL:4428 F:00000000 [Z:0 C:0]
[4867] POP HL                         | A:68 BC:5501 DE:F50F HL:447E F:00000000 [Z:0 C:0]
[4868] INC DE                         | A:68 BC:5501 DE:F510 HL:447E F:00000000 [Z:0 C:0]
[4869] DEC C                          | A:68 BC:5500 DE:F510 HL:447E F:01000000 [Z:1 C:0]
[486A] JR NZ [not taken]              | A:68 BC:5500 DE:F510 HL:447E F:01000000 [Z:1 C:0]
[486C] LD A, (0x8000)                 | A:0E BC:5500 DE:F510 HL:447E F:01000000 [Z:1 C:0]
[486F] DEC A                          | A:0D BC:5500 DE:F510 HL:447E F:00000000 [Z:0 C:0]
[4870] LD (0x8000), A                 | A:0D BC:5500 DE:F510 HL:447E F:00000000 [Z:0 C:0]
[4873] JR NZ -> 0x4857                | A:0D BC:5500 DE:F510 HL:447E F:00000000 [Z:0 C:0]
[4857] LD E, (HL)                     | A:0D BC:5500 DE:F508 HL:447E F:00000000 [Z:0 C:0]
[4858] INC HL                         | A:0D BC:5500 DE:F508 HL:447F F:00000000 [Z:0 C:0]
[4859] LD D, (HL)                     | A:0D BC:5500 DE:FD08 HL:447F F:00000000 [Z:0 C:0]
[485A] INC HL                         | A:0D BC:5500 DE:FD08 HL:4480 F:00000000 [Z:0 C:0]
[485B] LD C, 0x08                     | A:0D BC:5508 DE:FD08 HL:4480 F:00000000 [Z:0 C:0]
[485D] LD B, (HL)                     | A:0D BC:0008 DE:FD08 HL:4480 F:00000000 [Z:0 C:0]
[485E] INC HL                         | A:0D BC:0008 DE:FD08 HL:4481 F:00000000 [Z:0 C:0]
[485F] LD A, (HL)                     | A:3C BC:0008 DE:FD08 HL:4481 F:00000000 [Z:0 C:0]
[4860] INC HL                         | A:3C BC:0008 DE:FD08 HL:4482 F:00000000 [Z:0 C:0]
[4861] PUSH HL                        | A:3C BC:0008 DE:FD08 HL:4482 F:00000000 [Z:0 C:0]
[4862] LD L, A                        | A:3C BC:0008 DE:FD08 HL:443C F:00000000 [Z:0 C:0]
[4863] LD A, (DE)                     | A:C0 BC:0008 DE:FD08 HL:443C F:00000000 [Z:0 C:0]
[4864] AND B                          | A:00 BC:0008 DE:FD08 HL:443C F:01010100 [Z:1 C:0]
[4865] OR L                           | A:3C BC:0008 DE:FD08 HL:443C F:00000100 [Z:0 C:0]
[4866] LD (DE), A                     | A:3C BC:0008 DE:FD08 HL:443C F:00000100 [Z:0 C:0]
[4867] POP HL                         | A:3C BC:0008 DE:FD08 HL:4482 F:00000100 [Z:0 C:0]
[4868] INC DE                         | A:3C BC:0008 DE:FD09 HL:4482 F:00000100 [Z:0 C:0]
[4869] DEC C                          | A:3C BC:0007 DE:FD09 HL:4482 F:00000100 [Z:0 C:0]
[486A] JR NZ -> 0x485D                | A:3C BC:0007 DE:FD09 HL:4482 F:00000100 [Z:0 C:0]
[485D] LD B, (HL)                     | A:3C BC:0007 DE:FD09 HL:4482 F:00000100 [Z:0 C:0]
[485E] INC HL                         | A:3C BC:0007 DE:FD09 HL:4483 F:00000100 [Z:0 C:0]
[485F] LD A, (HL)                     | A:3C BC:0007 DE:FD09 HL:4483 F:00000100 [Z:0 C:0]
[4860] INC HL                         | A:3C BC:0007 DE:FD09 HL:4484 F:00000100 [Z:0 C:0]
[4861] PUSH HL                        | A:3C BC:0007 DE:FD09 HL:4484 F:00000100 [Z:0 C:0]
[4862] LD L, A                        | A:3C BC:0007 DE:FD09 HL:443C F:00000100 [Z:0 C:0]
[4863] LD A, (DE)                     | A:C0 BC:0007 DE:FD09 HL:443C F:00000100 [Z:0 C:0]
[4864] AND B                          | A:00 BC:0007 DE:FD09 HL:443C F:01010100 [Z:1 C:0]
[4865] OR L                           | A:3C BC:0007 DE:FD09 HL:443C F:00000100 [Z:0 C:0]
[4866] LD (DE), A                     | A:3C BC:0007 DE:FD09 HL:443C F:00000100 [Z:0 C:0]
[4867] POP HL                         | A:3C BC:0007 DE:FD09 HL:4484 F:00000100 [Z:0 C:0]
[4868] INC DE                         | A:3C BC:0007 DE:FD0A HL:4484 F:00000100 [Z:0 C:0]
[4869] DEC C                          | A:3C BC:0006 DE:FD0A HL:4484 F:00000100 [Z:0 C:0]
[486A] JR NZ -> 0x485D                | A:3C BC:0006 DE:FD0A HL:4484 F:00000100 [Z:0 C:0]
[485D] LD B, (HL)                     | A:3C BC:0006 DE:FD0A HL:4484 F:00000100 [Z:0 C:0]
[485E] INC HL                         | A:3C BC:0006 DE:FD0A HL:4485 F:00000100 [Z:0 C:0]
[485F] LD A, (HL)                     | A:03 BC:0006 DE:FD0A HL:4485 F:00000100 [Z:0 C:0]
[4860] INC HL                         | A:03 BC:0006 DE:FD0A HL:4486 F:00000100 [Z:0 C:0]
[4861] PUSH HL                        | A:03 BC:0006 DE:FD0A HL:4486 F:00000100 [Z:0 C:0]
[4862] LD L, A                        | A:03 BC:0006 DE:FD0A HL:4403 F:00000100 [Z:0 C:0]
[4863] LD A, (DE)                     | A:C0 BC:0006 DE:FD0A HL:4403 F:00000100 [Z:0 C:0]
[4864] AND B                          | A:00 BC:0006 DE:FD0A HL:4403 F:01010100 [Z:1 C:0]
[4865] OR L                           | A:03 BC:0006 DE:FD0A HL:4403 F:00000100 [Z:0 C:0]
[4866] LD (DE), A                     | A:03 BC:0006 DE:FD0A HL:4403 F:00000100 [Z:0 C:0]
[4867] POP HL                         | A:03 BC:0006 DE:FD0A HL:4486 F:00000100 [Z:0 C:0]
[4868] INC DE                         | A:03 BC:0006 DE:FD0B HL:4486 F:00000100 [Z:0 C:0]
[4869] DEC C                          | A:03 BC:0005 DE:FD0B HL:4486 F:00000100 [Z:0 C:0]
[486A] JR NZ -> 0x485D                | A:03 BC:0005 DE:FD0B HL:4486 F:00000100 [Z:0 C:0]
[485D] LD B, (HL)                     | A:03 BC:0005 DE:FD0B HL:4486 F:00000100 [Z:0 C:0]
[485E] INC HL                         | A:03 BC:0005 DE:FD0B HL:4487 F:00000100 [Z:0 C:0]
[485F] LD A, (HL)                     | A:03 BC:0005 DE:FD0B HL:4487 F:00000100 [Z:0 C:0]
[4860] INC HL                         | A:03 BC:0005 DE:FD0B HL:4488 F:00000100 [Z:0 C:0]
[4861] PUSH HL                        | A:03 BC:0005 DE:FD0B HL:4488 F:00000100 [Z:0 C:0]
[4862] LD L, A                        | A:03 BC:0005 DE:FD0B HL:4403 F:00000100 [Z:0 C:0]
[4863] LD A, (DE)                     | A:C0 BC:0005 DE:FD0B HL:4403 F:00000100 [Z:0 C:0]
[4864] AND B                          | A:00 BC:0005 DE:FD0B HL:4403 F:01010100 [Z:1 C:0]
[4865] OR L                           | A:03 BC:0005 DE:FD0B HL:4403 F:00000100 [Z:0 C:0]
[4866] LD (DE), A                     | A:03 BC:0005 DE:FD0B HL:4403 F:00000100 [Z:0 C:0]
[4867] POP HL                         | A:03 BC:0005 DE:FD0B HL:4488 F:00000100 [Z:0 C:0]
[4868] INC DE                         | A:03 BC:0005 DE:FD0C HL:4488 F:00000100 [Z:0 C:0]
[4869] DEC C                          | A:03 BC:0004 DE:FD0C HL:4488 F:00000100 [Z:0 C:0]
[486A] JR NZ -> 0x485D                | A:03 BC:0004 DE:FD0C HL:4488 F:00000100 [Z:0 C:0]
[485D] LD B, (HL)                     | A:03 BC:0004 DE:FD0C HL:4488 F:00000100 [Z:0 C:0]
[485E] INC HL                         | A:03 BC:0004 DE:FD0C HL:4489 F:00000100 [Z:0 C:0]
[485F] LD A, (HL)                     | A:03 BC:0004 DE:FD0C HL:4489 F:00000100 [Z:0 C:0]
[4860] INC HL                         | A:03 BC:0004 DE:FD0C HL:448A F:00000100 [Z:0 C:0]
[4861] PUSH HL                        | A:03 BC:0004 DE:FD0C HL:448A F:00000100 [Z:0 C:0]
[4862] LD L, A                        | A:03 BC:0004 DE:FD0C HL:4403 F:00000100 [Z:0 C:0]
[4863] LD A, (DE)                     | A:C0 BC:0004 DE:FD0C HL:4403 F:00000100 [Z:0 C:0]
[4864] AND B                          | A:00 BC:0004 DE:FD0C HL:4403 F:01010100 [Z:1 C:0]
[4865] OR L                           | A:03 BC:0004 DE:FD0C HL:4403 F:00000100 [Z:0 C:0]
[4866] LD (DE), A                     | A:03 BC:0004 DE:FD0C HL:4403 F:00000100 [Z:0 C:0]
[4867] POP HL                         | A:03 BC:0004 DE:FD0C HL:448A F:00000100 [Z:0 C:0]
[4868] INC DE                         | A:03 BC:0004 DE:FD0D HL:448A F:00000100 [Z:0 C:0]
[4869] DEC C                          | A:03 BC:0003 DE:FD0D HL:448A F:00000100 [Z:0 C:0]
[486A] JR NZ -> 0x485D                | A:03 BC:0003 DE:FD0D HL:448A F:00000100 [Z:0 C:0]
[485D] LD B, (HL)                     | A:03 BC:0003 DE:FD0D HL:448A F:00000100 [Z:0 C:0]
[485E] INC HL                         | A:03 BC:0003 DE:FD0D HL:448B F:00000100 [Z:0 C:0]
[485F] LD A, (HL)                     | A:03 BC:0003 DE:FD0D HL:448B F:00000100 [Z:0 C:0]
[4860] INC HL                         | A:03 BC:0003 DE:FD0D HL:448C F:00000100 [Z:0 C:0]
[4861] PUSH HL                        | A:03 BC:0003 DE:FD0D HL:448C F:00000100 [Z:0 C:0]
[4862] LD L, A                        | A:03 BC:0003 DE:FD0D HL:4403 F:00000100 [Z:0 C:0]
[4863] LD A, (DE)                     | A:C0 BC:0003 DE:FD0D HL:4403 F:00000100 [Z:0 C:0]
[4864] AND B                          | A:00 BC:0003 DE:FD0D HL:4403 F:01010100 [Z:1 C:0]
[4865] OR L                           | A:03 BC:0003 DE:FD0D HL:4403 F:00000100 [Z:0 C:0]
[4866] LD (DE), A                     | A:03 BC:0003 DE:FD0D HL:4403 F:00000100 [Z:0 C:0]
[4867] POP HL                         | A:03 BC:0003 DE:FD0D HL:448C F:00000100 [Z:0 C:0]
[4868] INC DE                         | A:03 BC:0003 DE:FD0E HL:448C F:00000100 [Z:0 C:0]
[4869] DEC C                          | A:03 BC:0002 DE:FD0E HL:448C F:00000100 [Z:0 C:0]
[486A] JR NZ -> 0x485D                | A:03 BC:0002 DE:FD0E HL:448C F:00000100 [Z:0 C:0]
[485D] LD B, (HL)                     | A:03 BC:0002 DE:FD0E HL:448C F:00000100 [Z:0 C:0]
[485E] INC HL                         | A:03 BC:0002 DE:FD0E HL:448D F:00000100 [Z:0 C:0]
[485F] LD A, (HL)                     | A:3C BC:0002 DE:FD0E HL:448D F:00000100 [Z:0 C:0]
[4860] INC HL                         | A:3C BC:0002 DE:FD0E HL:448E F:00000100 [Z:0 C:0]
[4861] PUSH HL                        | A:3C BC:0002 DE:FD0E HL:448E F:00000100 [Z:0 C:0]
[4862] LD L, A                        | A:3C BC:0002 DE:FD0E HL:443C F:00000100 [Z:0 C:0]
[4863] LD A, (DE)                     | A:C0 BC:0002 DE:FD0E HL:443C F:00000100 [Z:0 C:0]
[4864] AND B                          | A:00 BC:0002 DE:FD0E HL:443C F:01010100 [Z:1 C:0]
[4865] OR L                           | A:3C BC:0002 DE:FD0E HL:443C F:00000100 [Z:0 C:0]
[4866] LD (DE), A                     | A:3C BC:0002 DE:FD0E HL:443C F:00000100 [Z:0 C:0]
[4867] POP HL                         | A:3C BC:0002 DE:FD0E HL:448E F:00000100 [Z:0 C:0]
[4868] INC DE                         | A:3C BC:0002 DE:FD0F HL:448E F:00000100 [Z:0 C:0]
[4869] DEC C                          | A:3C BC:0001 DE:FD0F HL:448E F:00000100 [Z:0 C:0]
[486A] JR NZ -> 0x485D                | A:3C BC:0001 DE:FD0F HL:448E F:00000100 [Z:0 C:0]
[485D] LD B, (HL)                     | A:3C BC:0001 DE:FD0F HL:448E F:00000100 [Z:0 C:0]
[485E] INC HL                         | A:3C BC:0001 DE:FD0F HL:448F F:00000100 [Z:0 C:0]
[485F] LD A, (HL)                     | A:3C BC:0001 DE:FD0F HL:448F F:00000100 [Z:0 C:0]
[4860] INC HL                         | A:3C BC:0001 DE:FD0F HL:4490 F:00000100 [Z:0 C:0]
[4861] PUSH HL                        | A:3C BC:0001 DE:FD0F HL:4490 F:00000100 [Z:0 C:0]
[4862] LD L, A                        | A:3C BC:0001 DE:FD0F HL:443C F:00000100 [Z:0 C:0]
[4863] LD A, (DE)                     | A:C0 BC:0001 DE:FD0F HL:443C F:00000100 [Z:0 C:0]
[4864] AND B                          | A:00 BC:0001 DE:FD0F HL:443C F:01010100 [Z:1 C:0]
[4865] OR L                           | A:3C BC:0001 DE:FD0F HL:443C F:00000100 [Z:0 C:0]
[4866] LD (DE), A                     | A:3C BC:0001 DE:FD0F HL:443C F:00000100 [Z:0 C:0]
[4867] POP HL                         | A:3C BC:0001 DE:FD0F HL:4490 F:00000100 [Z:0 C:0]
[4868] INC DE                         | A:3C BC:0001 DE:FD10 HL:4490 F:00000100 [Z:0 C:0]
[4869] DEC C                          | A:3C BC:0000 DE:FD10 HL:4490 F:01000100 [Z:1 C:0]
[486A] JR NZ [not taken]              | A:3C BC:0000 DE:FD10 HL:4490 F:01000100 [Z:1 C:0]
[486C] LD A, (0x8000)                 | A:0D BC:0000 DE:FD10 HL:4490 F:01000100 [Z:1 C:0]
[486F] DEC A                          | A:0C BC:0000 DE:FD10 HL:4490 F:00000100 [Z:0 C:0]
[4870] LD (0x8000), A                 | A:0C BC:0000 DE:FD10 HL:4490 F:00000100 [Z:0 C:0]
[4873] JR NZ -> 0x4857                | A:0C BC:0000 DE:FD10 HL:4490 F:00000100 [Z:0 C:0]
[4857] LD E, (HL)                     | A:0C BC:0000 DE:FD58 HL:4490 F:00000100 [Z:0 C:0]
[4858] INC HL                         | A:0C BC:0000 DE:FD58 HL:4491 F:00000100 [Z:0 C:0]
[4859] LD D, (HL)                     | A:0C BC:0000 DE:C558 HL:4491 F:00000100 [Z:0 C:0]
[485A] INC HL                         | A:0C BC:0000 DE:C558 HL:4492 F:00000100 [Z:0 C:0]
[485B] LD C, 0x08                     | A:0C BC:0008 DE:C558 HL:4492 F:00000100 [Z:0 C:0]
[485D] LD B, (HL)                     | A:0C BC:0008 DE:C558 HL:4492 F:00000100 [Z:0 C:0]
[485E] INC HL                         | A:0C BC:0008 DE:C558 HL:4493 F:00000100 [Z:0 C:0]
[485F] LD A, (HL)                     | A:3C BC:0008 DE:C558 HL:4493 F:00000100 [Z:0 C:0]
[4860] INC HL                         | A:3C BC:0008 DE:C558 HL:4494 F:00000100 [Z:0 C:0]
[4861] PUSH HL                        | A:3C BC:0008 DE:C558 HL:4494 F:00000100 [Z:0 C:0]
[4862] LD L, A                        | A:3C BC:0008 DE:C558 HL:443C F:00000100 [Z:0 C:0]
[4863] LD A, (DE)                     | A:C0 BC:0008 DE:C558 HL:443C F:00000100 [Z:0 C:0]
[4864] AND B                          | A:00 BC:0008 DE:C558 HL:443C F:01010100 [Z:1 C:0]
[4865] OR L                           | A:3C BC:0008 DE:C558 HL:443C F:00000100 [Z:0 C:0]
[4866] LD (DE), A                     | A:3C BC:0008 DE:C558 HL:443C F:00000100 [Z:0 C:0]
[4867] POP HL                         | A:3C BC:0008 DE:C558 HL:4494 F:00000100 [Z:0 C:0]
[4868] INC DE                         | A:3C BC:0008 DE:C559 HL:4494 F:00000100 [Z:0 C:0]
[4869] DEC C                          | A:3C BC:0007 DE:C559 HL:4494 F:00000100 [Z:0 C:0]
[486A] JR NZ -> 0x485D                | A:3C BC:0007 DE:C559 HL:4494 F:00000100 [Z:0 C:0]
[485D] LD B, (HL)                     | A:3C BC:0007 DE:C559 HL:4494 F:00000100 [Z:0 C:0]
[485E] INC HL                         | A:3C BC:0007 DE:C559 HL:4495 F:00000100 [Z:0 C:0]
[485F] LD A, (HL)                     | A:3C BC:0007 DE:C559 HL:4495 F:00000100 [Z:0 C:0]
[4860] INC HL                         | A:3C BC:0007 DE:C559 HL:4496 F:00000100 [Z:0 C:0]
[4861] PUSH HL                        | A:3C BC:0007 DE:C559 HL:4496 F:00000100 [Z:0 C:0]
[4862] LD L, A                        | A:3C BC:0007 DE:C559 HL:443C F:00000100 [Z:0 C:0]
[4863] LD A, (DE)                     | A:C0 BC:0007 DE:C559 HL:443C F:00000100 [Z:0 C:0]
[4864] AND B                          | A:00 BC:0007 DE:C559 HL:443C F:01010100 [Z:1 C:0]
[4865] OR L                           | A:3C BC:0007 DE:C559 HL:443C F:00000100 [Z:0 C:0]
[4866] LD (DE), A                     | A:3C BC:0007 DE:C559 HL:443C F:00000100 [Z:0 C:0]
[4867] POP HL                         | A:3C BC:0007 DE:C559 HL:4496 F:00000100 [Z:0 C:0]
[4868] INC DE                         | A:3C BC:0007 DE:C55A HL:4496 F:00000100 [Z:0 C:0]
[4869] DEC C                          | A:3C BC:0006 DE:C55A HL:4496 F:00000100 [Z:0 C:0]
[486A] JR NZ -> 0x485D                | A:3C BC:0006 DE:C55A HL:4496 F:00000100 [Z:0 C:0]
[485D] LD B, (HL)                     | A:3C BC:0006 DE:C55A HL:4496 F:00000100 [Z:0 C:0]
[485E] INC HL                         | A:3C BC:0006 DE:C55A HL:4497 F:00000100 [Z:0 C:0]
[485F] LD A, (HL)                     | A:3C BC:0006 DE:C55A HL:4497 F:00000100 [Z:0 C:0]
[4860] INC HL                         | A:3C BC:0006 DE:C55A HL:4498 F:00000100 [Z:0 C:0]
[4861] PUSH HL                        | A:3C BC:0006 DE:C55A HL:4498 F:00000100 [Z:0 C:0]
[4862] LD L, A                        | A:3C BC:0006 DE:C55A HL:443C F:00000100 [Z:0 C:0]
[4863] LD A, (DE)                     | A:C0 BC:0006 DE:C55A HL:443C F:00000100 [Z:0 C:0]
[4864] AND B                          | A:00 BC:0006 DE:C55A HL:443C F:01010100 [Z:1 C:0]
[4865] OR L                           | A:3C BC:0006 DE:C55A HL:443C F:00000100 [Z:0 C:0]
[4866] LD (DE), A                     | A:3C BC:0006 DE:C55A HL:443C F:00000100 [Z:0 C:0]
[4867] POP HL                         | A:3C BC:0006 DE:C55A HL:4498 F:00000100 [Z:0 C:0]
[4868] INC DE                         | A:3C BC:0006 DE:C55B HL:4498 F:00000100 [Z:0 C:0]
[4869] DEC C                          | A:3C BC:0005 DE:C55B HL:4498 F:00000100 [Z:0 C:0]
[486A] JR NZ -> 0x485D                | A:3C BC:0005 DE:C55B HL:4498 F:00000100 [Z:0 C:0]
[485D] LD B, (HL)                     | A:3C BC:0005 DE:C55B HL:4498 F:00000100 [Z:0 C:0]
[485E] INC HL                         | A:3C BC:0005 DE:C55B HL:4499 F:00000100 [Z:0 C:0]
[485F] LD A, (HL)                     | A:3C BC:0005 DE:C55B HL:4499 F:00000100 [Z:0 C:0]
[4860] INC HL                         | A:3C BC:0005 DE:C55B HL:449A F:00000100 [Z:0 C:0]
[4861] PUSH HL                        | A:3C BC:0005 DE:C55B HL:449A F:00000100 [Z:0 C:0]
[4862] LD L, A                        | A:3C BC:0005 DE:C55B HL:443C F:00000100 [Z:0 C:0]
[4863] LD A, (DE)                     | A:C0 BC:0005 DE:C55B HL:443C F:00000100 [Z:0 C:0]
[4864] AND B                          | A:00 BC:0005 DE:C55B HL:443C F:01010100 [Z:1 C:0]
[4865] OR L                           | A:3C BC:0005 DE:C55B HL:443C F:00000100 [Z:0 C:0]
[4866] LD (DE), A                     | A:3C BC:0005 DE:C55B HL:443C F:00000100 [Z:0 C:0]
[4867] POP HL                         | A:3C BC:0005 DE:C55B HL:449A F:00000100 [Z:0 C:0]
[4868] INC DE                         | A:3C BC:0005 DE:C55C HL:449A F:00000100 [Z:0 C:0]
[4869] DEC C                          | A:3C BC:0004 DE:C55C HL:449A F:00000100 [Z:0 C:0]
[486A] JR NZ -> 0x485D                | A:3C BC:0004 DE:C55C HL:449A F:00000100 [Z:0 C:0]
[485D] LD B, (HL)                     | A:3C BC:0004 DE:C55C HL:449A F:00000100 [Z:0 C:0]
[485E] INC HL                         | A:3C BC:0004 DE:C55C HL:449B F:00000100 [Z:0 C:0]
[485F] LD A, (HL)                     | A:3C BC:0004 DE:C55C HL:449B F:00000100 [Z:0 C:0]
[4860] INC HL                         | A:3C BC:0004 DE:C55C HL:449C F:00000100 [Z:0 C:0]
[4861] PUSH HL                        | A:3C BC:0004 DE:C55C HL:449C F:00000100 [Z:0 C:0]
[4862] LD L, A                        | A:3C BC:0004 DE:C55C HL:443C F:00000100 [Z:0 C:0]
[4863] LD A, (DE)                     | A:C0 BC:0004 DE:C55C HL:443C F:00000100 [Z:0 C:0]
[4864] AND B                          | A:00 BC:0004 DE:C55C HL:443C F:01010100 [Z:1 C:0]
[4865] OR L                           | A:3C BC:0004 DE:C55C HL:443C F:00000100 [Z:0 C:0]
[4866] LD (DE), A                     | A:3C BC:0004 DE:C55C HL:443C F:00000100 [Z:0 C:0]
[4867] POP HL                         | A:3C BC:0004 DE:C55C HL:449C F:00000100 [Z:0 C:0]
[4868] INC DE                         | A:3C BC:0004 DE:C55D HL:449C F:00000100 [Z:0 C:0]
[4869] DEC C                          | A:3C BC:0003 DE:C55D HL:449C F:00000100 [Z:0 C:0]
[486A] JR NZ -> 0x485D                | A:3C BC:0003 DE:C55D HL:449C F:00000100 [Z:0 C:0]
[485D] LD B, (HL)                     | A:3C BC:0003 DE:C55D HL:449C F:00000100 [Z:0 C:0]
[485E] INC HL                         | A:3C BC:0003 DE:C55D HL:449D F:00000100 [Z:0 C:0]
[485F] LD A, (HL)                     | A:3C BC:0003 DE:C55D HL:449D F:00000100 [Z:0 C:0]
[4860] INC HL                         | A:3C BC:0003 DE:C55D HL:449E F:00000100 [Z:0 C:0]
[4861] PUSH HL                        | A:3C BC:0003 DE:C55D HL:449E F:00000100 [Z:0 C:0]
[4862] LD L, A                        | A:3C BC:0003 DE:C55D HL:443C F:00000100 [Z:0 C:0]
[4863] LD A, (DE)                     | A:C0 BC:0003 DE:C55D HL:443C F:00000100 [Z:0 C:0]
[4864] AND B                          | A:00 BC:0003 DE:C55D HL:443C F:01010100 [Z:1 C:0]
[4865] OR L                           | A:3C BC:0003 DE:C55D HL:443C F:00000100 [Z:0 C:0]
[4866] LD (DE), A                     | A:3C BC:0003 DE:C55D HL:443C F:00000100 [Z:0 C:0]
[4867] POP HL                         | A:3C BC:0003 DE:C55D HL:449E F:00000100 [Z:0 C:0]
[4868] INC DE                         | A:3C BC:0003 DE:C55E HL:449E F:00000100 [Z:0 C:0]
[4869] DEC C                          | A:3C BC:0002 DE:C55E HL:449E F:00000100 [Z:0 C:0]
[486A] JR NZ -> 0x485D                | A:3C BC:0002 DE:C55E HL:449E F:00000100 [Z:0 C:0]
[485D] LD B, (HL)                     | A:3C BC:0002 DE:C55E HL:449E F:00000100 [Z:0 C:0]
[485E] INC HL                         | A:3C BC:0002 DE:C55E HL:449F F:00000100 [Z:0 C:0]
[485F] LD A, (HL)                     | A:3C BC:0002 DE:C55E HL:449F F:00000100 [Z:0 C:0]
[4860] INC HL                         | A:3C BC:0002 DE:C55E HL:44A0 F:00000100 [Z:0 C:0]
[4861] PUSH HL                        | A:3C BC:0002 DE:C55E HL:44A0 F:00000100 [Z:0 C:0]
[4862] LD L, A                        | A:3C BC:0002 DE:C55E HL:443C F:00000100 [Z:0 C:0]
[4863] LD A, (DE)                     | A:C0 BC:0002 DE:C55E HL:443C F:00000100 [Z:0 C:0]
[4864] AND B                          | A:00 BC:0002 DE:C55E HL:443C F:01010100 [Z:1 C:0]
[4865] OR L                           | A:3C BC:0002 DE:C55E HL:443C F:00000100 [Z:0 C:0]
[4866] LD (DE), A                     | A:3C BC:0002 DE:C55E HL:443C F:00000100 [Z:0 C:0]
[4867] POP HL                         | A:3C BC:0002 DE:C55E HL:44A0 F:00000100 [Z:0 C:0]
[4868] INC DE                         | A:3C BC:0002 DE:C55F HL:44A0 F:00000100 [Z:0 C:0]
[4869] DEC C                          | A:3C BC:0001 DE:C55F HL:44A0 F:00000100 [Z:0 C:0]
[486A] JR NZ -> 0x485D                | A:3C BC:0001 DE:C55F HL:44A0 F:00000100 [Z:0 C:0]
[485D] LD B, (HL)                     | A:3C BC:0001 DE:C55F HL:44A0 F:00000100 [Z:0 C:0]
[485E] INC HL                         | A:3C BC:0001 DE:C55F HL:44A1 F:00000100 [Z:0 C:0]
[485F] LD A, (HL)                     | A:3C BC:0001 DE:C55F HL:44A1 F:00000100 [Z:0 C:0]
[4860] INC HL                         | A:3C BC:0001 DE:C55F HL:44A2 F:00000100 [Z:0 C:0]
[4861] PUSH HL                        | A:3C BC:0001 DE:C55F HL:44A2 F:00000100 [Z:0 C:0]
[4862] LD L, A                        | A:3C BC:0001 DE:C55F HL:443C F:00000100 [Z:0 C:0]
[4863] LD A, (DE)                     | A:C0 BC:0001 DE:C55F HL:443C F:00000100 [Z:0 C:0]
[4864] AND B                          | A:00 BC:0001 DE:C55F HL:443C F:01010100 [Z:1 C:0]
[4865] OR L                           | A:3C BC:0001 DE:C55F HL:443C F:00000100 [Z:0 C:0]
[4866] LD (DE), A                     | A:3C BC:0001 DE:C55F HL:443C F:00000100 [Z:0 C:0]
[4867] POP HL                         | A:3C BC:0001 DE:C55F HL:44A2 F:00000100 [Z:0 C:0]
[4868] INC DE                         | A:3C BC:0001 DE:C560 HL:44A2 F:00000100 [Z:0 C:0]
[4869] DEC C                          | A:3C BC:0000 DE:C560 HL:44A2 F:01000100 [Z:1 C:0]
[486A] JR NZ [not taken]              | A:3C BC:0000 DE:C560 HL:44A2 F:01000100 [Z:1 C:0]
[486C] LD A, (0x8000)                 | A:0C BC:0000 DE:C560 HL:44A2 F:01000100 [Z:1 C:0]
[486F] DEC A                          | A:0B BC:0000 DE:C560 HL:44A2 F:00000100 [Z:0 C:0]
[4870] LD (0x8000), A                 | A:0B BC:0000 DE:C560 HL:44A2 F:00000100 [Z:0 C:0]
[4873] JR NZ -> 0x4857                | A:0B BC:0000 DE:C560 HL:44A2 F:00000100 [Z:0 C:0]
[4857] LD E, (HL)                     | A:0B BC:0000 DE:C558 HL:44A2 F:00000100 [Z:0 C:0]
[4858] INC HL                         | A:0B BC:0000 DE:C558 HL:44A3 F:00000100 [Z:0 C:0]
[4859] LD D, (HL)                     | A:0B BC:0000 DE:CD58 HL:44A3 F:00000100 [Z:0 C:0]
[485A] INC HL                         | A:0B BC:0000 DE:CD58 HL:44A4 F:00000100 [Z:0 C:0]
[485B] LD C, 0x08                     | A:0B BC:0008 DE:CD58 HL:44A4 F:00000100 [Z:0 C:0]
[485D] LD B, (HL)                     | A:0B BC:0008 DE:CD58 HL:44A4 F:00000100 [Z:0 C:0]
[485E] INC HL                         | A:0B BC:0008 DE:CD58 HL:44A5 F:00000100 [Z:0 C:0]
[485F] LD A, (HL)                     | A:3C BC:0008 DE:CD58 HL:44A5 F:00000100 [Z:0 C:0]
[4860] INC HL                         | A:3C BC:0008 DE:CD58 HL:44A6 F:00000100 [Z:0 C:0]
[4861] PUSH HL                        | A:3C BC:0008 DE:CD58 HL:44A6 F:00000100 [Z:0 C:0]
[4862] LD L, A                        | A:3C BC:0008 DE:CD58 HL:443C F:00000100 [Z:0 C:0]
[4863] LD A, (DE)                     | A:C0 BC:0008 DE:CD58 HL:443C F:00000100 [Z:0 C:0]
[4864] AND B                          | A:00 BC:0008 DE:CD58 HL:443C F:01010100 [Z:1 C:0]
[4865] OR L                           | A:3C BC:0008 DE:CD58 HL:443C F:00000100 [Z:0 C:0]
[4866] LD (DE), A                     | A:3C BC:0008 DE:CD58 HL:443C F:00000100 [Z:0 C:0]
[4867] POP HL                         | A:3C BC:0008 DE:CD58 HL:44A6 F:00000100 [Z:0 C:0]
[4868] INC DE                         | A:3C BC:0008 DE:CD59 HL:44A6 F:00000100 [Z:0 C:0]
[4869] DEC C                          | A:3C BC:0007 DE:CD59 HL:44A6 F:00000100 [Z:0 C:0]
[486A] JR NZ -> 0x485D                | A:3C BC:0007 DE:CD59 HL:44A6 F:00000100 [Z:0 C:0]
[485D] LD B, (HL)                     | A:3C BC:0007 DE:CD59 HL:44A6 F:00000100 [Z:0 C:0]
[485E] INC HL                         | A:3C BC:0007 DE:CD59 HL:44A7 F:00000100 [Z:0 C:0]
[485F] LD A, (HL)                     | A:3C BC:0007 DE:CD59 HL:44A7 F:00000100 [Z:0 C:0]
[4860] INC HL                         | A:3C BC:0007 DE:CD59 HL:44A8 F:00000100 [Z:0 C:0]
[4861] PUSH HL                        | A:3C BC:0007 DE:CD59 HL:44A8 F:00000100 [Z:0 C:0]
[4862] LD L, A                        | A:3C BC:0007 DE:CD59 HL:443C F:00000100 [Z:0 C:0]
[4863] LD A, (DE)                     | A:C0 BC:0007 DE:CD59 HL:443C F:00000100 [Z:0 C:0]
[4864] AND B                          | A:00 BC:0007 DE:CD59 HL:443C F:01010100 [Z:1 C:0]
[4865] OR L                           | A:3C BC:0007 DE:CD59 HL:443C F:00000100 [Z:0 C:0]
[4866] LD (DE), A                     | A:3C BC:0007 DE:CD59 HL:443C F:00000100 [Z:0 C:0]
[4867] POP HL                         | A:3C BC:0007 DE:CD59 HL:44A8 F:00000100 [Z:0 C:0]
[4868] INC DE                         | A:3C BC:0007 DE:CD5A HL:44A8 F:00000100 [Z:0 C:0]
[4869] DEC C                          | A:3C BC:0006 DE:CD5A HL:44A8 F:00000100 [Z:0 C:0]
[486A] JR NZ -> 0x485D                | A:3C BC:0006 DE:CD5A HL:44A8 F:00000100 [Z:0 C:0]
[485D] LD B, (HL)                     | A:3C BC:0006 DE:CD5A HL:44A8 F:00000100 [Z:0 C:0]
[485E] INC HL                         | A:3C BC:0006 DE:CD5A HL:44A9 F:00000100 [Z:0 C:0]
[485F] LD A, (HL)                     | A:3C BC:0006 DE:CD5A HL:44A9 F:00000100 [Z:0 C:0]
[4860] INC HL                         | A:3C BC:0006 DE:CD5A HL:44AA F:00000100 [Z:0 C:0]
[4861] PUSH HL                        | A:3C BC:0006 DE:CD5A HL:44AA F:00000100 [Z:0 C:0]
[4862] LD L, A                        | A:3C BC:0006 DE:CD5A HL:443C F:00000100 [Z:0 C:0]
[4863] LD A, (DE)                     | A:C0 BC:0006 DE:CD5A HL:443C F:00000100 [Z:0 C:0]
[4864] AND B                          | A:00 BC:0006 DE:CD5A HL:443C F:01010100 [Z:1 C:0]
[4865] OR L                           | A:3C BC:0006 DE:CD5A HL:443C F:00000100 [Z:0 C:0]
[4866] LD (DE), A                     | A:3C BC:0006 DE:CD5A HL:443C F:00000100 [Z:0 C:0]
[4867] POP HL                         | A:3C BC:0006 DE:CD5A HL:44AA F:00000100 [Z:0 C:0]
[4868] INC DE                         | A:3C BC:0006 DE:CD5B HL:44AA F:00000100 [Z:0 C:0]
[4869] DEC C                          | A:3C BC:0005 DE:CD5B HL:44AA F:00000100 [Z:0 C:0]
[486A] JR NZ -> 0x485D                | A:3C BC:0005 DE:CD5B HL:44AA F:00000100 [Z:0 C:0]
[485D] LD B, (HL)                     | A:3C BC:0005 DE:CD5B HL:44AA F:00000100 [Z:0 C:0]
[485E] INC HL                         | A:3C BC:0005 DE:CD5B HL:44AB F:00000100 [Z:0 C:0]
[485F] LD A, (HL)                     | A:3C BC:0005 DE:CD5B HL:44AB F:00000100 [Z:0 C:0]
[4860] INC HL                         | A:3C BC:0005 DE:CD5B HL:44AC F:00000100 [Z:0 C:0]
[4861] PUSH HL                        | A:3C BC:0005 DE:CD5B HL:44AC F:00000100 [Z:0 C:0]
[4862] LD L, A                        | A:3C BC:0005 DE:CD5B HL:443C F:00000100 [Z:0 C:0]
[4863] LD A, (DE)                     | A:C0 BC:0005 DE:CD5B HL:443C F:00000100 [Z:0 C:0]
[4864] AND B                          | A:00 BC:0005 DE:CD5B HL:443C F:01010100 [Z:1 C:0]
[4865] OR L                           | A:3C BC:0005 DE:CD5B HL:443C F:00000100 [Z:0 C:0]
[4866] LD (DE), A                     | A:3C BC:0005 DE:CD5B HL:443C F:00000100 [Z:0 C:0]
[4867] POP HL                         | A:3C BC:0005 DE:CD5B HL:44AC F:00000100 [Z:0 C:0]
[4868] INC DE                         | A:3C BC:0005 DE:CD5C HL:44AC F:00000100 [Z:0 C:0]
[4869] DEC C                          | A:3C BC:0004 DE:CD5C HL:44AC F:00000100 [Z:0 C:0]
[486A] JR NZ -> 0x485D                | A:3C BC:0004 DE:CD5C HL:44AC F:00000100 [Z:0 C:0]
[485D] LD B, (HL)                     | A:3C BC:0004 DE:CD5C HL:44AC F:00000100 [Z:0 C:0]
[485E] INC HL                         | A:3C BC:0004 DE:CD5C HL:44AD F:00000100 [Z:0 C:0]
[485F] LD A, (HL)                     | A:3C BC:0004 DE:CD5C HL:44AD F:00000100 [Z:0 C:0]
[4860] INC HL                         | A:3C BC:0004 DE:CD5C HL:44AE F:00000100 [Z:0 C:0]
[4861] PUSH HL                        | A:3C BC:0004 DE:CD5C HL:44AE F:00000100 [Z:0 C:0]
[4862] LD L, A                        | A:3C BC:0004 DE:CD5C HL:443C F:00000100 [Z:0 C:0]
[4863] LD A, (DE)                     | A:C0 BC:0004 DE:CD5C HL:443C F:00000100 [Z:0 C:0]
[4864] AND B                          | A:00 BC:0004 DE:CD5C HL:443C F:01010100 [Z:1 C:0]
[4865] OR L                           | A:3C BC:0004 DE:CD5C HL:443C F:00000100 [Z:0 C:0]
[4866] LD (DE), A                     | A:3C BC:0004 DE:CD5C HL:443C F:00000100 [Z:0 C:0]
[4867] POP HL                         | A:3C BC:0004 DE:CD5C HL:44AE F:00000100 [Z:0 C:0]
[4868] INC DE                         | A:3C BC:0004 DE:CD5D HL:44AE F:00000100 [Z:0 C:0]
[4869] DEC C                          | A:3C BC:0003 DE:CD5D HL:44AE F:00000100 [Z:0 C:0]
[486A] JR NZ -> 0x485D                | A:3C BC:0003 DE:CD5D HL:44AE F:00000100 [Z:0 C:0]
[485D] LD B, (HL)                     | A:3C BC:0003 DE:CD5D HL:44AE F:00000100 [Z:0 C:0]
[485E] INC HL                         | A:3C BC:0003 DE:CD5D HL:44AF F:00000100 [Z:0 C:0]
[485F] LD A, (HL)                     | A:3C BC:0003 DE:CD5D HL:44AF F:00000100 [Z:0 C:0]
[4860] INC HL                         | A:3C BC:0003 DE:CD5D HL:44B0 F:00000100 [Z:0 C:0]
[4861] PUSH HL                        | A:3C BC:0003 DE:CD5D HL:44B0 F:00000100 [Z:0 C:0]
[4862] LD L, A                        | A:3C BC:0003 DE:CD5D HL:443C F:00000100 [Z:0 C:0]
[4863] LD A, (DE)                     | A:C0 BC:0003 DE:CD5D HL:443C F:00000100 [Z:0 C:0]
[4864] AND B                          | A:00 BC:0003 DE:CD5D HL:443C F:01010100 [Z:1 C:0]
[4865] OR L                           | A:3C BC:0003 DE:CD5D HL:443C F:00000100 [Z:0 C:0]
[4866] LD (DE), A                     | A:3C BC:0003 DE:CD5D HL:443C F:00000100 [Z:0 C:0]
[4867] POP HL                         | A:3C BC:0003 DE:CD5D HL:44B0 F:00000100 [Z:0 C:0]
[4868] INC DE                         | A:3C BC:0003 DE:CD5E HL:44B0 F:00000100 [Z:0 C:0]
[4869] DEC C                          | A:3C BC:0002 DE:CD5E HL:44B0 F:00000100 [Z:0 C:0]
[486A] JR NZ -> 0x485D                | A:3C BC:0002 DE:CD5E HL:44B0 F:00000100 [Z:0 C:0]
[485D] LD B, (HL)                     | A:3C BC:0002 DE:CD5E HL:44B0 F:00000100 [Z:0 C:0]
[485E] INC HL                         | A:3C BC:0002 DE:CD5E HL:44B1 F:00000100 [Z:0 C:0]
[485F] LD A, (HL)                     | A:3C BC:0002 DE:CD5E HL:44B1 F:00000100 [Z:0 C:0]
[4860] INC HL                         | A:3C BC:0002 DE:CD5E HL:44B2 F:00000100 [Z:0 C:0]
[4861] PUSH HL                        | A:3C BC:0002 DE:CD5E HL:44B2 F:00000100 [Z:0 C:0]
[4862] LD L, A                        | A:3C BC:0002 DE:CD5E HL:443C F:00000100 [Z:0 C:0]
[4863] LD A, (DE)                     | A:C0 BC:0002 DE:CD5E HL:443C F:00000100 [Z:0 C:0]
[4864] AND B                          | A:00 BC:0002 DE:CD5E HL:443C F:01010100 [Z:1 C:0]
[4865] OR L                           | A:3C BC:0002 DE:CD5E HL:443C F:00000100 [Z:0 C:0]
[4866] LD (DE), A                     | A:3C BC:0002 DE:CD5E HL:443C F:00000100 [Z:0 C:0]
[4867] POP HL                         | A:3C BC:0002 DE:CD5E HL:44B2 F:00000100 [Z:0 C:0]
[4868] INC DE                         | A:3C BC:0002 DE:CD5F HL:44B2 F:00000100 [Z:0 C:0]
[4869] DEC C                          | A:3C BC:0001 DE:CD5F HL:44B2 F:00000100 [Z:0 C:0]
[486A] JR NZ -> 0x485D                | A:3C BC:0001 DE:CD5F HL:44B2 F:00000100 [Z:0 C:0]
[485D] LD B, (HL)                     | A:3C BC:0001 DE:CD5F HL:44B2 F:00000100 [Z:0 C:0]
[485E] INC HL                         | A:3C BC:0001 DE:CD5F HL:44B3 F:00000100 [Z:0 C:0]
[485F] LD A, (HL)                     | A:3C BC:0001 DE:CD5F HL:44B3 F:00000100 [Z:0 C:0]
[4860] INC HL                         | A:3C BC:0001 DE:CD5F HL:44B4 F:00000100 [Z:0 C:0]
[4861] PUSH HL                        | A:3C BC:0001 DE:CD5F HL:44B4 F:00000100 [Z:0 C:0]
[4862] LD L, A                        | A:3C BC:0001 DE:CD5F HL:443C F:00000100 [Z:0 C:0]
[4863] LD A, (DE)                     | A:C0 BC:0001 DE:CD5F HL:443C F:00000100 [Z:0 C:0]
[4864] AND B                          | A:00 BC:0001 DE:CD5F HL:443C F:01010100 [Z:1 C:0]
[4865] OR L                           | A:3C BC:0001 DE:CD5F HL:443C F:00000100 [Z:0 C:0]
[4866] LD (DE), A                     | A:3C BC:0001 DE:CD5F HL:443C F:00000100 [Z:0 C:0]
[4867] POP HL                         | A:3C BC:0001 DE:CD5F HL:44B4 F:00000100 [Z:0 C:0]
[4868] INC DE                         | A:3C BC:0001 DE:CD60 HL:44B4 F:00000100 [Z:0 C:0]
[4869] DEC C                          | A:3C BC:0000 DE:CD60 HL:44B4 F:01000100 [Z:1 C:0]
[486A] JR NZ [not taken]              | A:3C BC:0000 DE:CD60 HL:44B4 F:01000100 [Z:1 C:0]
[486C] LD A, (0x8000)                 | A:0B BC:0000 DE:CD60 HL:44B4 F:01000100 [Z:1 C:0]
[486F] DEC A                          | A:0A BC:0000 DE:CD60 HL:44B4 F:00000100 [Z:0 C:0]
[4870] LD (0x8000), A                 | A:0A BC:0000 DE:CD60 HL:44B4 F:00000100 [Z:0 C:0]
[4873] JR NZ -> 0x4857                | A:0A BC:0000 DE:CD60 HL:44B4 F:00000100 [Z:0 C:0]
[4857] LD E, (HL)                     | A:0A BC:0000 DE:CD58 HL:44B4 F:00000100 [Z:0 C:0]
[4858] INC HL                         | A:0A BC:0000 DE:CD58 HL:44B5 F:00000100 [Z:0 C:0]
[4859] LD D, (HL)                     | A:0A BC:0000 DE:D558 HL:44B5 F:00000100 [Z:0 C:0]
[485A] INC HL                         | A:0A BC:0000 DE:D558 HL:44B6 F:00000100 [Z:0 C:0]
[485B] LD C, 0x08                     | A:0A BC:0008 DE:D558 HL:44B6 F:00000100 [Z:0 C:0]
[485D] LD B, (HL)                     | A:0A BC:AA08 DE:D558 HL:44B6 F:00000100 [Z:0 C:0]
[485E] INC HL                         | A:0A BC:AA08 DE:D558 HL:44B7 F:00000100 [Z:0 C:0]
[485F] LD A, (HL)                     | A:14 BC:AA08 DE:D558 HL:44B7 F:00000100 [Z:0 C:0]
[4860] INC HL                         | A:14 BC:AA08 DE:D558 HL:44B8 F:00000100 [Z:0 C:0]
[4861] PUSH HL                        | A:14 BC:AA08 DE:D558 HL:44B8 F:00000100 [Z:0 C:0]
[4862] LD L, A                        | A:14 BC:AA08 DE:D558 HL:4414 F:00000100 [Z:0 C:0]
[4863] LD A, (DE)                     | A:C0 BC:AA08 DE:D558 HL:4414 F:00000100 [Z:0 C:0]
[4864] AND B                          | A:80 BC:AA08 DE:D558 HL:4414 F:10010000 [Z:0 C:0]
[4865] OR L                           | A:94 BC:AA08 DE:D558 HL:4414 F:10000000 [Z:0 C:0]
[4866] LD (DE), A                     | A:94 BC:AA08 DE:D558 HL:4414 F:10000000 [Z:0 C:0]
[4867] POP HL                         | A:94 BC:AA08 DE:D558 HL:44B8 F:10000000 [Z:0 C:0]
[4868] INC DE                         | A:94 BC:AA08 DE:D559 HL:44B8 F:10000000 [Z:0 C:0]
[4869] DEC C                          | A:94 BC:AA07 DE:D559 HL:44B8 F:00000000 [Z:0 C:0]
[486A] JR NZ -> 0x485D                | A:94 BC:AA07 DE:D559 HL:44B8 F:00000000 [Z:0 C:0]
[485D] LD B, (HL)                     | A:94 BC:0007 DE:D559 HL:44B8 F:00000000 [Z:0 C:0]
[485E] INC HL                         | A:94 BC:0007 DE:D559 HL:44B9 F:00000000 [Z:0 C:0]
[485F] LD A, (HL)                     | A:3C BC:0007 DE:D559 HL:44B9 F:00000000 [Z:0 C:0]
[4860] INC HL                         | A:3C BC:0007 DE:D559 HL:44BA F:00000000 [Z:0 C:0]
[4861] PUSH HL                        | A:3C BC:0007 DE:D559 HL:44BA F:00000000 [Z:0 C:0]
[4862] LD L, A                        | A:3C BC:0007 DE:D559 HL:443C F:00000000 [Z:0 C:0]
[4863] LD A, (DE)                     | A:C0 BC:0007 DE:D559 HL:443C F:00000000 [Z:0 C:0]
[4864] AND B                          | A:00 BC:0007 DE:D559 HL:443C F:01010100 [Z:1 C:0]
[4865] OR L                           | A:3C BC:0007 DE:D559 HL:443C F:00000100 [Z:0 C:0]
[4866] LD (DE), A                     | A:3C BC:0007 DE:D559 HL:443C F:00000100 [Z:0 C:0]
[4867] POP HL                         | A:3C BC:0007 DE:D559 HL:44BA F:00000100 [Z:0 C:0]
[4868] INC DE                         | A:3C BC:0007 DE:D55A HL:44BA F:00000100 [Z:0 C:0]
[4869] DEC C                          | A:3C BC:0006 DE:D55A HL:44BA F:00000100 [Z:0 C:0]
[486A] JR NZ -> 0x485D                | A:3C BC:0006 DE:D55A HL:44BA F:00000100 [Z:0 C:0]
[485D] LD B, (HL)                     | A:3C BC:0006 DE:D55A HL:44BA F:00000100 [Z:0 C:0]
[485E] INC HL                         | A:3C BC:0006 DE:D55A HL:44BB F:00000100 [Z:0 C:0]
[485F] LD A, (HL)                     | A:3C BC:0006 DE:D55A HL:44BB F:00000100 [Z:0 C:0]
[4860] INC HL                         | A:3C BC:0006 DE:D55A HL:44BC F:00000100 [Z:0 C:0]
[4861] PUSH HL                        | A:3C BC:0006 DE:D55A HL:44BC F:00000100 [Z:0 C:0]
[4862] LD L, A                        | A:3C BC:0006 DE:D55A HL:443C F:00000100 [Z:0 C:0]
[4863] LD A, (DE)                     | A:C0 BC:0006 DE:D55A HL:443C F:00000100 [Z:0 C:0]
[4864] AND B                          | A:00 BC:0006 DE:D55A HL:443C F:01010100 [Z:1 C:0]
[4865] OR L                           | A:3C BC:0006 DE:D55A HL:443C F:00000100 [Z:0 C:0]
[4866] LD (DE), A                     | A:3C BC:0006 DE:D55A HL:443C F:00000100 [Z:0 C:0]
[4867] POP HL                         | A:3C BC:0006 DE:D55A HL:44BC F:00000100 [Z:0 C:0]
[4868] INC DE                         | A:3C BC:0006 DE:D55B HL:44BC F:00000100 [Z:0 C:0]
[4869] DEC C                          | A:3C BC:0005 DE:D55B HL:44BC F:00000100 [Z:0 C:0]
[486A] JR NZ -> 0x485D                | A:3C BC:0005 DE:D55B HL:44BC F:00000100 [Z:0 C:0]
[485D] LD B, (HL)                     | A:3C BC:0005 DE:D55B HL:44BC F:00000100 [Z:0 C:0]
[485E] INC HL                         | A:3C BC:0005 DE:D55B HL:44BD F:00000100 [Z:0 C:0]
[485F] LD A, (HL)                     | A:3C BC:0005 DE:D55B HL:44BD F:00000100 [Z:0 C:0]
[4860] INC HL                         | A:3C BC:0005 DE:D55B HL:44BE F:00000100 [Z:0 C:0]
[4861] PUSH HL                        | A:3C BC:0005 DE:D55B HL:44BE F:00000100 [Z:0 C:0]
[4862] LD L, A                        | A:3C BC:0005 DE:D55B HL:443C F:00000100 [Z:0 C:0]
[4863] LD A, (DE)                     | A:C0 BC:0005 DE:D55B HL:443C F:00000100 [Z:0 C:0]
[4864] AND B                          | A:00 BC:0005 DE:D55B HL:443C F:01010100 [Z:1 C:0]
[4865] OR L                           | A:3C BC:0005 DE:D55B HL:443C F:00000100 [Z:0 C:0]
[4866] LD (DE), A                     | A:3C BC:0005 DE:D55B HL:443C F:00000100 [Z:0 C:0]
[4867] POP HL                         | A:3C BC:0005 DE:D55B HL:44BE F:00000100 [Z:0 C:0]
[4868] INC DE                         | A:3C BC:0005 DE:D55C HL:44BE F:00000100 [Z:0 C:0]
[4869] DEC C                          | A:3C BC:0004 DE:D55C HL:44BE F:00000100 [Z:0 C:0]
[486A] JR NZ -> 0x485D                | A:3C BC:0004 DE:D55C HL:44BE F:00000100 [Z:0 C:0]
[485D] LD B, (HL)                     | A:3C BC:0004 DE:D55C HL:44BE F:00000100 [Z:0 C:0]
[485E] INC HL                         | A:3C BC:0004 DE:D55C HL:44BF F:00000100 [Z:0 C:0]
[485F] LD A, (HL)                     | A:3C BC:0004 DE:D55C HL:44BF F:00000100 [Z:0 C:0]
[4860] INC HL                         | A:3C BC:0004 DE:D55C HL:44C0 F:00000100 [Z:0 C:0]
[4861] PUSH HL                        | A:3C BC:0004 DE:D55C HL:44C0 F:00000100 [Z:0 C:0]
[4862] LD L, A                        | A:3C BC:0004 DE:D55C HL:443C F:00000100 [Z:0 C:0]
[4863] LD A, (DE)                     | A:C0 BC:0004 DE:D55C HL:443C F:00000100 [Z:0 C:0]
[4864] AND B                          | A:00 BC:0004 DE:D55C HL:443C F:01010100 [Z:1 C:0]
[4865] OR L                           | A:3C BC:0004 DE:D55C HL:443C F:00000100 [Z:0 C:0]
[4866] LD (DE), A                     | A:3C BC:0004 DE:D55C HL:443C F:00000100 [Z:0 C:0]
[4867] POP HL                         | A:3C BC:0004 DE:D55C HL:44C0 F:00000100 [Z:0 C:0]
[4868] INC DE                         | A:3C BC:0004 DE:D55D HL:44C0 F:00000100 [Z:0 C:0]
[4869] DEC C                          | A:3C BC:0003 DE:D55D HL:44C0 F:00000100 [Z:0 C:0]
[486A] JR NZ -> 0x485D                | A:3C BC:0003 DE:D55D HL:44C0 F:00000100 [Z:0 C:0]
[485D] LD B, (HL)                     | A:3C BC:0003 DE:D55D HL:44C0 F:00000100 [Z:0 C:0]
[485E] INC HL                         | A:3C BC:0003 DE:D55D HL:44C1 F:00000100 [Z:0 C:0]
[485F] LD A, (HL)                     | A:3C BC:0003 DE:D55D HL:44C1 F:00000100 [Z:0 C:0]
[4860] INC HL                         | A:3C BC:0003 DE:D55D HL:44C2 F:00000100 [Z:0 C:0]
[4861] PUSH HL                        | A:3C BC:0003 DE:D55D HL:44C2 F:00000100 [Z:0 C:0]
[4862] LD L, A                        | A:3C BC:0003 DE:D55D HL:443C F:00000100 [Z:0 C:0]
[4863] LD A, (DE)                     | A:C0 BC:0003 DE:D55D HL:443C F:00000100 [Z:0 C:0]
[4864] AND B                          | A:00 BC:0003 DE:D55D HL:443C F:01010100 [Z:1 C:0]
[4865] OR L                           | A:3C BC:0003 DE:D55D HL:443C F:00000100 [Z:0 C:0]
[4866] LD (DE), A                     | A:3C BC:0003 DE:D55D HL:443C F:00000100 [Z:0 C:0]
[4867] POP HL                         | A:3C BC:0003 DE:D55D HL:44C2 F:00000100 [Z:0 C:0]
[4868] INC DE                         | A:3C BC:0003 DE:D55E HL:44C2 F:00000100 [Z:0 C:0]
[4869] DEC C                          | A:3C BC:0002 DE:D55E HL:44C2 F:00000100 [Z:0 C:0]
[486A] JR NZ -> 0x485D                | A:3C BC:0002 DE:D55E HL:44C2 F:00000100 [Z:0 C:0]
[485D] LD B, (HL)                     | A:3C BC:0002 DE:D55E HL:44C2 F:00000100 [Z:0 C:0]
[485E] INC HL                         | A:3C BC:0002 DE:D55E HL:44C3 F:00000100 [Z:0 C:0]
[485F] LD A, (HL)                     | A:3C BC:0002 DE:D55E HL:44C3 F:00000100 [Z:0 C:0]
[4860] INC HL                         | A:3C BC:0002 DE:D55E HL:44C4 F:00000100 [Z:0 C:0]
[4861] PUSH HL                        | A:3C BC:0002 DE:D55E HL:44C4 F:00000100 [Z:0 C:0]
[4862] LD L, A                        | A:3C BC:0002 DE:D55E HL:443C F:00000100 [Z:0 C:0]
[4863] LD A, (DE)                     | A:C0 BC:0002 DE:D55E HL:443C F:00000100 [Z:0 C:0]
[4864] AND B                          | A:00 BC:0002 DE:D55E HL:443C F:01010100 [Z:1 C:0]
[4865] OR L                           | A:3C BC:0002 DE:D55E HL:443C F:00000100 [Z:0 C:0]
[4866] LD (DE), A                     | A:3C BC:0002 DE:D55E HL:443C F:00000100 [Z:0 C:0]
[4867] POP HL                         | A:3C BC:0002 DE:D55E HL:44C4 F:00000100 [Z:0 C:0]
[4868] INC DE                         | A:3C BC:0002 DE:D55F HL:44C4 F:00000100 [Z:0 C:0]
[4869] DEC C                          | A:3C BC:0001 DE:D55F HL:44C4 F:00000100 [Z:0 C:0]
[486A] JR NZ -> 0x485D                | A:3C BC:0001 DE:D55F HL:44C4 F:00000100 [Z:0 C:0]
[485D] LD B, (HL)                     | A:3C BC:5501 DE:D55F HL:44C4 F:00000100 [Z:0 C:0]
[485E] INC HL                         | A:3C BC:5501 DE:D55F HL:44C5 F:00000100 [Z:0 C:0]
[485F] LD A, (HL)                     | A:28 BC:5501 DE:D55F HL:44C5 F:00000100 [Z:0 C:0]
[4860] INC HL                         | A:28 BC:5501 DE:D55F HL:44C6 F:00000100 [Z:0 C:0]
[4861] PUSH HL                        | A:28 BC:5501 DE:D55F HL:44C6 F:00000100 [Z:0 C:0]
[4862] LD L, A                        | A:28 BC:5501 DE:D55F HL:4428 F:00000100 [Z:0 C:0]
[4863] LD A, (DE)                     | A:C0 BC:5501 DE:D55F HL:4428 F:00000100 [Z:0 C:0]
[4864] AND B                          | A:40 BC:5501 DE:D55F HL:4428 F:00010000 [Z:0 C:0]
[4865] OR L                           | A:68 BC:5501 DE:D55F HL:4428 F:00000000 [Z:0 C:0]
[4866] LD (DE), A                     | A:68 BC:5501 DE:D55F HL:4428 F:00000000 [Z:0 C:0]
[4867] POP HL                         | A:68 BC:5501 DE:D55F HL:44C6 F:00000000 [Z:0 C:0]
[4868] INC DE                         | A:68 BC:5501 DE:D560 HL:44C6 F:00000000 [Z:0 C:0]
[4869] DEC C                          | A:68 BC:5500 DE:D560 HL:44C6 F:01000000 [Z:1 C:0]
[486A] JR NZ [not taken]              | A:68 BC:5500 DE:D560 HL:44C6 F:01000000 [Z:1 C:0]
[486C] LD A, (0x8000)                 | A:0A BC:5500 DE:D560 HL:44C6 F:01000000 [Z:1 C:0]
[486F] DEC A                          | A:09 BC:5500 DE:D560 HL:44C6 F:00000000 [Z:0 C:0]
[4870] LD (0x8000), A                 | A:09 BC:5500 DE:D560 HL:44C6 F:00000000 [Z:0 C:0]
[4873] JR NZ -> 0x4857                | A:09 BC:5500 DE:D560 HL:44C6 F:00000000 [Z:0 C:0]
[4857] LD E, (HL)                     | A:09 BC:5500 DE:D558 HL:44C6 F:00000000 [Z:0 C:0]
[4858] INC HL                         | A:09 BC:5500 DE:D558 HL:44C7 F:00000000 [Z:0 C:0]
[4859] LD D, (HL)                     | A:09 BC:5500 DE:DD58 HL:44C7 F:00000000 [Z:0 C:0]
[485A] INC HL                         | A:09 BC:5500 DE:DD58 HL:44C8 F:00000000 [Z:0 C:0]
[485B] LD C, 0x08                     | A:09 BC:5508 DE:DD58 HL:44C8 F:00000000 [Z:0 C:0]
[485D] LD B, (HL)                     | A:09 BC:FF08 DE:DD58 HL:44C8 F:00000000 [Z:0 C:0]
[485E] INC HL                         | A:09 BC:FF08 DE:DD58 HL:44C9 F:00000000 [Z:0 C:0]
[485F] LD A, (HL)                     | A:00 BC:FF08 DE:DD58 HL:44C9 F:00000000 [Z:0 C:0]
[4860] INC HL                         | A:00 BC:FF08 DE:DD58 HL:44CA F:00000000 [Z:0 C:0]
[4861] PUSH HL                        | A:00 BC:FF08 DE:DD58 HL:44CA F:00000000 [Z:0 C:0]
[4862] LD L, A                        | A:00 BC:FF08 DE:DD58 HL:4400 F:00000000 [Z:0 C:0]
[4863] LD A, (DE)                     | A:C0 BC:FF08 DE:DD58 HL:4400 F:00000000 [Z:0 C:0]
[4864] AND B                          | A:C0 BC:FF08 DE:DD58 HL:4400 F:10010100 [Z:0 C:0]
[4865] OR L                           | A:C0 BC:FF08 DE:DD58 HL:4400 F:10000100 [Z:0 C:0]
[4866] LD (DE), A                     | A:C0 BC:FF08 DE:DD58 HL:4400 F:10000100 [Z:0 C:0]
[4867] POP HL                         | A:C0 BC:FF08 DE:DD58 HL:44CA F:10000100 [Z:0 C:0]
[4868] INC DE                         | A:C0 BC:FF08 DE:DD59 HL:44CA F:10000100 [Z:0 C:0]
[4869] DEC C                          | A:C0 BC:FF07 DE:DD59 HL:44CA F:00000100 [Z:0 C:0]
[486A] JR NZ -> 0x485D                | A:C0 BC:FF07 DE:DD59 HL:44CA F:00000100 [Z:0 C:0]
[485D] LD B, (HL)                     | A:C0 BC:0007 DE:DD59 HL:44CA F:00000100 [Z:0 C:0]
[485E] INC HL                         | A:C0 BC:0007 DE:DD59 HL:44CB F:00000100 [Z:0 C:0]
[485F] LD A, (HL)                     | A:3C BC:0007 DE:DD59 HL:44CB F:00000100 [Z:0 C:0]
[4860] INC HL                         | A:3C BC:0007 DE:DD59 HL:44CC F:00000100 [Z:0 C:0]
[4861] PUSH HL                        | A:3C BC:0007 DE:DD59 HL:44CC F:00000100 [Z:0 C:0]
[4862] LD L, A                        | A:3C BC:0007 DE:DD59 HL:443C F:00000100 [Z:0 C:0]
[4863] LD A, (DE)                     | A:C0 BC:0007 DE:DD59 HL:443C F:00000100 [Z:0 C:0]
[4864] AND B                          | A:00 BC:0007 DE:DD59 HL:443C F:01010100 [Z:1 C:0]
[4865] OR L                           | A:3C BC:0007 DE:DD59 HL:443C F:00000100 [Z:0 C:0]
[4866] LD (DE), A                     | A:3C BC:0007 DE:DD59 HL:443C F:00000100 [Z:0 C:0]
[4867] POP HL                         | A:3C BC:0007 DE:DD59 HL:44CC F:00000100 [Z:0 C:0]
[4868] INC DE                         | A:3C BC:0007 DE:DD5A HL:44CC F:00000100 [Z:0 C:0]
[4869] DEC C                          | A:3C BC:0006 DE:DD5A HL:44CC F:00000100 [Z:0 C:0]
[486A] JR NZ -> 0x485D                | A:3C BC:0006 DE:DD5A HL:44CC F:00000100 [Z:0 C:0]
[485D] LD B, (HL)                     | A:3C BC:0006 DE:DD5A HL:44CC F:00000100 [Z:0 C:0]
[485E] INC HL                         | A:3C BC:0006 DE:DD5A HL:44CD F:00000100 [Z:0 C:0]
[485F] LD A, (HL)                     | A:3C BC:0006 DE:DD5A HL:44CD F:00000100 [Z:0 C:0]
[4860] INC HL                         | A:3C BC:0006 DE:DD5A HL:44CE F:00000100 [Z:0 C:0]
[4861] PUSH HL                        | A:3C BC:0006 DE:DD5A HL:44CE F:00000100 [Z:0 C:0]
[4862] LD L, A                        | A:3C BC:0006 DE:DD5A HL:443C F:00000100 [Z:0 C:0]
[4863] LD A, (DE)                     | A:C0 BC:0006 DE:DD5A HL:443C F:00000100 [Z:0 C:0]
[4864] AND B                          | A:00 BC:0006 DE:DD5A HL:443C F:01010100 [Z:1 C:0]
[4865] OR L                           | A:3C BC:0006 DE:DD5A HL:443C F:00000100 [Z:0 C:0]
[4866] LD (DE), A                     | A:3C BC:0006 DE:DD5A HL:443C F:00000100 [Z:0 C:0]
[4867] POP HL                         | A:3C BC:0006 DE:DD5A HL:44CE F:00000100 [Z:0 C:0]
[4868] INC DE                         | A:3C BC:0006 DE:DD5B HL:44CE F:00000100 [Z:0 C:0]
[4869] DEC C                          | A:3C BC:0005 DE:DD5B HL:44CE F:00000100 [Z:0 C:0]
[486A] JR NZ -> 0x485D                | A:3C BC:0005 DE:DD5B HL:44CE F:00000100 [Z:0 C:0]
[485D] LD B, (HL)                     | A:3C BC:0005 DE:DD5B HL:44CE F:00000100 [Z:0 C:0]
[485E] INC HL                         | A:3C BC:0005 DE:DD5B HL:44CF F:00000100 [Z:0 C:0]
[485F] LD A, (HL)                     | A:3C BC:0005 DE:DD5B HL:44CF F:00000100 [Z:0 C:0]
[4860] INC HL                         | A:3C BC:0005 DE:DD5B HL:44D0 F:00000100 [Z:0 C:0]
[4861] PUSH HL                        | A:3C BC:0005 DE:DD5B HL:44D0 F:00000100 [Z:0 C:0]
[4862] LD L, A                        | A:3C BC:0005 DE:DD5B HL:443C F:00000100 [Z:0 C:0]
[4863] LD A, (DE)                     | A:C0 BC:0005 DE:DD5B HL:443C F:00000100 [Z:0 C:0]
[4864] AND B                          | A:00 BC:0005 DE:DD5B HL:443C F:01010100 [Z:1 C:0]
[4865] OR L                           | A:3C BC:0005 DE:DD5B HL:443C F:00000100 [Z:0 C:0]
[4866] LD (DE), A                     | A:3C BC:0005 DE:DD5B HL:443C F:00000100 [Z:0 C:0]
[4867] POP HL                         | A:3C BC:0005 DE:DD5B HL:44D0 F:00000100 [Z:0 C:0]
[4868] INC DE                         | A:3C BC:0005 DE:DD5C HL:44D0 F:00000100 [Z:0 C:0]
[4869] DEC C                          | A:3C BC:0004 DE:DD5C HL:44D0 F:00000100 [Z:0 C:0]
[486A] JR NZ -> 0x485D                | A:3C BC:0004 DE:DD5C HL:44D0 F:00000100 [Z:0 C:0]
[485D] LD B, (HL)                     | A:3C BC:0004 DE:DD5C HL:44D0 F:00000100 [Z:0 C:0]
[485E] INC HL                         | A:3C BC:0004 DE:DD5C HL:44D1 F:00000100 [Z:0 C:0]
[485F] LD A, (HL)                     | A:3C BC:0004 DE:DD5C HL:44D1 F:00000100 [Z:0 C:0]
[4860] INC HL                         | A:3C BC:0004 DE:DD5C HL:44D2 F:00000100 [Z:0 C:0]
[4861] PUSH HL                        | A:3C BC:0004 DE:DD5C HL:44D2 F:00000100 [Z:0 C:0]
[4862] LD L, A                        | A:3C BC:0004 DE:DD5C HL:443C F:00000100 [Z:0 C:0]
[4863] LD A, (DE)                     | A:C0 BC:0004 DE:DD5C HL:443C F:00000100 [Z:0 C:0]
[4864] AND B                          | A:00 BC:0004 DE:DD5C HL:443C F:01010100 [Z:1 C:0]
[4865] OR L                           | A:3C BC:0004 DE:DD5C HL:443C F:00000100 [Z:0 C:0]
[4866] LD (DE), A                     | A:3C BC:0004 DE:DD5C HL:443C F:00000100 [Z:0 C:0]
[4867] POP HL                         | A:3C BC:0004 DE:DD5C HL:44D2 F:00000100 [Z:0 C:0]
[4868] INC DE                         | A:3C BC:0004 DE:DD5D HL:44D2 F:00000100 [Z:0 C:0]
[4869] DEC C                          | A:3C BC:0003 DE:DD5D HL:44D2 F:00000100 [Z:0 C:0]
[486A] JR NZ -> 0x485D                | A:3C BC:0003 DE:DD5D HL:44D2 F:00000100 [Z:0 C:0]
[485D] LD B, (HL)                     | A:3C BC:0003 DE:DD5D HL:44D2 F:00000100 [Z:0 C:0]
[485E] INC HL                         | A:3C BC:0003 DE:DD5D HL:44D3 F:00000100 [Z:0 C:0]
[485F] LD A, (HL)                     | A:3C BC:0003 DE:DD5D HL:44D3 F:00000100 [Z:0 C:0]
[4860] INC HL                         | A:3C BC:0003 DE:DD5D HL:44D4 F:00000100 [Z:0 C:0]
[4861] PUSH HL                        | A:3C BC:0003 DE:DD5D HL:44D4 F:00000100 [Z:0 C:0]
[4862] LD L, A                        | A:3C BC:0003 DE:DD5D HL:443C F:00000100 [Z:0 C:0]
[4863] LD A, (DE)                     | A:C0 BC:0003 DE:DD5D HL:443C F:00000100 [Z:0 C:0]
[4864] AND B                          | A:00 BC:0003 DE:DD5D HL:443C F:01010100 [Z:1 C:0]
[4865] OR L                           | A:3C BC:0003 DE:DD5D HL:443C F:00000100 [Z:0 C:0]
[4866] LD (DE), A                     | A:3C BC:0003 DE:DD5D HL:443C F:00000100 [Z:0 C:0]
[4867] POP HL                         | A:3C BC:0003 DE:DD5D HL:44D4 F:00000100 [Z:0 C:0]
[4868] INC DE                         | A:3C BC:0003 DE:DD5E HL:44D4 F:00000100 [Z:0 C:0]
[4869] DEC C                          | A:3C BC:0002 DE:DD5E HL:44D4 F:00000100 [Z:0 C:0]
[486A] JR NZ -> 0x485D                | A:3C BC:0002 DE:DD5E HL:44D4 F:00000100 [Z:0 C:0]
[485D] LD B, (HL)                     | A:3C BC:0002 DE:DD5E HL:44D4 F:00000100 [Z:0 C:0]
[485E] INC HL                         | A:3C BC:0002 DE:DD5E HL:44D5 F:00000100 [Z:0 C:0]
[485F] LD A, (HL)                     | A:3C BC:0002 DE:DD5E HL:44D5 F:00000100 [Z:0 C:0]
[4860] INC HL                         | A:3C BC:0002 DE:DD5E HL:44D6 F:00000100 [Z:0 C:0]
[4861] PUSH HL                        | A:3C BC:0002 DE:DD5E HL:44D6 F:00000100 [Z:0 C:0]
[4862] LD L, A                        | A:3C BC:0002 DE:DD5E HL:443C F:00000100 [Z:0 C:0]
[4863] LD A, (DE)                     | A:C0 BC:0002 DE:DD5E HL:443C F:00000100 [Z:0 C:0]
[4864] AND B                          | A:00 BC:0002 DE:DD5E HL:443C F:01010100 [Z:1 C:0]
[4865] OR L                           | A:3C BC:0002 DE:DD5E HL:443C F:00000100 [Z:0 C:0]
[4866] LD (DE), A                     | A:3C BC:0002 DE:DD5E HL:443C F:00000100 [Z:0 C:0]
[4867] POP HL                         | A:3C BC:0002 DE:DD5E HL:44D6 F:00000100 [Z:0 C:0]
[4868] INC DE                         | A:3C BC:0002 DE:DD5F HL:44D6 F:00000100 [Z:0 C:0]
[4869] DEC C                          | A:3C BC:0001 DE:DD5F HL:44D6 F:00000100 [Z:0 C:0]
[486A] JR NZ -> 0x485D                | A:3C BC:0001 DE:DD5F HL:44D6 F:00000100 [Z:0 C:0]
[485D] LD B, (HL)                     | A:3C BC:FF01 DE:DD5F HL:44D6 F:00000100 [Z:0 C:0]
[485E] INC HL                         | A:3C BC:FF01 DE:DD5F HL:44D7 F:00000100 [Z:0 C:0]
[485F] LD A, (HL)                     | A:00 BC:FF01 DE:DD5F HL:44D7 F:00000100 [Z:0 C:0]
[4860] INC HL                         | A:00 BC:FF01 DE:DD5F HL:44D8 F:00000100 [Z:0 C:0]
[4861] PUSH HL                        | A:00 BC:FF01 DE:DD5F HL:44D8 F:00000100 [Z:0 C:0]
[4862] LD L, A                        | A:00 BC:FF01 DE:DD5F HL:4400 F:00000100 [Z:0 C:0]
[4863] LD A, (DE)                     | A:C0 BC:FF01 DE:DD5F HL:4400 F:00000100 [Z:0 C:0]
[4864] AND B                          | A:C0 BC:FF01 DE:DD5F HL:4400 F:10010100 [Z:0 C:0]
[4865] OR L                           | A:C0 BC:FF01 DE:DD5F HL:4400 F:10000100 [Z:0 C:0]
[4866] LD (DE), A                     | A:C0 BC:FF01 DE:DD5F HL:4400 F:10000100 [Z:0 C:0]
[4867] POP HL                         | A:C0 BC:FF01 DE:DD5F HL:44D8 F:10000100 [Z:0 C:0]
[4868] INC DE                         | A:C0 BC:FF01 DE:DD60 HL:44D8 F:10000100 [Z:0 C:0]
[4869] DEC C                          | A:C0 BC:FF00 DE:DD60 HL:44D8 F:01000100 [Z:1 C:0]
[486A] JR NZ [not taken]              | A:C0 BC:FF00 DE:DD60 HL:44D8 F:01000100 [Z:1 C:0]
[486C] LD A, (0x8000)                 | A:09 BC:FF00 DE:DD60 HL:44D8 F:01000100 [Z:1 C:0]
[486F] DEC A                          | A:08 BC:FF00 DE:DD60 HL:44D8 F:00000100 [Z:0 C:0]
[4870] LD (0x8000), A                 | A:08 BC:FF00 DE:DD60 HL:44D8 F:00000100 [Z:0 C:0]
[4873] JR NZ -> 0x4857                | A:08 BC:FF00 DE:DD60 HL:44D8 F:00000100 [Z:0 C:0]
[4857] LD E, (HL)                     | A:08 BC:FF00 DE:DD58 HL:44D8 F:00000100 [Z:0 C:0]
[4858] INC HL                         | A:08 BC:FF00 DE:DD58 HL:44D9 F:00000100 [Z:0 C:0]
[4859] LD D, (HL)                     | A:08 BC:FF00 DE:E558 HL:44D9 F:00000100 [Z:0 C:0]
[485A] INC HL                         | A:08 BC:FF00 DE:E558 HL:44DA F:00000100 [Z:0 C:0]
[485B] LD C, 0x08                     | A:08 BC:FF08 DE:E558 HL:44DA F:00000100 [Z:0 C:0]
[485D] LD B, (HL)                     | A:08 BC:FF08 DE:E558 HL:44DA F:00000100 [Z:0 C:0]
[485E] INC HL                         | A:08 BC:FF08 DE:E558 HL:44DB F:00000100 [Z:0 C:0]
[485F] LD A, (HL)                     | A:00 BC:FF08 DE:E558 HL:44DB F:00000100 [Z:0 C:0]
[4860] INC HL                         | A:00 BC:FF08 DE:E558 HL:44DC F:00000100 [Z:0 C:0]
[4861] PUSH HL                        | A:00 BC:FF08 DE:E558 HL:44DC F:00000100 [Z:0 C:0]
[4862] LD L, A                        | A:00 BC:FF08 DE:E558 HL:4400 F:00000100 [Z:0 C:0]
[4863] LD A, (DE)                     | A:C0 BC:FF08 DE:E558 HL:4400 F:00000100 [Z:0 C:0]
[4864] AND B                          | A:C0 BC:FF08 DE:E558 HL:4400 F:10010100 [Z:0 C:0]
[4865] OR L                           | A:C0 BC:FF08 DE:E558 HL:4400 F:10000100 [Z:0 C:0]
[4866] LD (DE), A                     | A:C0 BC:FF08 DE:E558 HL:4400 F:10000100 [Z:0 C:0]
[4867] POP HL                         | A:C0 BC:FF08 DE:E558 HL:44DC F:10000100 [Z:0 C:0]
[4868] INC DE                         | A:C0 BC:FF08 DE:E559 HL:44DC F:10000100 [Z:0 C:0]
[4869] DEC C                          | A:C0 BC:FF07 DE:E559 HL:44DC F:00000100 [Z:0 C:0]
[486A] JR NZ -> 0x485D                | A:C0 BC:FF07 DE:E559 HL:44DC F:00000100 [Z:0 C:0]
[485D] LD B, (HL)                     | A:C0 BC:0007 DE:E559 HL:44DC F:00000100 [Z:0 C:0]
[485E] INC HL                         | A:C0 BC:0007 DE:E559 HL:44DD F:00000100 [Z:0 C:0]
[485F] LD A, (HL)                     | A:0C BC:0007 DE:E559 HL:44DD F:00000100 [Z:0 C:0]
[4860] INC HL                         | A:0C BC:0007 DE:E559 HL:44DE F:00000100 [Z:0 C:0]
[4861] PUSH HL                        | A:0C BC:0007 DE:E559 HL:44DE F:00000100 [Z:0 C:0]
[4862] LD L, A                        | A:0C BC:0007 DE:E559 HL:440C F:00000100 [Z:0 C:0]
[4863] LD A, (DE)                     | A:C0 BC:0007 DE:E559 HL:440C F:00000100 [Z:0 C:0]
[4864] AND B                          | A:00 BC:0007 DE:E559 HL:440C F:01010100 [Z:1 C:0]
[4865] OR L                           | A:0C BC:0007 DE:E559 HL:440C F:00000100 [Z:0 C:0]
[4866] LD (DE), A                     | A:0C BC:0007 DE:E559 HL:440C F:00000100 [Z:0 C:0]
[4867] POP HL                         | A:0C BC:0007 DE:E559 HL:44DE F:00000100 [Z:0 C:0]
[4868] INC DE                         | A:0C BC:0007 DE:E55A HL:44DE F:00000100 [Z:0 C:0]
[4869] DEC C                          | A:0C BC:0006 DE:E55A HL:44DE F:00000100 [Z:0 C:0]
[486A] JR NZ -> 0x485D                | A:0C BC:0006 DE:E55A HL:44DE F:00000100 [Z:0 C:0]
[485D] LD B, (HL)                     | A:0C BC:0006 DE:E55A HL:44DE F:00000100 [Z:0 C:0]
[485E] INC HL                         | A:0C BC:0006 DE:E55A HL:44DF F:00000100 [Z:0 C:0]
[485F] LD A, (HL)                     | A:0C BC:0006 DE:E55A HL:44DF F:00000100 [Z:0 C:0]
[4860] INC HL                         | A:0C BC:0006 DE:E55A HL:44E0 F:00000100 [Z:0 C:0]
[4861] PUSH HL                        | A:0C BC:0006 DE:E55A HL:44E0 F:00000100 [Z:0 C:0]
[4862] LD L, A                        | A:0C BC:0006 DE:E55A HL:440C F:00000100 [Z:0 C:0]
[4863] LD A, (DE)                     | A:C0 BC:0006 DE:E55A HL:440C F:00000100 [Z:0 C:0]
[4864] AND B                          | A:00 BC:0006 DE:E55A HL:440C F:01010100 [Z:1 C:0]
[4865] OR L                           | A:0C BC:0006 DE:E55A HL:440C F:00000100 [Z:0 C:0]
[4866] LD (DE), A                     | A:0C BC:0006 DE:E55A HL:440C F:00000100 [Z:0 C:0]
[4867] POP HL                         | A:0C BC:0006 DE:E55A HL:44E0 F:00000100 [Z:0 C:0]
[4868] INC DE                         | A:0C BC:0006 DE:E55B HL:44E0 F:00000100 [Z:0 C:0]
[4869] DEC C                          | A:0C BC:0005 DE:E55B HL:44E0 F:00000100 [Z:0 C:0]
[486A] JR NZ -> 0x485D                | A:0C BC:0005 DE:E55B HL:44E0 F:00000100 [Z:0 C:0]
[485D] LD B, (HL)                     | A:0C BC:FF05 DE:E55B HL:44E0 F:00000100 [Z:0 C:0]
[485E] INC HL                         | A:0C BC:FF05 DE:E55B HL:44E1 F:00000100 [Z:0 C:0]
[485F] LD A, (HL)                     | A:00 BC:FF05 DE:E55B HL:44E1 F:00000100 [Z:0 C:0]
[4860] INC HL                         | A:00 BC:FF05 DE:E55B HL:44E2 F:00000100 [Z:0 C:0]
[4861] PUSH HL                        | A:00 BC:FF05 DE:E55B HL:44E2 F:00000100 [Z:0 C:0]
[4862] LD L, A                        | A:00 BC:FF05 DE:E55B HL:4400 F:00000100 [Z:0 C:0]
[4863] LD A, (DE)                     | A:C0 BC:FF05 DE:E55B HL:4400 F:00000100 [Z:0 C:0]
[4864] AND B                          | A:C0 BC:FF05 DE:E55B HL:4400 F:10010100 [Z:0 C:0]
[4865] OR L                           | A:C0 BC:FF05 DE:E55B HL:4400 F:10000100 [Z:0 C:0]
[4866] LD (DE), A                     | A:C0 BC:FF05 DE:E55B HL:4400 F:10000100 [Z:0 C:0]
[4867] POP HL                         | A:C0 BC:FF05 DE:E55B HL:44E2 F:10000100 [Z:0 C:0]
[4868] INC DE                         | A:C0 BC:FF05 DE:E55C HL:44E2 F:10000100 [Z:0 C:0]
[4869] DEC C                          | A:C0 BC:FF04 DE:E55C HL:44E2 F:00000100 [Z:0 C:0]
[486A] JR NZ -> 0x485D                | A:C0 BC:FF04 DE:E55C HL:44E2 F:00000100 [Z:0 C:0]
[485D] LD B, (HL)                     | A:C0 BC:FF04 DE:E55C HL:44E2 F:00000100 [Z:0 C:0]
[485E] INC HL                         | A:C0 BC:FF04 DE:E55C HL:44E3 F:00000100 [Z:0 C:0]
[485F] LD A, (HL)                     | A:00 BC:FF04 DE:E55C HL:44E3 F:00000100 [Z:0 C:0]
[4860] INC HL                         | A:00 BC:FF04 DE:E55C HL:44E4 F:00000100 [Z:0 C:0]
[4861] PUSH HL                        | A:00 BC:FF04 DE:E55C HL:44E4 F:00000100 [Z:0 C:0]
[4862] LD L, A                        | A:00 BC:FF04 DE:E55C HL:4400 F:00000100 [Z:0 C:0]
[4863] LD A, (DE)                     | A:C0 BC:FF04 DE:E55C HL:4400 F:00000100 [Z:0 C:0]
[4864] AND B                          | A:C0 BC:FF04 DE:E55C HL:4400 F:10010100 [Z:0 C:0]
[4865] OR L                           | A:C0 BC:FF04 DE:E55C HL:4400 F:10000100 [Z:0 C:0]
[4866] LD (DE), A                     | A:C0 BC:FF04 DE:E55C HL:4400 F:10000100 [Z:0 C:0]
[4867] POP HL                         | A:C0 BC:FF04 DE:E55C HL:44E4 F:10000100 [Z:0 C:0]
[4868] INC DE                         | A:C0 BC:FF04 DE:E55D HL:44E4 F:10000100 [Z:0 C:0]
[4869] DEC C                          | A:C0 BC:FF03 DE:E55D HL:44E4 F:00000100 [Z:0 C:0]
[486A] JR NZ -> 0x485D                | A:C0 BC:FF03 DE:E55D HL:44E4 F:00000100 [Z:0 C:0]
[485D] LD B, (HL)                     | A:C0 BC:0003 DE:E55D HL:44E4 F:00000100 [Z:0 C:0]
[485E] INC HL                         | A:C0 BC:0003 DE:E55D HL:44E5 F:00000100 [Z:0 C:0]
[485F] LD A, (HL)                     | A:0C BC:0003 DE:E55D HL:44E5 F:00000100 [Z:0 C:0]
[4860] INC HL                         | A:0C BC:0003 DE:E55D HL:44E6 F:00000100 [Z:0 C:0]
[4861] PUSH HL                        | A:0C BC:0003 DE:E55D HL:44E6 F:00000100 [Z:0 C:0]
[4862] LD L, A                        | A:0C BC:0003 DE:E55D HL:440C F:00000100 [Z:0 C:0]
[4863] LD A, (DE)                     | A:C0 BC:0003 DE:E55D HL:440C F:00000100 [Z:0 C:0]
[4864] AND B                          | A:00 BC:0003 DE:E55D HL:440C F:01010100 [Z:1 C:0]
[4865] OR L                           | A:0C BC:0003 DE:E55D HL:440C F:00000100 [Z:0 C:0]
[4866] LD (DE), A                     | A:0C BC:0003 DE:E55D HL:440C F:00000100 [Z:0 C:0]
[4867] POP HL                         | A:0C BC:0003 DE:E55D HL:44E6 F:00000100 [Z:0 C:0]
[4868] INC DE                         | A:0C BC:0003 DE:E55E HL:44E6 F:00000100 [Z:0 C:0]
[4869] DEC C                          | A:0C BC:0002 DE:E55E HL:44E6 F:00000100 [Z:0 C:0]
[486A] JR NZ -> 0x485D                | A:0C BC:0002 DE:E55E HL:44E6 F:00000100 [Z:0 C:0]
[485D] LD B, (HL)                     | A:0C BC:0002 DE:E55E HL:44E6 F:00000100 [Z:0 C:0]
[485E] INC HL                         | A:0C BC:0002 DE:E55E HL:44E7 F:00000100 [Z:0 C:0]
[485F] LD A, (HL)                     | A:0C BC:0002 DE:E55E HL:44E7 F:00000100 [Z:0 C:0]
[4860] INC HL                         | A:0C BC:0002 DE:E55E HL:44E8 F:00000100 [Z:0 C:0]
[4861] PUSH HL                        | A:0C BC:0002 DE:E55E HL:44E8 F:00000100 [Z:0 C:0]
[4862] LD L, A                        | A:0C BC:0002 DE:E55E HL:440C F:00000100 [Z:0 C:0]
[4863] LD A, (DE)                     | A:C0 BC:0002 DE:E55E HL:440C F:00000100 [Z:0 C:0]
[4864] AND B                          | A:00 BC:0002 DE:E55E HL:440C F:01010100 [Z:1 C:0]
[4865] OR L                           | A:0C BC:0002 DE:E55E HL:440C F:00000100 [Z:0 C:0]
[4866] LD (DE), A                     | A:0C BC:0002 DE:E55E HL:440C F:00000100 [Z:0 C:0]
[4867] POP HL                         | A:0C BC:0002 DE:E55E HL:44E8 F:00000100 [Z:0 C:0]
[4868] INC DE                         | A:0C BC:0002 DE:E55F HL:44E8 F:00000100 [Z:0 C:0]
[4869] DEC C                          | A:0C BC:0001 DE:E55F HL:44E8 F:00000100 [Z:0 C:0]
[486A] JR NZ -> 0x485D                | A:0C BC:0001 DE:E55F HL:44E8 F:00000100 [Z:0 C:0]
[485D] LD B, (HL)                     | A:0C BC:FF01 DE:E55F HL:44E8 F:00000100 [Z:0 C:0]
[485E] INC HL                         | A:0C BC:FF01 DE:E55F HL:44E9 F:00000100 [Z:0 C:0]
[485F] LD A, (HL)                     | A:00 BC:FF01 DE:E55F HL:44E9 F:00000100 [Z:0 C:0]
[4860] INC HL                         | A:00 BC:FF01 DE:E55F HL:44EA F:00000100 [Z:0 C:0]
[4861] PUSH HL                        | A:00 BC:FF01 DE:E55F HL:44EA F:00000100 [Z:0 C:0]
[4862] LD L, A                        | A:00 BC:FF01 DE:E55F HL:4400 F:00000100 [Z:0 C:0]
[4863] LD A, (DE)                     | A:C0 BC:FF01 DE:E55F HL:4400 F:00000100 [Z:0 C:0]
[4864] AND B                          | A:C0 BC:FF01 DE:E55F HL:4400 F:10010100 [Z:0 C:0]
[4865] OR L                           | A:C0 BC:FF01 DE:E55F HL:4400 F:10000100 [Z:0 C:0]
[4866] LD (DE), A                     | A:C0 BC:FF01 DE:E55F HL:4400 F:10000100 [Z:0 C:0]
[4867] POP HL                         | A:C0 BC:FF01 DE:E55F HL:44EA F:10000100 [Z:0 C:0]
[4868] INC DE                         | A:C0 BC:FF01 DE:E560 HL:44EA F:10000100 [Z:0 C:0]
[4869] DEC C                          | A:C0 BC:FF00 DE:E560 HL:44EA F:01000100 [Z:1 C:0]
[486A] JR NZ [not taken]              | A:C0 BC:FF00 DE:E560 HL:44EA F:01000100 [Z:1 C:0]
[486C] LD A, (0x8000)                 | A:08 BC:FF00 DE:E560 HL:44EA F:01000100 [Z:1 C:0]
[486F] DEC A                          | A:07 BC:FF00 DE:E560 HL:44EA F:00000100 [Z:0 C:0]
[4870] LD (0x8000), A                 | A:07 BC:FF00 DE:E560 HL:44EA F:00000100 [Z:0 C:0]
[4873] JR NZ -> 0x4857                | A:07 BC:FF00 DE:E560 HL:44EA F:00000100 [Z:0 C:0]
[4857] LD E, (HL)                     | A:07 BC:FF00 DE:E558 HL:44EA F:00000100 [Z:0 C:0]
[4858] INC HL                         | A:07 BC:FF00 DE:E558 HL:44EB F:00000100 [Z:0 C:0]
[4859] LD D, (HL)                     | A:07 BC:FF00 DE:ED58 HL:44EB F:00000100 [Z:0 C:0]
[485A] INC HL                         | A:07 BC:FF00 DE:ED58 HL:44EC F:00000100 [Z:0 C:0]
[485B] LD C, 0x08                     | A:07 BC:FF08 DE:ED58 HL:44EC F:00000100 [Z:0 C:0]
[485D] LD B, (HL)                     | A:07 BC:FF08 DE:ED58 HL:44EC F:00000100 [Z:0 C:0]
[485E] INC HL                         | A:07 BC:FF08 DE:ED58 HL:44ED F:00000100 [Z:0 C:0]
[485F] LD A, (HL)                     | A:00 BC:FF08 DE:ED58 HL:44ED F:00000100 [Z:0 C:0]
[4860] INC HL                         | A:00 BC:FF08 DE:ED58 HL:44EE F:00000100 [Z:0 C:0]
[4861] PUSH HL                        | A:00 BC:FF08 DE:ED58 HL:44EE F:00000100 [Z:0 C:0]
[4862] LD L, A                        | A:00 BC:FF08 DE:ED58 HL:4400 F:00000100 [Z:0 C:0]
[4863] LD A, (DE)                     | A:C0 BC:FF08 DE:ED58 HL:4400 F:00000100 [Z:0 C:0]
[4864] AND B                          | A:C0 BC:FF08 DE:ED58 HL:4400 F:10010100 [Z:0 C:0]
[4865] OR L                           | A:C0 BC:FF08 DE:ED58 HL:4400 F:10000100 [Z:0 C:0]
[4866] LD (DE), A                     | A:C0 BC:FF08 DE:ED58 HL:4400 F:10000100 [Z:0 C:0]
[4867] POP HL                         | A:C0 BC:FF08 DE:ED58 HL:44EE F:10000100 [Z:0 C:0]
[4868] INC DE                         | A:C0 BC:FF08 DE:ED59 HL:44EE F:10000100 [Z:0 C:0]
[4869] DEC C                          | A:C0 BC:FF07 DE:ED59 HL:44EE F:00000100 [Z:0 C:0]
[486A] JR NZ -> 0x485D                | A:C0 BC:FF07 DE:ED59 HL:44EE F:00000100 [Z:0 C:0]
[485D] LD B, (HL)                     | A:C0 BC:0007 DE:ED59 HL:44EE F:00000100 [Z:0 C:0]
[485E] INC HL                         | A:C0 BC:0007 DE:ED59 HL:44EF F:00000100 [Z:0 C:0]
[485F] LD A, (HL)                     | A:0C BC:0007 DE:ED59 HL:44EF F:00000100 [Z:0 C:0]
[4860] INC HL                         | A:0C BC:0007 DE:ED59 HL:44F0 F:00000100 [Z:0 C:0]
[4861] PUSH HL                        | A:0C BC:0007 DE:ED59 HL:44F0 F:00000100 [Z:0 C:0]
[4862] LD L, A                        | A:0C BC:0007 DE:ED59 HL:440C F:00000100 [Z:0 C:0]
[4863] LD A, (DE)                     | A:C0 BC:0007 DE:ED59 HL:440C F:00000100 [Z:0 C:0]
[4864] AND B                          | A:00 BC:0007 DE:ED59 HL:440C F:01010100 [Z:1 C:0]
[4865] OR L                           | A:0C BC:0007 DE:ED59 HL:440C F:00000100 [Z:0 C:0]
[4866] LD (DE), A                     | A:0C BC:0007 DE:ED59 HL:440C F:00000100 [Z:0 C:0]
[4867] POP HL                         | A:0C BC:0007 DE:ED59 HL:44F0 F:00000100 [Z:0 C:0]
[4868] INC DE                         | A:0C BC:0007 DE:ED5A HL:44F0 F:00000100 [Z:0 C:0]
[4869] DEC C                          | A:0C BC:0006 DE:ED5A HL:44F0 F:00000100 [Z:0 C:0]
[486A] JR NZ -> 0x485D                | A:0C BC:0006 DE:ED5A HL:44F0 F:00000100 [Z:0 C:0]
[485D] LD B, (HL)                     | A:0C BC:0006 DE:ED5A HL:44F0 F:00000100 [Z:0 C:0]
[485E] INC HL                         | A:0C BC:0006 DE:ED5A HL:44F1 F:00000100 [Z:0 C:0]
[485F] LD A, (HL)                     | A:0C BC:0006 DE:ED5A HL:44F1 F:00000100 [Z:0 C:0]
[4860] INC HL                         | A:0C BC:0006 DE:ED5A HL:44F2 F:00000100 [Z:0 C:0]
[4861] PUSH HL                        | A:0C BC:0006 DE:ED5A HL:44F2 F:00000100 [Z:0 C:0]
[4862] LD L, A                        | A:0C BC:0006 DE:ED5A HL:440C F:00000100 [Z:0 C:0]
[4863] LD A, (DE)                     | A:C0 BC:0006 DE:ED5A HL:440C F:00000100 [Z:0 C:0]
[4864] AND B                          | A:00 BC:0006 DE:ED5A HL:440C F:01010100 [Z:1 C:0]
[4865] OR L                           | A:0C BC:0006 DE:ED5A HL:440C F:00000100 [Z:0 C:0]
[4866] LD (DE), A                     | A:0C BC:0006 DE:ED5A HL:440C F:00000100 [Z:0 C:0]
[4867] POP HL                         | A:0C BC:0006 DE:ED5A HL:44F2 F:00000100 [Z:0 C:0]
[4868] INC DE                         | A:0C BC:0006 DE:ED5B HL:44F2 F:00000100 [Z:0 C:0]
[4869] DEC C                          | A:0C BC:0005 DE:ED5B HL:44F2 F:00000100 [Z:0 C:0]
[486A] JR NZ -> 0x485D                | A:0C BC:0005 DE:ED5B HL:44F2 F:00000100 [Z:0 C:0]
[485D] LD B, (HL)                     | A:0C BC:FF05 DE:ED5B HL:44F2 F:00000100 [Z:0 C:0]
[485E] INC HL                         | A:0C BC:FF05 DE:ED5B HL:44F3 F:00000100 [Z:0 C:0]
[485F] LD A, (HL)                     | A:00 BC:FF05 DE:ED5B HL:44F3 F:00000100 [Z:0 C:0]
[4860] INC HL                         | A:00 BC:FF05 DE:ED5B HL:44F4 F:00000100 [Z:0 C:0]
[4861] PUSH HL                        | A:00 BC:FF05 DE:ED5B HL:44F4 F:00000100 [Z:0 C:0]
[4862] LD L, A                        | A:00 BC:FF05 DE:ED5B HL:4400 F:00000100 [Z:0 C:0]
[4863] LD A, (DE)                     | A:C0 BC:FF05 DE:ED5B HL:4400 F:00000100 [Z:0 C:0]
[4864] AND B                          | A:C0 BC:FF05 DE:ED5B HL:4400 F:10010100 [Z:0 C:0]
[4865] OR L                           | A:C0 BC:FF05 DE:ED5B HL:4400 F:10000100 [Z:0 C:0]
[4866] LD (DE), A                     | A:C0 BC:FF05 DE:ED5B HL:4400 F:10000100 [Z:0 C:0]
[4867] POP HL                         | A:C0 BC:FF05 DE:ED5B HL:44F4 F:10000100 [Z:0 C:0]
[4868] INC DE                         | A:C0 BC:FF05 DE:ED5C HL:44F4 F:10000100 [Z:0 C:0]
[4869] DEC C                          | A:C0 BC:FF04 DE:ED5C HL:44F4 F:00000100 [Z:0 C:0]
[486A] JR NZ -> 0x485D                | A:C0 BC:FF04 DE:ED5C HL:44F4 F:00000100 [Z:0 C:0]
[485D] LD B, (HL)                     | A:C0 BC:FF04 DE:ED5C HL:44F4 F:00000100 [Z:0 C:0]
[485E] INC HL                         | A:C0 BC:FF04 DE:ED5C HL:44F5 F:00000100 [Z:0 C:0]
[485F] LD A, (HL)                     | A:00 BC:FF04 DE:ED5C HL:44F5 F:00000100 [Z:0 C:0]
[4860] INC HL                         | A:00 BC:FF04 DE:ED5C HL:44F6 F:00000100 [Z:0 C:0]
[4861] PUSH HL                        | A:00 BC:FF04 DE:ED5C HL:44F6 F:00000100 [Z:0 C:0]
[4862] LD L, A                        | A:00 BC:FF04 DE:ED5C HL:4400 F:00000100 [Z:0 C:0]
[4863] LD A, (DE)                     | A:C0 BC:FF04 DE:ED5C HL:4400 F:00000100 [Z:0 C:0]
[4864] AND B                          | A:C0 BC:FF04 DE:ED5C HL:4400 F:10010100 [Z:0 C:0]
[4865] OR L                           | A:C0 BC:FF04 DE:ED5C HL:4400 F:10000100 [Z:0 C:0]
[4866] LD (DE), A                     | A:C0 BC:FF04 DE:ED5C HL:4400 F:10000100 [Z:0 C:0]
[4867] POP HL                         | A:C0 BC:FF04 DE:ED5C HL:44F6 F:10000100 [Z:0 C:0]
[4868] INC DE                         | A:C0 BC:FF04 DE:ED5D HL:44F6 F:10000100 [Z:0 C:0]
[4869] DEC C                          | A:C0 BC:FF03 DE:ED5D HL:44F6 F:00000100 [Z:0 C:0]
[486A] JR NZ -> 0x485D                | A:C0 BC:FF03 DE:ED5D HL:44F6 F:00000100 [Z:0 C:0]
[485D] LD B, (HL)                     | A:C0 BC:0003 DE:ED5D HL:44F6 F:00000100 [Z:0 C:0]
[485E] INC HL                         | A:C0 BC:0003 DE:ED5D HL:44F7 F:00000100 [Z:0 C:0]
[485F] LD A, (HL)                     | A:0C BC:0003 DE:ED5D HL:44F7 F:00000100 [Z:0 C:0]
[4860] INC HL                         | A:0C BC:0003 DE:ED5D HL:44F8 F:00000100 [Z:0 C:0]
[4861] PUSH HL                        | A:0C BC:0003 DE:ED5D HL:44F8 F:00000100 [Z:0 C:0]
[4862] LD L, A                        | A:0C BC:0003 DE:ED5D HL:440C F:00000100 [Z:0 C:0]
[4863] LD A, (DE)                     | A:C0 BC:0003 DE:ED5D HL:440C F:00000100 [Z:0 C:0]
[4864] AND B                          | A:00 BC:0003 DE:ED5D HL:440C F:01010100 [Z:1 C:0]
[4865] OR L                           | A:0C BC:0003 DE:ED5D HL:440C F:00000100 [Z:0 C:0]
[4866] LD (DE), A                     | A:0C BC:0003 DE:ED5D HL:440C F:00000100 [Z:0 C:0]
[4867] POP HL                         | A:0C BC:0003 DE:ED5D HL:44F8 F:00000100 [Z:0 C:0]
[4868] INC DE                         | A:0C BC:0003 DE:ED5E HL:44F8 F:00000100 [Z:0 C:0]
[4869] DEC C                          | A:0C BC:0002 DE:ED5E HL:44F8 F:00000100 [Z:0 C:0]
[486A] JR NZ -> 0x485D                | A:0C BC:0002 DE:ED5E HL:44F8 F:00000100 [Z:0 C:0]
[485D] LD B, (HL)                     | A:0C BC:0002 DE:ED5E HL:44F8 F:00000100 [Z:0 C:0]
[485E] INC HL                         | A:0C BC:0002 DE:ED5E HL:44F9 F:00000100 [Z:0 C:0]
[485F] LD A, (HL)                     | A:0C BC:0002 DE:ED5E HL:44F9 F:00000100 [Z:0 C:0]
[4860] INC HL                         | A:0C BC:0002 DE:ED5E HL:44FA F:00000100 [Z:0 C:0]
[4861] PUSH HL                        | A:0C BC:0002 DE:ED5E HL:44FA F:00000100 [Z:0 C:0]
[4862] LD L, A                        | A:0C BC:0002 DE:ED5E HL:440C F:00000100 [Z:0 C:0]
[4863] LD A, (DE)                     | A:C0 BC:0002 DE:ED5E HL:440C F:00000100 [Z:0 C:0]
[4864] AND B                          | A:00 BC:0002 DE:ED5E HL:440C F:01010100 [Z:1 C:0]
[4865] OR L                           | A:0C BC:0002 DE:ED5E HL:440C F:00000100 [Z:0 C:0]
[4866] LD (DE), A                     | A:0C BC:0002 DE:ED5E HL:440C F:00000100 [Z:0 C:0]
[4867] POP HL                         | A:0C BC:0002 DE:ED5E HL:44FA F:00000100 [Z:0 C:0]
[4868] INC DE                         | A:0C BC:0002 DE:ED5F HL:44FA F:00000100 [Z:0 C:0]
[4869] DEC C                          | A:0C BC:0001 DE:ED5F HL:44FA F:00000100 [Z:0 C:0]
[486A] JR NZ -> 0x485D                | A:0C BC:0001 DE:ED5F HL:44FA F:00000100 [Z:0 C:0]
[485D] LD B, (HL)                     | A:0C BC:FF01 DE:ED5F HL:44FA F:00000100 [Z:0 C:0]
[485E] INC HL                         | A:0C BC:FF01 DE:ED5F HL:44FB F:00000100 [Z:0 C:0]
[485F] LD A, (HL)                     | A:00 BC:FF01 DE:ED5F HL:44FB F:00000100 [Z:0 C:0]
[4860] INC HL                         | A:00 BC:FF01 DE:ED5F HL:44FC F:00000100 [Z:0 C:0]
[4861] PUSH HL                        | A:00 BC:FF01 DE:ED5F HL:44FC F:00000100 [Z:0 C:0]
[4862] LD L, A                        | A:00 BC:FF01 DE:ED5F HL:4400 F:00000100 [Z:0 C:0]
[4863] LD A, (DE)                     | A:C0 BC:FF01 DE:ED5F HL:4400 F:00000100 [Z:0 C:0]
[4864] AND B                          | A:C0 BC:FF01 DE:ED5F HL:4400 F:10010100 [Z:0 C:0]
[4865] OR L                           | A:C0 BC:FF01 DE:ED5F HL:4400 F:10000100 [Z:0 C:0]
[4866] LD (DE), A                     | A:C0 BC:FF01 DE:ED5F HL:4400 F:10000100 [Z:0 C:0]
[4867] POP HL                         | A:C0 BC:FF01 DE:ED5F HL:44FC F:10000100 [Z:0 C:0]
[4868] INC DE                         | A:C0 BC:FF01 DE:ED60 HL:44FC F:10000100 [Z:0 C:0]
[4869] DEC C                          | A:C0 BC:FF00 DE:ED60 HL:44FC F:01000100 [Z:1 C:0]
[486A] JR NZ [not taken]              | A:C0 BC:FF00 DE:ED60 HL:44FC F:01000100 [Z:1 C:0]
[486C] LD A, (0x8000)                 | A:07 BC:FF00 DE:ED60 HL:44FC F:01000100 [Z:1 C:0]
[486F] DEC A                          | A:06 BC:FF00 DE:ED60 HL:44FC F:00000100 [Z:0 C:0]
[4870] LD (0x8000), A                 | A:06 BC:FF00 DE:ED60 HL:44FC F:00000100 [Z:0 C:0]
[4873] JR NZ -> 0x4857                | A:06 BC:FF00 DE:ED60 HL:44FC F:00000100 [Z:0 C:0]
[4857] LD E, (HL)                     | A:06 BC:FF00 DE:ED58 HL:44FC F:00000100 [Z:0 C:0]
[4858] INC HL                         | A:06 BC:FF00 DE:ED58 HL:44FD F:00000100 [Z:0 C:0]
[4859] LD D, (HL)                     | A:06 BC:FF00 DE:F558 HL:44FD F:00000100 [Z:0 C:0]
[485A] INC HL                         | A:06 BC:FF00 DE:F558 HL:44FE F:00000100 [Z:0 C:0]
[485B] LD C, 0x08                     | A:06 BC:FF08 DE:F558 HL:44FE F:00000100 [Z:0 C:0]
[485D] LD B, (HL)                     | A:06 BC:FF08 DE:F558 HL:44FE F:00000100 [Z:0 C:0]
[485E] INC HL                         | A:06 BC:FF08 DE:F558 HL:44FF F:00000100 [Z:0 C:0]
[485F] LD A, (HL)                     | A:00 BC:FF08 DE:F558 HL:44FF F:00000100 [Z:0 C:0]
[4860] INC HL                         | A:00 BC:FF08 DE:F558 HL:4500 F:00000100 [Z:0 C:0]
[4861] PUSH HL                        | A:00 BC:FF08 DE:F558 HL:4500 F:00000100 [Z:0 C:0]
[4862] LD L, A                        | A:00 BC:FF08 DE:F558 HL:4500 F:00000100 [Z:0 C:0]
[4863] LD A, (DE)                     | A:C0 BC:FF08 DE:F558 HL:4500 F:00000100 [Z:0 C:0]
[4864] AND B                          | A:C0 BC:FF08 DE:F558 HL:4500 F:10010100 [Z:0 C:0]
[4865] OR L                           | A:C0 BC:FF08 DE:F558 HL:4500 F:10000100 [Z:0 C:0]
[4866] LD (DE), A                     | A:C0 BC:FF08 DE:F558 HL:4500 F:10000100 [Z:0 C:0]
[4867] POP HL                         | A:C0 BC:FF08 DE:F558 HL:4500 F:10000100 [Z:0 C:0]
[4868] INC DE                         | A:C0 BC:FF08 DE:F559 HL:4500 F:10000100 [Z:0 C:0]
[4869] DEC C                          | A:C0 BC:FF07 DE:F559 HL:4500 F:00000100 [Z:0 C:0]
[486A] JR NZ -> 0x485D                | A:C0 BC:FF07 DE:F559 HL:4500 F:00000100 [Z:0 C:0]
[485D] LD B, (HL)                     | A:C0 BC:0007 DE:F559 HL:4500 F:00000100 [Z:0 C:0]
[485E] INC HL                         | A:C0 BC:0007 DE:F559 HL:4501 F:00000100 [Z:0 C:0]
[485F] LD A, (HL)                     | A:0C BC:0007 DE:F559 HL:4501 F:00000100 [Z:0 C:0]
[4860] INC HL                         | A:0C BC:0007 DE:F559 HL:4502 F:00000100 [Z:0 C:0]
[4861] PUSH HL                        | A:0C BC:0007 DE:F559 HL:4502 F:00000100 [Z:0 C:0]
[4862] LD L, A                        | A:0C BC:0007 DE:F559 HL:450C F:00000100 [Z:0 C:0]
[4863] LD A, (DE)                     | A:C0 BC:0007 DE:F559 HL:450C F:00000100 [Z:0 C:0]
[4864] AND B                          | A:00 BC:0007 DE:F559 HL:450C F:01010100 [Z:1 C:0]
[4865] OR L                           | A:0C BC:0007 DE:F559 HL:450C F:00000100 [Z:0 C:0]
[4866] LD (DE), A                     | A:0C BC:0007 DE:F559 HL:450C F:00000100 [Z:0 C:0]
[4867] POP HL                         | A:0C BC:0007 DE:F559 HL:4502 F:00000100 [Z:0 C:0]
[4868] INC DE                         | A:0C BC:0007 DE:F55A HL:4502 F:00000100 [Z:0 C:0]
[4869] DEC C                          | A:0C BC:0006 DE:F55A HL:4502 F:00000100 [Z:0 C:0]
[486A] JR NZ -> 0x485D                | A:0C BC:0006 DE:F55A HL:4502 F:00000100 [Z:0 C:0]
[485D] LD B, (HL)                     | A:0C BC:0006 DE:F55A HL:4502 F:00000100 [Z:0 C:0]
[485E] INC HL                         | A:0C BC:0006 DE:F55A HL:4503 F:00000100 [Z:0 C:0]
[485F] LD A, (HL)                     | A:0C BC:0006 DE:F55A HL:4503 F:00000100 [Z:0 C:0]
[4860] INC HL                         | A:0C BC:0006 DE:F55A HL:4504 F:00000100 [Z:0 C:0]
[4861] PUSH HL                        | A:0C BC:0006 DE:F55A HL:4504 F:00000100 [Z:0 C:0]
[4862] LD L, A                        | A:0C BC:0006 DE:F55A HL:450C F:00000100 [Z:0 C:0]
[4863] LD A, (DE)                     | A:C0 BC:0006 DE:F55A HL:450C F:00000100 [Z:0 C:0]
[4864] AND B                          | A:00 BC:0006 DE:F55A HL:450C F:01010100 [Z:1 C:0]
[4865] OR L                           | A:0C BC:0006 DE:F55A HL:450C F:00000100 [Z:0 C:0]
[4866] LD (DE), A                     | A:0C BC:0006 DE:F55A HL:450C F:00000100 [Z:0 C:0]
[4867] POP HL                         | A:0C BC:0006 DE:F55A HL:4504 F:00000100 [Z:0 C:0]
[4868] INC DE                         | A:0C BC:0006 DE:F55B HL:4504 F:00000100 [Z:0 C:0]
[4869] DEC C                          | A:0C BC:0005 DE:F55B HL:4504 F:00000100 [Z:0 C:0]
[486A] JR NZ -> 0x485D                | A:0C BC:0005 DE:F55B HL:4504 F:00000100 [Z:0 C:0]
[485D] LD B, (HL)                     | A:0C BC:FF05 DE:F55B HL:4504 F:00000100 [Z:0 C:0]
[485E] INC HL                         | A:0C BC:FF05 DE:F55B HL:4505 F:00000100 [Z:0 C:0]
[485F] LD A, (HL)                     | A:00 BC:FF05 DE:F55B HL:4505 F:00000100 [Z:0 C:0]
[4860] INC HL                         | A:00 BC:FF05 DE:F55B HL:4506 F:00000100 [Z:0 C:0]
[4861] PUSH HL                        | A:00 BC:FF05 DE:F55B HL:4506 F:00000100 [Z:0 C:0]
[4862] LD L, A                        | A:00 BC:FF05 DE:F55B HL:4500 F:00000100 [Z:0 C:0]
[4863] LD A, (DE)                     | A:C0 BC:FF05 DE:F55B HL:4500 F:00000100 [Z:0 C:0]
[4864] AND B                          | A:C0 BC:FF05 DE:F55B HL:4500 F:10010100 [Z:0 C:0]
[4865] OR L                           | A:C0 BC:FF05 DE:F55B HL:4500 F:10000100 [Z:0 C:0]
[4866] LD (DE), A                     | A:C0 BC:FF05 DE:F55B HL:4500 F:10000100 [Z:0 C:0]
[4867] POP HL                         | A:C0 BC:FF05 DE:F55B HL:4506 F:10000100 [Z:0 C:0]
[4868] INC DE                         | A:C0 BC:FF05 DE:F55C HL:4506 F:10000100 [Z:0 C:0]
[4869] DEC C                          | A:C0 BC:FF04 DE:F55C HL:4506 F:00000100 [Z:0 C:0]
[486A] JR NZ -> 0x485D                | A:C0 BC:FF04 DE:F55C HL:4506 F:00000100 [Z:0 C:0]
[485D] LD B, (HL)                     | A:C0 BC:FF04 DE:F55C HL:4506 F:00000100 [Z:0 C:0]
[485E] INC HL                         | A:C0 BC:FF04 DE:F55C HL:4507 F:00000100 [Z:0 C:0]
[485F] LD A, (HL)                     | A:00 BC:FF04 DE:F55C HL:4507 F:00000100 [Z:0 C:0]
[4860] INC HL                         | A:00 BC:FF04 DE:F55C HL:4508 F:00000100 [Z:0 C:0]
[4861] PUSH HL                        | A:00 BC:FF04 DE:F55C HL:4508 F:00000100 [Z:0 C:0]
[4862] LD L, A                        | A:00 BC:FF04 DE:F55C HL:4500 F:00000100 [Z:0 C:0]
[4863] LD A, (DE)                     | A:C0 BC:FF04 DE:F55C HL:4500 F:00000100 [Z:0 C:0]
[4864] AND B                          | A:C0 BC:FF04 DE:F55C HL:4500 F:10010100 [Z:0 C:0]
[4865] OR L                           | A:C0 BC:FF04 DE:F55C HL:4500 F:10000100 [Z:0 C:0]
[4866] LD (DE), A                     | A:C0 BC:FF04 DE:F55C HL:4500 F:10000100 [Z:0 C:0]
[4867] POP HL                         | A:C0 BC:FF04 DE:F55C HL:4508 F:10000100 [Z:0 C:0]
[4868] INC DE                         | A:C0 BC:FF04 DE:F55D HL:4508 F:10000100 [Z:0 C:0]
[4869] DEC C                          | A:C0 BC:FF03 DE:F55D HL:4508 F:00000100 [Z:0 C:0]
[486A] JR NZ -> 0x485D                | A:C0 BC:FF03 DE:F55D HL:4508 F:00000100 [Z:0 C:0]
[485D] LD B, (HL)                     | A:C0 BC:0003 DE:F55D HL:4508 F:00000100 [Z:0 C:0]
[485E] INC HL                         | A:C0 BC:0003 DE:F55D HL:4509 F:00000100 [Z:0 C:0]
[485F] LD A, (HL)                     | A:0C BC:0003 DE:F55D HL:4509 F:00000100 [Z:0 C:0]
[4860] INC HL                         | A:0C BC:0003 DE:F55D HL:450A F:00000100 [Z:0 C:0]
[4861] PUSH HL                        | A:0C BC:0003 DE:F55D HL:450A F:00000100 [Z:0 C:0]
[4862] LD L, A                        | A:0C BC:0003 DE:F55D HL:450C F:00000100 [Z:0 C:0]
[4863] LD A, (DE)                     | A:C0 BC:0003 DE:F55D HL:450C F:00000100 [Z:0 C:0]
[4864] AND B                          | A:00 BC:0003 DE:F55D HL:450C F:01010100 [Z:1 C:0]
[4865] OR L                           | A:0C BC:0003 DE:F55D HL:450C F:00000100 [Z:0 C:0]
[4866] LD (DE), A                     | A:0C BC:0003 DE:F55D HL:450C F:00000100 [Z:0 C:0]
[4867] POP HL                         | A:0C BC:0003 DE:F55D HL:450A F:00000100 [Z:0 C:0]
[4868] INC DE                         | A:0C BC:0003 DE:F55E HL:450A F:00000100 [Z:0 C:0]
[4869] DEC C                          | A:0C BC:0002 DE:F55E HL:450A F:00000100 [Z:0 C:0]
[486A] JR NZ -> 0x485D                | A:0C BC:0002 DE:F55E HL:450A F:00000100 [Z:0 C:0]
[485D] LD B, (HL)                     | A:0C BC:0002 DE:F55E HL:450A F:00000100 [Z:0 C:0]
[485E] INC HL                         | A:0C BC:0002 DE:F55E HL:450B F:00000100 [Z:0 C:0]
[485F] LD A, (HL)                     | A:0C BC:0002 DE:F55E HL:450B F:00000100 [Z:0 C:0]
[4860] INC HL                         | A:0C BC:0002 DE:F55E HL:450C F:00000100 [Z:0 C:0]
[4861] PUSH HL                        | A:0C BC:0002 DE:F55E HL:450C F:00000100 [Z:0 C:0]
[4862] LD L, A                        | A:0C BC:0002 DE:F55E HL:450C F:00000100 [Z:0 C:0]
[4863] LD A, (DE)                     | A:C0 BC:0002 DE:F55E HL:450C F:00000100 [Z:0 C:0]
[4864] AND B                          | A:00 BC:0002 DE:F55E HL:450C F:01010100 [Z:1 C:0]
[4865] OR L                           | A:0C BC:0002 DE:F55E HL:450C F:00000100 [Z:0 C:0]
[4866] LD (DE), A                     | A:0C BC:0002 DE:F55E HL:450C F:00000100 [Z:0 C:0]
[4867] POP HL                         | A:0C BC:0002 DE:F55E HL:450C F:00000100 [Z:0 C:0]
[4868] INC DE                         | A:0C BC:0002 DE:F55F HL:450C F:00000100 [Z:0 C:0]
[4869] DEC C                          | A:0C BC:0001 DE:F55F HL:450C F:00000100 [Z:0 C:0]
[486A] JR NZ -> 0x485D                | A:0C BC:0001 DE:F55F HL:450C F:00000100 [Z:0 C:0]
[485D] LD B, (HL)                     | A:0C BC:FF01 DE:F55F HL:450C F:00000100 [Z:0 C:0]
[485E] INC HL                         | A:0C BC:FF01 DE:F55F HL:450D F:00000100 [Z:0 C:0]
[485F] LD A, (HL)                     | A:00 BC:FF01 DE:F55F HL:450D F:00000100 [Z:0 C:0]
[4860] INC HL                         | A:00 BC:FF01 DE:F55F HL:450E F:00000100 [Z:0 C:0]
[4861] PUSH HL                        | A:00 BC:FF01 DE:F55F HL:450E F:00000100 [Z:0 C:0]
[4862] LD L, A                        | A:00 BC:FF01 DE:F55F HL:4500 F:00000100 [Z:0 C:0]
[4863] LD A, (DE)                     | A:C0 BC:FF01 DE:F55F HL:4500 F:00000100 [Z:0 C:0]
[4864] AND B                          | A:C0 BC:FF01 DE:F55F HL:4500 F:10010100 [Z:0 C:0]
[4865] OR L                           | A:C0 BC:FF01 DE:F55F HL:4500 F:10000100 [Z:0 C:0]
[4866] LD (DE), A                     | A:C0 BC:FF01 DE:F55F HL:4500 F:10000100 [Z:0 C:0]
[4867] POP HL                         | A:C0 BC:FF01 DE:F55F HL:450E F:10000100 [Z:0 C:0]
[4868] INC DE                         | A:C0 BC:FF01 DE:F560 HL:450E F:10000100 [Z:0 C:0]
[4869] DEC C                          | A:C0 BC:FF00 DE:F560 HL:450E F:01000100 [Z:1 C:0]
[486A] JR NZ [not taken]              | A:C0 BC:FF00 DE:F560 HL:450E F:01000100 [Z:1 C:0]
[486C] LD A, (0x8000)                 | A:06 BC:FF00 DE:F560 HL:450E F:01000100 [Z:1 C:0]
[486F] DEC A                          | A:05 BC:FF00 DE:F560 HL:450E F:00000100 [Z:0 C:0]
[4870] LD (0x8000), A                 | A:05 BC:FF00 DE:F560 HL:450E F:00000100 [Z:0 C:0]
[4873] JR NZ -> 0x4857                | A:05 BC:FF00 DE:F560 HL:450E F:00000100 [Z:0 C:0]
[4857] LD E, (HL)                     | A:05 BC:FF00 DE:F558 HL:450E F:00000100 [Z:0 C:0]
[4858] INC HL                         | A:05 BC:FF00 DE:F558 HL:450F F:00000100 [Z:0 C:0]
[4859] LD D, (HL)                     | A:05 BC:FF00 DE:FD58 HL:450F F:00000100 [Z:0 C:0]
[485A] INC HL                         | A:05 BC:FF00 DE:FD58 HL:4510 F:00000100 [Z:0 C:0]
[485B] LD C, 0x08                     | A:05 BC:FF08 DE:FD58 HL:4510 F:00000100 [Z:0 C:0]
[485D] LD B, (HL)                     | A:05 BC:FF08 DE:FD58 HL:4510 F:00000100 [Z:0 C:0]
[485E] INC HL                         | A:05 BC:FF08 DE:FD58 HL:4511 F:00000100 [Z:0 C:0]
[485F] LD A, (HL)                     | A:00 BC:FF08 DE:FD58 HL:4511 F:00000100 [Z:0 C:0]
[4860] INC HL                         | A:00 BC:FF08 DE:FD58 HL:4512 F:00000100 [Z:0 C:0]
[4861] PUSH HL                        | A:00 BC:FF08 DE:FD58 HL:4512 F:00000100 [Z:0 C:0]
[4862] LD L, A                        | A:00 BC:FF08 DE:FD58 HL:4500 F:00000100 [Z:0 C:0]
[4863] LD A, (DE)                     | A:C0 BC:FF08 DE:FD58 HL:4500 F:00000100 [Z:0 C:0]
[4864] AND B                          | A:C0 BC:FF08 DE:FD58 HL:4500 F:10010100 [Z:0 C:0]
[4865] OR L                           | A:C0 BC:FF08 DE:FD58 HL:4500 F:10000100 [Z:0 C:0]
[4866] LD (DE), A                     | A:C0 BC:FF08 DE:FD58 HL:4500 F:10000100 [Z:0 C:0]
[4867] POP HL                         | A:C0 BC:FF08 DE:FD58 HL:4512 F:10000100 [Z:0 C:0]
[4868] INC DE                         | A:C0 BC:FF08 DE:FD59 HL:4512 F:10000100 [Z:0 C:0]
[4869] DEC C                          | A:C0 BC:FF07 DE:FD59 HL:4512 F:00000100 [Z:0 C:0]
[486A] JR NZ -> 0x485D                | A:C0 BC:FF07 DE:FD59 HL:4512 F:00000100 [Z:0 C:0]
[485D] LD B, (HL)                     | A:C0 BC:AA07 DE:FD59 HL:4512 F:00000100 [Z:0 C:0]
[485E] INC HL                         | A:C0 BC:AA07 DE:FD59 HL:4513 F:00000100 [Z:0 C:0]
[485F] LD A, (HL)                     | A:04 BC:AA07 DE:FD59 HL:4513 F:00000100 [Z:0 C:0]
[4860] INC HL                         | A:04 BC:AA07 DE:FD59 HL:4514 F:00000100 [Z:0 C:0]
[4861] PUSH HL                        | A:04 BC:AA07 DE:FD59 HL:4514 F:00000100 [Z:0 C:0]
[4862] LD L, A                        | A:04 BC:AA07 DE:FD59 HL:4504 F:00000100 [Z:0 C:0]
[4863] LD A, (DE)                     | A:C0 BC:AA07 DE:FD59 HL:4504 F:00000100 [Z:0 C:0]
[4864] AND B                          | A:80 BC:AA07 DE:FD59 HL:4504 F:10010000 [Z:0 C:0]
[4865] OR L                           | A:84 BC:AA07 DE:FD59 HL:4504 F:10000100 [Z:0 C:0]
[4866] LD (DE), A                     | A:84 BC:AA07 DE:FD59 HL:4504 F:10000100 [Z:0 C:0]
[4867] POP HL                         | A:84 BC:AA07 DE:FD59 HL:4514 F:10000100 [Z:0 C:0]
[4868] INC DE                         | A:84 BC:AA07 DE:FD5A HL:4514 F:10000100 [Z:0 C:0]
[4869] DEC C                          | A:84 BC:AA06 DE:FD5A HL:4514 F:00000100 [Z:0 C:0]
[486A] JR NZ -> 0x485D                | A:84 BC:AA06 DE:FD5A HL:4514 F:00000100 [Z:0 C:0]
[485D] LD B, (HL)                     | A:84 BC:0006 DE:FD5A HL:4514 F:00000100 [Z:0 C:0]
[485E] INC HL                         | A:84 BC:0006 DE:FD5A HL:4515 F:00000100 [Z:0 C:0]
[485F] LD A, (HL)                     | A:0C BC:0006 DE:FD5A HL:4515 F:00000100 [Z:0 C:0]
[4860] INC HL                         | A:0C BC:0006 DE:FD5A HL:4516 F:00000100 [Z:0 C:0]
[4861] PUSH HL                        | A:0C BC:0006 DE:FD5A HL:4516 F:00000100 [Z:0 C:0]
[4862] LD L, A                        | A:0C BC:0006 DE:FD5A HL:450C F:00000100 [Z:0 C:0]
[4863] LD A, (DE)                     | A:C0 BC:0006 DE:FD5A HL:450C F:00000100 [Z:0 C:0]
[4864] AND B                          | A:00 BC:0006 DE:FD5A HL:450C F:01010100 [Z:1 C:0]
[4865] OR L                           | A:0C BC:0006 DE:FD5A HL:450C F:00000100 [Z:0 C:0]
[4866] LD (DE), A                     | A:0C BC:0006 DE:FD5A HL:450C F:00000100 [Z:0 C:0]
[4867] POP HL                         | A:0C BC:0006 DE:FD5A HL:4516 F:00000100 [Z:0 C:0]
[4868] INC DE                         | A:0C BC:0006 DE:FD5B HL:4516 F:00000100 [Z:0 C:0]
[4869] DEC C                          | A:0C BC:0005 DE:FD5B HL:4516 F:00000100 [Z:0 C:0]
[486A] JR NZ -> 0x485D                | A:0C BC:0005 DE:FD5B HL:4516 F:00000100 [Z:0 C:0]
[485D] LD B, (HL)                     | A:0C BC:FF05 DE:FD5B HL:4516 F:00000100 [Z:0 C:0]
[485E] INC HL                         | A:0C BC:FF05 DE:FD5B HL:4517 F:00000100 [Z:0 C:0]
[485F] LD A, (HL)                     | A:00 BC:FF05 DE:FD5B HL:4517 F:00000100 [Z:0 C:0]
[4860] INC HL                         | A:00 BC:FF05 DE:FD5B HL:4518 F:00000100 [Z:0 C:0]
[4861] PUSH HL                        | A:00 BC:FF05 DE:FD5B HL:4518 F:00000100 [Z:0 C:0]
[4862] LD L, A                        | A:00 BC:FF05 DE:FD5B HL:4500 F:00000100 [Z:0 C:0]
[4863] LD A, (DE)                     | A:C0 BC:FF05 DE:FD5B HL:4500 F:00000100 [Z:0 C:0]
[4864] AND B                          | A:C0 BC:FF05 DE:FD5B HL:4500 F:10010100 [Z:0 C:0]
[4865] OR L                           | A:C0 BC:FF05 DE:FD5B HL:4500 F:10000100 [Z:0 C:0]
[4866] LD (DE), A                     | A:C0 BC:FF05 DE:FD5B HL:4500 F:10000100 [Z:0 C:0]
[4867] POP HL                         | A:C0 BC:FF05 DE:FD5B HL:4518 F:10000100 [Z:0 C:0]
[4868] INC DE                         | A:C0 BC:FF05 DE:FD5C HL:4518 F:10000100 [Z:0 C:0]
[4869] DEC C                          | A:C0 BC:FF04 DE:FD5C HL:4518 F:00000100 [Z:0 C:0]
[486A] JR NZ -> 0x485D                | A:C0 BC:FF04 DE:FD5C HL:4518 F:00000100 [Z:0 C:0]
[485D] LD B, (HL)                     | A:C0 BC:0004 DE:FD5C HL:4518 F:00000100 [Z:0 C:0]
[485E] INC HL                         | A:C0 BC:0004 DE:FD5C HL:4519 F:00000100 [Z:0 C:0]
[485F] LD A, (HL)                     | A:0C BC:0004 DE:FD5C HL:4519 F:00000100 [Z:0 C:0]
[4860] INC HL                         | A:0C BC:0004 DE:FD5C HL:451A F:00000100 [Z:0 C:0]
[4861] PUSH HL                        | A:0C BC:0004 DE:FD5C HL:451A F:00000100 [Z:0 C:0]
[4862] LD L, A                        | A:0C BC:0004 DE:FD5C HL:450C F:00000100 [Z:0 C:0]
[4863] LD A, (DE)                     | A:C0 BC:0004 DE:FD5C HL:450C F:00000100 [Z:0 C:0]
[4864] AND B                          | A:00 BC:0004 DE:FD5C HL:450C F:01010100 [Z:1 C:0]
[4865] OR L                           | A:0C BC:0004 DE:FD5C HL:450C F:00000100 [Z:0 C:0]
[4866] LD (DE), A                     | A:0C BC:0004 DE:FD5C HL:450C F:00000100 [Z:0 C:0]
[4867] POP HL                         | A:0C BC:0004 DE:FD5C HL:451A F:00000100 [Z:0 C:0]
[4868] INC DE                         | A:0C BC:0004 DE:FD5D HL:451A F:00000100 [Z:0 C:0]
[4869] DEC C                          | A:0C BC:0003 DE:FD5D HL:451A F:00000100 [Z:0 C:0]
[486A] JR NZ -> 0x485D                | A:0C BC:0003 DE:FD5D HL:451A F:00000100 [Z:0 C:0]
[485D] LD B, (HL)                     | A:0C BC:0003 DE:FD5D HL:451A F:00000100 [Z:0 C:0]
[485E] INC HL                         | A:0C BC:0003 DE:FD5D HL:451B F:00000100 [Z:0 C:0]
[485F] LD A, (HL)                     | A:0C BC:0003 DE:FD5D HL:451B F:00000100 [Z:0 C:0]
[4860] INC HL                         | A:0C BC:0003 DE:FD5D HL:451C F:00000100 [Z:0 C:0]
[4861] PUSH HL                        | A:0C BC:0003 DE:FD5D HL:451C F:00000100 [Z:0 C:0]
[4862] LD L, A                        | A:0C BC:0003 DE:FD5D HL:450C F:00000100 [Z:0 C:0]
[4863] LD A, (DE)                     | A:C0 BC:0003 DE:FD5D HL:450C F:00000100 [Z:0 C:0]
[4864] AND B                          | A:00 BC:0003 DE:FD5D HL:450C F:01010100 [Z:1 C:0]
[4865] OR L                           | A:0C BC:0003 DE:FD5D HL:450C F:00000100 [Z:0 C:0]
[4866] LD (DE), A                     | A:0C BC:0003 DE:FD5D HL:450C F:00000100 [Z:0 C:0]
[4867] POP HL                         | A:0C BC:0003 DE:FD5D HL:451C F:00000100 [Z:0 C:0]
[4868] INC DE                         | A:0C BC:0003 DE:FD5E HL:451C F:00000100 [Z:0 C:0]
[4869] DEC C                          | A:0C BC:0002 DE:FD5E HL:451C F:00000100 [Z:0 C:0]
[486A] JR NZ -> 0x485D                | A:0C BC:0002 DE:FD5E HL:451C F:00000100 [Z:0 C:0]
[485D] LD B, (HL)                     | A:0C BC:FF02 DE:FD5E HL:451C F:00000100 [Z:0 C:0]
[485E] INC HL                         | A:0C BC:FF02 DE:FD5E HL:451D F:00000100 [Z:0 C:0]
[485F] LD A, (HL)                     | A:00 BC:FF02 DE:FD5E HL:451D F:00000100 [Z:0 C:0]
[4860] INC HL                         | A:00 BC:FF02 DE:FD5E HL:451E F:00000100 [Z:0 C:0]
[4861] PUSH HL                        | A:00 BC:FF02 DE:FD5E HL:451E F:00000100 [Z:0 C:0]
[4862] LD L, A                        | A:00 BC:FF02 DE:FD5E HL:4500 F:00000100 [Z:0 C:0]
[4863] LD A, (DE)                     | A:C0 BC:FF02 DE:FD5E HL:4500 F:00000100 [Z:0 C:0]
[4864] AND B                          | A:C0 BC:FF02 DE:FD5E HL:4500 F:10010100 [Z:0 C:0]
[4865] OR L                           | A:C0 BC:FF02 DE:FD5E HL:4500 F:10000100 [Z:0 C:0]
[4866] LD (DE), A                     | A:C0 BC:FF02 DE:FD5E HL:4500 F:10000100 [Z:0 C:0]
[4867] POP HL                         | A:C0 BC:FF02 DE:FD5E HL:451E F:10000100 [Z:0 C:0]
[4868] INC DE                         | A:C0 BC:FF02 DE:FD5F HL:451E F:10000100 [Z:0 C:0]
[4869] DEC C                          | A:C0 BC:FF01 DE:FD5F HL:451E F:00000100 [Z:0 C:0]
[486A] JR NZ -> 0x485D                | A:C0 BC:FF01 DE:FD5F HL:451E F:00000100 [Z:0 C:0]
[485D] LD B, (HL)                     | A:C0 BC:FF01 DE:FD5F HL:451E F:00000100 [Z:0 C:0]
[485E] INC HL                         | A:C0 BC:FF01 DE:FD5F HL:451F F:00000100 [Z:0 C:0]
[485F] LD A, (HL)                     | A:00 BC:FF01 DE:FD5F HL:451F F:00000100 [Z:0 C:0]
[4860] INC HL                         | A:00 BC:FF01 DE:FD5F HL:4520 F:00000100 [Z:0 C:0]
[4861] PUSH HL                        | A:00 BC:FF01 DE:FD5F HL:4520 F:00000100 [Z:0 C:0]
[4862] LD L, A                        | A:00 BC:FF01 DE:FD5F HL:4500 F:00000100 [Z:0 C:0]
[4863] LD A, (DE)                     | A:C0 BC:FF01 DE:FD5F HL:4500 F:00000100 [Z:0 C:0]
[4864] AND B                          | A:C0 BC:FF01 DE:FD5F HL:4500 F:10010100 [Z:0 C:0]
[4865] OR L                           | A:C0 BC:FF01 DE:FD5F HL:4500 F:10000100 [Z:0 C:0]
[4866] LD (DE), A                     | A:C0 BC:FF01 DE:FD5F HL:4500 F:10000100 [Z:0 C:0]
[4867] POP HL                         | A:C0 BC:FF01 DE:FD5F HL:4520 F:10000100 [Z:0 C:0]
[4868] INC DE                         | A:C0 BC:FF01 DE:FD60 HL:4520 F:10000100 [Z:0 C:0]
[4869] DEC C                          | A:C0 BC:FF00 DE:FD60 HL:4520 F:01000100 [Z:1 C:0]
[486A] JR NZ [not taken]              | A:C0 BC:FF00 DE:FD60 HL:4520 F:01000100 [Z:1 C:0]
[486C] LD A, (0x8000)                 | A:05 BC:FF00 DE:FD60 HL:4520 F:01000100 [Z:1 C:0]
[486F] DEC A                          | A:04 BC:FF00 DE:FD60 HL:4520 F:00000100 [Z:0 C:0]
[4870] LD (0x8000), A                 | A:04 BC:FF00 DE:FD60 HL:4520 F:00000100 [Z:0 C:0]
[4873] JR NZ -> 0x4857                | A:04 BC:FF00 DE:FD60 HL:4520 F:00000100 [Z:0 C:0]
[4857] LD E, (HL)                     | A:04 BC:FF00 DE:FDA8 HL:4520 F:00000100 [Z:0 C:0]
[4858] INC HL                         | A:04 BC:FF00 DE:FDA8 HL:4521 F:00000100 [Z:0 C:0]
[4859] LD D, (HL)                     | A:04 BC:FF00 DE:C5A8 HL:4521 F:00000100 [Z:0 C:0]
[485A] INC HL                         | A:04 BC:FF00 DE:C5A8 HL:4522 F:00000100 [Z:0 C:0]
[485B] LD C, 0x08                     | A:04 BC:FF08 DE:C5A8 HL:4522 F:00000100 [Z:0 C:0]
[485D] LD B, (HL)                     | A:04 BC:FF08 DE:C5A8 HL:4522 F:00000100 [Z:0 C:0]
[485E] INC HL                         | A:04 BC:FF08 DE:C5A8 HL:4523 F:00000100 [Z:0 C:0]
[485F] LD A, (HL)                     | A:00 BC:FF08 DE:C5A8 HL:4523 F:00000100 [Z:0 C:0]
[4860] INC HL                         | A:00 BC:FF08 DE:C5A8 HL:4524 F:00000100 [Z:0 C:0]
[4861] PUSH HL                        | A:00 BC:FF08 DE:C5A8 HL:4524 F:00000100 [Z:0 C:0]
[4862] LD L, A                        | A:00 BC:FF08 DE:C5A8 HL:4500 F:00000100 [Z:0 C:0]
[4863] LD A, (DE)                     | A:C0 BC:FF08 DE:C5A8 HL:4500 F:00000100 [Z:0 C:0]
[4864] AND B                          | A:C0 BC:FF08 DE:C5A8 HL:4500 F:10010100 [Z:0 C:0]
[4865] OR L                           | A:C0 BC:FF08 DE:C5A8 HL:4500 F:10000100 [Z:0 C:0]
[4866] LD (DE), A                     | A:C0 BC:FF08 DE:C5A8 HL:4500 F:10000100 [Z:0 C:0]
[4867] POP HL                         | A:C0 BC:FF08 DE:C5A8 HL:4524 F:10000100 [Z:0 C:0]
[4868] INC DE                         | A:C0 BC:FF08 DE:C5A9 HL:4524 F:10000100 [Z:0 C:0]
[4869] DEC C                          | A:C0 BC:FF07 DE:C5A9 HL:4524 F:00000100 [Z:0 C:0]
[486A] JR NZ -> 0x485D                | A:C0 BC:FF07 DE:C5A9 HL:4524 F:00000100 [Z:0 C:0]
[485D] LD B, (HL)                     | A:C0 BC:AA07 DE:C5A9 HL:4524 F:00000100 [Z:0 C:0]
[485E] INC HL                         | A:C0 BC:AA07 DE:C5A9 HL:4525 F:00000100 [Z:0 C:0]
[485F] LD A, (HL)                     | A:04 BC:AA07 DE:C5A9 HL:4525 F:00000100 [Z:0 C:0]
[4860] INC HL                         | A:04 BC:AA07 DE:C5A9 HL:4526 F:00000100 [Z:0 C:0]
[4861] PUSH HL                        | A:04 BC:AA07 DE:C5A9 HL:4526 F:00000100 [Z:0 C:0]
[4862] LD L, A                        | A:04 BC:AA07 DE:C5A9 HL:4504 F:00000100 [Z:0 C:0]
[4863] LD A, (DE)                     | A:C0 BC:AA07 DE:C5A9 HL:4504 F:00000100 [Z:0 C:0]
[4864] AND B                          | A:80 BC:AA07 DE:C5A9 HL:4504 F:10010000 [Z:0 C:0]
[4865] OR L                           | A:84 BC:AA07 DE:C5A9 HL:4504 F:10000100 [Z:0 C:0]
[4866] LD (DE), A                     | A:84 BC:AA07 DE:C5A9 HL:4504 F:10000100 [Z:0 C:0]
[4867] POP HL                         | A:84 BC:AA07 DE:C5A9 HL:4526 F:10000100 [Z:0 C:0]
[4868] INC DE                         | A:84 BC:AA07 DE:C5AA HL:4526 F:10000100 [Z:0 C:0]
[4869] DEC C                          | A:84 BC:AA06 DE:C5AA HL:4526 F:00000100 [Z:0 C:0]
[486A] JR NZ -> 0x485D                | A:84 BC:AA06 DE:C5AA HL:4526 F:00000100 [Z:0 C:0]
[485D] LD B, (HL)                     | A:84 BC:0006 DE:C5AA HL:4526 F:00000100 [Z:0 C:0]
[485E] INC HL                         | A:84 BC:0006 DE:C5AA HL:4527 F:00000100 [Z:0 C:0]
[485F] LD A, (HL)                     | A:0C BC:0006 DE:C5AA HL:4527 F:00000100 [Z:0 C:0]
[4860] INC HL                         | A:0C BC:0006 DE:C5AA HL:4528 F:00000100 [Z:0 C:0]
[4861] PUSH HL                        | A:0C BC:0006 DE:C5AA HL:4528 F:00000100 [Z:0 C:0]
[4862] LD L, A                        | A:0C BC:0006 DE:C5AA HL:450C F:00000100 [Z:0 C:0]
[4863] LD A, (DE)                     | A:C0 BC:0006 DE:C5AA HL:450C F:00000100 [Z:0 C:0]
[4864] AND B                          | A:00 BC:0006 DE:C5AA HL:450C F:01010100 [Z:1 C:0]
[4865] OR L                           | A:0C BC:0006 DE:C5AA HL:450C F:00000100 [Z:0 C:0]
[4866] LD (DE), A                     | A:0C BC:0006 DE:C5AA HL:450C F:00000100 [Z:0 C:0]
[4867] POP HL                         | A:0C BC:0006 DE:C5AA HL:4528 F:00000100 [Z:0 C:0]
[4868] INC DE                         | A:0C BC:0006 DE:C5AB HL:4528 F:00000100 [Z:0 C:0]
[4869] DEC C                          | A:0C BC:0005 DE:C5AB HL:4528 F:00000100 [Z:0 C:0]
[486A] JR NZ -> 0x485D                | A:0C BC:0005 DE:C5AB HL:4528 F:00000100 [Z:0 C:0]
[485D] LD B, (HL)                     | A:0C BC:FF05 DE:C5AB HL:4528 F:00000100 [Z:0 C:0]
[485E] INC HL                         | A:0C BC:FF05 DE:C5AB HL:4529 F:00000100 [Z:0 C:0]
[485F] LD A, (HL)                     | A:00 BC:FF05 DE:C5AB HL:4529 F:00000100 [Z:0 C:0]
[4860] INC HL                         | A:00 BC:FF05 DE:C5AB HL:452A F:00000100 [Z:0 C:0]
[4861] PUSH HL                        | A:00 BC:FF05 DE:C5AB HL:452A F:00000100 [Z:0 C:0]
[4862] LD L, A                        | A:00 BC:FF05 DE:C5AB HL:4500 F:00000100 [Z:0 C:0]
[4863] LD A, (DE)                     | A:C0 BC:FF05 DE:C5AB HL:4500 F:00000100 [Z:0 C:0]
[4864] AND B                          | A:C0 BC:FF05 DE:C5AB HL:4500 F:10010100 [Z:0 C:0]
[4865] OR L                           | A:C0 BC:FF05 DE:C5AB HL:4500 F:10000100 [Z:0 C:0]
[4866] LD (DE), A                     | A:C0 BC:FF05 DE:C5AB HL:4500 F:10000100 [Z:0 C:0]
[4867] POP HL                         | A:C0 BC:FF05 DE:C5AB HL:452A F:10000100 [Z:0 C:0]
[4868] INC DE                         | A:C0 BC:FF05 DE:C5AC HL:452A F:10000100 [Z:0 C:0]
[4869] DEC C                          | A:C0 BC:FF04 DE:C5AC HL:452A F:00000100 [Z:0 C:0]
[486A] JR NZ -> 0x485D                | A:C0 BC:FF04 DE:C5AC HL:452A F:00000100 [Z:0 C:0]
[485D] LD B, (HL)                     | A:C0 BC:0004 DE:C5AC HL:452A F:00000100 [Z:0 C:0]
[485E] INC HL                         | A:C0 BC:0004 DE:C5AC HL:452B F:00000100 [Z:0 C:0]
[485F] LD A, (HL)                     | A:0C BC:0004 DE:C5AC HL:452B F:00000100 [Z:0 C:0]
[4860] INC HL                         | A:0C BC:0004 DE:C5AC HL:452C F:00000100 [Z:0 C:0]
[4861] PUSH HL                        | A:0C BC:0004 DE:C5AC HL:452C F:00000100 [Z:0 C:0]
[4862] LD L, A                        | A:0C BC:0004 DE:C5AC HL:450C F:00000100 [Z:0 C:0]
[4863] LD A, (DE)                     | A:C0 BC:0004 DE:C5AC HL:450C F:00000100 [Z:0 C:0]
[4864] AND B                          | A:00 BC:0004 DE:C5AC HL:450C F:01010100 [Z:1 C:0]
[4865] OR L                           | A:0C BC:0004 DE:C5AC HL:450C F:00000100 [Z:0 C:0]
[4866] LD (DE), A                     | A:0C BC:0004 DE:C5AC HL:450C F:00000100 [Z:0 C:0]
[4867] POP HL                         | A:0C BC:0004 DE:C5AC HL:452C F:00000100 [Z:0 C:0]
[4868] INC DE                         | A:0C BC:0004 DE:C5AD HL:452C F:00000100 [Z:0 C:0]
[4869] DEC C                          | A:0C BC:0003 DE:C5AD HL:452C F:00000100 [Z:0 C:0]
[486A] JR NZ -> 0x485D                | A:0C BC:0003 DE:C5AD HL:452C F:00000100 [Z:0 C:0]
[485D] LD B, (HL)                     | A:0C BC:0003 DE:C5AD HL:452C F:00000100 [Z:0 C:0]
[485E] INC HL                         | A:0C BC:0003 DE:C5AD HL:452D F:00000100 [Z:0 C:0]
[485F] LD A, (HL)                     | A:0C BC:0003 DE:C5AD HL:452D F:00000100 [Z:0 C:0]
[4860] INC HL                         | A:0C BC:0003 DE:C5AD HL:452E F:00000100 [Z:0 C:0]
[4861] PUSH HL                        | A:0C BC:0003 DE:C5AD HL:452E F:00000100 [Z:0 C:0]
[4862] LD L, A                        | A:0C BC:0003 DE:C5AD HL:450C F:00000100 [Z:0 C:0]
[4863] LD A, (DE)                     | A:C0 BC:0003 DE:C5AD HL:450C F:00000100 [Z:0 C:0]
[4864] AND B                          | A:00 BC:0003 DE:C5AD HL:450C F:01010100 [Z:1 C:0]
[4865] OR L                           | A:0C BC:0003 DE:C5AD HL:450C F:00000100 [Z:0 C:0]
[4866] LD (DE), A                     | A:0C BC:0003 DE:C5AD HL:450C F:00000100 [Z:0 C:0]
[4867] POP HL                         | A:0C BC:0003 DE:C5AD HL:452E F:00000100 [Z:0 C:0]
[4868] INC DE                         | A:0C BC:0003 DE:C5AE HL:452E F:00000100 [Z:0 C:0]
[4869] DEC C                          | A:0C BC:0002 DE:C5AE HL:452E F:00000100 [Z:0 C:0]
[486A] JR NZ -> 0x485D                | A:0C BC:0002 DE:C5AE HL:452E F:00000100 [Z:0 C:0]
[485D] LD B, (HL)                     | A:0C BC:FF02 DE:C5AE HL:452E F:00000100 [Z:0 C:0]
[485E] INC HL                         | A:0C BC:FF02 DE:C5AE HL:452F F:00000100 [Z:0 C:0]
[485F] LD A, (HL)                     | A:00 BC:FF02 DE:C5AE HL:452F F:00000100 [Z:0 C:0]
[4860] INC HL                         | A:00 BC:FF02 DE:C5AE HL:4530 F:00000100 [Z:0 C:0]
[4861] PUSH HL                        | A:00 BC:FF02 DE:C5AE HL:4530 F:00000100 [Z:0 C:0]
[4862] LD L, A                        | A:00 BC:FF02 DE:C5AE HL:4500 F:00000100 [Z:0 C:0]
[4863] LD A, (DE)                     | A:C0 BC:FF02 DE:C5AE HL:4500 F:00000100 [Z:0 C:0]
[4864] AND B                          | A:C0 BC:FF02 DE:C5AE HL:4500 F:10010100 [Z:0 C:0]
[4865] OR L                           | A:C0 BC:FF02 DE:C5AE HL:4500 F:10000100 [Z:0 C:0]
[4866] LD (DE), A                     | A:C0 BC:FF02 DE:C5AE HL:4500 F:10000100 [Z:0 C:0]
[4867] POP HL                         | A:C0 BC:FF02 DE:C5AE HL:4530 F:10000100 [Z:0 C:0]
[4868] INC DE                         | A:C0 BC:FF02 DE:C5AF HL:4530 F:10000100 [Z:0 C:0]
[4869] DEC C                          | A:C0 BC:FF01 DE:C5AF HL:4530 F:00000100 [Z:0 C:0]
[486A] JR NZ -> 0x485D                | A:C0 BC:FF01 DE:C5AF HL:4530 F:00000100 [Z:0 C:0]
[485D] LD B, (HL)                     | A:C0 BC:FF01 DE:C5AF HL:4530 F:00000100 [Z:0 C:0]
[485E] INC HL                         | A:C0 BC:FF01 DE:C5AF HL:4531 F:00000100 [Z:0 C:0]
[485F] LD A, (HL)                     | A:00 BC:FF01 DE:C5AF HL:4531 F:00000100 [Z:0 C:0]
[4860] INC HL                         | A:00 BC:FF01 DE:C5AF HL:4532 F:00000100 [Z:0 C:0]
[4861] PUSH HL                        | A:00 BC:FF01 DE:C5AF HL:4532 F:00000100 [Z:0 C:0]
[4862] LD L, A                        | A:00 BC:FF01 DE:C5AF HL:4500 F:00000100 [Z:0 C:0]
[4863] LD A, (DE)                     | A:C0 BC:FF01 DE:C5AF HL:4500 F:00000100 [Z:0 C:0]
[4864] AND B                          | A:C0 BC:FF01 DE:C5AF HL:4500 F:10010100 [Z:0 C:0]
[4865] OR L                           | A:C0 BC:FF01 DE:C5AF HL:4500 F:10000100 [Z:0 C:0]
[4866] LD (DE), A                     | A:C0 BC:FF01 DE:C5AF HL:4500 F:10000100 [Z:0 C:0]
[4867] POP HL                         | A:C0 BC:FF01 DE:C5AF HL:4532 F:10000100 [Z:0 C:0]
[4868] INC DE                         | A:C0 BC:FF01 DE:C5B0 HL:4532 F:10000100 [Z:0 C:0]
[4869] DEC C                          | A:C0 BC:FF00 DE:C5B0 HL:4532 F:01000100 [Z:1 C:0]
[486A] JR NZ [not taken]              | A:C0 BC:FF00 DE:C5B0 HL:4532 F:01000100 [Z:1 C:0]
[486C] LD A, (0x8000)                 | A:04 BC:FF00 DE:C5B0 HL:4532 F:01000100 [Z:1 C:0]
[486F] DEC A                          | A:03 BC:FF00 DE:C5B0 HL:4532 F:00000100 [Z:0 C:0]
[4870] LD (0x8000), A                 | A:03 BC:FF00 DE:C5B0 HL:4532 F:00000100 [Z:0 C:0]
[4873] JR NZ -> 0x4857                | A:03 BC:FF00 DE:C5B0 HL:4532 F:00000100 [Z:0 C:0]
[4857] LD E, (HL)                     | A:03 BC:FF00 DE:C5A8 HL:4532 F:00000100 [Z:0 C:0]
[4858] INC HL                         | A:03 BC:FF00 DE:C5A8 HL:4533 F:00000100 [Z:0 C:0]
[4859] LD D, (HL)                     | A:03 BC:FF00 DE:CDA8 HL:4533 F:00000100 [Z:0 C:0]
[485A] INC HL                         | A:03 BC:FF00 DE:CDA8 HL:4534 F:00000100 [Z:0 C:0]
[485B] LD C, 0x08                     | A:03 BC:FF08 DE:CDA8 HL:4534 F:00000100 [Z:0 C:0]
[485D] LD B, (HL)                     | A:03 BC:FF08 DE:CDA8 HL:4534 F:00000100 [Z:0 C:0]
[485E] INC HL                         | A:03 BC:FF08 DE:CDA8 HL:4535 F:00000100 [Z:0 C:0]
[485F] LD A, (HL)                     | A:00 BC:FF08 DE:CDA8 HL:4535 F:00000100 [Z:0 C:0]
[4860] INC HL                         | A:00 BC:FF08 DE:CDA8 HL:4536 F:00000100 [Z:0 C:0]
[4861] PUSH HL                        | A:00 BC:FF08 DE:CDA8 HL:4536 F:00000100 [Z:0 C:0]
[4862] LD L, A                        | A:00 BC:FF08 DE:CDA8 HL:4500 F:00000100 [Z:0 C:0]
[4863] LD A, (DE)                     | A:C0 BC:FF08 DE:CDA8 HL:4500 F:00000100 [Z:0 C:0]
[4864] AND B                          | A:C0 BC:FF08 DE:CDA8 HL:4500 F:10010100 [Z:0 C:0]
[4865] OR L                           | A:C0 BC:FF08 DE:CDA8 HL:4500 F:10000100 [Z:0 C:0]
[4866] LD (DE), A                     | A:C0 BC:FF08 DE:CDA8 HL:4500 F:10000100 [Z:0 C:0]
[4867] POP HL                         | A:C0 BC:FF08 DE:CDA8 HL:4536 F:10000100 [Z:0 C:0]
[4868] INC DE                         | A:C0 BC:FF08 DE:CDA9 HL:4536 F:10000100 [Z:0 C:0]
[4869] DEC C                          | A:C0 BC:FF07 DE:CDA9 HL:4536 F:00000100 [Z:0 C:0]
[486A] JR NZ -> 0x485D                | A:C0 BC:FF07 DE:CDA9 HL:4536 F:00000100 [Z:0 C:0]
[485D] LD B, (HL)                     | A:C0 BC:AA07 DE:CDA9 HL:4536 F:00000100 [Z:0 C:0]
[485E] INC HL                         | A:C0 BC:AA07 DE:CDA9 HL:4537 F:00000100 [Z:0 C:0]
[485F] LD A, (HL)                     | A:04 BC:AA07 DE:CDA9 HL:4537 F:00000100 [Z:0 C:0]
[4860] INC HL                         | A:04 BC:AA07 DE:CDA9 HL:4538 F:00000100 [Z:0 C:0]
[4861] PUSH HL                        | A:04 BC:AA07 DE:CDA9 HL:4538 F:00000100 [Z:0 C:0]
[4862] LD L, A                        | A:04 BC:AA07 DE:CDA9 HL:4504 F:00000100 [Z:0 C:0]
[4863] LD A, (DE)                     | A:C0 BC:AA07 DE:CDA9 HL:4504 F:00000100 [Z:0 C:0]
[4864] AND B                          | A:80 BC:AA07 DE:CDA9 HL:4504 F:10010000 [Z:0 C:0]
[4865] OR L                           | A:84 BC:AA07 DE:CDA9 HL:4504 F:10000100 [Z:0 C:0]
[4866] LD (DE), A                     | A:84 BC:AA07 DE:CDA9 HL:4504 F:10000100 [Z:0 C:0]
[4867] POP HL                         | A:84 BC:AA07 DE:CDA9 HL:4538 F:10000100 [Z:0 C:0]
[4868] INC DE                         | A:84 BC:AA07 DE:CDAA HL:4538 F:10000100 [Z:0 C:0]
[4869] DEC C                          | A:84 BC:AA06 DE:CDAA HL:4538 F:00000100 [Z:0 C:0]
[486A] JR NZ -> 0x485D                | A:84 BC:AA06 DE:CDAA HL:4538 F:00000100 [Z:0 C:0]
[485D] LD B, (HL)                     | A:84 BC:0006 DE:CDAA HL:4538 F:00000100 [Z:0 C:0]
[485E] INC HL                         | A:84 BC:0006 DE:CDAA HL:4539 F:00000100 [Z:0 C:0]
[485F] LD A, (HL)                     | A:0C BC:0006 DE:CDAA HL:4539 F:00000100 [Z:0 C:0]
[4860] INC HL                         | A:0C BC:0006 DE:CDAA HL:453A F:00000100 [Z:0 C:0]
[4861] PUSH HL                        | A:0C BC:0006 DE:CDAA HL:453A F:00000100 [Z:0 C:0]
[4862] LD L, A                        | A:0C BC:0006 DE:CDAA HL:450C F:00000100 [Z:0 C:0]
[4863] LD A, (DE)                     | A:C0 BC:0006 DE:CDAA HL:450C F:00000100 [Z:0 C:0]
[4864] AND B                          | A:00 BC:0006 DE:CDAA HL:450C F:01010100 [Z:1 C:0]
[4865] OR L                           | A:0C BC:0006 DE:CDAA HL:450C F:00000100 [Z:0 C:0]
[4866] LD (DE), A                     | A:0C BC:0006 DE:CDAA HL:450C F:00000100 [Z:0 C:0]
[4867] POP HL                         | A:0C BC:0006 DE:CDAA HL:453A F:00000100 [Z:0 C:0]
[4868] INC DE                         | A:0C BC:0006 DE:CDAB HL:453A F:00000100 [Z:0 C:0]
[4869] DEC C                          | A:0C BC:0005 DE:CDAB HL:453A F:00000100 [Z:0 C:0]
[486A] JR NZ -> 0x485D                | A:0C BC:0005 DE:CDAB HL:453A F:00000100 [Z:0 C:0]
[485D] LD B, (HL)                     | A:0C BC:FF05 DE:CDAB HL:453A F:00000100 [Z:0 C:0]
[485E] INC HL                         | A:0C BC:FF05 DE:CDAB HL:453B F:00000100 [Z:0 C:0]
[485F] LD A, (HL)                     | A:00 BC:FF05 DE:CDAB HL:453B F:00000100 [Z:0 C:0]
[4860] INC HL                         | A:00 BC:FF05 DE:CDAB HL:453C F:00000100 [Z:0 C:0]
[4861] PUSH HL                        | A:00 BC:FF05 DE:CDAB HL:453C F:00000100 [Z:0 C:0]
[4862] LD L, A                        | A:00 BC:FF05 DE:CDAB HL:4500 F:00000100 [Z:0 C:0]
[4863] LD A, (DE)                     | A:C0 BC:FF05 DE:CDAB HL:4500 F:00000100 [Z:0 C:0]
[4864] AND B                          | A:C0 BC:FF05 DE:CDAB HL:4500 F:10010100 [Z:0 C:0]
[4865] OR L                           | A:C0 BC:FF05 DE:CDAB HL:4500 F:10000100 [Z:0 C:0]
[4866] LD (DE), A                     | A:C0 BC:FF05 DE:CDAB HL:4500 F:10000100 [Z:0 C:0]
[4867] POP HL                         | A:C0 BC:FF05 DE:CDAB HL:453C F:10000100 [Z:0 C:0]
[4868] INC DE                         | A:C0 BC:FF05 DE:CDAC HL:453C F:10000100 [Z:0 C:0]
[4869] DEC C                          | A:C0 BC:FF04 DE:CDAC HL:453C F:00000100 [Z:0 C:0]
[486A] JR NZ -> 0x485D                | A:C0 BC:FF04 DE:CDAC HL:453C F:00000100 [Z:0 C:0]
[485D] LD B, (HL)                     | A:C0 BC:AA04 DE:CDAC HL:453C F:00000100 [Z:0 C:0]
[485E] INC HL                         | A:C0 BC:AA04 DE:CDAC HL:453D F:00000100 [Z:0 C:0]
[485F] LD A, (HL)                     | A:04 BC:AA04 DE:CDAC HL:453D F:00000100 [Z:0 C:0]
[4860] INC HL                         | A:04 BC:AA04 DE:CDAC HL:453E F:00000100 [Z:0 C:0]
[4861] PUSH HL                        | A:04 BC:AA04 DE:CDAC HL:453E F:00000100 [Z:0 C:0]
[4862] LD L, A                        | A:04 BC:AA04 DE:CDAC HL:4504 F:00000100 [Z:0 C:0]
[4863] LD A, (DE)                     | A:C0 BC:AA04 DE:CDAC HL:4504 F:00000100 [Z:0 C:0]
[4864] AND B                          | A:80 BC:AA04 DE:CDAC HL:4504 F:10010000 [Z:0 C:0]
[4865] OR L                           | A:84 BC:AA04 DE:CDAC HL:4504 F:10000100 [Z:0 C:0]
[4866] LD (DE), A                     | A:84 BC:AA04 DE:CDAC HL:4504 F:10000100 [Z:0 C:0]
[4867] POP HL                         | A:84 BC:AA04 DE:CDAC HL:453E F:10000100 [Z:0 C:0]
[4868] INC DE                         | A:84 BC:AA04 DE:CDAD HL:453E F:10000100 [Z:0 C:0]
[4869] DEC C                          | A:84 BC:AA03 DE:CDAD HL:453E F:00000100 [Z:0 C:0]
[486A] JR NZ -> 0x485D                | A:84 BC:AA03 DE:CDAD HL:453E F:00000100 [Z:0 C:0]
[485D] LD B, (HL)                     | A:84 BC:0003 DE:CDAD HL:453E F:00000100 [Z:0 C:0]
[485E] INC HL                         | A:84 BC:0003 DE:CDAD HL:453F F:00000100 [Z:0 C:0]
[485F] LD A, (HL)                     | A:0C BC:0003 DE:CDAD HL:453F F:00000100 [Z:0 C:0]
[4860] INC HL                         | A:0C BC:0003 DE:CDAD HL:4540 F:00000100 [Z:0 C:0]
[4861] PUSH HL                        | A:0C BC:0003 DE:CDAD HL:4540 F:00000100 [Z:0 C:0]
[4862] LD L, A                        | A:0C BC:0003 DE:CDAD HL:450C F:00000100 [Z:0 C:0]
[4863] LD A, (DE)                     | A:C0 BC:0003 DE:CDAD HL:450C F:00000100 [Z:0 C:0]
[4864] AND B                          | A:00 BC:0003 DE:CDAD HL:450C F:01010100 [Z:1 C:0]
[4865] OR L                           | A:0C BC:0003 DE:CDAD HL:450C F:00000100 [Z:0 C:0]
[4866] LD (DE), A                     | A:0C BC:0003 DE:CDAD HL:450C F:00000100 [Z:0 C:0]
[4867] POP HL                         | A:0C BC:0003 DE:CDAD HL:4540 F:00000100 [Z:0 C:0]
[4868] INC DE                         | A:0C BC:0003 DE:CDAE HL:4540 F:00000100 [Z:0 C:0]
[4869] DEC C                          | A:0C BC:0002 DE:CDAE HL:4540 F:00000100 [Z:0 C:0]
[486A] JR NZ -> 0x485D                | A:0C BC:0002 DE:CDAE HL:4540 F:00000100 [Z:0 C:0]
[485D] LD B, (HL)                     | A:0C BC:FF02 DE:CDAE HL:4540 F:00000100 [Z:0 C:0]
[485E] INC HL                         | A:0C BC:FF02 DE:CDAE HL:4541 F:00000100 [Z:0 C:0]
[485F] LD A, (HL)                     | A:00 BC:FF02 DE:CDAE HL:4541 F:00000100 [Z:0 C:0]
[4860] INC HL                         | A:00 BC:FF02 DE:CDAE HL:4542 F:00000100 [Z:0 C:0]
[4861] PUSH HL                        | A:00 BC:FF02 DE:CDAE HL:4542 F:00000100 [Z:0 C:0]
[4862] LD L, A                        | A:00 BC:FF02 DE:CDAE HL:4500 F:00000100 [Z:0 C:0]
[4863] LD A, (DE)                     | A:C0 BC:FF02 DE:CDAE HL:4500 F:00000100 [Z:0 C:0]
[4864] AND B                          | A:C0 BC:FF02 DE:CDAE HL:4500 F:10010100 [Z:0 C:0]
[4865] OR L                           | A:C0 BC:FF02 DE:CDAE HL:4500 F:10000100 [Z:0 C:0]
[4866] LD (DE), A                     | A:C0 BC:FF02 DE:CDAE HL:4500 F:10000100 [Z:0 C:0]
[4867] POP HL                         | A:C0 BC:FF02 DE:CDAE HL:4542 F:10000100 [Z:0 C:0]
[4868] INC DE                         | A:C0 BC:FF02 DE:CDAF HL:4542 F:10000100 [Z:0 C:0]
[4869] DEC C                          | A:C0 BC:FF01 DE:CDAF HL:4542 F:00000100 [Z:0 C:0]
[486A] JR NZ -> 0x485D                | A:C0 BC:FF01 DE:CDAF HL:4542 F:00000100 [Z:0 C:0]
[485D] LD B, (HL)                     | A:C0 BC:FF01 DE:CDAF HL:4542 F:00000100 [Z:0 C:0]
[485E] INC HL                         | A:C0 BC:FF01 DE:CDAF HL:4543 F:00000100 [Z:0 C:0]
[485F] LD A, (HL)                     | A:00 BC:FF01 DE:CDAF HL:4543 F:00000100 [Z:0 C:0]
[4860] INC HL                         | A:00 BC:FF01 DE:CDAF HL:4544 F:00000100 [Z:0 C:0]
[4861] PUSH HL                        | A:00 BC:FF01 DE:CDAF HL:4544 F:00000100 [Z:0 C:0]
[4862] LD L, A                        | A:00 BC:FF01 DE:CDAF HL:4500 F:00000100 [Z:0 C:0]
[4863] LD A, (DE)                     | A:C0 BC:FF01 DE:CDAF HL:4500 F:00000100 [Z:0 C:0]
[4864] AND B                          | A:C0 BC:FF01 DE:CDAF HL:4500 F:10010100 [Z:0 C:0]
[4865] OR L                           | A:C0 BC:FF01 DE:CDAF HL:4500 F:10000100 [Z:0 C:0]
[4866] LD (DE), A                     | A:C0 BC:FF01 DE:CDAF HL:4500 F:10000100 [Z:0 C:0]
[4867] POP HL                         | A:C0 BC:FF01 DE:CDAF HL:4544 F:10000100 [Z:0 C:0]
[4868] INC DE                         | A:C0 BC:FF01 DE:CDB0 HL:4544 F:10000100 [Z:0 C:0]
[4869] DEC C                          | A:C0 BC:FF00 DE:CDB0 HL:4544 F:01000100 [Z:1 C:0]
[486A] JR NZ [not taken]              | A:C0 BC:FF00 DE:CDB0 HL:4544 F:01000100 [Z:1 C:0]
[486C] LD A, (0x8000)                 | A:03 BC:FF00 DE:CDB0 HL:4544 F:01000100 [Z:1 C:0]
[486F] DEC A                          | A:02 BC:FF00 DE:CDB0 HL:4544 F:00000100 [Z:0 C:0]
[4870] LD (0x8000), A                 | A:02 BC:FF00 DE:CDB0 HL:4544 F:00000100 [Z:0 C:0]
[4873] JR NZ -> 0x4857                | A:02 BC:FF00 DE:CDB0 HL:4544 F:00000100 [Z:0 C:0]
[4857] LD E, (HL)                     | A:02 BC:FF00 DE:CDA8 HL:4544 F:00000100 [Z:0 C:0]
[4858] INC HL                         | A:02 BC:FF00 DE:CDA8 HL:4545 F:00000100 [Z:0 C:0]
[4859] LD D, (HL)                     | A:02 BC:FF00 DE:D5A8 HL:4545 F:00000100 [Z:0 C:0]
[485A] INC HL                         | A:02 BC:FF00 DE:D5A8 HL:4546 F:00000100 [Z:0 C:0]
[485B] LD C, 0x08                     | A:02 BC:FF08 DE:D5A8 HL:4546 F:00000100 [Z:0 C:0]
[485D] LD B, (HL)                     | A:02 BC:FF08 DE:D5A8 HL:4546 F:00000100 [Z:0 C:0]
[485E] INC HL                         | A:02 BC:FF08 DE:D5A8 HL:4547 F:00000100 [Z:0 C:0]
[485F] LD A, (HL)                     | A:00 BC:FF08 DE:D5A8 HL:4547 F:00000100 [Z:0 C:0]
[4860] INC HL                         | A:00 BC:FF08 DE:D5A8 HL:4548 F:00000100 [Z:0 C:0]
[4861] PUSH HL                        | A:00 BC:FF08 DE:D5A8 HL:4548 F:00000100 [Z:0 C:0]
[4862] LD L, A                        | A:00 BC:FF08 DE:D5A8 HL:4500 F:00000100 [Z:0 C:0]
[4863] LD A, (DE)                     | A:C0 BC:FF08 DE:D5A8 HL:4500 F:00000100 [Z:0 C:0]
[4864] AND B                          | A:C0 BC:FF08 DE:D5A8 HL:4500 F:10010100 [Z:0 C:0]
[4865] OR L                           | A:C0 BC:FF08 DE:D5A8 HL:4500 F:10000100 [Z:0 C:0]
[4866] LD (DE), A                     | A:C0 BC:FF08 DE:D5A8 HL:4500 F:10000100 [Z:0 C:0]
[4867] POP HL                         | A:C0 BC:FF08 DE:D5A8 HL:4548 F:10000100 [Z:0 C:0]
[4868] INC DE                         | A:C0 BC:FF08 DE:D5A9 HL:4548 F:10000100 [Z:0 C:0]
[4869] DEC C                          | A:C0 BC:FF07 DE:D5A9 HL:4548 F:00000100 [Z:0 C:0]
[486A] JR NZ -> 0x485D                | A:C0 BC:FF07 DE:D5A9 HL:4548 F:00000100 [Z:0 C:0]
[485D] LD B, (HL)                     | A:C0 BC:0007 DE:D5A9 HL:4548 F:00000100 [Z:0 C:0]
[485E] INC HL                         | A:C0 BC:0007 DE:D5A9 HL:4549 F:00000100 [Z:0 C:0]
[485F] LD A, (HL)                     | A:F3 BC:0007 DE:D5A9 HL:4549 F:00000100 [Z:0 C:0]
[4860] INC HL                         | A:F3 BC:0007 DE:D5A9 HL:454A F:00000100 [Z:0 C:0]
[4861] PUSH HL                        | A:F3 BC:0007 DE:D5A9 HL:454A F:00000100 [Z:0 C:0]
[4862] LD L, A                        | A:F3 BC:0007 DE:D5A9 HL:45F3 F:00000100 [Z:0 C:0]
[4863] LD A, (DE)                     | A:C0 BC:0007 DE:D5A9 HL:45F3 F:00000100 [Z:0 C:0]
[4864] AND B                          | A:00 BC:0007 DE:D5A9 HL:45F3 F:01010100 [Z:1 C:0]
[4865] OR L                           | A:F3 BC:0007 DE:D5A9 HL:45F3 F:10000100 [Z:0 C:0]
[4866] LD (DE), A                     | A:F3 BC:0007 DE:D5A9 HL:45F3 F:10000100 [Z:0 C:0]
[4867] POP HL                         | A:F3 BC:0007 DE:D5A9 HL:454A F:10000100 [Z:0 C:0]
[4868] INC DE                         | A:F3 BC:0007 DE:D5AA HL:454A F:10000100 [Z:0 C:0]
[4869] DEC C                          | A:F3 BC:0006 DE:D5AA HL:454A F:00000100 [Z:0 C:0]
[486A] JR NZ -> 0x485D                | A:F3 BC:0006 DE:D5AA HL:454A F:00000100 [Z:0 C:0]
[485D] LD B, (HL)                     | A:F3 BC:0006 DE:D5AA HL:454A F:00000100 [Z:0 C:0]
[485E] INC HL                         | A:F3 BC:0006 DE:D5AA HL:454B F:00000100 [Z:0 C:0]
[485F] LD A, (HL)                     | A:F3 BC:0006 DE:D5AA HL:454B F:00000100 [Z:0 C:0]
[4860] INC HL                         | A:F3 BC:0006 DE:D5AA HL:454C F:00000100 [Z:0 C:0]
[4861] PUSH HL                        | A:F3 BC:0006 DE:D5AA HL:454C F:00000100 [Z:0 C:0]
[4862] LD L, A                        | A:F3 BC:0006 DE:D5AA HL:45F3 F:00000100 [Z:0 C:0]
[4863] LD A, (DE)                     | A:C0 BC:0006 DE:D5AA HL:45F3 F:00000100 [Z:0 C:0]
[4864] AND B                          | A:00 BC:0006 DE:D5AA HL:45F3 F:01010100 [Z:1 C:0]
[4865] OR L                           | A:F3 BC:0006 DE:D5AA HL:45F3 F:10000100 [Z:0 C:0]
[4866] LD (DE), A                     | A:F3 BC:0006 DE:D5AA HL:45F3 F:10000100 [Z:0 C:0]
[4867] POP HL                         | A:F3 BC:0006 DE:D5AA HL:454C F:10000100 [Z:0 C:0]
[4868] INC DE                         | A:F3 BC:0006 DE:D5AB HL:454C F:10000100 [Z:0 C:0]
[4869] DEC C                          | A:F3 BC:0005 DE:D5AB HL:454C F:00000100 [Z:0 C:0]
[486A] JR NZ -> 0x485D                | A:F3 BC:0005 DE:D5AB HL:454C F:00000100 [Z:0 C:0]
[485D] LD B, (HL)                     | A:F3 BC:FF05 DE:D5AB HL:454C F:00000100 [Z:0 C:0]
[485E] INC HL                         | A:F3 BC:FF05 DE:D5AB HL:454D F:00000100 [Z:0 C:0]
[485F] LD A, (HL)                     | A:00 BC:FF05 DE:D5AB HL:454D F:00000100 [Z:0 C:0]
[4860] INC HL                         | A:00 BC:FF05 DE:D5AB HL:454E F:00000100 [Z:0 C:0]
[4861] PUSH HL                        | A:00 BC:FF05 DE:D5AB HL:454E F:00000100 [Z:0 C:0]
[4862] LD L, A                        | A:00 BC:FF05 DE:D5AB HL:4500 F:00000100 [Z:0 C:0]
[4863] LD A, (DE)                     | A:C0 BC:FF05 DE:D5AB HL:4500 F:00000100 [Z:0 C:0]
[4864] AND B                          | A:C0 BC:FF05 DE:D5AB HL:4500 F:10010100 [Z:0 C:0]
[4865] OR L                           | A:C0 BC:FF05 DE:D5AB HL:4500 F:10000100 [Z:0 C:0]
[4866] LD (DE), A                     | A:C0 BC:FF05 DE:D5AB HL:4500 F:10000100 [Z:0 C:0]
[4867] POP HL                         | A:C0 BC:FF05 DE:D5AB HL:454E F:10000100 [Z:0 C:0]
[4868] INC DE                         | A:C0 BC:FF05 DE:D5AC HL:454E F:10000100 [Z:0 C:0]
[4869] DEC C                          | A:C0 BC:FF04 DE:D5AC HL:454E F:00000100 [Z:0 C:0]
[486A] JR NZ -> 0x485D                | A:C0 BC:FF04 DE:D5AC HL:454E F:00000100 [Z:0 C:0]
[485D] LD B, (HL)                     | A:C0 BC:FF04 DE:D5AC HL:454E F:00000100 [Z:0 C:0]
[485E] INC HL                         | A:C0 BC:FF04 DE:D5AC HL:454F F:00000100 [Z:0 C:0]
[485F] LD A, (HL)                     | A:00 BC:FF04 DE:D5AC HL:454F F:00000100 [Z:0 C:0]
[4860] INC HL                         | A:00 BC:FF04 DE:D5AC HL:4550 F:00000100 [Z:0 C:0]
[4861] PUSH HL                        | A:00 BC:FF04 DE:D5AC HL:4550 F:00000100 [Z:0 C:0]
[4862] LD L, A                        | A:00 BC:FF04 DE:D5AC HL:4500 F:00000100 [Z:0 C:0]
[4863] LD A, (DE)                     | A:C0 BC:FF04 DE:D5AC HL:4500 F:00000100 [Z:0 C:0]
[4864] AND B                          | A:C0 BC:FF04 DE:D5AC HL:4500 F:10010100 [Z:0 C:0]
[4865] OR L                           | A:C0 BC:FF04 DE:D5AC HL:4500 F:10000100 [Z:0 C:0]
[4866] LD (DE), A                     | A:C0 BC:FF04 DE:D5AC HL:4500 F:10000100 [Z:0 C:0]
[4867] POP HL                         | A:C0 BC:FF04 DE:D5AC HL:4550 F:10000100 [Z:0 C:0]
[4868] INC DE                         | A:C0 BC:FF04 DE:D5AD HL:4550 F:10000100 [Z:0 C:0]
[4869] DEC C                          | A:C0 BC:FF03 DE:D5AD HL:4550 F:00000100 [Z:0 C:0]
[486A] JR NZ -> 0x485D                | A:C0 BC:FF03 DE:D5AD HL:4550 F:00000100 [Z:0 C:0]
[485D] LD B, (HL)                     | A:C0 BC:0003 DE:D5AD HL:4550 F:00000100 [Z:0 C:0]
[485E] INC HL                         | A:C0 BC:0003 DE:D5AD HL:4551 F:00000100 [Z:0 C:0]
[485F] LD A, (HL)                     | A:F3 BC:0003 DE:D5AD HL:4551 F:00000100 [Z:0 C:0]
[4860] INC HL                         | A:F3 BC:0003 DE:D5AD HL:4552 F:00000100 [Z:0 C:0]
[4861] PUSH HL                        | A:F3 BC:0003 DE:D5AD HL:4552 F:00000100 [Z:0 C:0]
[4862] LD L, A                        | A:F3 BC:0003 DE:D5AD HL:45F3 F:00000100 [Z:0 C:0]
[4863] LD A, (DE)                     | A:C0 BC:0003 DE:D5AD HL:45F3 F:00000100 [Z:0 C:0]
[4864] AND B                          | A:00 BC:0003 DE:D5AD HL:45F3 F:01010100 [Z:1 C:0]
[4865] OR L                           | A:F3 BC:0003 DE:D5AD HL:45F3 F:10000100 [Z:0 C:0]
[4866] LD (DE), A                     | A:F3 BC:0003 DE:D5AD HL:45F3 F:10000100 [Z:0 C:0]
[4867] POP HL                         | A:F3 BC:0003 DE:D5AD HL:4552 F:10000100 [Z:0 C:0]
[4868] INC DE                         | A:F3 BC:0003 DE:D5AE HL:4552 F:10000100 [Z:0 C:0]
[4869] DEC C                          | A:F3 BC:0002 DE:D5AE HL:4552 F:00000100 [Z:0 C:0]
[486A] JR NZ -> 0x485D                | A:F3 BC:0002 DE:D5AE HL:4552 F:00000100 [Z:0 C:0]
[485D] LD B, (HL)                     | A:F3 BC:0002 DE:D5AE HL:4552 F:00000100 [Z:0 C:0]
[485E] INC HL                         | A:F3 BC:0002 DE:D5AE HL:4553 F:00000100 [Z:0 C:0]
[485F] LD A, (HL)                     | A:F3 BC:0002 DE:D5AE HL:4553 F:00000100 [Z:0 C:0]
[4860] INC HL                         | A:F3 BC:0002 DE:D5AE HL:4554 F:00000100 [Z:0 C:0]
[4861] PUSH HL                        | A:F3 BC:0002 DE:D5AE HL:4554 F:00000100 [Z:0 C:0]
[4862] LD L, A                        | A:F3 BC:0002 DE:D5AE HL:45F3 F:00000100 [Z:0 C:0]
[4863] LD A, (DE)                     | A:C0 BC:0002 DE:D5AE HL:45F3 F:00000100 [Z:0 C:0]
[4864] AND B                          | A:00 BC:0002 DE:D5AE HL:45F3 F:01010100 [Z:1 C:0]
[4865] OR L                           | A:F3 BC:0002 DE:D5AE HL:45F3 F:10000100 [Z:0 C:0]
[4866] LD (DE), A                     | A:F3 BC:0002 DE:D5AE HL:45F3 F:10000100 [Z:0 C:0]
[4867] POP HL                         | A:F3 BC:0002 DE:D5AE HL:4554 F:10000100 [Z:0 C:0]
[4868] INC DE                         | A:F3 BC:0002 DE:D5AF HL:4554 F:10000100 [Z:0 C:0]
[4869] DEC C                          | A:F3 BC:0001 DE:D5AF HL:4554 F:00000100 [Z:0 C:0]
[486A] JR NZ -> 0x485D                | A:F3 BC:0001 DE:D5AF HL:4554 F:00000100 [Z:0 C:0]
[485D] LD B, (HL)                     | A:F3 BC:FF01 DE:D5AF HL:4554 F:00000100 [Z:0 C:0]
[485E] INC HL                         | A:F3 BC:FF01 DE:D5AF HL:4555 F:00000100 [Z:0 C:0]
[485F] LD A, (HL)                     | A:00 BC:FF01 DE:D5AF HL:4555 F:00000100 [Z:0 C:0]
[4860] INC HL                         | A:00 BC:FF01 DE:D5AF HL:4556 F:00000100 [Z:0 C:0]
[4861] PUSH HL                        | A:00 BC:FF01 DE:D5AF HL:4556 F:00000100 [Z:0 C:0]
[4862] LD L, A                        | A:00 BC:FF01 DE:D5AF HL:4500 F:00000100 [Z:0 C:0]
[4863] LD A, (DE)                     | A:C0 BC:FF01 DE:D5AF HL:4500 F:00000100 [Z:0 C:0]
[4864] AND B                          | A:C0 BC:FF01 DE:D5AF HL:4500 F:10010100 [Z:0 C:0]
[4865] OR L                           | A:C0 BC:FF01 DE:D5AF HL:4500 F:10000100 [Z:0 C:0]
[4866] LD (DE), A                     | A:C0 BC:FF01 DE:D5AF HL:4500 F:10000100 [Z:0 C:0]
[4867] POP HL                         | A:C0 BC:FF01 DE:D5AF HL:4556 F:10000100 [Z:0 C:0]
[4868] INC DE                         | A:C0 BC:FF01 DE:D5B0 HL:4556 F:10000100 [Z:0 C:0]
[4869] DEC C                          | A:C0 BC:FF00 DE:D5B0 HL:4556 F:01000100 [Z:1 C:0]
[486A] JR NZ [not taken]              | A:C0 BC:FF00 DE:D5B0 HL:4556 F:01000100 [Z:1 C:0]
[486C] LD A, (0x8000)                 | A:02 BC:FF00 DE:D5B0 HL:4556 F:01000100 [Z:1 C:0]
[486F] DEC A                          | A:01 BC:FF00 DE:D5B0 HL:4556 F:00000100 [Z:0 C:0]
[4870] LD (0x8000), A                 | A:01 BC:FF00 DE:D5B0 HL:4556 F:00000100 [Z:0 C:0]
[4873] JR NZ -> 0x4857                | A:01 BC:FF00 DE:D5B0 HL:4556 F:00000100 [Z:0 C:0]
[4857] LD E, (HL)                     | A:01 BC:FF00 DE:D5A8 HL:4556 F:00000100 [Z:0 C:0]
[4858] INC HL                         | A:01 BC:FF00 DE:D5A8 HL:4557 F:00000100 [Z:0 C:0]
[4859] LD D, (HL)                     | A:01 BC:FF00 DE:DDA8 HL:4557 F:00000100 [Z:0 C:0]
[485A] INC HL                         | A:01 BC:FF00 DE:DDA8 HL:4558 F:00000100 [Z:0 C:0]
[485B] LD C, 0x08                     | A:01 BC:FF08 DE:DDA8 HL:4558 F:00000100 [Z:0 C:0]
[485D] LD B, (HL)                     | A:01 BC:FF08 DE:DDA8 HL:4558 F:00000100 [Z:0 C:0]
[485E] INC HL                         | A:01 BC:FF08 DE:DDA8 HL:4559 F:00000100 [Z:0 C:0]
[485F] LD A, (HL)                     | A:00 BC:FF08 DE:DDA8 HL:4559 F:00000100 [Z:0 C:0]
[4860] INC HL                         | A:00 BC:FF08 DE:DDA8 HL:455A F:00000100 [Z:0 C:0]
[4861] PUSH HL                        | A:00 BC:FF08 DE:DDA8 HL:455A F:00000100 [Z:0 C:0]
[4862] LD L, A                        | A:00 BC:FF08 DE:DDA8 HL:4500 F:00000100 [Z:0 C:0]
[4863] LD A, (DE)                     | A:C0 BC:FF08 DE:DDA8 HL:4500 F:00000100 [Z:0 C:0]
[4864] AND B                          | A:C0 BC:FF08 DE:DDA8 HL:4500 F:10010100 [Z:0 C:0]
[4865] OR L                           | A:C0 BC:FF08 DE:DDA8 HL:4500 F:10000100 [Z:0 C:0]
[4866] LD (DE), A                     | A:C0 BC:FF08 DE:DDA8 HL:4500 F:10000100 [Z:0 C:0]
[4867] POP HL                         | A:C0 BC:FF08 DE:DDA8 HL:455A F:10000100 [Z:0 C:0]
[4868] INC DE                         | A:C0 BC:FF08 DE:DDA9 HL:455A F:10000100 [Z:0 C:0]
[4869] DEC C                          | A:C0 BC:FF07 DE:DDA9 HL:455A F:00000100 [Z:0 C:0]
[486A] JR NZ -> 0x485D                | A:C0 BC:FF07 DE:DDA9 HL:455A F:00000100 [Z:0 C:0]
[485D] LD B, (HL)                     | A:C0 BC:FF07 DE:DDA9 HL:455A F:00000100 [Z:0 C:0]
[485E] INC HL                         | A:C0 BC:FF07 DE:DDA9 HL:455B F:00000100 [Z:0 C:0]
[485F] LD A, (HL)                     | A:00 BC:FF07 DE:DDA9 HL:455B F:00000100 [Z:0 C:0]
[4860] INC HL                         | A:00 BC:FF07 DE:DDA9 HL:455C F:00000100 [Z:0 C:0]
[4861] PUSH HL                        | A:00 BC:FF07 DE:DDA9 HL:455C F:00000100 [Z:0 C:0]
[4862] LD L, A                        | A:00 BC:FF07 DE:DDA9 HL:4500 F:00000100 [Z:0 C:0]
[4863] LD A, (DE)                     | A:C0 BC:FF07 DE:DDA9 HL:4500 F:00000100 [Z:0 C:0]
[4864] AND B                          | A:C0 BC:FF07 DE:DDA9 HL:4500 F:10010100 [Z:0 C:0]
[4865] OR L                           | A:C0 BC:FF07 DE:DDA9 HL:4500 F:10000100 [Z:0 C:0]
[4866] LD (DE), A                     | A:C0 BC:FF07 DE:DDA9 HL:4500 F:10000100 [Z:0 C:0]
[4867] POP HL                         | A:C0 BC:FF07 DE:DDA9 HL:455C F:10000100 [Z:0 C:0]
[4868] INC DE                         | A:C0 BC:FF07 DE:DDAA HL:455C F:10000100 [Z:0 C:0]
[4869] DEC C                          | A:C0 BC:FF06 DE:DDAA HL:455C F:00000100 [Z:0 C:0]
[486A] JR NZ -> 0x485D                | A:C0 BC:FF06 DE:DDAA HL:455C F:00000100 [Z:0 C:0]
[485D] LD B, (HL)                     | A:C0 BC:FF06 DE:DDAA HL:455C F:00000100 [Z:0 C:0]
[485E] INC HL                         | A:C0 BC:FF06 DE:DDAA HL:455D F:00000100 [Z:0 C:0]
[485F] LD A, (HL)                     | A:00 BC:FF06 DE:DDAA HL:455D F:00000100 [Z:0 C:0]
[4860] INC HL                         | A:00 BC:FF06 DE:DDAA HL:455E F:00000100 [Z:0 C:0]
[4861] PUSH HL                        | A:00 BC:FF06 DE:DDAA HL:455E F:00000100 [Z:0 C:0]
[4862] LD L, A                        | A:00 BC:FF06 DE:DDAA HL:4500 F:00000100 [Z:0 C:0]
[4863] LD A, (DE)                     | A:C0 BC:FF06 DE:DDAA HL:4500 F:00000100 [Z:0 C:0]
[4864] AND B                          | A:C0 BC:FF06 DE:DDAA HL:4500 F:10010100 [Z:0 C:0]
[4865] OR L                           | A:C0 BC:FF06 DE:DDAA HL:4500 F:10000100 [Z:0 C:0]
[4866] LD (DE), A                     | A:C0 BC:FF06 DE:DDAA HL:4500 F:10000100 [Z:0 C:0]
[4867] POP HL                         | A:C0 BC:FF06 DE:DDAA HL:455E F:10000100 [Z:0 C:0]
[4868] INC DE                         | A:C0 BC:FF06 DE:DDAB HL:455E F:10000100 [Z:0 C:0]
[4869] DEC C                          | A:C0 BC:FF05 DE:DDAB HL:455E F:00000100 [Z:0 C:0]
[486A] JR NZ -> 0x485D                | A:C0 BC:FF05 DE:DDAB HL:455E F:00000100 [Z:0 C:0]
[485D] LD B, (HL)                     | A:C0 BC:FF05 DE:DDAB HL:455E F:00000100 [Z:0 C:0]
[485E] INC HL                         | A:C0 BC:FF05 DE:DDAB HL:455F F:00000100 [Z:0 C:0]
[485F] LD A, (HL)                     | A:00 BC:FF05 DE:DDAB HL:455F F:00000100 [Z:0 C:0]
[4860] INC HL                         | A:00 BC:FF05 DE:DDAB HL:4560 F:00000100 [Z:0 C:0]
[4861] PUSH HL                        | A:00 BC:FF05 DE:DDAB HL:4560 F:00000100 [Z:0 C:0]
[4862] LD L, A                        | A:00 BC:FF05 DE:DDAB HL:4500 F:00000100 [Z:0 C:0]
[4863] LD A, (DE)                     | A:C0 BC:FF05 DE:DDAB HL:4500 F:00000100 [Z:0 C:0]
[4864] AND B                          | A:C0 BC:FF05 DE:DDAB HL:4500 F:10010100 [Z:0 C:0]
[4865] OR L                           | A:C0 BC:FF05 DE:DDAB HL:4500 F:10000100 [Z:0 C:0]
[4866] LD (DE), A                     | A:C0 BC:FF05 DE:DDAB HL:4500 F:10000100 [Z:0 C:0]
[4867] POP HL                         | A:C0 BC:FF05 DE:DDAB HL:4560 F:10000100 [Z:0 C:0]
[4868] INC DE                         | A:C0 BC:FF05 DE:DDAC HL:4560 F:10000100 [Z:0 C:0]
[4869] DEC C                          | A:C0 BC:FF04 DE:DDAC HL:4560 F:00000100 [Z:0 C:0]
[486A] JR NZ -> 0x485D                | A:C0 BC:FF04 DE:DDAC HL:4560 F:00000100 [Z:0 C:0]
[485D] LD B, (HL)                     | A:C0 BC:FF04 DE:DDAC HL:4560 F:00000100 [Z:0 C:0]
[485E] INC HL                         | A:C0 BC:FF04 DE:DDAC HL:4561 F:00000100 [Z:0 C:0]
[485F] LD A, (HL)                     | A:00 BC:FF04 DE:DDAC HL:4561 F:00000100 [Z:0 C:0]
[4860] INC HL                         | A:00 BC:FF04 DE:DDAC HL:4562 F:00000100 [Z:0 C:0]
[4861] PUSH HL                        | A:00 BC:FF04 DE:DDAC HL:4562 F:00000100 [Z:0 C:0]
[4862] LD L, A                        | A:00 BC:FF04 DE:DDAC HL:4500 F:00000100 [Z:0 C:0]
[4863] LD A, (DE)                     | A:C0 BC:FF04 DE:DDAC HL:4500 F:00000100 [Z:0 C:0]
[4864] AND B                          | A:C0 BC:FF04 DE:DDAC HL:4500 F:10010100 [Z:0 C:0]
[4865] OR L                           | A:C0 BC:FF04 DE:DDAC HL:4500 F:10000100 [Z:0 C:0]
[4866] LD (DE), A                     | A:C0 BC:FF04 DE:DDAC HL:4500 F:10000100 [Z:0 C:0]
[4867] POP HL                         | A:C0 BC:FF04 DE:DDAC HL:4562 F:10000100 [Z:0 C:0]
[4868] INC DE                         | A:C0 BC:FF04 DE:DDAD HL:4562 F:10000100 [Z:0 C:0]
[4869] DEC C                          | A:C0 BC:FF03 DE:DDAD HL:4562 F:00000100 [Z:0 C:0]
[486A] JR NZ -> 0x485D                | A:C0 BC:FF03 DE:DDAD HL:4562 F:00000100 [Z:0 C:0]
[485D] LD B, (HL)                     | A:C0 BC:FF03 DE:DDAD HL:4562 F:00000100 [Z:0 C:0]
[485E] INC HL                         | A:C0 BC:FF03 DE:DDAD HL:4563 F:00000100 [Z:0 C:0]
[485F] LD A, (HL)                     | A:00 BC:FF03 DE:DDAD HL:4563 F:00000100 [Z:0 C:0]
[4860] INC HL                         | A:00 BC:FF03 DE:DDAD HL:4564 F:00000100 [Z:0 C:0]
[4861] PUSH HL                        | A:00 BC:FF03 DE:DDAD HL:4564 F:00000100 [Z:0 C:0]
[4862] LD L, A                        | A:00 BC:FF03 DE:DDAD HL:4500 F:00000100 [Z:0 C:0]
[4863] LD A, (DE)                     | A:C0 BC:FF03 DE:DDAD HL:4500 F:00000100 [Z:0 C:0]
[4864] AND B                          | A:C0 BC:FF03 DE:DDAD HL:4500 F:10010100 [Z:0 C:0]
[4865] OR L                           | A:C0 BC:FF03 DE:DDAD HL:4500 F:10000100 [Z:0 C:0]
[4866] LD (DE), A                     | A:C0 BC:FF03 DE:DDAD HL:4500 F:10000100 [Z:0 C:0]
[4867] POP HL                         | A:C0 BC:FF03 DE:DDAD HL:4564 F:10000100 [Z:0 C:0]
[4868] INC DE                         | A:C0 BC:FF03 DE:DDAE HL:4564 F:10000100 [Z:0 C:0]
[4869] DEC C                          | A:C0 BC:FF02 DE:DDAE HL:4564 F:00000100 [Z:0 C:0]
[486A] JR NZ -> 0x485D                | A:C0 BC:FF02 DE:DDAE HL:4564 F:00000100 [Z:0 C:0]
[485D] LD B, (HL)                     | A:C0 BC:FF02 DE:DDAE HL:4564 F:00000100 [Z:0 C:0]
[485E] INC HL                         | A:C0 BC:FF02 DE:DDAE HL:4565 F:00000100 [Z:0 C:0]
[485F] LD A, (HL)                     | A:00 BC:FF02 DE:DDAE HL:4565 F:00000100 [Z:0 C:0]
[4860] INC HL                         | A:00 BC:FF02 DE:DDAE HL:4566 F:00000100 [Z:0 C:0]
[4861] PUSH HL                        | A:00 BC:FF02 DE:DDAE HL:4566 F:00000100 [Z:0 C:0]
[4862] LD L, A                        | A:00 BC:FF02 DE:DDAE HL:4500 F:00000100 [Z:0 C:0]
[4863] LD A, (DE)                     | A:C0 BC:FF02 DE:DDAE HL:4500 F:00000100 [Z:0 C:0]
[4864] AND B                          | A:C0 BC:FF02 DE:DDAE HL:4500 F:10010100 [Z:0 C:0]
[4865] OR L                           | A:C0 BC:FF02 DE:DDAE HL:4500 F:10000100 [Z:0 C:0]
[4866] LD (DE), A                     | A:C0 BC:FF02 DE:DDAE HL:4500 F:10000100 [Z:0 C:0]
[4867] POP HL                         | A:C0 BC:FF02 DE:DDAE HL:4566 F:10000100 [Z:0 C:0]
[4868] INC DE                         | A:C0 BC:FF02 DE:DDAF HL:4566 F:10000100 [Z:0 C:0]
[4869] DEC C                          | A:C0 BC:FF01 DE:DDAF HL:4566 F:00000100 [Z:0 C:0]
[486A] JR NZ -> 0x485D                | A:C0 BC:FF01 DE:DDAF HL:4566 F:00000100 [Z:0 C:0]
[485D] LD B, (HL)                     | A:C0 BC:FF01 DE:DDAF HL:4566 F:00000100 [Z:0 C:0]
[485E] INC HL                         | A:C0 BC:FF01 DE:DDAF HL:4567 F:00000100 [Z:0 C:0]
[485F] LD A, (HL)                     | A:00 BC:FF01 DE:DDAF HL:4567 F:00000100 [Z:0 C:0]
[4860] INC HL                         | A:00 BC:FF01 DE:DDAF HL:4568 F:00000100 [Z:0 C:0]
[4861] PUSH HL                        | A:00 BC:FF01 DE:DDAF HL:4568 F:00000100 [Z:0 C:0]
[4862] LD L, A                        | A:00 BC:FF01 DE:DDAF HL:4500 F:00000100 [Z:0 C:0]
[4863] LD A, (DE)                     | A:C0 BC:FF01 DE:DDAF HL:4500 F:00000100 [Z:0 C:0]
[4864] AND B                          | A:C0 BC:FF01 DE:DDAF HL:4500 F:10010100 [Z:0 C:0]
[4865] OR L                           | A:C0 BC:FF01 DE:DDAF HL:4500 F:10000100 [Z:0 C:0]
[4866] LD (DE), A                     | A:C0 BC:FF01 DE:DDAF HL:4500 F:10000100 [Z:0 C:0]
[4867] POP HL                         | A:C0 BC:FF01 DE:DDAF HL:4568 F:10000100 [Z:0 C:0]
[4868] INC DE                         | A:C0 BC:FF01 DE:DDB0 HL:4568 F:10000100 [Z:0 C:0]
[4869] DEC C                          | A:C0 BC:FF00 DE:DDB0 HL:4568 F:01000100 [Z:1 C:0]
[486A] JR NZ [not taken]              | A:C0 BC:FF00 DE:DDB0 HL:4568 F:01000100 [Z:1 C:0]
[486C] LD A, (0x8000)                 | A:01 BC:FF00 DE:DDB0 HL:4568 F:01000100 [Z:1 C:0]
[486F] DEC A                          | A:00 BC:FF00 DE:DDB0 HL:4568 F:01000100 [Z:1 C:0]
[4870] LD (0x8000), A                 | A:00 BC:FF00 DE:DDB0 HL:4568 F:01000100 [Z:1 C:0]
[4873] JR NZ [not taken]              | A:00 BC:FF00 DE:DDB0 HL:4568 F:01000100 [Z:1 C:0]
[4875] HALT                           | A:00 BC:FF00 DE:DDB0 HL:4568 F:01000100 [Z:1 C:0]
--- VRAM dumped: programs\lesson9_vram ---
--- Execution Finished ---
